#
# There is insufficient memory for the Java Runtime Environment to continue.
# Native memory allocation (malloc) failed to allocate 1349296 bytes for Chunk::new
# Possible reasons:
#   The system is out of physical RAM or swap space
#   The process is running with CompressedOops enabled, and the Java Heap may be blocking the growth of the native heap
# Possible solutions:
#   Reduce memory load on the system
#   Increase physical memory or swap space
#   Check if swap backing store is full
#   Decrease Java heap size (-Xmx/-Xms)
#   Decrease number of Java threads
#   Decrease Java thread stack sizes (-Xss)
#   Set larger code cache with -XX:ReservedCodeCacheSize=
#   JVM is running with Unscaled Compressed Oops mode in which the Java heap is
#     placed in the first 4GB address space. The Java Heap base address is the
#     maximum limit for the native heap growth. Please use -XX:HeapBaseMinAddress
#     to set the Java Heap base and to place the Java Heap above 4GB virtual address.
# This output file may be truncated or incomplete.
#
#  Out of Memory Error (arena.cpp:189), pid=4748, tid=30088
#
# JRE version: OpenJDK Runtime Environment Temurin-17.0.7+7 (17.0.7+7) (build 17.0.7+7)
# Java VM: OpenJDK 64-Bit Server VM Temurin-17.0.7+7 (17.0.7+7, mixed mode, tiered, compressed oops, compressed class ptrs, g1 gc, windows-amd64)
# No core dump will be written. Minidumps are not enabled by default on client versions of Windows
#

---------------  S U M M A R Y ------------

Command Line: -Dgroovy.home=C:\Users\ho.hendy/.groovy -Djava.system.class.loader=groovy.lang.GroovyClassLoader -Xmx2048m -Dfile.encoding=UTF-8 -XX:+ShowCodeDetailsInExceptionMessages org.codehaus.groovy.tools.GroovyStarter --classpath C:\Users\ho.hendy\Katalon Studio\JM ORDER 3 (Marketing Officer)\bin\keyword;C:\Users\ho.hendy\Katalon Studio\JM ORDER 3 (Marketing Officer)\Keywords;C:\Users\ho.hendy\Katalon Studio\JM ORDER 3 (Marketing Officer)\bin\listener;C:\Users\ho.hendy\Katalon Studio\JM ORDER 3 (Marketing Officer)\Test Listeners;C:\Users\ho.hendy\Katalon Studio\JM ORDER 3 (Marketing Officer)\bin\lib;C:\Users\ho.hendy\Katalon Studio\JM ORDER 3 (Marketing Officer)\Libs;C:\Users\ho.hendy\Katalon Studio\JM ORDER 3 (Marketing Officer)\bin\groovy;C:\Users\ho.hendy\Katalon Studio\JM ORDER 3 (Marketing Officer)\Include\scripts\groovy;C:\Users\ho.hendy\.katalon\packages\Katalon_Studio_Windows_64-9.3.1\Katalon_Studio_Windows_64-9.3.1\plugins\com.kms.katalon.core_1.0.0.202402280646.jar;C:\Users\ho.hendy\.katalon\packages\Katalon_Studio_Windows_64-9.3.1\Katalon_Studio_Windows_64-9.3.1\configuration\resources\lib\aalto-xml-1.0.0.jar;C:\Users\ho.hendy\.katalon\packages\Katalon_Studio_Windows_64-9.3.1\Katalon_Studio_Windows_64-9.3.1\configuration\resources\lib\aspectjweaver-1.9.1.jar;C:\Users\ho.hendy\.katalon\packages\Katalon_Studio_Windows_64-9.3.1\Katalon_Studio_Windows_64-9.3.1\configuration\resources\lib\bcpkix-jdk15on-1.64.jar;C:\Users\ho.hendy\.katalon\packages\Katalon_Studio_Windows_64-9.3.1\Katalon_Studio_Windows_64-9.3.1\configuration\resources\lib\bcprov-jdk15on-1.64.jar;C:\Users\ho.hendy\.katalon\packages\Katalon_Studio_Windows_64-9.3.1\Katalon_Studio_Windows_64-9.3.1\configuration\resources\lib\browsermob-core-2.1.5.jar;C:\Users\ho.hendy\.katalon\packages\Katalon_Studio_Windows_64-9.3.1\Katalon_Studio_Windows_64-9.3.1\configuration\resources\lib\cglib-3.2.10.jar;C:\Users\ho.hendy\.katalon\packages\Katalon_Studio_Windows_64-9.3.1\Katalon_Studio_Windows_64-9.3.1\configuration\resources\lib\commons-codec-1.10.jar;C:\Users\ho.hendy\.katalon\packages\Katalon_Studio_Windows_64-9.3.1\Katalon_Studio_Windows_64-9.3.1\configuration\resources\lib\commons-collections4-4.1.jar;C:\Users\ho.hendy\.katalon\packages\Katalon_Studio_Windows_64-9.3.1\Katalon_Studio_Windows_64-9.3.1\configuration\resources\lib\commons-validator-1.6.jar;C:\Users\ho.hendy\.katalon\packages\Katalon_Studio_Windows_64-9.3.1\Katalon_Studio_Windows_64-9.3.1\configuration\resources\lib\curvesapi-1.04.jar;C:\Users\ho.hendy\.katalon\packages\Katalon_Studio_Windows_64-9.3.1\Katalon_Studio_Windows_64-9.3.1\configuration\resources\lib\dnsjava-2.1.8.jar;C:\Users\ho.hendy\.katalon\packages\Katalon_Studio_Windows_64-9.3.1\Katalon_Studio_Windows_64-9.3.1\configuration\resources\lib\groovy-ant-3.0.17.jar;C:\Users\ho.hendy\.katalon\packages\Katalon_Studio_Windows_64-9.3.1\Katalon_Studio_Windows_64-9.3.1\configuration\resources\lib\groovy-astbuilder-3.0.17.jar;C:\Users\ho.hendy\.katalon\packages\Katalon_Studio_Windows_64-9.3.1\Katalon_Studio_Windows_64-9.3.1\configuration\resources\lib\groovy-cli-picocli-3.0.17.jar;C:\Users\ho.hendy\.katalon\packages\Katalon_Studio_Windows_64-9.3.1\Katalon_Studio_Windows_64-9.3.1\configuration\resources\lib\groovy-console-3.0.17.jar;C:\Users\ho.hendy\.katalon\packages\Katalon_Studio_Windows_64-9.3.1\Katalon_Studio_Windows_64-9.3.1\configuration\resources\lib\groovy-datetime-3.0.17.jar;C:\Users\ho.hendy\.katalon\packages\Katalon_Studio_Windows_64-9.3.1\Katalon_Studio_Windows_64-9.3.1\configuration\resources\lib\groovy-dateutil-3.0.17.jar;C:\Users\ho.hendy\.katalon\packages\Katalon_Studio_Windows_64-9.3.1\Katalon_Studio_Windows_64-9.3.1\configuration\resources\lib\groovy-docgenerator-3.0.17.jar;C:\Users\ho.hendy\.katalon\packages\Katalon_Studio_Windows_64-9.3.1\Katalon_Studio_Windows_64-9.3.1\configuration\resources\lib\groovy-groovydoc-3.0.17.jar;C:\Users\ho.hendy\.katalon\packages\Katalon_Studio_Windows_64-9.3.1\Katalon_Studio_Windows_64-9.3.1\configuration\resources\lib\groovy-groovysh-3.0.17.jar;C:\Users\ho.hendy\.katalon\packages\Katalon_Studio_Windows_64-9.3.1\Katalon_Studio_Windows_64-9.3.1\configuration\resources\lib\groovy-jmx-3.0.17.jar;C:\Users\ho.hendy\.katalon\packages\Katalon_Studio_Windows_64-9.3.1\Katalon_Studio_Windows_64-9.3.1\configuration\resources\lib\groovy-json-3.0.17.jar;C:\Users\ho.hendy\.katalon\packages\Katalon_Studio_Windows_64-9.3.1\Katalon_Studio_Windows_64-9.3.1\configuration\resources\lib\groovy-jsr223-3.0.17.jar;C:\Users\ho.hendy\.katalon\packages\Katalon_Studio_Windows_64-9.3.1\Katalon_Studio_Windows_64-9.3.1\configuration\resources\lib\groovy-macro-3.0.17.jar;C:\Users\ho.hendy\.katalon\packages\Katalon_Studio_Windows_64-9.3.1\Katalon_Studio_Windows_64-9.3.1\configuration\resources\lib\groovy-nio-3.0.17.jar;C:\Users\ho.hendy\.katalon\packages\Katalon_Studio_Windows_64-9.3.1\Katalon_Studio_Windows_64-9.3.1\configuration\resources\lib\groovy-servlet-3.0.17.jar;C:\Users\ho.hendy\.katalon\packages\Katalon_Studio_Windows_64-9.3.1\Katalon_Studio_Windows_64-9.3.1\configuration\resources\lib\groovy-sql-3.0.17.jar;C:\Users\ho.hendy\.katalon\packages\Katalon_Studio_Windows_64-9.3.1\Katalon_Studio_Windows_64-9.3.1\configuration\resources\lib\groovy-swing-3.0.17.jar;C:\Users\ho.hendy\.katalon\packages\Katalon_Studio_Windows_64-9.3.1\Katalon_Studio_Windows_64-9.3.1\configuration\resources\lib\groovy-templates-3.0.17.jar;C:\Users\ho.hendy\.katalon\packages\Katalon_Studio_Windows_64-9.3.1\Katalon_Studio_Windows_64-9.3.1\configuration\resources\lib\groovy-test-3.0.17.jar;C:\Users\ho.hendy\.katalon\packages\Katalon_Studio_Windows_64-9.3.1\Katalon_Studio_Windows_64-9.3.1\configuration\resources\lib\groovy-test-junit5-3.0.17.jar;C:\Users\ho.hendy\.katalon\packages\Katalon_Studio_Windows_64-9.3.1\Katalon_Studio_Windows_64-9.3.1\configuration\resources\lib\groovy-testng-3.0.17.jar;C:\Users\ho.hendy\.katalon\packages\Katalon_Studio_Windows_64-9.3.1\Katalon_Studio_Windows_64-9.3.1\configuration\resources\lib\groovy-xml-3.0.17.jar;C:\Users\ho.hendy\.katalon\packages\Katalon_Studio_Windows_64-9.3.1\Katalon_Studio_Windows_64-9.3.1\configuration\resources\lib\java-client-7.0.0.jar;C:\Users\ho.hendy\.katalon\packages\Katalon_Studio_Windows_64-9.3.1\Katalon_Studio_Windows_64-9.3.1\configuration\resources\lib\javax.servlet-api_3.1.0.jar;C:\Users\ho.hendy\.katalon\packages\Katalon_Studio_Windows_64-9.3.1\Katalon_Studio_Windows_64-9.3.1\configuration\resources\lib\jna-5.12.1.jar;C:\Users\ho.hendy\.katalon\packages\Katalon_Studio_Windows_64-9.3.1\Katalon_Studio_Windows_64-9.3.1\configuration\resources\lib\jna-platform-5.12.1.jar;C:\Users\ho.hendy\.katalon\packages\Katalon_Studio_Windows_64-9.3.1\Katalon_Studio_Windows_64-9.3.1\configuration\resources\lib\jzlib-1.1.3.jar;C:\Users\ho.hendy\.katalon\packages\Katalon_Studio_Windows_64-9.3.1\Katalon_Studio_Windows_64-9.3.1\configuration\resources\lib\kat-server.jar;C:\Users\ho.hendy\.katalon\packages\Katalon_Studio_Windows_64-9.3.1\Katalon_Studio_Windows_64-9.3.1\configuration\resources\lib\littleproxy-1.1.0-beta-bmp-17.jar;C:\Users\ho.hendy\.katalon\packages\Katalon_Studio_Windows_64-9.3.1\Katalon_Studio_Windows_64-9.3.1\configuration\resources\lib\log4j-1.2-api-2.17.1.jar;C:\Users\ho.hendy\.katalon\packages\Katalon_Studio_Windows_64-9.3.1\Katalon_Studio_Windows_64-9.3.1\configuration\resources\lib\log4j-api-2.17.1.jar;C:\Users\ho.hendy\.katalon\packages\Katalon_Studio_Windows_64-9.3.1\Katalon_Studio_Windows_64-9.3.1\configuration\resources\lib\log4j-core-2.17.1.jar;C:\Users\ho.hendy\.katalon\packages\Katalon_Studio_Windows_64-9.3.1\Katalon_Studio_Windows_64-9.3.1\configuration\resources\lib\mitm-2.1.5.jar;C:\Users\ho.hendy\.katalon\packages\Katalon_Studio_Windows_64-9.3.1\Katalon_Studio_Windows_64-9.3.1\configuration\resources\lib\netty-all-4.1.70.Final.jar;C:\Users\ho.hendy\.katalon\packages\Katalon_Studio_Windows_64-9.3.1\Katalon_Studio_Windows_64-9.3.1\configuration\resources\lib\poi-3.17.jar;C:\Users\ho.hendy\.katalon\packages\Katalon_Studio_Windows_64-9.3.1\Katalon_Studio_Windows_64-9.3.1\configuration\resources\lib\poi-ooxml-3.17.jar;C:\Users\ho.hendy\.katalon\packages\Katalon_Studio_Windows_64-9.3.1\Katalon_Studio_Windows_64-9.3.1\configuration\resources\lib\poi-ooxml-schemas-3.17.jar;C:\Users\ho.hendy\.katalon\packages\Katalon_Studio_Windows_64-9.3.1\Katalon_Studio_Windows_64-9.3.1\configuration\resources\lib\proxy-vole-1.0.4-SNAPSHOT-jar-with-dependencies.jar;C:\Users\ho.hendy\.katalon\packages\Katalon_Studio_Windows_64-9.3.1\Katalon_Studio_Windows_64-9.3.1\configuration\resources\lib\repackaged-sikuli-api-1.0.2-standalone.jar;C:\Users\ho.hendy\.katalon\packages\Katalon_Studio_Windows_64-9.3.1\Katalon_Studio_Windows_64-9.3.1\configuration\resources\lib\selenium-leg-rc-3.141.59.jar;C:\Users\ho.hendy\.katalon\packages\Katalon_Studio_Windows_64-9.3.1\Katalon_Studio_Windows_64-9.3.1\configuration\resources\lib\selenium-server-standalone-3.141.59.jar;C:\Users\ho.hendy\.katalon\packages\Katalon_Studio_Windows_64-9.3.1\Katalon_Studio_Windows_64-9.3.1\configuration\resources\lib\selenium-shutterbug-1.1.jar;C:\Users\ho.hendy\.katalon\packages\Katalon_Studio_Windows_64-9.3.1\Katalon_Studio_Windows_64-9.3.1\configuration\resources\lib\slf4j-api-1.7.25.jar;C:\Users\ho.hendy\.katalon\packages\Katalon_Studio_Windows_64-9.3.1\Katalon_Studio_Windows_64-9.3.1\configuration\resources\lib\soap-builder-1.0.0.jar;C:\Users\ho.hendy\.katalon\packages\Katalon_Studio_Windows_64-9.3.1\Katalon_Studio_Windows_64-9.3.1\configuration\resources\lib\soap-common-1.0.0.jar;C:\Users\ho.hendy\.katalon\packages\Katalon_Studio_Windows_64-9.3.1\Katalon_Studio_Windows_64-9.3.1\configuration\resources\lib\soap-legacy-1.0.0.jar;C:\Users\ho.hendy\.katalon\packages\Katalon_Studio_Windows_64-9.3.1\Katalon_Studio_Windows_64-9.3.1\configuration\resources\lib\spring-context-5.3.19.jar;C:\Users\ho.hendy\.katalon\packages\Katalon_Studio_Windows_64-9.3.1\Katalon_Studio_Windows_64-9.3.1\configuration\resources\lib\stax2-api-4.0.0.jar;C:\Users\ho.hendy\.katalon\packages\Katalon_Studio_Windows_64-9.3.1\Katalon_Studio_Windows_64-9.3.1\configuration\resources\lib\su.jar;C:\Users\ho.hendy\.katalon\packages\Katalon_Studio_Windows_64-9.3.1\Katalon_Studio_Windows_64-9.3.1\configuration\resources\lib\testng-7.8.0.jar;C:\Users\ho.hendy\.katalon\packages\Katalon_Studio_Windows_64-9.3.1\Katalon_Studio_Windows_64-9.3.1\configuration\resources\lib\wadl.jar;C:\Users\ho.hendy\.katalon\packages\Katalon_Studio_Windows_64-9.3.1\Katalon_Studio_Windows_64-9.3.1\configuration\resources\lib\xmlbeans-3.1.0.jar;C:\Users\ho.hendy\.katalon\packages\Katalon_Studio_Windows_64-9.3.1\Katalon_Studio_Windows_64-9.3.1\plugins\net.sf.supercsv.super-csv_2.1.0.jar;C:\Users\ho.hendy\.katalon\packages\Katalon_Studio_Windows_64-9.3.1\Katalon_Studio_Windows_64-9.3.1\plugins\org.apache.commons.io_2.4.0.jar;C:\Users\ho.hendy\.katalon\packages\Katalon_Studio_Windows_64-9.3.1\Katalon_Studio_Windows_64-9.3.1\plugins\org.apache.commons.lang_2.6.0.jar;C:\Users\ho.hendy\.katalon\packages\Katalon_Studio_Windows_64-9.3.1\Katalon_Studio_Windows_64-9.3.1\plugins\com.google.gson_2.10.1.v20230109-0753.jar;C:\Users\ho.hendy\.katalon\packages\Katalon_Studio_Windows_64-9.3.1\Katalon_Studio_Windows_64-9.3.1\plugins\org.jsoup_1.14.3.jar;C:\Users\ho.hendy\.katalon\packages\Katalon_Studio_Windows_64-9.3.1\Katalon_Studio_Windows_64-9.3.1\plugins\org.apache.commons.dbutils_1.6.0.jar;C:\Users\ho.hendy\.katalon\packages\Katalon_Studio_Windows_64-9.3.1\Katalon_Studio_Windows_64-9.3.1\plugins\com.oracle.jdbc.ojdbc7_12.1.0.2.jar;C:\Users\ho.hendy\.katalon\packages\Katalon_Studio_Windows_64-9.3.1\Katalon_Studio_Windows_64-9.3.1\plugins\org.postgresql.jdbc_42.4.1.jar;c:\Users\ho.hendy\.katalon\packages\Katalon_Studio_Windows_64-9.3.1\Katalon_Studio_Windows_64-9.3.1\plugins\org.eclipse.osgi_3.18.300.v20230220-1352.jar;C:\Users\ho.hendy\.katalon\packages\Katalon_Studio_Windows_64-9.3.1\Katalon_Studio_Windows_64-9.3.1\plugins\com.kms.katalon.constant_1.0.0.202402280646.jar;C:\Users\ho.hendy\.katalon\packages\Katalon_Studio_Windows_64-9.3.1\Katalon_Studio_Windows_64-9.3.1\plugins\org.eclipse.persistence.eclipselink_2.7.11.jar;C:\Users\ho.hendy\.katalon\packages\Katalon_Studio_Windows_64-9.3.1\Katalon_Studio_Windows_64-9.3.1\plugins\com.kms.katalon.selenium-standalone_1.0.0.202402280646.jar;C:\Users\ho.hendy\.katalon\packages\Katalon_Studio_Windows_64-9.3.1\Katalon_Studio_Windows_64-9.3.1\plugins\atu.testrecorder.screen-recorder_2.1.0.jar;C:\Users\ho.hendy\.katalon\packages\Katalon_Studio_Windows_64-9.3.1\Katalon_Studio_Windows_64-9.3.1\plugins\com.google.guava_23.0.0.jar;C:\Users\ho.hendy\.katalon\packages\Katalon_Studio_Windows_64-9.3.1\Katalon_Studio_Windows_64-9.3.1\plugins\com.kms.katalon.util_1.0.0.202402280646.jar;C:\Users\ho.hendy\.katalon\packages\Katalon_Studio_Windows_64-9.3.1\Katalon_Studio_Windows_64-9.3.1\plugins\org.apache.httpcomponents.httpclient_4.5.14.v20221207-1049.jar;C:\Users\ho.hendy\.katalon\packages\Katalon_Studio_Windows_64-9.3.1\Katalon_Studio_Windows_64-9.3.1\plugins\org.apache.httpcomponents.httpcore_4.4.16.v20221207-1049.jar;C:\Users\ho.hendy\.katalon\packages\Katalon_Studio_Windows_64-9.3.1\Katalon_Studio_Windows_64-9.3.1\plugins\org.apache.httpcomponents.httpmime_4.5.1.jar;C:\Users\ho.hendy\.katalon\packages\Katalon_Studio_Windows_64-9.3.1\Katalon_Studio_Windows_64-9.3.1\plugins\org.apache.commons.lang3_3.7.0.jar;C:\Users\ho.hendy\.katalon\packages\Katalon_Studio_Windows_64-9.3.1\Katalon_Studio_Windows_64-9.3.1\plugins\org.greenrobot.eventbus_3.1.1.jar;C:\Users\ho.hendy\.katalon\packages\Katalon_Studio_Windows_64-9.3.1\Katalon_Studio_Windows_64-9.3.1\plugins\org.assertj.core_3.10.0.jar;C:\Users\ho.hendy\.katalon\packages\Katalon_Studio_Windows_64-9.3.1\Katalon_Studio_Windows_64-9.3.1\plugins\org.junit_4.13.2.v20211018-1956.jar;C:\Users\ho.hendy\.katalon\packages\Katalon_Studio_Windows_64-9.3.1\Katalon_Studio_Windows_64-9.3.1\plugins\com.fasterxml.jackson.core.jackson-databind_2.14.0.jar;C:\Users\ho.hendy\.katalon\packages\Katalon_Studio_Windows_64-9.3.1\Katalon_Studio_Windows_64-9.3.1\plugins\com.fasterxml.jackson.core.jackson-core_2.14.0.jar;C:\Users\ho.hendy\.katalon\packages\Katalon_Studio_Windows_64-9.3.1\Katalon_Studio_Windows_64-9.3.1\plugins\com.fasterxml.jackson.core.jackson-annotations_2.14.0.jar;C:\Users\ho.hendy\.katalon\packages\Katalon_Studio_Windows_64-9.3.1\Katalon_Studio_Windows_64-9.3.1\plugins\ch.qos.logback.classic_1.2.3.jar;C:\Users\ho.hendy\.katalon\packages\Katalon_Studio_Windows_64-9.3.1\Katalon_Studio_Windows_64-9.3.1\plugins\ch.qos.logback.core_1.2.3.jar;C:\Users\ho.hendy\.katalon\packages\Katalon_Studio_Windows_64-9.3.1\Katalon_Studio_Windows_64-9.3.1\plugins\slf4j.api_1.7.36.jar;C:\Users\ho.hendy\.katalon\packages\Katalon_Studio_Windows_64-9.3.1\Katalon_Studio_Windows_64-9.3.1\plugins\org.fusesource.jansi_1.17.1.jar;C:\Users\ho.hendy\.katalon\packages\Katalon_Studio_Windows_64-9.3.1\Katalon_Studio_Windows_64-9.3.1\plugins\com.kms.katalon.netlightbody_1.0.0.202402280646.jar;C:\Users\ho.hendy\.katalon\packages\Katalon_Studio_Windows_64-9.3.1\Katalon_Studio_Windows_64-9.3.1\plugins\com.kms.katalon.poi_1.0.0.202402280646.jar;C:\Users\ho.hendy\.katalon\packages\Katalon_Studio_Windows_64-9.3.1\Katalon_Studio_Windows_64-9.3.1\plugins\org.apache.commons.commons-text_1.10.0.jar;C:\Users\ho.hendy\.katalon\packages\Katalon_Studio_Windows_64-9.3.1\Katalon_Studio_Windows_64-9.3.1\plugins\com.kms.katalon.proxyvole_1.0.0.202402280646.jar;C:\Users\ho.hendy\.katalon\packages\Katalon_Studio_Windows_64-9.3.1\Katalon_Studio_Windows_64-9.3.1\plugins\com.microsoft.sqlserver.mssql-jdbc_6.2.2.jre8.jar;C:\Users\ho.hendy\.katalon\packages\Katalon_Studio_Windows_64-9.3.1\Katalon_Studio_Windows_64-9.3.1\plugins\com.github.kklisura.cdt.java-client_2.1.0.jar;C:\Users\ho.hendy\.katalon\packages\Katalon_Studio_Windows_64-9.3.1\Katalon_Studio_Windows_64-9.3.1\plugins\javax.websocket-api_1.1.0.jar;C:\Users\ho.hendy\.katalon\packages\Katalon_Studio_Windows_64-9.3.1\Katalon_Studio_Windows_64-9.3.1\plugins\org.glassfish.tyrus.container-grizzly-client_1.13.1.jar;C:\Users\ho.hendy\.katalon\packages\Katalon_Studio_Windows_64-9.3.1\Katalon_Studio_Windows_64-9.3.1\plugins\org.glassfish.grizzly.http-server_2.3.25.jar;C:\Users\ho.hendy\.katalon\packages\Katalon_Studio_Windows_64-9.3.1\Katalon_Studio_Windows_64-9.3.1\plugins\org.glassfish.grizzly.framework_2.3.25.jar;C:\Users\ho.hendy\.katalon\packages\Katalon_Studio_Windows_64-9.3.1\Katalon_Studio_Windows_64-9.3.1\plugins\org.glassfish.grizzly.http_2.3.25.jar;C:\Users\ho.hendy\.katalon\packages\Katalon_Studio_Windows_64-9.3.1\Katalon_Studio_Windows_64-9.3.1\plugins\org.glassfish.tyrus.client_1.13.1.jar;C:\Users\ho.hendy\.katalon\packages\Katalon_Studio_Windows_64-9.3.1\Katalon_Studio_Windows_64-9.3.1\plugins\org.glassfish.tyrus.core_1.13.1.jar;C:\Users\ho.hendy\.katalon\packages\Katalon_Studio_Windows_64-9.3.1\Katalon_Studio_Windows_64-9.3.1\plugins\org.glassfish.tyrus.spi_1.13.1.jar;C:\Users\ho.hendy\.katalon\packages\Katalon_Studio_Windows_64-9.3.1\Katalon_Studio_Windows_64-9.3.1\plugins\javassist_3.28.0.GA.jar;C:\Users\ho.hendy\.katalon\packages\Katalon_Studio_Windows_64-9.3.1\Katalon_Studio_Windows_64-9.3.1\plugins\com.graphql-java_16.2.0.jar;C:\Users\ho.hendy\.katalon\packages\Katalon_Studio_Windows_64-9.3.1\Katalon_Studio_Windows_64-9.3.1\plugins\org.glassfish.jaxb.runtime_2.3.6.jar;C:\Users\ho.hendy\.katalon\packages\Katalon_Studio_Windows_64-9.3.1\Katalon_Studio_Windows_64-9.3.1\plugins\org.glassfish.jaxb.txw2_2.3.6.jar;C:\Users\ho.hendy\.katalon\packages\Katalon_Studio_Windows_64-9.3.1\Katalon_Studio_Windows_64-9.3.1\plugins\org.dom4j_1.6.1.v201312101416.jar;C:\Users\ho.hendy\.katalon\packages\Katalon_Studio_Windows_64-9.3.1\Katalon_Studio_Windows_64-9.3.1\plugins\com.kms.katalon.groovy-extended_1.0.0.202402280646.jar;C:\Users\ho.hendy\.katalon\packages\Katalon_Studio_Windows_64-9.3.1\Katalon_Studio_Windows_64-9.3.1\plugins\com.sun.activation.javax.activation_1.2.0.jar;C:\Users\ho.hendy\.katalon\packages\Katalon_Studio_Windows_64-9.3.1\Katalon_Studio_Windows_64-9.3.1\plugins\jakarta.xml.bind-api_2.3.3.jar;C:\Users\ho.hendy\.katalon\packages\Katalon_Studio_Windows_64-9.3.1\Katalon_Studio_Windows_64-9.3.1\plugins\com.sun.xml.bind.jaxb-impl_2.3.6.jar;C:\Users\ho.hendy\.katalon\packages\Katalon_Studio_Windows_64-9.3.1\Katalon_Studio_Windows_64-9.3.1\plugins\org.apache.commons.logging_1.2.0.v20180409-1502.jar;C:\Users\ho.hendy\.katalon\packages\Katalon_Studio_Windows_64-9.3.1\Katalon_Studio_Windows_64-9.3.1\plugins\org.hamcrest.core_1.3.0.v20180420-1519.jar;C:\Users\ho.hendy\.katalon\packages\Katalon_Studio_Windows_64-9.3.1\Katalon_Studio_Windows_64-9.3.1\plugins\org.beanshell.bsh_2.0.0.0b4.jar;C:\Users\ho.hendy\.katalon\packages\Katalon_Studio_Windows_64-9.3.1\Katalon_Studio_Windows_64-9.3.1\plugins\org.apache.ant.launcher_1.9.6.jar;C:\Users\ho.hendy\.katalon\packages\Katalon_Studio_Windows_64-9.3.1\Katalon_Studio_Windows_64-9.3.1\plugins\com.kms.katalon.core.appium_1.0.0.202402280646.jar;C:\Users\ho.hendy\.katalon\packages\Katalon_Studio_Windows_64-9.3.1\Katalon_Studio_Windows_64-9.3.1\plugins\com.kms.katalon.logging_1.0.0.202402280646.jar;C:\Users\ho.hendy\.katalon\packages\Katalon_Studio_Windows_64-9.3.1\Katalon_Studio_Windows_64-9.3.1\plugins\org.eclipse.equinox.common_3.17.100.v20230202-1341.jar;C:\Users\ho.hendy\.katalon\packages\Katalon_Studio_Windows_64-9.3.1\Katalon_Studio_Windows_64-9.3.1\plugins\com.kms.katalon.core.webui_1.0.0.202402280646.jar;C:\Users\ho.hendy\.katalon\packages\Katalon_Studio_Windows_64-9.3.1\Katalon_Studio_Windows_64-9.3.1\plugins\org.json_20140107.0.0.jar;C:\Users\ho.hendy\.katalon\packages\Katalon_Studio_Windows_64-9.3.1\Katalon_Studio_Windows_64-9.3.1\plugins\org.eclipse.e4.core.contexts_1.11.0.v20220716-0839.jar;C:\Users\ho.hendy\.katalon\packages\Katalon_Studio_Windows_64-9.3.1\Katalon_Studio_Windows_64-9.3.1\plugins\org.eclipse.e4.core.services_2.3.400.v20220915-1347.jar;C:\Users\ho.hendy\.katalon\packages\Katalon_Studio_Windows_64-9.3.1\Katalon_Studio_Windows_64-9.3.1\plugins\com.kms.katalon.core.mobile_1.0.0.202402280646.jar;C:\Users\ho.hendy\.katalon\packages\Katalon_Studio_Windows_64-9.3.1\Katalon_Studio_Windows_64-9.3.1\plugins\org.apache.commons.commons-validator_1.7.0.jar;C:\Users\ho.hendy\.katalon\packages\Katalon_Studio_Windows_64-9.3.1\Katalon_Studio_Windows_64-9.3.1\plugins\com.kms.katalon.core.cucumber_1.0.0.202402280646.jar;C:\Users\ho.hendy\.katalon\packages\Katalon_Studio_Windows_64-9.3.1\Katalon_Studio_Windows_64-9.3.1\plugins\io.cucumber.core_3.0.2.jar;C:\Users\ho.hendy\.katalon\packages\Katalon_Studio_Windows_64-9.3.1\Katalon_Studio_Windows_64-9.3.1\plugins\io.cucumber.datatable_1.0.3.jar;C:\Users\ho.hendy\.katalon\packages\Katalon_Studio_Windows_64-9.3.1\Katalon_Studio_Windows_64-9.3.1\plugins\io.cucumber.datatable-dependencies_1.0.3.jar;C:\Users\ho.hendy\.katalon\packages\Katalon_Studio_Windows_64-9.3.1\Katalon_Studio_Windows_64-9.3.1\plugins\io.cucumber.expressions_5.0.19.jar;C:\Users\ho.hendy\.katalon\packages\Katalon_Studio_Windows_64-9.3.1\Katalon_Studio_Windows_64-9.3.1\plugins\io.cucumber.gherkin_5.0.0.jar;C:\Users\ho.hendy\.katalon\packages\Katalon_Studio_Windows_64-9.3.1\Katalon_Studio_Windows_64-9.3.1\plugins\io.cucumber.html_0.2.7.jar;C:\Users\ho.hendy\.katalon\packages\Katalon_Studio_Windows_64-9.3.1\Katalon_Studio_Windows_64-9.3.1\plugins\io.cucumber.java_3.0.2.jar;C:\Users\ho.hendy\.katalon\packages\Katalon_Studio_Windows_64-9.3.1\Katalon_Studio_Windows_64-9.3.1\plugins\io.cucumber.tag-expressions_1.1.1.jar;C:\Users\ho.hendy\.katalon\packages\Katalon_Studio_Windows_64-9.3.1\Katalon_Studio_Windows_64-9.3.1\plugins\io.cucumber.junit_3.0.2.jar;C:\Users\ho.hendy\.katalon\packages\Katalon_Studio_Windows_64-9.3.1\Katalon_Studio_Windows_64-9.3.1\plugins\com.kms.katalon.core.webservice_1.0.0.202402280646.jar;C:\Users\ho.hendy\.katalon\packages\Katalon_Studio_Windows_64-9.3.1\Katalon_Studio_Windows_64-9.3.1\plugins\wsdl4j_1.6.2.jar;C:\Users\ho.hendy\.katalon\packages\Katalon_Studio_Windows_64-9.3.1\Katalon_Studio_Windows_64-9.3.1\plugins\com.google.oauth-client.google-oauth-client_1.22.0.jar;C:\Users\ho.hendy\.katalon\packages\Katalon_Studio_Windows_64-9.3.1\Katalon_Studio_Windows_64-9.3.1\plugins\com.google.http-client.google-http-client_1.22.0.jar;C:\Users\ho.hendy\.katalon\packages\Katalon_Studio_Windows_64-9.3.1\Katalon_Studio_Windows_64-9.3.1\plugins\ca.juliusdavies.not-yet-commons-ssl_0.3.11.jar;C:\Users\ho.hendy\.katalon\packages\Katalon_Studio_Windows_64-9.3.1\Katalon_Studio_Windows_64-9.3.1\plugins\com.kms.katalon.preferences_1.0.0.202402280646.jar;C:\Users\ho.hendy\.katalon\packages\Katalon_Studio_Windows_64-9.3.1\Katalon_Studio_Windows_64-9.3.1\plugins\org.apache.xmlbeans_3.1.0.jar;C:\Users\ho.hendy\.katalon\packages\Katalon_Studio_Windows_64-9.3.1\Katalon_Studio_Windows_64-9.3.1\plugins\com.kms.katalon.entity_1.0.0.202402280646.jar;C:\Users\ho.hendy\.katalon\packages\Katalon_Studio_Windows_64-9.3.1\Katalon_Studio_Windows_64-9.3.1\plugins\org.antlr.antlr4-runtime_4.8.0.jar;C:\Users\ho.hendy\.katalon\packages\Katalon_Studio_Windows_64-9.3.1\Katalon_Studio_Windows_64-9.3.1\plugins\com.networknt.json-schema-validator_1.0.66.jar;C:\Users\ho.hendy\.katalon\packages\Katalon_Studio_Windows_64-9.3.1\Katalon_Studio_Windows_64-9.3.1\plugins\jakarta.xml.ws-api_2.3.3.jar;C:\Users\ho.hendy\.katalon\packages\Katalon_Studio_Windows_64-9.3.1\Katalon_Studio_Windows_64-9.3.1\plugins\javax.xml.soap-api_1.4.0.jar;C:\Users\ho.hendy\.katalon\packages\Katalon_Studio_Windows_64-9.3.1\Katalon_Studio_Windows_64-9.3.1\plugins\com.kms.katalon.core.windows_1.0.0.202402280646.jar;C:\Users\ho.hendy\.katalon\packages\Katalon_Studio_Windows_64-9.3.1\Katalon_Studio_Windows_64-9.3.1\plugins\com.kms.katalon.core.testng_1.0.0.202402280646.jar;C:\Users\ho.hendy\Katalon Studio\JM ORDER 3 (Marketing Officer)\Drivers\mssql-jdbc-12.6.1.jre11.jar;C:\Users\ho.hendy\Katalon Studio\JM ORDER 3 (Marketing Officer)\Drivers\postgresql-42.7.3.jar;C:\Users\ho.hendy\.katalon\packages\Katalon_Studio_Windows_64-9.3.1\Katalon_Studio_Windows_64-9.3.1\configuration\org.eclipse.osgi\27\0\.cp\resources\basic-report\katalon-studio-report-plugin.jar;C:\Users\ho.hendy\.katalon\packages\Katalon_Studio_Windows_64-9.3.1\Katalon_Studio_Windows_64-9.3.1\plugins\org.codehaus.groovy_3.0.17.v202303311542-e2303\lib\groovy-3.0.17-indy.jar;C:\Users\ho.hendy\.katalon\packages\Katalon_Studio_Windows_64-9.3.1\Katalon_Studio_Windows_64-9.3.1\plugins\org.codehaus.groovy_3.0.17.v202303311542-e2303\lib\ivy-2.5.1.jar --main groovy.ui.GroovyMain --encoding UTF-8 --indy C:\Users\ho.hendy\Katalon Studio\JM ORDER 3 (Marketing Officer)\Libs\TempTestCase1717747622722.groovy

Host: 11th Gen Intel(R) Core(TM) i5-1135G7 @ 2.40GHz, 8 cores, 7G,  Windows 10 , 64 bit Build 19041 (10.0.19041.3636)
Time: Fri Jun  7 15:07:09 2024 SE Asia Standard Time elapsed time: 5.776375 seconds (0d 0h 0m 5s)

---------------  T H R E A D  ---------------

Current thread (0x000001a5dbea2420):  JavaThread "C2 CompilerThread1" daemon [_thread_in_native, id=30088, stack(0x000000552dc00000,0x000000552dd00000)]


Current CompileTask:
C2:   5776 3376   !   4       java.net.URL::<init> (543 bytes)

Stack: [0x000000552dc00000,0x000000552dd00000]
Native frames: (J=compiled Java code, j=interpreted, Vv=VM code, C=native code)
V  [jvm.dll+0x67754a]
V  [jvm.dll+0x834304]
V  [jvm.dll+0x835aae]
V  [jvm.dll+0x836113]
V  [jvm.dll+0x24696f]
V  [jvm.dll+0xac0ac]
V  [jvm.dll+0xac67c]
V  [jvm.dll+0x364de2]
V  [jvm.dll+0x32f6b1]
V  [jvm.dll+0x32eb5a]
V  [jvm.dll+0x219641]
V  [jvm.dll+0x218a61]
V  [jvm.dll+0x1a4d8d]
V  [jvm.dll+0x2284da]
V  [jvm.dll+0x226615]
V  [jvm.dll+0x7ea90b]
V  [jvm.dll+0x7e4e7a]
V  [jvm.dll+0x676395]
C  [ucrtbase.dll+0x21bb2]
C  [KERNEL32.DLL+0x17344]
C  [ntdll.dll+0x526b1]


---------------  P R O C E S S  ---------------

Threads class SMR info:
_java_thread_list=0x000001a5dc140290, length=13, elements={
0x000001a5bb8d30b0, 0x000001a5d594ef10, 0x000001a5d5951200, 0x000001a5d59904d0,
0x000001a5d5990d90, 0x000001a5d59945a0, 0x000001a5d5998360, 0x000001a5d59a2310,
0x000001a5d59a33b0, 0x000001a5d59b4470, 0x000001a5d5c6ec70, 0x000001a5da775ca0,
0x000001a5dbea2420
}

Java Threads: ( => current thread )
  0x000001a5bb8d30b0 JavaThread "main" [_thread_in_vm, id=35516, stack(0x000000552cb00000,0x000000552cc00000)]
  0x000001a5d594ef10 JavaThread "Reference Handler" daemon [_thread_blocked, id=39912, stack(0x000000552d200000,0x000000552d300000)]
  0x000001a5d5951200 JavaThread "Finalizer" daemon [_thread_blocked, id=18772, stack(0x000000552d300000,0x000000552d400000)]
  0x000001a5d59904d0 JavaThread "Signal Dispatcher" daemon [_thread_blocked, id=25884, stack(0x000000552d400000,0x000000552d500000)]
  0x000001a5d5990d90 JavaThread "Attach Listener" daemon [_thread_blocked, id=38440, stack(0x000000552d500000,0x000000552d600000)]
  0x000001a5d59945a0 JavaThread "Service Thread" daemon [_thread_blocked, id=33856, stack(0x000000552d600000,0x000000552d700000)]
  0x000001a5d5998360 JavaThread "Monitor Deflation Thread" daemon [_thread_blocked, id=29408, stack(0x000000552d700000,0x000000552d800000)]
  0x000001a5d59a2310 JavaThread "C2 CompilerThread0" daemon [_thread_in_native, id=21844, stack(0x000000552d800000,0x000000552d900000)]
  0x000001a5d59a33b0 JavaThread "C1 CompilerThread0" daemon [_thread_blocked, id=18552, stack(0x000000552d900000,0x000000552da00000)]
  0x000001a5d59b4470 JavaThread "Sweeper thread" daemon [_thread_blocked, id=36656, stack(0x000000552da00000,0x000000552db00000)]
  0x000001a5d5c6ec70 JavaThread "Common-Cleaner" daemon [_thread_blocked, id=10324, stack(0x000000552db00000,0x000000552dc00000)]
  0x000001a5da775ca0 JavaThread "Notification Thread" daemon [_thread_blocked, id=15324, stack(0x000000552dd00000,0x000000552de00000)]
=>0x000001a5dbea2420 JavaThread "C2 CompilerThread1" daemon [_thread_in_native, id=30088, stack(0x000000552dc00000,0x000000552dd00000)]

Other Threads:
  0x000001a5d594a630 VMThread "VM Thread" [stack: 0x000000552d100000,0x000000552d200000] [id=39824]
  0x000001a5bb8d3d70 WatcherThread [stack: 0x000000552de00000,0x000000552df00000] [id=34744]
  0x000001a5bb90e350 GCTaskThread "GC Thread#0" [stack: 0x000000552cc00000,0x000000552cd00000] [id=29376]
  0x000001a5dae25130 GCTaskThread "GC Thread#1" [stack: 0x000000552df00000,0x000000552e000000] [id=38092]
  0x000001a5da7d8f30 GCTaskThread "GC Thread#2" [stack: 0x000000552e000000,0x000000552e100000] [id=16612]
  0x000001a5dbdaad60 GCTaskThread "GC Thread#3" [stack: 0x000000552e100000,0x000000552e200000] [id=10404]
  0x000001a5da854870 GCTaskThread "GC Thread#4" [stack: 0x000000552e200000,0x000000552e300000] [id=14532]
  0x000001a5dc482860 GCTaskThread "GC Thread#5" [stack: 0x000000552e300000,0x000000552e400000] [id=32712]
  0x000001a5dba74d50 GCTaskThread "GC Thread#6" [stack: 0x000000552e400000,0x000000552e500000] [id=39480]
  0x000001a5dd107ec0 GCTaskThread "GC Thread#7" [stack: 0x000000552e500000,0x000000552e600000] [id=15136]
  0x000001a5d2e62ab0 ConcurrentGCThread "G1 Main Marker" [stack: 0x000000552cd00000,0x000000552ce00000] [id=40892]
  0x000001a5d2e632d0 ConcurrentGCThread "G1 Conc#0" [stack: 0x000000552ce00000,0x000000552cf00000] [id=27736]
  0x000001a5dc7bd4e0 ConcurrentGCThread "G1 Conc#1" [stack: 0x000000552e600000,0x000000552e700000] [id=15400]
  0x000001a5d2ee9840 ConcurrentGCThread "G1 Refine#0" [stack: 0x000000552cf00000,0x000000552d000000] [id=36392]
  0x000001a5d2eeb080 ConcurrentGCThread "G1 Service" [stack: 0x000000552d000000,0x000000552d100000] [id=34080]

Threads with active compile tasks:
C2 CompilerThread0     6191 3400       4       jdk.internal.org.objectweb.asm.Frame::execute (2305 bytes)
C2 CompilerThread1     6191 3376   !   4       java.net.URL::<init> (543 bytes)

VM state: not at safepoint (normal execution)

VM Mutex/Monitor currently owned by a thread:  ([mutex/lock_event])
[0x000001a5bb8cfa40] Metaspace_lock - owner thread: 0x000001a5bb8d30b0

Heap address: 0x0000000080000000, size: 2048 MB, Compressed Oops mode: 32-bit

CDS archive(s) not mapped
Compressed class space mapped at: 0x0000000100000000-0x0000000140000000, reserved size: 1073741824
Narrow klass base: 0x0000000000000000, Narrow klass shift: 3, Narrow klass range: 0x140000000

GC Precious Log:
 CPUs: 8 total, 8 available
 Memory: 7890M
 Large Page Support: Disabled
 NUMA Support: Disabled
 Compressed Oops: Enabled (32-bit)
 Heap Region Size: 1M
 Heap Min Capacity: 8M
 Heap Initial Capacity: 124M
 Heap Max Capacity: 2G
 Pre-touch: Disabled
 Parallel Workers: 8
 Concurrent Workers: 2
 Concurrent Refinement Workers: 8
 Periodic GC: Disabled

Heap:
 garbage-first heap   total 95232K, used 44041K [0x0000000080000000, 0x0000000100000000)
  region size 1024K, 25 young (25600K), 5 survivors (5120K)
 Metaspace       used 29475K, committed 29824K, reserved 1114112K
  class space    used 3114K, committed 3328K, reserved 1048576K

Heap Regions: E=young(eden), S=young(survivor), O=old, HS=humongous(starts), HC=humongous(continues), CS=collection set, F=free, OA=open archive, CA=closed archive, TAMS=top-at-mark-start (previous, next)
|   0|0x0000000080000000, 0x0000000080100000, 0x0000000080100000|100%|HS|  |TAMS 0x0000000080100000, 0x0000000080000000| Complete 
|   1|0x0000000080100000, 0x0000000080200000, 0x0000000080200000|100%|HS|  |TAMS 0x0000000080200000, 0x0000000080100000| Complete 
|   2|0x0000000080200000, 0x0000000080300000, 0x0000000080300000|100%|HS|  |TAMS 0x0000000080300000, 0x0000000080200000| Complete 
|   3|0x0000000080300000, 0x0000000080400000, 0x0000000080400000|100%|HC|  |TAMS 0x0000000080400000, 0x0000000080300000| Complete 
|   4|0x0000000080400000, 0x0000000080500000, 0x0000000080500000|100%| O|  |TAMS 0x0000000080500000, 0x0000000080400000| Untracked 
|   5|0x0000000080500000, 0x0000000080600000, 0x0000000080600000|100%| O|  |TAMS 0x0000000080600000, 0x0000000080500000| Untracked 
|   6|0x0000000080600000, 0x0000000080700000, 0x0000000080700000|100%| O|  |TAMS 0x0000000080700000, 0x0000000080600000| Untracked 
|   7|0x0000000080700000, 0x0000000080800000, 0x0000000080800000|100%| O|  |TAMS 0x0000000080800000, 0x0000000080700000| Untracked 
|   8|0x0000000080800000, 0x0000000080900000, 0x0000000080900000|100%| O|  |TAMS 0x0000000080900000, 0x0000000080800000| Untracked 
|   9|0x0000000080900000, 0x0000000080a00000, 0x0000000080a00000|100%| O|  |TAMS 0x0000000080a00000, 0x0000000080900000| Untracked 
|  10|0x0000000080a00000, 0x0000000080b00000, 0x0000000080b00000|100%| O|  |TAMS 0x0000000080b00000, 0x0000000080a00000| Untracked 
|  11|0x0000000080b00000, 0x0000000080c00000, 0x0000000080c00000|100%| O|  |TAMS 0x0000000080c00000, 0x0000000080b00000| Untracked 
|  12|0x0000000080c00000, 0x0000000080d00000, 0x0000000080d00000|100%| O|  |TAMS 0x0000000080d00000, 0x0000000080c00000| Untracked 
|  13|0x0000000080d00000, 0x0000000080e00000, 0x0000000080e00000|100%| O|  |TAMS 0x0000000080deb200, 0x0000000080d00000| Untracked 
|  14|0x0000000080e00000, 0x0000000080f00000, 0x0000000080f00000|100%| O|  |TAMS 0x0000000080e00000, 0x0000000080e00000| Untracked 
|  15|0x0000000080f00000, 0x0000000081000000, 0x0000000081000000|100%| O|  |TAMS 0x0000000080f00000, 0x0000000080f00000| Untracked 
|  16|0x0000000081000000, 0x0000000081100000, 0x0000000081100000|100%| O|  |TAMS 0x0000000081000000, 0x0000000081000000| Untracked 
|  17|0x0000000081100000, 0x0000000081200000, 0x0000000081200000|100%| O|  |TAMS 0x0000000081100000, 0x0000000081100000| Untracked 
|  18|0x0000000081200000, 0x0000000081244400, 0x0000000081300000| 26%| O|  |TAMS 0x0000000081200000, 0x0000000081200000| Untracked 
|  19|0x0000000081300000, 0x0000000081400000, 0x0000000081400000|100%| O|  |TAMS 0x0000000081300000, 0x0000000081300000| Untracked 
|  20|0x0000000081400000, 0x000000008147ca00, 0x0000000081500000| 48%| O|  |TAMS 0x0000000081400000, 0x0000000081400000| Untracked 
|  21|0x0000000081500000, 0x0000000081500000, 0x0000000081600000|  0%| F|  |TAMS 0x0000000081500000, 0x0000000081500000| Untracked 
|  22|0x0000000081600000, 0x0000000081600000, 0x0000000081700000|  0%| F|  |TAMS 0x0000000081600000, 0x0000000081600000| Untracked 
|  23|0x0000000081700000, 0x0000000081700000, 0x0000000081800000|  0%| F|  |TAMS 0x0000000081700000, 0x0000000081700000| Untracked 
|  24|0x0000000081800000, 0x0000000081800000, 0x0000000081900000|  0%| F|  |TAMS 0x0000000081800000, 0x0000000081800000| Untracked 
|  25|0x0000000081900000, 0x0000000081900000, 0x0000000081a00000|  0%| F|  |TAMS 0x0000000081900000, 0x0000000081900000| Untracked 
|  26|0x0000000081a00000, 0x0000000081a00000, 0x0000000081b00000|  0%| F|  |TAMS 0x0000000081a00000, 0x0000000081a00000| Untracked 
|  27|0x0000000081b00000, 0x0000000081b00000, 0x0000000081c00000|  0%| F|  |TAMS 0x0000000081b00000, 0x0000000081b00000| Untracked 
|  28|0x0000000081c00000, 0x0000000081c00000, 0x0000000081d00000|  0%| F|  |TAMS 0x0000000081c00000, 0x0000000081c00000| Untracked 
|  29|0x0000000081d00000, 0x0000000081d00000, 0x0000000081e00000|  0%| F|  |TAMS 0x0000000081d00000, 0x0000000081d00000| Untracked 
|  30|0x0000000081e00000, 0x0000000081e00000, 0x0000000081f00000|  0%| F|  |TAMS 0x0000000081e00000, 0x0000000081e00000| Untracked 
|  31|0x0000000081f00000, 0x0000000081f00000, 0x0000000082000000|  0%| F|  |TAMS 0x0000000081f00000, 0x0000000081f00000| Untracked 
|  32|0x0000000082000000, 0x0000000082000000, 0x0000000082100000|  0%| F|  |TAMS 0x0000000082000000, 0x0000000082000000| Untracked 
|  33|0x0000000082100000, 0x0000000082100000, 0x0000000082200000|  0%| F|  |TAMS 0x0000000082100000, 0x0000000082100000| Untracked 
|  34|0x0000000082200000, 0x0000000082200000, 0x0000000082300000|  0%| F|  |TAMS 0x0000000082200000, 0x0000000082200000| Untracked 
|  35|0x0000000082300000, 0x0000000082300000, 0x0000000082400000|  0%| F|  |TAMS 0x0000000082300000, 0x0000000082300000| Untracked 
|  36|0x0000000082400000, 0x0000000082400000, 0x0000000082500000|  0%| F|  |TAMS 0x0000000082400000, 0x0000000082400000| Untracked 
|  37|0x0000000082500000, 0x0000000082500000, 0x0000000082600000|  0%| F|  |TAMS 0x0000000082500000, 0x0000000082500000| Untracked 
|  38|0x0000000082600000, 0x0000000082600000, 0x0000000082700000|  0%| F|  |TAMS 0x0000000082600000, 0x0000000082600000| Untracked 
|  39|0x0000000082700000, 0x0000000082700000, 0x0000000082800000|  0%| F|  |TAMS 0x0000000082700000, 0x0000000082700000| Untracked 
|  40|0x0000000082800000, 0x0000000082841680, 0x0000000082900000| 25%| S|CS|TAMS 0x0000000082800000, 0x0000000082800000| Complete 
|  41|0x0000000082900000, 0x0000000082a00000, 0x0000000082a00000|100%| S|CS|TAMS 0x0000000082900000, 0x0000000082900000| Complete 
|  42|0x0000000082a00000, 0x0000000082b00000, 0x0000000082b00000|100%| S|CS|TAMS 0x0000000082a00000, 0x0000000082a00000| Complete 
|  43|0x0000000082b00000, 0x0000000082c00000, 0x0000000082c00000|100%| S|CS|TAMS 0x0000000082b00000, 0x0000000082b00000| Complete 
|  44|0x0000000082c00000, 0x0000000082d00000, 0x0000000082d00000|100%| S|CS|TAMS 0x0000000082c00000, 0x0000000082c00000| Complete 
|  45|0x0000000082d00000, 0x0000000082d00000, 0x0000000082e00000|  0%| F|  |TAMS 0x0000000082d00000, 0x0000000082d00000| Untracked 
|  46|0x0000000082e00000, 0x0000000082e00000, 0x0000000082f00000|  0%| F|  |TAMS 0x0000000082e00000, 0x0000000082e00000| Untracked 
|  47|0x0000000082f00000, 0x0000000082f00000, 0x0000000083000000|  0%| F|  |TAMS 0x0000000082f00000, 0x0000000082f00000| Untracked 
|  48|0x0000000083000000, 0x0000000083000000, 0x0000000083100000|  0%| F|  |TAMS 0x0000000083000000, 0x0000000083000000| Untracked 
|  49|0x0000000083100000, 0x0000000083100000, 0x0000000083200000|  0%| F|  |TAMS 0x0000000083100000, 0x0000000083100000| Untracked 
|  50|0x0000000083200000, 0x0000000083200000, 0x0000000083300000|  0%| F|  |TAMS 0x0000000083200000, 0x0000000083200000| Untracked 
|  51|0x0000000083300000, 0x0000000083300000, 0x0000000083400000|  0%| F|  |TAMS 0x0000000083300000, 0x0000000083300000| Untracked 
|  52|0x0000000083400000, 0x0000000083400000, 0x0000000083500000|  0%| F|  |TAMS 0x0000000083400000, 0x0000000083400000| Untracked 
|  53|0x0000000083500000, 0x0000000083500000, 0x0000000083600000|  0%| F|  |TAMS 0x0000000083500000, 0x0000000083500000| Untracked 
|  54|0x0000000083600000, 0x0000000083600000, 0x0000000083700000|  0%| F|  |TAMS 0x0000000083600000, 0x0000000083600000| Untracked 
|  55|0x0000000083700000, 0x0000000083700000, 0x0000000083800000|  0%| F|  |TAMS 0x0000000083700000, 0x0000000083700000| Untracked 
|  56|0x0000000083800000, 0x0000000083800000, 0x0000000083900000|  0%| F|  |TAMS 0x0000000083800000, 0x0000000083800000| Untracked 
|  57|0x0000000083900000, 0x0000000083900000, 0x0000000083a00000|  0%| F|  |TAMS 0x0000000083900000, 0x0000000083900000| Untracked 
|  58|0x0000000083a00000, 0x0000000083a00000, 0x0000000083b00000|  0%| F|  |TAMS 0x0000000083a00000, 0x0000000083a00000| Untracked 
|  59|0x0000000083b00000, 0x0000000083b00000, 0x0000000083c00000|  0%| F|  |TAMS 0x0000000083b00000, 0x0000000083b00000| Untracked 
|  60|0x0000000083c00000, 0x0000000083c00000, 0x0000000083d00000|  0%| F|  |TAMS 0x0000000083c00000, 0x0000000083c00000| Untracked 
|  61|0x0000000083d00000, 0x0000000083d00000, 0x0000000083e00000|  0%| F|  |TAMS 0x0000000083d00000, 0x0000000083d00000| Untracked 
|  62|0x0000000083e00000, 0x0000000083e00000, 0x0000000083f00000|  0%| F|  |TAMS 0x0000000083e00000, 0x0000000083e00000| Untracked 
|  63|0x0000000083f00000, 0x0000000083f00000, 0x0000000084000000|  0%| F|  |TAMS 0x0000000083f00000, 0x0000000083f00000| Untracked 
|  64|0x0000000084000000, 0x0000000084000000, 0x0000000084100000|  0%| F|  |TAMS 0x0000000084000000, 0x0000000084000000| Untracked 
|  65|0x0000000084100000, 0x0000000084100000, 0x0000000084200000|  0%| F|  |TAMS 0x0000000084100000, 0x0000000084100000| Untracked 
|  66|0x0000000084200000, 0x0000000084200000, 0x0000000084300000|  0%| F|  |TAMS 0x0000000084200000, 0x0000000084200000| Untracked 
|  67|0x0000000084300000, 0x0000000084300000, 0x0000000084400000|  0%| F|  |TAMS 0x0000000084300000, 0x0000000084300000| Untracked 
|  68|0x0000000084400000, 0x0000000084400000, 0x0000000084500000|  0%| F|  |TAMS 0x0000000084400000, 0x0000000084400000| Untracked 
|  69|0x0000000084500000, 0x0000000084500000, 0x0000000084600000|  0%| F|  |TAMS 0x0000000084500000, 0x0000000084500000| Untracked 
|  70|0x0000000084600000, 0x0000000084600000, 0x0000000084700000|  0%| F|  |TAMS 0x0000000084600000, 0x0000000084600000| Untracked 
|  71|0x0000000084700000, 0x0000000084700000, 0x0000000084800000|  0%| F|  |TAMS 0x0000000084700000, 0x0000000084700000| Untracked 
|  72|0x0000000084800000, 0x0000000084800000, 0x0000000084900000|  0%| F|  |TAMS 0x0000000084800000, 0x0000000084800000| Untracked 
|  73|0x0000000084900000, 0x0000000084a00000, 0x0000000084a00000|100%| E|  |TAMS 0x0000000084900000, 0x0000000084900000| Complete 
|  74|0x0000000084a00000, 0x0000000084b00000, 0x0000000084b00000|100%| E|CS|TAMS 0x0000000084a00000, 0x0000000084a00000| Complete 
|  75|0x0000000084b00000, 0x0000000084c00000, 0x0000000084c00000|100%| E|CS|TAMS 0x0000000084b00000, 0x0000000084b00000| Complete 
|  76|0x0000000084c00000, 0x0000000084d00000, 0x0000000084d00000|100%| E|CS|TAMS 0x0000000084c00000, 0x0000000084c00000| Complete 
|  77|0x0000000084d00000, 0x0000000084e00000, 0x0000000084e00000|100%| E|CS|TAMS 0x0000000084d00000, 0x0000000084d00000| Complete 
|  78|0x0000000084e00000, 0x0000000084f00000, 0x0000000084f00000|100%| E|CS|TAMS 0x0000000084e00000, 0x0000000084e00000| Complete 
|  79|0x0000000084f00000, 0x0000000085000000, 0x0000000085000000|100%| E|CS|TAMS 0x0000000084f00000, 0x0000000084f00000| Complete 
|  80|0x0000000085000000, 0x0000000085100000, 0x0000000085100000|100%| E|CS|TAMS 0x0000000085000000, 0x0000000085000000| Complete 
|  81|0x0000000085100000, 0x0000000085200000, 0x0000000085200000|100%| E|CS|TAMS 0x0000000085100000, 0x0000000085100000| Complete 
|  82|0x0000000085200000, 0x0000000085300000, 0x0000000085300000|100%| E|CS|TAMS 0x0000000085200000, 0x0000000085200000| Complete 
|  83|0x0000000085300000, 0x0000000085400000, 0x0000000085400000|100%| E|CS|TAMS 0x0000000085300000, 0x0000000085300000| Complete 
|  84|0x0000000085400000, 0x0000000085500000, 0x0000000085500000|100%| E|CS|TAMS 0x0000000085400000, 0x0000000085400000| Complete 
|  85|0x0000000085500000, 0x0000000085600000, 0x0000000085600000|100%| E|CS|TAMS 0x0000000085500000, 0x0000000085500000| Complete 
|  86|0x0000000085600000, 0x0000000085700000, 0x0000000085700000|100%| E|CS|TAMS 0x0000000085600000, 0x0000000085600000| Complete 
|  95|0x0000000085f00000, 0x0000000086000000, 0x0000000086000000|100%| E|CS|TAMS 0x0000000085f00000, 0x0000000085f00000| Complete 
|  96|0x0000000086000000, 0x0000000086100000, 0x0000000086100000|100%| E|CS|TAMS 0x0000000086000000, 0x0000000086000000| Complete 
|  97|0x0000000086100000, 0x0000000086200000, 0x0000000086200000|100%| E|CS|TAMS 0x0000000086100000, 0x0000000086100000| Complete 
|  98|0x0000000086200000, 0x0000000086300000, 0x0000000086300000|100%| E|CS|TAMS 0x0000000086200000, 0x0000000086200000| Complete 
|  99|0x0000000086300000, 0x0000000086400000, 0x0000000086400000|100%| E|CS|TAMS 0x0000000086300000, 0x0000000086300000| Complete 
| 123|0x0000000087b00000, 0x0000000087c00000, 0x0000000087c00000|100%| E|CS|TAMS 0x0000000087b00000, 0x0000000087b00000| Complete 

Card table byte_map: [0x000001a5ce630000,0x000001a5cea30000] _byte_map_base: 0x000001a5ce230000

Marking Bits (Prev, Next): (CMBitMap*) 0x000001a5bb90e650, (CMBitMap*) 0x000001a5bb90e610
 Prev Bits: [0x000001a5d0e30000, 0x000001a5d2e30000)
 Next Bits: [0x000001a5cee30000, 0x000001a5d0e30000)

Polling page: 0x000001a5bb010000

Metaspace:

Usage:
  Non-class:     25.74 MB used.
      Class:      3.04 MB used.
       Both:     28.78 MB used.

Virtual space:
  Non-class space:       64.00 MB reserved,      25.88 MB ( 40%) committed,  1 nodes.
      Class space:        1.00 GB reserved,       3.25 MB ( <1%) committed,  1 nodes.
             Both:        1.06 GB reserved,      29.12 MB (  3%) committed. 

Chunk freelists:
   Non-Class:  6.11 MB
       Class:  12.61 MB
        Both:  18.72 MB

MaxMetaspaceSize: unlimited
CompressedClassSpaceSize: 1.00 GB
Initial GC threshold: 21.00 MB
Current GC threshold: 35.12 MB
CDS: off
MetaspaceReclaimPolicy: balanced
 - commit_granule_bytes: 65536.
 - commit_granule_words: 8192.
 - virtual_space_node_default_size: 8388608.
 - enlarge_chunks_in_place: 1.
 - new_chunks_are_fully_committed: 0.
 - uncommit_free_chunks: 1.
 - use_allocation_guard: 0.
 - handle_deallocations: 1.


Internal statistics:

num_allocs_failed_limit: 3.
num_arena_births: 330.
num_arena_deaths: 0.
num_vsnodes_births: 2.
num_vsnodes_deaths: 0.
num_space_committed: 466.
num_space_uncommitted: 0.
num_chunks_returned_to_freelist: 3.
num_chunks_taken_from_freelist: 926.
num_chunk_merges: 3.
num_chunk_splits: 622.
num_chunks_enlarged: 430.
num_inconsistent_stats: 0.

CodeHeap 'non-profiled nmethods': size=120000Kb used=1964Kb max_used=1964Kb free=118035Kb
 bounds [0x000001a5c69d0000, 0x000001a5c6c40000, 0x000001a5cdf00000]
CodeHeap 'profiled nmethods': size=120000Kb used=6345Kb max_used=6345Kb free=113654Kb
 bounds [0x000001a5bef00000, 0x000001a5bf540000, 0x000001a5c6430000]
CodeHeap 'non-nmethods': size=5760Kb used=1558Kb max_used=1638Kb free=4201Kb
 bounds [0x000001a5c6430000, 0x000001a5c66a0000, 0x000001a5c69d0000]
 total_blobs=4011 nmethods=3412 adapters=511
 compilation: enabled
              stopped_count=0, restarted_count=0
 full_count=0

Compilation events (20 events):
Event: 5.739 Thread 0x000001a5d59a33b0 3403       3       java.lang.reflect.Modifier::isVolatile (13 bytes)
Event: 5.739 Thread 0x000001a5d59a33b0 nmethod 3403 0x000001a5bf52ce90 code [0x000001a5bf52d020, 0x000001a5bf52d178]
Event: 5.742 Thread 0x000001a5d59a33b0 3410       3       java.lang.invoke.LambdaFormBuffer::indexOf (33 bytes)
Event: 5.742 Thread 0x000001a5d59a33b0 nmethod 3410 0x000001a5bf52d210 code [0x000001a5bf52d3e0, 0x000001a5bf52d798]
Event: 5.742 Thread 0x000001a5d59a33b0 3413       3       jdk.internal.org.objectweb.asm.ClassWriter::visit (160 bytes)
Event: 5.743 Thread 0x000001a5d59a33b0 nmethod 3413 0x000001a5bf52d890 code [0x000001a5bf52dac0, 0x000001a5bf52e2f8]
Event: 5.743 Thread 0x000001a5d59a33b0 3412       3       jdk.internal.org.objectweb.asm.ClassVisitor::<init> (88 bytes)
Event: 5.744 Thread 0x000001a5d59a33b0 nmethod 3412 0x000001a5bf52e710 code [0x000001a5bf52e960, 0x000001a5bf52f228]
Event: 5.744 Thread 0x000001a5d59a33b0 3414       3       jdk.internal.org.objectweb.asm.SymbolTable::setMajorVersionAndClassName (19 bytes)
Event: 5.744 Thread 0x000001a5d59a33b0 nmethod 3414 0x000001a5bf52f510 code [0x000001a5bf52f6c0, 0x000001a5bf52f8c8]
Event: 5.747 Thread 0x000001a5d59a33b0 3415       3       java.lang.invoke.Invokers::checkExactType (17 bytes)
Event: 5.747 Thread 0x000001a5d59a33b0 nmethod 3415 0x000001a5bf52fa10 code [0x000001a5bf52fbc0, 0x000001a5bf52fdc8]
Event: 5.752 Thread 0x000001a5d59a33b0 3416       1       java.util.concurrent.CopyOnWriteArrayList::setArray (6 bytes)
Event: 5.752 Thread 0x000001a5d59a33b0 nmethod 3416 0x000001a5c6bbad90 code [0x000001a5c6bbaf20, 0x000001a5c6bbb038]
Event: 5.753 Thread 0x000001a5d59a33b0 3417       3       java.lang.invoke.BoundMethodHandle::rebind (14 bytes)
Event: 5.753 Thread 0x000001a5d59a33b0 nmethod 3417 0x000001a5bf52ff10 code [0x000001a5bf530100, 0x000001a5bf530668]
Event: 5.753 Thread 0x000001a5d59a33b0 3418       3       java.lang.invoke.BoundMethodHandle::tooComplex (27 bytes)
Event: 5.754 Thread 0x000001a5d59a33b0 nmethod 3418 0x000001a5bf530890 code [0x000001a5bf530a60, 0x000001a5bf530eb8]
Event: 5.754 Thread 0x000001a5d59a33b0 3419       3       java.lang.invoke.BoundMethodHandle::editor (8 bytes)
Event: 5.754 Thread 0x000001a5d59a33b0 nmethod 3419 0x000001a5bf531090 code [0x000001a5bf531260, 0x000001a5bf5315e8]

GC Heap History (12 events):
Event: 1.280 GC heap before
{Heap before GC invocations=0 (full 0):
 garbage-first heap   total 126976K, used 26624K [0x0000000080000000, 0x0000000100000000)
  region size 1024K, 23 young (23552K), 0 survivors (0K)
 Metaspace       used 6797K, committed 6976K, reserved 1114112K
  class space    used 526K, committed 640K, reserved 1048576K
}
Event: 1.289 GC heap after
{Heap after GC invocations=1 (full 0):
 garbage-first heap   total 126976K, used 14608K [0x0000000080000000, 0x0000000100000000)
  region size 1024K, 3 young (3072K), 3 survivors (3072K)
 Metaspace       used 6797K, committed 6976K, reserved 1114112K
  class space    used 526K, committed 640K, reserved 1048576K
}
Event: 2.010 GC heap before
{Heap before GC invocations=1 (full 0):
 garbage-first heap   total 126976K, used 36112K [0x0000000080000000, 0x0000000100000000)
  region size 1024K, 25 young (25600K), 3 survivors (3072K)
 Metaspace       used 11475K, committed 11648K, reserved 1114112K
  class space    used 986K, committed 1024K, reserved 1048576K
}
Event: 2.017 GC heap after
{Heap after GC invocations=2 (full 0):
 garbage-first heap   total 126976K, used 16479K [0x0000000080000000, 0x0000000100000000)
  region size 1024K, 3 young (3072K), 3 survivors (3072K)
 Metaspace       used 11475K, committed 11648K, reserved 1114112K
  class space    used 986K, committed 1024K, reserved 1048576K
}
Event: 3.131 GC heap before
{Heap before GC invocations=2 (full 0):
 garbage-first heap   total 126976K, used 61535K [0x0000000080000000, 0x0000000100000000)
  region size 1024K, 46 young (47104K), 3 survivors (3072K)
 Metaspace       used 17905K, committed 18112K, reserved 1114112K
  class space    used 1682K, committed 1792K, reserved 1048576K
}
Event: 3.143 GC heap after
{Heap after GC invocations=3 (full 0):
 garbage-first heap   total 126976K, used 22396K [0x0000000080000000, 0x0000000100000000)
  region size 1024K, 6 young (6144K), 6 survivors (6144K)
 Metaspace       used 17905K, committed 18112K, reserved 1114112K
  class space    used 1682K, committed 1792K, reserved 1048576K
}
Event: 3.700 GC heap before
{Heap before GC invocations=3 (full 0):
 garbage-first heap   total 126976K, used 45948K [0x0000000080000000, 0x0000000100000000)
  region size 1024K, 30 young (30720K), 6 survivors (6144K)
 Metaspace       used 21350K, committed 21504K, reserved 1114112K
  class space    used 2235K, committed 2304K, reserved 1048576K
}
Event: 3.710 GC heap after
{Heap after GC invocations=4 (full 0):
 garbage-first heap   total 126976K, used 21534K [0x0000000080000000, 0x0000000100000000)
  region size 1024K, 5 young (5120K), 5 survivors (5120K)
 Metaspace       used 21350K, committed 21504K, reserved 1114112K
  class space    used 2235K, committed 2304K, reserved 1048576K
}
Event: 4.046 GC heap before
{Heap before GC invocations=5 (full 0):
 garbage-first heap   total 78848K, used 62494K [0x0000000080000000, 0x0000000100000000)
  region size 1024K, 46 young (47104K), 5 survivors (5120K)
 Metaspace       used 22128K, committed 22400K, reserved 1114112K
  class space    used 2313K, committed 2432K, reserved 1048576K
}
Event: 4.058 GC heap after
{Heap after GC invocations=6 (full 0):
 garbage-first heap   total 78848K, used 22716K [0x0000000080000000, 0x0000000100000000)
  region size 1024K, 3 young (3072K), 3 survivors (3072K)
 Metaspace       used 22128K, committed 22400K, reserved 1114112K
  class space    used 2313K, committed 2432K, reserved 1048576K
}
Event: 5.077 GC heap before
{Heap before GC invocations=6 (full 0):
 garbage-first heap   total 78848K, used 55484K [0x0000000080000000, 0x0000000100000000)
  region size 1024K, 35 young (35840K), 3 survivors (3072K)
 Metaspace       used 24851K, committed 25216K, reserved 1114112K
  class space    used 2602K, committed 2752K, reserved 1048576K
}
Event: 5.087 GC heap after
{Heap after GC invocations=7 (full 0):
 garbage-first heap   total 95232K, used 24585K [0x0000000080000000, 0x0000000100000000)
  region size 1024K, 5 young (5120K), 5 survivors (5120K)
 Metaspace       used 24851K, committed 25216K, reserved 1114112K
  class space    used 2602K, committed 2752K, reserved 1048576K
}

Dll operation events (6 events):
Event: 0.062 Loaded shared library C:\Users\ho.hendy\.katalon\packages\Katalon_Studio_Windows_64-9.3.1\Katalon_Studio_Windows_64-9.3.1\jre\bin\java.dll
Event: 0.575 Loaded shared library C:\Users\ho.hendy\.katalon\packages\Katalon_Studio_Windows_64-9.3.1\Katalon_Studio_Windows_64-9.3.1\jre\bin\net.dll
Event: 0.586 Loaded shared library C:\Users\ho.hendy\.katalon\packages\Katalon_Studio_Windows_64-9.3.1\Katalon_Studio_Windows_64-9.3.1\jre\bin\nio.dll
Event: 0.604 Loaded shared library C:\Users\ho.hendy\.katalon\packages\Katalon_Studio_Windows_64-9.3.1\Katalon_Studio_Windows_64-9.3.1\jre\bin\zip.dll
Event: 1.389 Loaded shared library C:\Users\ho.hendy\.katalon\packages\Katalon_Studio_Windows_64-9.3.1\Katalon_Studio_Windows_64-9.3.1\jre\bin\verify.dll
Event: 1.682 Loaded shared library C:\Users\ho.hendy\.katalon\packages\Katalon_Studio_Windows_64-9.3.1\Katalon_Studio_Windows_64-9.3.1\jre\bin\jimage.dll

Deoptimization events (20 events):
Event: 5.644 Thread 0x000001a5bb8d30b0 Uncommon trap: trap_request=0xffffff66 fr.pc=0x000001a5c6a08094 relative=0x0000000000000694
Event: 5.644 Thread 0x000001a5bb8d30b0 Uncommon trap: reason=speculate_class_check action=maybe_recompile pc=0x000001a5c6a08094 method=java.net.URLStreamHandler.equals(Ljava/net/URL;Ljava/net/URL;)Z @ 17 c2
Event: 5.644 Thread 0x000001a5bb8d30b0 DEOPT PACKING pc=0x000001a5c6a08094 sp=0x000000552cbfbc60
Event: 5.644 Thread 0x000001a5bb8d30b0 DEOPT UNPACKING pc=0x000001a5c648a1a3 sp=0x000000552cbfbba8 mode 2
Event: 5.644 Thread 0x000001a5bb8d30b0 Uncommon trap: trap_request=0xffffff66 fr.pc=0x000001a5c6a08094 relative=0x0000000000000694
Event: 5.644 Thread 0x000001a5bb8d30b0 Uncommon trap: reason=speculate_class_check action=maybe_recompile pc=0x000001a5c6a08094 method=java.net.URLStreamHandler.equals(Ljava/net/URL;Ljava/net/URL;)Z @ 17 c2
Event: 5.644 Thread 0x000001a5bb8d30b0 DEOPT PACKING pc=0x000001a5c6a08094 sp=0x000000552cbfbc60
Event: 5.644 Thread 0x000001a5bb8d30b0 DEOPT UNPACKING pc=0x000001a5c648a1a3 sp=0x000000552cbfbba8 mode 2
Event: 5.644 Thread 0x000001a5bb8d30b0 Uncommon trap: trap_request=0xffffff66 fr.pc=0x000001a5c6a08094 relative=0x0000000000000694
Event: 5.644 Thread 0x000001a5bb8d30b0 Uncommon trap: reason=speculate_class_check action=maybe_recompile pc=0x000001a5c6a08094 method=java.net.URLStreamHandler.equals(Ljava/net/URL;Ljava/net/URL;)Z @ 17 c2
Event: 5.644 Thread 0x000001a5bb8d30b0 DEOPT PACKING pc=0x000001a5c6a08094 sp=0x000000552cbfbc60
Event: 5.644 Thread 0x000001a5bb8d30b0 DEOPT UNPACKING pc=0x000001a5c648a1a3 sp=0x000000552cbfbba8 mode 2
Event: 5.646 Thread 0x000001a5bb8d30b0 Uncommon trap: trap_request=0xfffffff4 fr.pc=0x000001a5c6a5815c relative=0x00000000000020bc
Event: 5.646 Thread 0x000001a5bb8d30b0 Uncommon trap: reason=null_check action=make_not_entrant pc=0x000001a5c6a5815c method=java.net.URL.getURLStreamHandler(Ljava/lang/String;)Ljava/net/URLStreamHandler; @ 7 c2
Event: 5.646 Thread 0x000001a5bb8d30b0 DEOPT PACKING pc=0x000001a5c6a5815c sp=0x000000552cbfce90
Event: 5.646 Thread 0x000001a5bb8d30b0 DEOPT UNPACKING pc=0x000001a5c648a1a3 sp=0x000000552cbfcdb8 mode 2
Event: 5.649 Thread 0x000001a5bb8d30b0 Uncommon trap: trap_request=0xffffff45 fr.pc=0x000001a5c6a91d68 relative=0x00000000000000c8
Event: 5.649 Thread 0x000001a5bb8d30b0 Uncommon trap: reason=unstable_if action=reinterpret pc=0x000001a5c6a91d68 method=sun.net.www.ParseUtil.match(CJJ)Z @ 39 c2
Event: 5.649 Thread 0x000001a5bb8d30b0 DEOPT PACKING pc=0x000001a5c6a91d68 sp=0x000000552cbfcae0
Event: 5.649 Thread 0x000001a5bb8d30b0 DEOPT UNPACKING pc=0x000001a5c648a1a3 sp=0x000000552cbfc9f8 mode 2

Classes unloaded (0 events):
No events

Classes redefined (0 events):
No events

Internal exceptions (20 events):
Event: 5.660 Thread 0x000001a5bb8d30b0 Exception <a 'java/lang/ClassNotFoundException'{0x0000000084d23e78}: sun/net/www/protocol/c/Handler> (0x0000000084d23e78) 
thrown [s\src\hotspot\share\classfile\systemDictionary.cpp, line 256]
Event: 5.660 Thread 0x000001a5bb8d30b0 Exception <a 'java/lang/ClassNotFoundException'{0x0000000084d28dc8}: sun/net/www/protocol/c/Handler> (0x0000000084d28dc8) 
thrown [s\src\hotspot\share\classfile\systemDictionary.cpp, line 256]
Event: 5.661 Thread 0x000001a5bb8d30b0 Exception <a 'java/lang/ClassNotFoundException'{0x0000000084d2dd30}: sun/net/www/protocol/c/Handler> (0x0000000084d2dd30) 
thrown [s\src\hotspot\share\classfile\systemDictionary.cpp, line 256]
Event: 5.661 Thread 0x000001a5bb8d30b0 Exception <a 'java/lang/ClassNotFoundException'{0x0000000084d32c68}: sun/net/www/protocol/c/Handler> (0x0000000084d32c68) 
thrown [s\src\hotspot\share\classfile\systemDictionary.cpp, line 256]
Event: 5.661 Thread 0x000001a5bb8d30b0 Exception <a 'java/lang/ClassNotFoundException'{0x0000000084d37b90}: sun/net/www/protocol/c/Handler> (0x0000000084d37b90) 
thrown [s\src\hotspot\share\classfile\systemDictionary.cpp, line 256]
Event: 5.662 Thread 0x000001a5bb8d30b0 Exception <a 'java/lang/ClassNotFoundException'{0x0000000084d3cad0}: sun/net/www/protocol/c/Handler> (0x0000000084d3cad0) 
thrown [s\src\hotspot\share\classfile\systemDictionary.cpp, line 256]
Event: 5.663 Thread 0x000001a5bb8d30b0 Exception <a 'java/lang/ClassNotFoundException'{0x0000000084d41a58}: sun/net/www/protocol/c/Handler> (0x0000000084d41a58) 
thrown [s\src\hotspot\share\classfile\systemDictionary.cpp, line 256]
Event: 5.666 Thread 0x000001a5bb8d30b0 Exception <a 'java/lang/ClassNotFoundException'{0x0000000084d571a0}: sun/net/www/protocol/c/Handler> (0x0000000084d571a0) 
thrown [s\src\hotspot\share\classfile\systemDictionary.cpp, line 256]
Event: 5.666 Thread 0x000001a5bb8d30b0 Exception <a 'java/lang/ClassNotFoundException'{0x0000000084d5c0f0}: sun/net/www/protocol/c/Handler> (0x0000000084d5c0f0) 
thrown [s\src\hotspot\share\classfile\systemDictionary.cpp, line 256]
Event: 5.667 Thread 0x000001a5bb8d30b0 Exception <a 'java/lang/ClassNotFoundException'{0x0000000084d61028}: sun/net/www/protocol/c/Handler> (0x0000000084d61028) 
thrown [s\src\hotspot\share\classfile\systemDictionary.cpp, line 256]
Event: 5.668 Thread 0x000001a5bb8d30b0 Exception <a 'java/lang/ClassNotFoundException'{0x0000000084d65f68}: sun/net/www/protocol/c/Handler> (0x0000000084d65f68) 
thrown [s\src\hotspot\share\classfile\systemDictionary.cpp, line 256]
Event: 5.668 Thread 0x000001a5bb8d30b0 Exception <a 'java/lang/ClassNotFoundException'{0x0000000084d6ae80}: sun/net/www/protocol/c/Handler> (0x0000000084d6ae80) 
thrown [s\src\hotspot\share\classfile\systemDictionary.cpp, line 256]
Event: 5.669 Thread 0x000001a5bb8d30b0 Exception <a 'java/lang/ClassNotFoundException'{0x0000000084d70ee0}: sun/net/www/protocol/c/Handler> (0x0000000084d70ee0) 
thrown [s\src\hotspot\share\classfile\systemDictionary.cpp, line 256]
Event: 5.669 Thread 0x000001a5bb8d30b0 Exception <a 'java/lang/ClassNotFoundException'{0x0000000084d75e20}: sun/net/www/protocol/c/Handler> (0x0000000084d75e20) 
thrown [s\src\hotspot\share\classfile\systemDictionary.cpp, line 256]
Event: 5.669 Thread 0x000001a5bb8d30b0 Exception <a 'java/lang/ClassNotFoundException'{0x0000000084d7ad70}: sun/net/www/protocol/c/Handler> (0x0000000084d7ad70) 
thrown [s\src\hotspot\share\classfile\systemDictionary.cpp, line 256]
Event: 5.670 Thread 0x000001a5bb8d30b0 Exception <a 'java/lang/ClassNotFoundException'{0x0000000084d7fcd8}: sun/net/www/protocol/c/Handler> (0x0000000084d7fcd8) 
thrown [s\src\hotspot\share\classfile\systemDictionary.cpp, line 256]
Event: 5.670 Thread 0x000001a5bb8d30b0 Exception <a 'java/lang/ClassNotFoundException'{0x0000000084d84f50}: sun/net/www/protocol/c/Handler> (0x0000000084d84f50) 
thrown [s\src\hotspot\share\classfile\systemDictionary.cpp, line 256]
Event: 5.671 Thread 0x000001a5bb8d30b0 Exception <a 'java/lang/ClassNotFoundException'{0x0000000084d89e78}: sun/net/www/protocol/c/Handler> (0x0000000084d89e78) 
thrown [s\src\hotspot\share\classfile\systemDictionary.cpp, line 256]
Event: 5.671 Thread 0x000001a5bb8d30b0 Exception <a 'java/lang/ClassNotFoundException'{0x0000000084d8edb8}: sun/net/www/protocol/c/Handler> (0x0000000084d8edb8) 
thrown [s\src\hotspot\share\classfile\systemDictionary.cpp, line 256]
Event: 5.671 Thread 0x000001a5bb8d30b0 Exception <a 'java/lang/ClassNotFoundException'{0x0000000084d93d40}: sun/net/www/protocol/c/Handler> (0x0000000084d93d40) 
thrown [s\src\hotspot\share\classfile\systemDictionary.cpp, line 256]

VM Operations (20 events):
Event: 4.645 Executing VM operation: ICBufferFull
Event: 4.646 Executing VM operation: ICBufferFull done
Event: 4.660 Executing VM operation: HandshakeAllThreads
Event: 4.660 Executing VM operation: HandshakeAllThreads done
Event: 4.848 Executing VM operation: HandshakeAllThreads
Event: 4.848 Executing VM operation: HandshakeAllThreads done
Event: 5.077 Executing VM operation: G1CollectForAllocation
Event: 5.087 Executing VM operation: G1CollectForAllocation done
Event: 5.145 Executing VM operation: HandshakeAllThreads
Event: 5.145 Executing VM operation: HandshakeAllThreads done
Event: 5.159 Executing VM operation: HandshakeAllThreads
Event: 5.159 Executing VM operation: HandshakeAllThreads done
Event: 5.211 Executing VM operation: HandshakeAllThreads
Event: 5.211 Executing VM operation: HandshakeAllThreads done
Event: 5.356 Executing VM operation: HandshakeAllThreads
Event: 5.356 Executing VM operation: HandshakeAllThreads done
Event: 5.511 Executing VM operation: HandshakeAllThreads
Event: 5.511 Executing VM operation: HandshakeAllThreads done
Event: 5.648 Executing VM operation: HandshakeAllThreads
Event: 5.648 Executing VM operation: HandshakeAllThreads done

Events (20 events):
Event: 5.767 loading class jdk/xml/internal/JdkXmlUtils done
Event: 5.767 loading class javax/xml/catalog/CatalogFeatures$Feature
Event: 5.767 loading class javax/xml/catalog/CatalogFeatures$Feature done
Event: 5.767 loading class jdk/xml/internal/JdkConstants
Event: 5.768 loading class jdk/xml/internal/JdkConstants done
Event: 5.768 loading class com/sun/org/apache/xerces/internal/util/SymbolTable
Event: 5.768 loading class com/sun/org/apache/xerces/internal/util/SymbolTable done
Event: 5.768 loading class com/sun/org/apache/xerces/internal/util/SymbolTable$Entry
Event: 5.768 loading class com/sun/org/apache/xerces/internal/util/SymbolTable$Entry done
Event: 5.768 loading class com/sun/org/apache/xerces/internal/impl/XMLEntityManager
Event: 5.769 loading class com/sun/org/apache/xerces/internal/xni/parser/XMLComponent
Event: 5.770 loading class com/sun/org/apache/xerces/internal/xni/parser/XMLComponent done
Event: 5.770 loading class com/sun/org/apache/xerces/internal/xni/parser/XMLEntityResolver
Event: 5.770 loading class com/sun/org/apache/xerces/internal/xni/parser/XMLEntityResolver done
Event: 5.770 loading class com/sun/org/apache/xerces/internal/impl/XMLEntityManager done
Event: 5.770 loading class com/sun/org/apache/xerces/internal/util/XMLResourceIdentifierImpl
Event: 5.771 loading class com/sun/org/apache/xerces/internal/xni/XMLResourceIdentifier
Event: 5.771 loading class com/sun/org/apache/xerces/internal/xni/XMLResourceIdentifier done
Event: 5.771 loading class com/sun/org/apache/xerces/internal/util/XMLResourceIdentifierImpl done
Event: 5.771 loading class com/sun/org/apache/xerces/internal/util/AugmentationsImpl


Dynamic libraries:
0x00007ff631ef0000 - 0x00007ff631efe000 	C:\Users\ho.hendy\.katalon\packages\Katalon_Studio_Windows_64-9.3.1\Katalon_Studio_Windows_64-9.3.1\jre\bin\javaw.exe
0x00007fff28510000 - 0x00007fff28708000 	C:\Windows\SYSTEM32\ntdll.dll
0x00007fff26640000 - 0x00007fff266fd000 	C:\Windows\System32\KERNEL32.DLL
0x00007fff25c40000 - 0x00007fff25f36000 	C:\Windows\System32\KERNELBASE.dll
0x00007fff26060000 - 0x00007fff26160000 	C:\Windows\System32\ucrtbase.dll
0x00007fff024a0000 - 0x00007fff024b9000 	C:\Users\ho.hendy\.katalon\packages\Katalon_Studio_Windows_64-9.3.1\Katalon_Studio_Windows_64-9.3.1\jre\bin\VCRUNTIME140.dll
0x00007ffefafc0000 - 0x00007ffefafd7000 	C:\Users\ho.hendy\.katalon\packages\Katalon_Studio_Windows_64-9.3.1\Katalon_Studio_Windows_64-9.3.1\jre\bin\jli.dll
0x00007fff26700000 - 0x00007fff2689f000 	C:\Windows\System32\USER32.dll
0x00007fff25c10000 - 0x00007fff25c32000 	C:\Windows\System32\win32u.dll
0x00007fff26540000 - 0x00007fff2656b000 	C:\Windows\System32\GDI32.dll
0x00007fff25f40000 - 0x00007fff26057000 	C:\Windows\System32\gdi32full.dll
0x00007fff0bde0000 - 0x00007fff0c07a000 	C:\Windows\WinSxS\amd64_microsoft.windows.common-controls_6595b64144ccf1df_6.0.19041.4355_none_60b8b9eb71f62e16\COMCTL32.dll
0x00007fff26160000 - 0x00007fff261fd000 	C:\Windows\System32\msvcp_win.dll
0x00007fff26f20000 - 0x00007fff26fbe000 	C:\Windows\System32\msvcrt.dll
0x00007fff27de0000 - 0x00007fff27e12000 	C:\Windows\System32\IMM32.DLL
0x00007fff15eb0000 - 0x00007fff160b2000 	C:\Windows\system32\tmumh\20019\AddOn\8.55.0.1288\TmUmEvt64.dll
0x00007fff281e0000 - 0x00007fff281e8000 	C:\Windows\System32\PSAPI.DLL
0x00007fff26fc0000 - 0x00007fff27070000 	C:\Windows\System32\ADVAPI32.dll
0x00007fff27cb0000 - 0x00007fff27d50000 	C:\Windows\System32\sechost.dll
0x00007fff27200000 - 0x00007fff27323000 	C:\Windows\System32\RPCRT4.dll
0x00007fff263d0000 - 0x00007fff263f7000 	C:\Windows\System32\bcrypt.dll
0x000000005a5b0000 - 0x000000005a747000 	C:\Windows\system32\tmumh\20019\TmMon\2.9.0.1084\tmmon64.dll
0x00007ffefd720000 - 0x00007ffefda5e000 	C:\Windows\System32\TmLWE\TmUmSnsr64\1.0.0.1132\TmUmSnsr64.dll
0x00007fff23fd0000 - 0x00007fff23fe2000 	C:\Windows\SYSTEM32\kernel.appcore.dll
0x00007fff1c980000 - 0x00007fff1c98c000 	C:\Users\ho.hendy\.katalon\packages\Katalon_Studio_Windows_64-9.3.1\Katalon_Studio_Windows_64-9.3.1\jre\bin\vcruntime140_1.dll
0x00007ffeed9a0000 - 0x00007ffeeda31000 	C:\Users\ho.hendy\.katalon\packages\Katalon_Studio_Windows_64-9.3.1\Katalon_Studio_Windows_64-9.3.1\jre\bin\msvcp140.dll
0x00007ffebd4c0000 - 0x00007ffebe108000 	C:\Users\ho.hendy\.katalon\packages\Katalon_Studio_Windows_64-9.3.1\Katalon_Studio_Windows_64-9.3.1\jre\bin\server\jvm.dll
0x00007ffefde90000 - 0x00007ffefde99000 	C:\Windows\SYSTEM32\WSOCK32.dll
0x00007fff27190000 - 0x00007fff271fb000 	C:\Windows\System32\WS2_32.dll
0x00007fff160f0000 - 0x00007fff16117000 	C:\Windows\SYSTEM32\WINMM.dll
0x00007fff234d0000 - 0x00007fff234da000 	C:\Windows\SYSTEM32\VERSION.dll
0x00007fff25190000 - 0x00007fff2519a000 	C:\Users\ho.hendy\.katalon\packages\Katalon_Studio_Windows_64-9.3.1\Katalon_Studio_Windows_64-9.3.1\jre\bin\jimage.dll
0x00007fff25540000 - 0x00007fff25724000 	C:\Windows\SYSTEM32\DBGHELP.DLL
0x00007fff0bda0000 - 0x00007fff0bdd4000 	C:\Windows\SYSTEM32\dbgcore.DLL
0x00007fff264b0000 - 0x00007fff26532000 	C:\Windows\System32\bcryptPrimitives.dll
0x00007fff1c490000 - 0x00007fff1c4b5000 	C:\Users\ho.hendy\.katalon\packages\Katalon_Studio_Windows_64-9.3.1\Katalon_Studio_Windows_64-9.3.1\jre\bin\java.dll
0x00007fff1b460000 - 0x00007fff1b478000 	C:\Users\ho.hendy\.katalon\packages\Katalon_Studio_Windows_64-9.3.1\Katalon_Studio_Windows_64-9.3.1\jre\bin\zip.dll
0x00007fff27330000 - 0x00007fff27a9b000 	C:\Windows\System32\SHELL32.dll
0x00007fff22c40000 - 0x00007fff233dd000 	C:\Windows\SYSTEM32\windows.storage.dll
0x00007fff27e80000 - 0x00007fff281d3000 	C:\Windows\System32\combase.dll
0x00007fff24ee0000 - 0x00007fff24f0e000 	C:\Windows\SYSTEM32\Wldp.dll
0x000001a5d5de0000 - 0x000001a5d5ead000 	C:\Windows\System32\OLEAUT32.dll
0x00007fff26e50000 - 0x00007fff26efd000 	C:\Windows\System32\SHCORE.dll
0x00007fff27130000 - 0x00007fff27185000 	C:\Windows\System32\shlwapi.dll
0x00007fff25af0000 - 0x00007fff25b14000 	C:\Windows\SYSTEM32\profapi.dll
0x00007fff1b370000 - 0x00007fff1b389000 	C:\Users\ho.hendy\.katalon\packages\Katalon_Studio_Windows_64-9.3.1\Katalon_Studio_Windows_64-9.3.1\jre\bin\net.dll
0x00007fff1ee50000 - 0x00007fff1ef5a000 	C:\Windows\SYSTEM32\WINHTTP.dll
0x00007fff24bf0000 - 0x00007fff24c5a000 	C:\Windows\system32\mswsock.dll
0x00007fff0c120000 - 0x00007fff0c135000 	C:\Users\ho.hendy\.katalon\packages\Katalon_Studio_Windows_64-9.3.1\Katalon_Studio_Windows_64-9.3.1\jre\bin\nio.dll
0x00007fff25170000 - 0x00007fff25180000 	C:\Users\ho.hendy\.katalon\packages\Katalon_Studio_Windows_64-9.3.1\Katalon_Studio_Windows_64-9.3.1\jre\bin\verify.dll

dbghelp: loaded successfully - version: 4.0.5 - missing functions: none
symbol engine: initialized successfully - sym options: 0x614 - pdb path: .;C:\Users\ho.hendy\.katalon\packages\Katalon_Studio_Windows_64-9.3.1\Katalon_Studio_Windows_64-9.3.1\jre\bin;C:\Windows\SYSTEM32;C:\Windows\WinSxS\amd64_microsoft.windows.common-controls_6595b64144ccf1df_6.0.19041.4355_none_60b8b9eb71f62e16;C:\Windows\system32\tmumh\20019\AddOn\8.55.0.1288;C:\Windows\system32\tmumh\20019\TmMon\2.9.0.1084;C:\Windows\System32\TmLWE\TmUmSnsr64\1.0.0.1132;C:\Users\ho.hendy\.katalon\packages\Katalon_Studio_Windows_64-9.3.1\Katalon_Studio_Windows_64-9.3.1\jre\bin\server

VM Arguments:
jvm_args: -Dgroovy.home=C:\Users\ho.hendy/.groovy -Djava.system.class.loader=groovy.lang.GroovyClassLoader -Xmx2048m -Dfile.encoding=UTF-8 -XX:+ShowCodeDetailsInExceptionMessages 
java_command: org.codehaus.groovy.tools.GroovyStarter --classpath C:\Users\ho.hendy\Katalon Studio\JM ORDER 3 (Marketing Officer)\bin\keyword;C:\Users\ho.hendy\Katalon Studio\JM ORDER 3 (Marketing Officer)\Keywords;C:\Users\ho.hendy\Katalon Studio\JM ORDER 3 (Marketing Officer)\bin\listener;C:\Users\ho.hendy\Katalon Studio\JM ORDER 3 (Marketing Officer)\Test Listeners;C:\Users\ho.hendy\Katalon Studio\JM ORDER 3 (Marketing Officer)\bin\lib;C:\Users\ho.hendy\Katalon Studio\JM ORDER 3 (Marketing Officer)\Libs;C:\Users\ho.hendy\Katalon Studio\JM ORDER 3 (Marketing Officer)\bin\groovy;C:\Users\ho.hendy\Katalon Studio\JM ORDER 3 (Marketing Officer)\Include\scripts\groovy;C:\Users\ho.hendy\.katalon\packages\Katalon_Studio_Windows_64-9.3.1\Katalon_Studio_Windows_64-9.3.1\plugins\com.kms.katalon.core_1.0.0.202402280646.jar;C:\Users\ho.hendy\.katalon\packages\Katalon_Studio_Windows_64-9.3.1\Katalon_Studio_Windows_64-9.3.1\configuration\resources\lib\aalto-xml-1.0.0.jar;C:\Users\ho.hendy\.katalon\packages\Katalon_Studio_Windows_64-9.3.1\Katalon_Studio_Windows_64-9.3.1\configuration\resources\lib\aspectjweaver-1.9.1.jar;C:\Users\ho.hendy\.katalon\packages\Katalon_Studio_Windows_64-9.3.1\Katalon_Studio_Windows_64-9.3.1\configuration\resources\lib\bcpkix-jdk15on-1.64.jar;C:\Users\ho.hendy\.katalon\packages\Katalon_Studio_Windows_64-9.3.1\Katalon_Studio_Windows_64-9.3.1\configuration\resources\lib\bcprov-jdk15on-1.64.jar;C:\Users\ho.hendy\.katalon\packages\Katalon_Studio_Windows_64-9.3.1\Katalon_Studio_Windows_64-9.3.1\configuration\resources\lib\browsermob-core-2.1.5.jar;C:\Users\ho.hendy\.katalon\packages\Katalon_Studio_Windows_64-9.3.1\Katalon_Studio_Windows_64-9.3.1\configuration\resources\lib\cglib-3.2.10.jar;C:\Users\ho.hendy\.katalon\packages\Katalon_Studio_Windows_64-9.3.1\Katalon_Studio_Windows_64-9.3.1\configuration\resources\lib\commons-codec-1.10.jar;C:\Users\ho.hendy\.katalon\packages\Katalon_Studio_Windows_64-9.3.1\Katalon_Studio_Windows_64-9.3.1\configuration\reso
java_class_path (initial): C:\Users\ho.hendy\Katalon Studio\JM ORDER 3 (Marketing Officer)\bin\keyword;C:\Users\ho.hendy\Katalon Studio\JM ORDER 3 (Marketing Officer)\bin\listener;C:\Users\ho.hendy\Katalon Studio\JM ORDER 3 (Marketing Officer)\bin\lib;C:\Users\ho.hendy\Katalon Studio\JM ORDER 3 (Marketing Officer)\bin\groovy;C:\Users\ho.hendy\Katalon Studio\JM ORDER 3 (Marketing Officer)\bin;C:\Users\ho.hendy\.katalon\packages\Katalon_Studio_Windows_64-9.3.1\Katalon_Studio_Windows_64-9.3.1\plugins\com.kms.katalon.core_1.0.0.202402280646.jar;C:\Users\ho.hendy\.katalon\packages\Katalon_Studio_Windows_64-9.3.1\Katalon_Studio_Windows_64-9.3.1\configuration\resources\lib\aalto-xml-1.0.0.jar;C:\Users\ho.hendy\.katalon\packages\Katalon_Studio_Windows_64-9.3.1\Katalon_Studio_Windows_64-9.3.1\configuration\resources\lib\aspectjweaver-1.9.1.jar;C:\Users\ho.hendy\.katalon\packages\Katalon_Studio_Windows_64-9.3.1\Katalon_Studio_Windows_64-9.3.1\configuration\resources\lib\bcpkix-jdk15on-1.64.jar;C:\Users\ho.hendy\.katalon\packages\Katalon_Studio_Windows_64-9.3.1\Katalon_Studio_Windows_64-9.3.1\configuration\resources\lib\bcprov-jdk15on-1.64.jar;C:\Users\ho.hendy\.katalon\packages\Katalon_Studio_Windows_64-9.3.1\Katalon_Studio_Windows_64-9.3.1\configuration\resources\lib\browsermob-core-2.1.5.jar;C:\Users\ho.hendy\.katalon\packages\Katalon_Studio_Windows_64-9.3.1\Katalon_Studio_Windows_64-9.3.1\configuration\resources\lib\cglib-3.2.10.jar;C:\Users\ho.hendy\.katalon\packages\Katalon_Studio_Windows_64-9.3.1\Katalon_Studio_Windows_64-9.3.1\configuration\resources\lib\commons-codec-1.10.jar;C:\Users\ho.hendy\.katalon\packages\Katalon_Studio_Windows_64-9.3.1\Katalon_Studio_Windows_64-9.3.1\configuration\resources\lib\commons-collections4-4.1.jar;C:\Users\ho.hendy\.katalon\packages\Katalon_Studio_Windows_64-9.3.1\Katalon_Studio_Windows_64-9.3.1\configuration\resources\lib\commons-validator-1.6.jar;C:\Users\ho.hendy\.katalon\packages\Katalon_Studio_Windows_64-9.3.1\Katalon_Studio_Win
Launcher Type: SUN_STANDARD

[Global flags]
     intx CICompilerCount                          = 4                                         {product} {ergonomic}
     uint ConcGCThreads                            = 2                                         {product} {ergonomic}
     uint G1ConcRefinementThreads                  = 8                                         {product} {ergonomic}
   size_t G1HeapRegionSize                         = 1048576                                   {product} {ergonomic}
    uintx GCDrainStackTargetSize                   = 64                                        {product} {ergonomic}
   size_t InitialHeapSize                          = 130023424                                 {product} {ergonomic}
   size_t MarkStackSize                            = 4194304                                   {product} {ergonomic}
   size_t MaxHeapSize                              = 2147483648                                {product} {command line}
   size_t MaxNewSize                               = 1287651328                                {product} {ergonomic}
   size_t MinHeapDeltaBytes                        = 1048576                                   {product} {ergonomic}
   size_t MinHeapSize                              = 8388608                                   {product} {ergonomic}
    uintx NonNMethodCodeHeapSize                   = 5839372                                {pd product} {ergonomic}
    uintx NonProfiledCodeHeapSize                  = 122909434                              {pd product} {ergonomic}
    uintx ProfiledCodeHeapSize                     = 122909434                              {pd product} {ergonomic}
    uintx ReservedCodeCacheSize                    = 251658240                              {pd product} {ergonomic}
     bool SegmentedCodeCache                       = true                                      {product} {ergonomic}
     bool ShowCodeDetailsInExceptionMessages       = true                                   {manageable} {command line}
   size_t SoftMaxHeapSize                          = 2147483648                             {manageable} {ergonomic}
     bool UseCompressedClassPointers               = true                           {product lp64_product} {ergonomic}
     bool UseCompressedOops                        = true                           {product lp64_product} {ergonomic}
     bool UseG1GC                                  = true                                      {product} {ergonomic}
     bool UseLargePagesIndividualAllocation        = false                                  {pd product} {ergonomic}

Logging:
Log output configuration:
 #0: stdout all=warning uptime,level,tags
 #1: stderr all=off uptime,level,tags

Environment Variables:
JAVA_HOME=C:\Users\ho.hendy\.katalon\packages\Katalon_Studio_Windows_64-9.3.1\Katalon_Studio_Windows_64-9.3.1\jre
PATH=C:/Users/ho.hendy/.katalon/packages/Katalon_Studio_Windows_64-9.3.1/Katalon_Studio_Windows_64-9.3.1/jre/bin/server;C:/Users/ho.hendy/.katalon/packages/Katalon_Studio_Windows_64-9.3.1/Katalon_Studio_Windows_64-9.3.1/jre/bin;C:\Program Files\Common Files\Oracle\Java\javapath;C:\Windows\system32;C:\Windows;C:\Windows\System32\Wbem;C:\Windows\System32\WindowsPowerShell\v1.0\;C:\Windows\System32\OpenSSH\;C:\Program Files\Microsoft SQL Server\Client SDK\ODBC\110\Tools\Binn\;C:\Program Files (x86)\Microsoft SQL Server\120\Tools\Binn\ManagementStudio\;C:\Program Files (x86)\Microsoft SQL Server\120\Tools\Binn\;C:\Program Files\Microsoft SQL Server\120\Tools\Binn\;C:\Program Files (x86)\Microsoft SQL Server\120\DTS\Binn\;C:\Program Files\Microsoft SQL Server\120\DTS\Binn\;C:\Program Files\Java\jdk-11\bin;C:\Program Files\nodejs\;C:\Program Files\Git\cmd;C:\Users\ho.hendy\AppData\Local\Microsoft\WindowsApps;C:\Users\ho.hendy\AppData\Roaming\npm;C:\Users\ho.hendy\.katalon\packages\Katalon_Studio_Windows_64-9.3.1\Katalon_Studio_Windows_64-9.3.1;:C:\Users\ho.hendy\.katalon\packages\Katalon_Studio_Windows_64-9.3.1\Katalon_Studio_Windows_64-9.3.1\jre\bin
USERNAME=Ho.Hendy
OS=Windows_NT
PROCESSOR_IDENTIFIER=Intel64 Family 6 Model 140 Stepping 1, GenuineIntel
TMP=C:\Users\HO6751~1.HEN\AppData\Local\Temp
TEMP=C:\Users\HO6751~1.HEN\AppData\Local\Temp



---------------  S Y S T E M  ---------------

OS:
 Windows 10 , 64 bit Build 19041 (10.0.19041.3636)
OS uptime: 16 days 7:31 hours

CPU: total 8 (initial active 8) (4 cores per cpu, 2 threads per core) family 6 model 140 stepping 1 microcode 0x86, cx8, cmov, fxsr, ht, mmx, 3dnowpref, sse, sse2, sse3, ssse3, sse4.1, sse4.2, popcnt, lzcnt, tsc, tscinvbit, avx, avx2, aes, erms, clmul, bmi1, bmi2, adx, avx512f, avx512dq, avx512cd, avx512bw, avx512vl, sha, fma, vzeroupper, avx512_vpopcntdq, avx512_vpclmulqdq, avx512_vaes, avx512_vnni, clflush, clflushopt, clwb, avx512_vbmi2, avx512_vbmi

Memory: 4k page, system-wide physical 7890M (453M free)
TotalPageFile size 32466M (AvailPageFile size 0M)
current process WorkingSet (physical memory assigned to process): 214M, peak: 214M
current process commit charge ("private bytes"): 262M, peak: 274M

vm_info: OpenJDK 64-Bit Server VM (17.0.7+7) for windows-amd64 JRE (17.0.7+7), built on Apr 18 2023 22:10:42 by "temurin" with MS VC++ 16.7 (VS2019)

END.
