#
# There is insufficient memory for the Java Runtime Environment to continue.
# Native memory allocation (malloc) failed to allocate 1810880 bytes for Chunk::new
# Possible reasons:
#   The system is out of physical RAM or swap space
#   The process is running with CompressedOops enabled, and the Java Heap may be blocking the growth of the native heap
# Possible solutions:
#   Reduce memory load on the system
#   Increase physical memory or swap space
#   Check if swap backing store is full
#   Decrease Java heap size (-Xmx/-Xms)
#   Decrease number of Java threads
#   Decrease Java thread stack sizes (-Xss)
#   Set larger code cache with -XX:ReservedCodeCacheSize=
#   JVM is running with Unscaled Compressed Oops mode in which the Java heap is
#     placed in the first 4GB address space. The Java Heap base address is the
#     maximum limit for the native heap growth. Please use -XX:HeapBaseMinAddress
#     to set the Java Heap base and to place the Java Heap above 4GB virtual address.
# This output file may be truncated or incomplete.
#
#  Out of Memory Error (arena.cpp:189), pid=24604, tid=38036
#
# JRE version: OpenJDK Runtime Environment Temurin-17.0.7+7 (17.0.7+7) (build 17.0.7+7)
# Java VM: OpenJDK 64-Bit Server VM Temurin-17.0.7+7 (17.0.7+7, mixed mode, tiered, compressed oops, compressed class ptrs, g1 gc, windows-amd64)
# No core dump will be written. Minidumps are not enabled by default on client versions of Windows
#

---------------  S U M M A R Y ------------

Command Line: -Dgroovy.home=C:\Users\ho.hendy/.groovy -Djava.system.class.loader=groovy.lang.GroovyClassLoader -Xmx2048m -Dfile.encoding=UTF-8 -XX:+ShowCodeDetailsInExceptionMessages org.codehaus.groovy.tools.GroovyStarter --classpath C:\Users\ho.hendy\Katalon Studio\JM ORDER 3 (Marketing Officer)\bin\keyword;C:\Users\ho.hendy\Katalon Studio\JM ORDER 3 (Marketing Officer)\Keywords;C:\Users\ho.hendy\Katalon Studio\JM ORDER 3 (Marketing Officer)\bin\listener;C:\Users\ho.hendy\Katalon Studio\JM ORDER 3 (Marketing Officer)\Test Listeners;C:\Users\ho.hendy\Katalon Studio\JM ORDER 3 (Marketing Officer)\bin\lib;C:\Users\ho.hendy\Katalon Studio\JM ORDER 3 (Marketing Officer)\Libs;C:\Users\ho.hendy\Katalon Studio\JM ORDER 3 (Marketing Officer)\bin\groovy;C:\Users\ho.hendy\Katalon Studio\JM ORDER 3 (Marketing Officer)\Include\scripts\groovy;C:\Users\ho.hendy\.katalon\packages\Katalon_Studio_Windows_64-9.3.1\Katalon_Studio_Windows_64-9.3.1\plugins\com.kms.katalon.core_1.0.0.202402280646.jar;C:\Users\ho.hendy\.katalon\packages\Katalon_Studio_Windows_64-9.3.1\Katalon_Studio_Windows_64-9.3.1\configuration\resources\lib\aalto-xml-1.0.0.jar;C:\Users\ho.hendy\.katalon\packages\Katalon_Studio_Windows_64-9.3.1\Katalon_Studio_Windows_64-9.3.1\configuration\resources\lib\aspectjweaver-1.9.1.jar;C:\Users\ho.hendy\.katalon\packages\Katalon_Studio_Windows_64-9.3.1\Katalon_Studio_Windows_64-9.3.1\configuration\resources\lib\bcpkix-jdk15on-1.64.jar;C:\Users\ho.hendy\.katalon\packages\Katalon_Studio_Windows_64-9.3.1\Katalon_Studio_Windows_64-9.3.1\configuration\resources\lib\bcprov-jdk15on-1.64.jar;C:\Users\ho.hendy\.katalon\packages\Katalon_Studio_Windows_64-9.3.1\Katalon_Studio_Windows_64-9.3.1\configuration\resources\lib\browsermob-core-2.1.5.jar;C:\Users\ho.hendy\.katalon\packages\Katalon_Studio_Windows_64-9.3.1\Katalon_Studio_Windows_64-9.3.1\configuration\resources\lib\cglib-3.2.10.jar;C:\Users\ho.hendy\.katalon\packages\Katalon_Studio_Windows_64-9.3.1\Katalon_Studio_Windows_64-9.3.1\configuration\resources\lib\commons-codec-1.10.jar;C:\Users\ho.hendy\.katalon\packages\Katalon_Studio_Windows_64-9.3.1\Katalon_Studio_Windows_64-9.3.1\configuration\resources\lib\commons-collections4-4.1.jar;C:\Users\ho.hendy\.katalon\packages\Katalon_Studio_Windows_64-9.3.1\Katalon_Studio_Windows_64-9.3.1\configuration\resources\lib\commons-validator-1.6.jar;C:\Users\ho.hendy\.katalon\packages\Katalon_Studio_Windows_64-9.3.1\Katalon_Studio_Windows_64-9.3.1\configuration\resources\lib\curvesapi-1.04.jar;C:\Users\ho.hendy\.katalon\packages\Katalon_Studio_Windows_64-9.3.1\Katalon_Studio_Windows_64-9.3.1\configuration\resources\lib\dnsjava-2.1.8.jar;C:\Users\ho.hendy\.katalon\packages\Katalon_Studio_Windows_64-9.3.1\Katalon_Studio_Windows_64-9.3.1\configuration\resources\lib\groovy-ant-3.0.17.jar;C:\Users\ho.hendy\.katalon\packages\Katalon_Studio_Windows_64-9.3.1\Katalon_Studio_Windows_64-9.3.1\configuration\resources\lib\groovy-astbuilder-3.0.17.jar;C:\Users\ho.hendy\.katalon\packages\Katalon_Studio_Windows_64-9.3.1\Katalon_Studio_Windows_64-9.3.1\configuration\resources\lib\groovy-cli-picocli-3.0.17.jar;C:\Users\ho.hendy\.katalon\packages\Katalon_Studio_Windows_64-9.3.1\Katalon_Studio_Windows_64-9.3.1\configuration\resources\lib\groovy-console-3.0.17.jar;C:\Users\ho.hendy\.katalon\packages\Katalon_Studio_Windows_64-9.3.1\Katalon_Studio_Windows_64-9.3.1\configuration\resources\lib\groovy-datetime-3.0.17.jar;C:\Users\ho.hendy\.katalon\packages\Katalon_Studio_Windows_64-9.3.1\Katalon_Studio_Windows_64-9.3.1\configuration\resources\lib\groovy-dateutil-3.0.17.jar;C:\Users\ho.hendy\.katalon\packages\Katalon_Studio_Windows_64-9.3.1\Katalon_Studio_Windows_64-9.3.1\configuration\resources\lib\groovy-docgenerator-3.0.17.jar;C:\Users\ho.hendy\.katalon\packages\Katalon_Studio_Windows_64-9.3.1\Katalon_Studio_Windows_64-9.3.1\configuration\resources\lib\groovy-groovydoc-3.0.17.jar;C:\Users\ho.hendy\.katalon\packages\Katalon_Studio_Windows_64-9.3.1\Katalon_Studio_Windows_64-9.3.1\configuration\resources\lib\groovy-groovysh-3.0.17.jar;C:\Users\ho.hendy\.katalon\packages\Katalon_Studio_Windows_64-9.3.1\Katalon_Studio_Windows_64-9.3.1\configuration\resources\lib\groovy-jmx-3.0.17.jar;C:\Users\ho.hendy\.katalon\packages\Katalon_Studio_Windows_64-9.3.1\Katalon_Studio_Windows_64-9.3.1\configuration\resources\lib\groovy-json-3.0.17.jar;C:\Users\ho.hendy\.katalon\packages\Katalon_Studio_Windows_64-9.3.1\Katalon_Studio_Windows_64-9.3.1\configuration\resources\lib\groovy-jsr223-3.0.17.jar;C:\Users\ho.hendy\.katalon\packages\Katalon_Studio_Windows_64-9.3.1\Katalon_Studio_Windows_64-9.3.1\configuration\resources\lib\groovy-macro-3.0.17.jar;C:\Users\ho.hendy\.katalon\packages\Katalon_Studio_Windows_64-9.3.1\Katalon_Studio_Windows_64-9.3.1\configuration\resources\lib\groovy-nio-3.0.17.jar;C:\Users\ho.hendy\.katalon\packages\Katalon_Studio_Windows_64-9.3.1\Katalon_Studio_Windows_64-9.3.1\configuration\resources\lib\groovy-servlet-3.0.17.jar;C:\Users\ho.hendy\.katalon\packages\Katalon_Studio_Windows_64-9.3.1\Katalon_Studio_Windows_64-9.3.1\configuration\resources\lib\groovy-sql-3.0.17.jar;C:\Users\ho.hendy\.katalon\packages\Katalon_Studio_Windows_64-9.3.1\Katalon_Studio_Windows_64-9.3.1\configuration\resources\lib\groovy-swing-3.0.17.jar;C:\Users\ho.hendy\.katalon\packages\Katalon_Studio_Windows_64-9.3.1\Katalon_Studio_Windows_64-9.3.1\configuration\resources\lib\groovy-templates-3.0.17.jar;C:\Users\ho.hendy\.katalon\packages\Katalon_Studio_Windows_64-9.3.1\Katalon_Studio_Windows_64-9.3.1\configuration\resources\lib\groovy-test-3.0.17.jar;C:\Users\ho.hendy\.katalon\packages\Katalon_Studio_Windows_64-9.3.1\Katalon_Studio_Windows_64-9.3.1\configuration\resources\lib\groovy-test-junit5-3.0.17.jar;C:\Users\ho.hendy\.katalon\packages\Katalon_Studio_Windows_64-9.3.1\Katalon_Studio_Windows_64-9.3.1\configuration\resources\lib\groovy-testng-3.0.17.jar;C:\Users\ho.hendy\.katalon\packages\Katalon_Studio_Windows_64-9.3.1\Katalon_Studio_Windows_64-9.3.1\configuration\resources\lib\groovy-xml-3.0.17.jar;C:\Users\ho.hendy\.katalon\packages\Katalon_Studio_Windows_64-9.3.1\Katalon_Studio_Windows_64-9.3.1\configuration\resources\lib\java-client-7.0.0.jar;C:\Users\ho.hendy\.katalon\packages\Katalon_Studio_Windows_64-9.3.1\Katalon_Studio_Windows_64-9.3.1\configuration\resources\lib\javax.servlet-api_3.1.0.jar;C:\Users\ho.hendy\.katalon\packages\Katalon_Studio_Windows_64-9.3.1\Katalon_Studio_Windows_64-9.3.1\configuration\resources\lib\jna-5.12.1.jar;C:\Users\ho.hendy\.katalon\packages\Katalon_Studio_Windows_64-9.3.1\Katalon_Studio_Windows_64-9.3.1\configuration\resources\lib\jna-platform-5.12.1.jar;C:\Users\ho.hendy\.katalon\packages\Katalon_Studio_Windows_64-9.3.1\Katalon_Studio_Windows_64-9.3.1\configuration\resources\lib\jzlib-1.1.3.jar;C:\Users\ho.hendy\.katalon\packages\Katalon_Studio_Windows_64-9.3.1\Katalon_Studio_Windows_64-9.3.1\configuration\resources\lib\kat-server.jar;C:\Users\ho.hendy\.katalon\packages\Katalon_Studio_Windows_64-9.3.1\Katalon_Studio_Windows_64-9.3.1\configuration\resources\lib\littleproxy-1.1.0-beta-bmp-17.jar;C:\Users\ho.hendy\.katalon\packages\Katalon_Studio_Windows_64-9.3.1\Katalon_Studio_Windows_64-9.3.1\configuration\resources\lib\log4j-1.2-api-2.17.1.jar;C:\Users\ho.hendy\.katalon\packages\Katalon_Studio_Windows_64-9.3.1\Katalon_Studio_Windows_64-9.3.1\configuration\resources\lib\log4j-api-2.17.1.jar;C:\Users\ho.hendy\.katalon\packages\Katalon_Studio_Windows_64-9.3.1\Katalon_Studio_Windows_64-9.3.1\configuration\resources\lib\log4j-core-2.17.1.jar;C:\Users\ho.hendy\.katalon\packages\Katalon_Studio_Windows_64-9.3.1\Katalon_Studio_Windows_64-9.3.1\configuration\resources\lib\mitm-2.1.5.jar;C:\Users\ho.hendy\.katalon\packages\Katalon_Studio_Windows_64-9.3.1\Katalon_Studio_Windows_64-9.3.1\configuration\resources\lib\netty-all-4.1.70.Final.jar;C:\Users\ho.hendy\.katalon\packages\Katalon_Studio_Windows_64-9.3.1\Katalon_Studio_Windows_64-9.3.1\configuration\resources\lib\poi-3.17.jar;C:\Users\ho.hendy\.katalon\packages\Katalon_Studio_Windows_64-9.3.1\Katalon_Studio_Windows_64-9.3.1\configuration\resources\lib\poi-ooxml-3.17.jar;C:\Users\ho.hendy\.katalon\packages\Katalon_Studio_Windows_64-9.3.1\Katalon_Studio_Windows_64-9.3.1\configuration\resources\lib\poi-ooxml-schemas-3.17.jar;C:\Users\ho.hendy\.katalon\packages\Katalon_Studio_Windows_64-9.3.1\Katalon_Studio_Windows_64-9.3.1\configuration\resources\lib\proxy-vole-1.0.4-SNAPSHOT-jar-with-dependencies.jar;C:\Users\ho.hendy\.katalon\packages\Katalon_Studio_Windows_64-9.3.1\Katalon_Studio_Windows_64-9.3.1\configuration\resources\lib\repackaged-sikuli-api-1.0.2-standalone.jar;C:\Users\ho.hendy\.katalon\packages\Katalon_Studio_Windows_64-9.3.1\Katalon_Studio_Windows_64-9.3.1\configuration\resources\lib\selenium-leg-rc-3.141.59.jar;C:\Users\ho.hendy\.katalon\packages\Katalon_Studio_Windows_64-9.3.1\Katalon_Studio_Windows_64-9.3.1\configuration\resources\lib\selenium-server-standalone-3.141.59.jar;C:\Users\ho.hendy\.katalon\packages\Katalon_Studio_Windows_64-9.3.1\Katalon_Studio_Windows_64-9.3.1\configuration\resources\lib\selenium-shutterbug-1.1.jar;C:\Users\ho.hendy\.katalon\packages\Katalon_Studio_Windows_64-9.3.1\Katalon_Studio_Windows_64-9.3.1\configuration\resources\lib\slf4j-api-1.7.25.jar;C:\Users\ho.hendy\.katalon\packages\Katalon_Studio_Windows_64-9.3.1\Katalon_Studio_Windows_64-9.3.1\configuration\resources\lib\soap-builder-1.0.0.jar;C:\Users\ho.hendy\.katalon\packages\Katalon_Studio_Windows_64-9.3.1\Katalon_Studio_Windows_64-9.3.1\configuration\resources\lib\soap-common-1.0.0.jar;C:\Users\ho.hendy\.katalon\packages\Katalon_Studio_Windows_64-9.3.1\Katalon_Studio_Windows_64-9.3.1\configuration\resources\lib\soap-legacy-1.0.0.jar;C:\Users\ho.hendy\.katalon\packages\Katalon_Studio_Windows_64-9.3.1\Katalon_Studio_Windows_64-9.3.1\configuration\resources\lib\spring-context-5.3.19.jar;C:\Users\ho.hendy\.katalon\packages\Katalon_Studio_Windows_64-9.3.1\Katalon_Studio_Windows_64-9.3.1\configuration\resources\lib\stax2-api-4.0.0.jar;C:\Users\ho.hendy\.katalon\packages\Katalon_Studio_Windows_64-9.3.1\Katalon_Studio_Windows_64-9.3.1\configuration\resources\lib\su.jar;C:\Users\ho.hendy\.katalon\packages\Katalon_Studio_Windows_64-9.3.1\Katalon_Studio_Windows_64-9.3.1\configuration\resources\lib\testng-7.8.0.jar;C:\Users\ho.hendy\.katalon\packages\Katalon_Studio_Windows_64-9.3.1\Katalon_Studio_Windows_64-9.3.1\configuration\resources\lib\wadl.jar;C:\Users\ho.hendy\.katalon\packages\Katalon_Studio_Windows_64-9.3.1\Katalon_Studio_Windows_64-9.3.1\configuration\resources\lib\xmlbeans-3.1.0.jar;C:\Users\ho.hendy\.katalon\packages\Katalon_Studio_Windows_64-9.3.1\Katalon_Studio_Windows_64-9.3.1\plugins\net.sf.supercsv.super-csv_2.1.0.jar;C:\Users\ho.hendy\.katalon\packages\Katalon_Studio_Windows_64-9.3.1\Katalon_Studio_Windows_64-9.3.1\plugins\org.apache.commons.io_2.4.0.jar;C:\Users\ho.hendy\.katalon\packages\Katalon_Studio_Windows_64-9.3.1\Katalon_Studio_Windows_64-9.3.1\plugins\org.apache.commons.lang_2.6.0.jar;C:\Users\ho.hendy\.katalon\packages\Katalon_Studio_Windows_64-9.3.1\Katalon_Studio_Windows_64-9.3.1\plugins\com.google.gson_2.10.1.v20230109-0753.jar;C:\Users\ho.hendy\.katalon\packages\Katalon_Studio_Windows_64-9.3.1\Katalon_Studio_Windows_64-9.3.1\plugins\org.jsoup_1.14.3.jar;C:\Users\ho.hendy\.katalon\packages\Katalon_Studio_Windows_64-9.3.1\Katalon_Studio_Windows_64-9.3.1\plugins\org.apache.commons.dbutils_1.6.0.jar;C:\Users\ho.hendy\.katalon\packages\Katalon_Studio_Windows_64-9.3.1\Katalon_Studio_Windows_64-9.3.1\plugins\com.oracle.jdbc.ojdbc7_12.1.0.2.jar;C:\Users\ho.hendy\.katalon\packages\Katalon_Studio_Windows_64-9.3.1\Katalon_Studio_Windows_64-9.3.1\plugins\org.postgresql.jdbc_42.4.1.jar;c:\Users\ho.hendy\.katalon\packages\Katalon_Studio_Windows_64-9.3.1\Katalon_Studio_Windows_64-9.3.1\plugins\org.eclipse.osgi_3.18.300.v20230220-1352.jar;C:\Users\ho.hendy\.katalon\packages\Katalon_Studio_Windows_64-9.3.1\Katalon_Studio_Windows_64-9.3.1\plugins\com.kms.katalon.constant_1.0.0.202402280646.jar;C:\Users\ho.hendy\.katalon\packages\Katalon_Studio_Windows_64-9.3.1\Katalon_Studio_Windows_64-9.3.1\plugins\org.eclipse.persistence.eclipselink_2.7.11.jar;C:\Users\ho.hendy\.katalon\packages\Katalon_Studio_Windows_64-9.3.1\Katalon_Studio_Windows_64-9.3.1\plugins\com.kms.katalon.selenium-standalone_1.0.0.202402280646.jar;C:\Users\ho.hendy\.katalon\packages\Katalon_Studio_Windows_64-9.3.1\Katalon_Studio_Windows_64-9.3.1\plugins\atu.testrecorder.screen-recorder_2.1.0.jar;C:\Users\ho.hendy\.katalon\packages\Katalon_Studio_Windows_64-9.3.1\Katalon_Studio_Windows_64-9.3.1\plugins\com.google.guava_23.0.0.jar;C:\Users\ho.hendy\.katalon\packages\Katalon_Studio_Windows_64-9.3.1\Katalon_Studio_Windows_64-9.3.1\plugins\com.kms.katalon.util_1.0.0.202402280646.jar;C:\Users\ho.hendy\.katalon\packages\Katalon_Studio_Windows_64-9.3.1\Katalon_Studio_Windows_64-9.3.1\plugins\org.apache.httpcomponents.httpclient_4.5.14.v20221207-1049.jar;C:\Users\ho.hendy\.katalon\packages\Katalon_Studio_Windows_64-9.3.1\Katalon_Studio_Windows_64-9.3.1\plugins\org.apache.httpcomponents.httpcore_4.4.16.v20221207-1049.jar;C:\Users\ho.hendy\.katalon\packages\Katalon_Studio_Windows_64-9.3.1\Katalon_Studio_Windows_64-9.3.1\plugins\org.apache.httpcomponents.httpmime_4.5.1.jar;C:\Users\ho.hendy\.katalon\packages\Katalon_Studio_Windows_64-9.3.1\Katalon_Studio_Windows_64-9.3.1\plugins\org.apache.commons.lang3_3.7.0.jar;C:\Users\ho.hendy\.katalon\packages\Katalon_Studio_Windows_64-9.3.1\Katalon_Studio_Windows_64-9.3.1\plugins\org.greenrobot.eventbus_3.1.1.jar;C:\Users\ho.hendy\.katalon\packages\Katalon_Studio_Windows_64-9.3.1\Katalon_Studio_Windows_64-9.3.1\plugins\org.assertj.core_3.10.0.jar;C:\Users\ho.hendy\.katalon\packages\Katalon_Studio_Windows_64-9.3.1\Katalon_Studio_Windows_64-9.3.1\plugins\org.junit_4.13.2.v20211018-1956.jar;C:\Users\ho.hendy\.katalon\packages\Katalon_Studio_Windows_64-9.3.1\Katalon_Studio_Windows_64-9.3.1\plugins\com.fasterxml.jackson.core.jackson-databind_2.14.0.jar;C:\Users\ho.hendy\.katalon\packages\Katalon_Studio_Windows_64-9.3.1\Katalon_Studio_Windows_64-9.3.1\plugins\com.fasterxml.jackson.core.jackson-core_2.14.0.jar;C:\Users\ho.hendy\.katalon\packages\Katalon_Studio_Windows_64-9.3.1\Katalon_Studio_Windows_64-9.3.1\plugins\com.fasterxml.jackson.core.jackson-annotations_2.14.0.jar;C:\Users\ho.hendy\.katalon\packages\Katalon_Studio_Windows_64-9.3.1\Katalon_Studio_Windows_64-9.3.1\plugins\ch.qos.logback.classic_1.2.3.jar;C:\Users\ho.hendy\.katalon\packages\Katalon_Studio_Windows_64-9.3.1\Katalon_Studio_Windows_64-9.3.1\plugins\ch.qos.logback.core_1.2.3.jar;C:\Users\ho.hendy\.katalon\packages\Katalon_Studio_Windows_64-9.3.1\Katalon_Studio_Windows_64-9.3.1\plugins\slf4j.api_1.7.36.jar;C:\Users\ho.hendy\.katalon\packages\Katalon_Studio_Windows_64-9.3.1\Katalon_Studio_Windows_64-9.3.1\plugins\org.fusesource.jansi_1.17.1.jar;C:\Users\ho.hendy\.katalon\packages\Katalon_Studio_Windows_64-9.3.1\Katalon_Studio_Windows_64-9.3.1\plugins\com.kms.katalon.netlightbody_1.0.0.202402280646.jar;C:\Users\ho.hendy\.katalon\packages\Katalon_Studio_Windows_64-9.3.1\Katalon_Studio_Windows_64-9.3.1\plugins\com.kms.katalon.poi_1.0.0.202402280646.jar;C:\Users\ho.hendy\.katalon\packages\Katalon_Studio_Windows_64-9.3.1\Katalon_Studio_Windows_64-9.3.1\plugins\org.apache.commons.commons-text_1.10.0.jar;C:\Users\ho.hendy\.katalon\packages\Katalon_Studio_Windows_64-9.3.1\Katalon_Studio_Windows_64-9.3.1\plugins\com.kms.katalon.proxyvole_1.0.0.202402280646.jar;C:\Users\ho.hendy\.katalon\packages\Katalon_Studio_Windows_64-9.3.1\Katalon_Studio_Windows_64-9.3.1\plugins\com.microsoft.sqlserver.mssql-jdbc_6.2.2.jre8.jar;C:\Users\ho.hendy\.katalon\packages\Katalon_Studio_Windows_64-9.3.1\Katalon_Studio_Windows_64-9.3.1\plugins\com.github.kklisura.cdt.java-client_2.1.0.jar;C:\Users\ho.hendy\.katalon\packages\Katalon_Studio_Windows_64-9.3.1\Katalon_Studio_Windows_64-9.3.1\plugins\javax.websocket-api_1.1.0.jar;C:\Users\ho.hendy\.katalon\packages\Katalon_Studio_Windows_64-9.3.1\Katalon_Studio_Windows_64-9.3.1\plugins\org.glassfish.tyrus.container-grizzly-client_1.13.1.jar;C:\Users\ho.hendy\.katalon\packages\Katalon_Studio_Windows_64-9.3.1\Katalon_Studio_Windows_64-9.3.1\plugins\org.glassfish.grizzly.http-server_2.3.25.jar;C:\Users\ho.hendy\.katalon\packages\Katalon_Studio_Windows_64-9.3.1\Katalon_Studio_Windows_64-9.3.1\plugins\org.glassfish.grizzly.framework_2.3.25.jar;C:\Users\ho.hendy\.katalon\packages\Katalon_Studio_Windows_64-9.3.1\Katalon_Studio_Windows_64-9.3.1\plugins\org.glassfish.grizzly.http_2.3.25.jar;C:\Users\ho.hendy\.katalon\packages\Katalon_Studio_Windows_64-9.3.1\Katalon_Studio_Windows_64-9.3.1\plugins\org.glassfish.tyrus.client_1.13.1.jar;C:\Users\ho.hendy\.katalon\packages\Katalon_Studio_Windows_64-9.3.1\Katalon_Studio_Windows_64-9.3.1\plugins\org.glassfish.tyrus.core_1.13.1.jar;C:\Users\ho.hendy\.katalon\packages\Katalon_Studio_Windows_64-9.3.1\Katalon_Studio_Windows_64-9.3.1\plugins\org.glassfish.tyrus.spi_1.13.1.jar;C:\Users\ho.hendy\.katalon\packages\Katalon_Studio_Windows_64-9.3.1\Katalon_Studio_Windows_64-9.3.1\plugins\javassist_3.28.0.GA.jar;C:\Users\ho.hendy\.katalon\packages\Katalon_Studio_Windows_64-9.3.1\Katalon_Studio_Windows_64-9.3.1\plugins\com.graphql-java_16.2.0.jar;C:\Users\ho.hendy\.katalon\packages\Katalon_Studio_Windows_64-9.3.1\Katalon_Studio_Windows_64-9.3.1\plugins\org.glassfish.jaxb.runtime_2.3.6.jar;C:\Users\ho.hendy\.katalon\packages\Katalon_Studio_Windows_64-9.3.1\Katalon_Studio_Windows_64-9.3.1\plugins\org.glassfish.jaxb.txw2_2.3.6.jar;C:\Users\ho.hendy\.katalon\packages\Katalon_Studio_Windows_64-9.3.1\Katalon_Studio_Windows_64-9.3.1\plugins\org.dom4j_1.6.1.v201312101416.jar;C:\Users\ho.hendy\.katalon\packages\Katalon_Studio_Windows_64-9.3.1\Katalon_Studio_Windows_64-9.3.1\plugins\com.kms.katalon.groovy-extended_1.0.0.202402280646.jar;C:\Users\ho.hendy\.katalon\packages\Katalon_Studio_Windows_64-9.3.1\Katalon_Studio_Windows_64-9.3.1\plugins\com.sun.activation.javax.activation_1.2.0.jar;C:\Users\ho.hendy\.katalon\packages\Katalon_Studio_Windows_64-9.3.1\Katalon_Studio_Windows_64-9.3.1\plugins\jakarta.xml.bind-api_2.3.3.jar;C:\Users\ho.hendy\.katalon\packages\Katalon_Studio_Windows_64-9.3.1\Katalon_Studio_Windows_64-9.3.1\plugins\com.sun.xml.bind.jaxb-impl_2.3.6.jar;C:\Users\ho.hendy\.katalon\packages\Katalon_Studio_Windows_64-9.3.1\Katalon_Studio_Windows_64-9.3.1\plugins\org.apache.commons.logging_1.2.0.v20180409-1502.jar;C:\Users\ho.hendy\.katalon\packages\Katalon_Studio_Windows_64-9.3.1\Katalon_Studio_Windows_64-9.3.1\plugins\org.hamcrest.core_1.3.0.v20180420-1519.jar;C:\Users\ho.hendy\.katalon\packages\Katalon_Studio_Windows_64-9.3.1\Katalon_Studio_Windows_64-9.3.1\plugins\org.beanshell.bsh_2.0.0.0b4.jar;C:\Users\ho.hendy\.katalon\packages\Katalon_Studio_Windows_64-9.3.1\Katalon_Studio_Windows_64-9.3.1\plugins\org.apache.ant.launcher_1.9.6.jar;C:\Users\ho.hendy\.katalon\packages\Katalon_Studio_Windows_64-9.3.1\Katalon_Studio_Windows_64-9.3.1\plugins\com.kms.katalon.core.appium_1.0.0.202402280646.jar;C:\Users\ho.hendy\.katalon\packages\Katalon_Studio_Windows_64-9.3.1\Katalon_Studio_Windows_64-9.3.1\plugins\com.kms.katalon.logging_1.0.0.202402280646.jar;C:\Users\ho.hendy\.katalon\packages\Katalon_Studio_Windows_64-9.3.1\Katalon_Studio_Windows_64-9.3.1\plugins\org.eclipse.equinox.common_3.17.100.v20230202-1341.jar;C:\Users\ho.hendy\.katalon\packages\Katalon_Studio_Windows_64-9.3.1\Katalon_Studio_Windows_64-9.3.1\plugins\com.kms.katalon.core.webui_1.0.0.202402280646.jar;C:\Users\ho.hendy\.katalon\packages\Katalon_Studio_Windows_64-9.3.1\Katalon_Studio_Windows_64-9.3.1\plugins\org.json_20140107.0.0.jar;C:\Users\ho.hendy\.katalon\packages\Katalon_Studio_Windows_64-9.3.1\Katalon_Studio_Windows_64-9.3.1\plugins\org.eclipse.e4.core.contexts_1.11.0.v20220716-0839.jar;C:\Users\ho.hendy\.katalon\packages\Katalon_Studio_Windows_64-9.3.1\Katalon_Studio_Windows_64-9.3.1\plugins\org.eclipse.e4.core.services_2.3.400.v20220915-1347.jar;C:\Users\ho.hendy\.katalon\packages\Katalon_Studio_Windows_64-9.3.1\Katalon_Studio_Windows_64-9.3.1\plugins\com.kms.katalon.core.mobile_1.0.0.202402280646.jar;C:\Users\ho.hendy\.katalon\packages\Katalon_Studio_Windows_64-9.3.1\Katalon_Studio_Windows_64-9.3.1\plugins\org.apache.commons.commons-validator_1.7.0.jar;C:\Users\ho.hendy\.katalon\packages\Katalon_Studio_Windows_64-9.3.1\Katalon_Studio_Windows_64-9.3.1\plugins\com.kms.katalon.core.cucumber_1.0.0.202402280646.jar;C:\Users\ho.hendy\.katalon\packages\Katalon_Studio_Windows_64-9.3.1\Katalon_Studio_Windows_64-9.3.1\plugins\io.cucumber.core_3.0.2.jar;C:\Users\ho.hendy\.katalon\packages\Katalon_Studio_Windows_64-9.3.1\Katalon_Studio_Windows_64-9.3.1\plugins\io.cucumber.datatable_1.0.3.jar;C:\Users\ho.hendy\.katalon\packages\Katalon_Studio_Windows_64-9.3.1\Katalon_Studio_Windows_64-9.3.1\plugins\io.cucumber.datatable-dependencies_1.0.3.jar;C:\Users\ho.hendy\.katalon\packages\Katalon_Studio_Windows_64-9.3.1\Katalon_Studio_Windows_64-9.3.1\plugins\io.cucumber.expressions_5.0.19.jar;C:\Users\ho.hendy\.katalon\packages\Katalon_Studio_Windows_64-9.3.1\Katalon_Studio_Windows_64-9.3.1\plugins\io.cucumber.gherkin_5.0.0.jar;C:\Users\ho.hendy\.katalon\packages\Katalon_Studio_Windows_64-9.3.1\Katalon_Studio_Windows_64-9.3.1\plugins\io.cucumber.html_0.2.7.jar;C:\Users\ho.hendy\.katalon\packages\Katalon_Studio_Windows_64-9.3.1\Katalon_Studio_Windows_64-9.3.1\plugins\io.cucumber.java_3.0.2.jar;C:\Users\ho.hendy\.katalon\packages\Katalon_Studio_Windows_64-9.3.1\Katalon_Studio_Windows_64-9.3.1\plugins\io.cucumber.tag-expressions_1.1.1.jar;C:\Users\ho.hendy\.katalon\packages\Katalon_Studio_Windows_64-9.3.1\Katalon_Studio_Windows_64-9.3.1\plugins\io.cucumber.junit_3.0.2.jar;C:\Users\ho.hendy\.katalon\packages\Katalon_Studio_Windows_64-9.3.1\Katalon_Studio_Windows_64-9.3.1\plugins\com.kms.katalon.core.webservice_1.0.0.202402280646.jar;C:\Users\ho.hendy\.katalon\packages\Katalon_Studio_Windows_64-9.3.1\Katalon_Studio_Windows_64-9.3.1\plugins\wsdl4j_1.6.2.jar;C:\Users\ho.hendy\.katalon\packages\Katalon_Studio_Windows_64-9.3.1\Katalon_Studio_Windows_64-9.3.1\plugins\com.google.oauth-client.google-oauth-client_1.22.0.jar;C:\Users\ho.hendy\.katalon\packages\Katalon_Studio_Windows_64-9.3.1\Katalon_Studio_Windows_64-9.3.1\plugins\com.google.http-client.google-http-client_1.22.0.jar;C:\Users\ho.hendy\.katalon\packages\Katalon_Studio_Windows_64-9.3.1\Katalon_Studio_Windows_64-9.3.1\plugins\ca.juliusdavies.not-yet-commons-ssl_0.3.11.jar;C:\Users\ho.hendy\.katalon\packages\Katalon_Studio_Windows_64-9.3.1\Katalon_Studio_Windows_64-9.3.1\plugins\com.kms.katalon.preferences_1.0.0.202402280646.jar;C:\Users\ho.hendy\.katalon\packages\Katalon_Studio_Windows_64-9.3.1\Katalon_Studio_Windows_64-9.3.1\plugins\org.apache.xmlbeans_3.1.0.jar;C:\Users\ho.hendy\.katalon\packages\Katalon_Studio_Windows_64-9.3.1\Katalon_Studio_Windows_64-9.3.1\plugins\com.kms.katalon.entity_1.0.0.202402280646.jar;C:\Users\ho.hendy\.katalon\packages\Katalon_Studio_Windows_64-9.3.1\Katalon_Studio_Windows_64-9.3.1\plugins\org.antlr.antlr4-runtime_4.8.0.jar;C:\Users\ho.hendy\.katalon\packages\Katalon_Studio_Windows_64-9.3.1\Katalon_Studio_Windows_64-9.3.1\plugins\com.networknt.json-schema-validator_1.0.66.jar;C:\Users\ho.hendy\.katalon\packages\Katalon_Studio_Windows_64-9.3.1\Katalon_Studio_Windows_64-9.3.1\plugins\jakarta.xml.ws-api_2.3.3.jar;C:\Users\ho.hendy\.katalon\packages\Katalon_Studio_Windows_64-9.3.1\Katalon_Studio_Windows_64-9.3.1\plugins\javax.xml.soap-api_1.4.0.jar;C:\Users\ho.hendy\.katalon\packages\Katalon_Studio_Windows_64-9.3.1\Katalon_Studio_Windows_64-9.3.1\plugins\com.kms.katalon.core.windows_1.0.0.202402280646.jar;C:\Users\ho.hendy\.katalon\packages\Katalon_Studio_Windows_64-9.3.1\Katalon_Studio_Windows_64-9.3.1\plugins\com.kms.katalon.core.testng_1.0.0.202402280646.jar;C:\Users\ho.hendy\Katalon Studio\JM ORDER 3 (Marketing Officer)\Drivers\mssql-jdbc-12.6.1.jre11.jar;C:\Users\ho.hendy\Katalon Studio\JM ORDER 3 (Marketing Officer)\Drivers\postgresql-42.7.3.jar;C:\Users\ho.hendy\.katalon\packages\Katalon_Studio_Windows_64-9.3.1\Katalon_Studio_Windows_64-9.3.1\configuration\org.eclipse.osgi\27\0\.cp\resources\basic-report\katalon-studio-report-plugin.jar;C:\Users\ho.hendy\.katalon\packages\Katalon_Studio_Windows_64-9.3.1\Katalon_Studio_Windows_64-9.3.1\plugins\org.codehaus.groovy_3.0.17.v202303311542-e2303\lib\groovy-3.0.17-indy.jar;C:\Users\ho.hendy\.katalon\packages\Katalon_Studio_Windows_64-9.3.1\Katalon_Studio_Windows_64-9.3.1\plugins\org.codehaus.groovy_3.0.17.v202303311542-e2303\lib\ivy-2.5.1.jar --main groovy.ui.GroovyMain --encoding UTF-8 --indy C:\Users\ho.hendy\Katalon Studio\JM ORDER 3 (Marketing Officer)\Libs\TempTestSuite1718867084759.groovy

Host: 11th Gen Intel(R) Core(TM) i5-1135G7 @ 2.40GHz, 8 cores, 7G,  Windows 10 , 64 bit Build 19041 (10.0.19041.3636)
Time: Thu Jun 20 14:04:51 2024 SE Asia Standard Time elapsed time: 3.224566 seconds (0d 0h 0m 3s)

---------------  T H R E A D  ---------------

Current thread (0x000001efe69576b0):  JavaThread "C2 CompilerThread1" daemon [_thread_in_native, id=38036, stack(0x0000002195900000,0x0000002195a00000)]


Current CompileTask:
C2:   3224 3899       4       groovyjarjarantlr4.v4.runtime.atn.LexerATNSimulator::closure (258 bytes)

Stack: [0x0000002195900000,0x0000002195a00000]
Native frames: (J=compiled Java code, j=interpreted, Vv=VM code, C=native code)
V  [jvm.dll+0x67754a]
V  [jvm.dll+0x834304]
V  [jvm.dll+0x835aae]
V  [jvm.dll+0x836113]
V  [jvm.dll+0x24696f]
V  [jvm.dll+0xac0ac]
V  [jvm.dll+0xac67c]
V  [jvm.dll+0x364e37]
V  [jvm.dll+0x1bcde8]
V  [jvm.dll+0x219799]
V  [jvm.dll+0x218a61]
V  [jvm.dll+0x1a4d8d]
V  [jvm.dll+0x2284da]
V  [jvm.dll+0x226615]
V  [jvm.dll+0x7ea90b]
V  [jvm.dll+0x7e4e7a]
V  [jvm.dll+0x676395]
C  [ucrtbase.dll+0x21bb2]
C  [KERNEL32.DLL+0x17344]
C  [ntdll.dll+0x526b1]


---------------  P R O C E S S  ---------------

Threads class SMR info:
_java_thread_list=0x000001efe6cf2280, length=13, elements={
0x000001efcc186700, 0x000001efe38b2500, 0x000001efe6213050, 0x000001efe62524d0,
0x000001efe6252d90, 0x000001efe6257670, 0x000001efe625b430, 0x000001efe6262040,
0x000001efe6262940, 0x000001efe6263a20, 0x000001efe63aea50, 0x000001efe69576b0,
0x000001efe6e36c30
}

Java Threads: ( => current thread )
  0x000001efcc186700 JavaThread "main" [_thread_in_vm, id=26456, stack(0x0000002194800000,0x0000002194900000)]
  0x000001efe38b2500 JavaThread "Reference Handler" daemon [_thread_blocked, id=28884, stack(0x0000002194f00000,0x0000002195000000)]
  0x000001efe6213050 JavaThread "Finalizer" daemon [_thread_blocked, id=39132, stack(0x0000002195000000,0x0000002195100000)]
  0x000001efe62524d0 JavaThread "Signal Dispatcher" daemon [_thread_blocked, id=10916, stack(0x0000002195100000,0x0000002195200000)]
  0x000001efe6252d90 JavaThread "Attach Listener" daemon [_thread_blocked, id=37452, stack(0x0000002195200000,0x0000002195300000)]
  0x000001efe6257670 JavaThread "Service Thread" daemon [_thread_blocked, id=11104, stack(0x0000002195300000,0x0000002195400000)]
  0x000001efe625b430 JavaThread "Monitor Deflation Thread" daemon [_thread_blocked, id=29544, stack(0x0000002195400000,0x0000002195500000)]
  0x000001efe6262040 JavaThread "C2 CompilerThread0" daemon [_thread_in_native, id=36912, stack(0x0000002195500000,0x0000002195600000)]
  0x000001efe6262940 JavaThread "C1 CompilerThread0" daemon [_thread_in_vm, id=25784, stack(0x0000002195600000,0x0000002195700000)]
  0x000001efe6263a20 JavaThread "Sweeper thread" daemon [_thread_blocked, id=36008, stack(0x0000002195700000,0x0000002195800000)]
  0x000001efe63aea50 JavaThread "Common-Cleaner" daemon [_thread_blocked, id=132, stack(0x0000002195800000,0x0000002195900000)]
=>0x000001efe69576b0 JavaThread "C2 CompilerThread1" daemon [_thread_in_native, id=38036, stack(0x0000002195900000,0x0000002195a00000)]
  0x000001efe6e36c30 JavaThread "Notification Thread" daemon [_thread_blocked, id=15440, stack(0x0000002195a00000,0x0000002195b00000)]

Other Threads:
  0x000001efe38b1b60 VMThread "VM Thread" [stack: 0x0000002194e00000,0x0000002194f00000] [id=24788]
  0x000001efe371d900 WatcherThread [stack: 0x0000002195b00000,0x0000002195c00000] [id=12600]
  0x000001efcc1bdfd0 GCTaskThread "GC Thread#0" [stack: 0x0000002194900000,0x0000002194a00000] [id=12928]
  0x000001efeb5ab120 GCTaskThread "GC Thread#1" [stack: 0x0000002195c00000,0x0000002195d00000] [id=8996]
  0x000001efeb371d00 GCTaskThread "GC Thread#2" [stack: 0x0000002195d00000,0x0000002195e00000] [id=10596]
  0x000001efecae8940 GCTaskThread "GC Thread#3" [stack: 0x0000002195e00000,0x0000002195f00000] [id=40292]
  0x000001efec95a0d0 GCTaskThread "GC Thread#4" [stack: 0x0000002195f00000,0x0000002196000000] [id=37512]
  0x000001efecb71070 GCTaskThread "GC Thread#5" [stack: 0x0000002196000000,0x0000002196100000] [id=34672]
  0x000001efed48ce00 GCTaskThread "GC Thread#6" [stack: 0x0000002196100000,0x0000002196200000] [id=17156]
  0x000001efed080580 GCTaskThread "GC Thread#7" [stack: 0x0000002196200000,0x0000002196300000] [id=20428]
  0x000001efe3716190 ConcurrentGCThread "G1 Main Marker" [stack: 0x0000002194a00000,0x0000002194b00000] [id=35976]
  0x000001efe3716d80 ConcurrentGCThread "G1 Conc#0" [stack: 0x0000002194b00000,0x0000002194c00000] [id=28760]
  0x000001efed5cc900 ConcurrentGCThread "G1 Conc#1" [stack: 0x0000002196300000,0x0000002196400000] [id=2604]
  0x000001efe37de4c0 ConcurrentGCThread "G1 Refine#0" [stack: 0x0000002194c00000,0x0000002194d00000] [id=24176]
  0x000001efe37dfe00 ConcurrentGCThread "G1 Service" [stack: 0x0000002194d00000,0x0000002194e00000] [id=31992]

Threads with active compile tasks:
C2 CompilerThread0     3472 4053  s!   4       jdk.internal.loader.URLClassPath::getLoader (194 bytes)
C2 CompilerThread1     3472 3899       4       groovyjarjarantlr4.v4.runtime.atn.LexerATNSimulator::closure (258 bytes)

VM state: not at safepoint (normal execution)

VM Mutex/Monitor currently owned by a thread: None

Heap address: 0x0000000080000000, size: 2048 MB, Compressed Oops mode: 32-bit

CDS archive(s) not mapped
Compressed class space mapped at: 0x0000000100000000-0x0000000140000000, reserved size: 1073741824
Narrow klass base: 0x0000000000000000, Narrow klass shift: 3, Narrow klass range: 0x140000000

GC Precious Log:
 CPUs: 8 total, 8 available
 Memory: 7890M
 Large Page Support: Disabled
 NUMA Support: Disabled
 Compressed Oops: Enabled (32-bit)
 Heap Region Size: 1M
 Heap Min Capacity: 8M
 Heap Initial Capacity: 124M
 Heap Max Capacity: 2G
 Pre-touch: Disabled
 Parallel Workers: 8
 Concurrent Workers: 2
 Concurrent Refinement Workers: 8
 Periodic GC: Disabled

Heap:
 garbage-first heap   total 119808K, used 35539K [0x0000000080000000, 0x0000000100000000)
  region size 1024K, 12 young (12288K), 8 survivors (8192K)
 Metaspace       used 35857K, committed 36352K, reserved 1114112K
  class space    used 3796K, committed 4032K, reserved 1048576K

Heap Regions: E=young(eden), S=young(survivor), O=old, HS=humongous(starts), HC=humongous(continues), CS=collection set, F=free, OA=open archive, CA=closed archive, TAMS=top-at-mark-start (previous, next)
|   0|0x0000000080000000, 0x0000000080100000, 0x0000000080100000|100%|HS|  |TAMS 0x0000000080100000, 0x0000000080000000| Complete 
|   1|0x0000000080100000, 0x0000000080200000, 0x0000000080200000|100%|HS|  |TAMS 0x0000000080200000, 0x0000000080100000| Complete 
|   2|0x0000000080200000, 0x0000000080300000, 0x0000000080300000|100%|HS|  |TAMS 0x0000000080300000, 0x0000000080200000| Complete 
|   3|0x0000000080300000, 0x0000000080400000, 0x0000000080400000|100%|HC|  |TAMS 0x0000000080400000, 0x0000000080300000| Complete 
|   4|0x0000000080400000, 0x0000000080500000, 0x0000000080500000|100%| O|  |TAMS 0x0000000080500000, 0x0000000080400000| Untracked 
|   5|0x0000000080500000, 0x0000000080600000, 0x0000000080600000|100%| O|  |TAMS 0x0000000080600000, 0x0000000080500000| Untracked 
|   6|0x0000000080600000, 0x0000000080700000, 0x0000000080700000|100%| O|  |TAMS 0x0000000080700000, 0x0000000080600000| Untracked 
|   7|0x0000000080700000, 0x0000000080800000, 0x0000000080800000|100%| O|  |TAMS 0x0000000080800000, 0x0000000080700000| Untracked 
|   8|0x0000000080800000, 0x0000000080900000, 0x0000000080900000|100%| O|  |TAMS 0x0000000080900000, 0x0000000080800000| Untracked 
|   9|0x0000000080900000, 0x0000000080a00000, 0x0000000080a00000|100%| O|  |TAMS 0x0000000080a00000, 0x0000000080900000| Untracked 
|  10|0x0000000080a00000, 0x0000000080b00000, 0x0000000080b00000|100%| O|  |TAMS 0x0000000080b00000, 0x0000000080a00000| Untracked 
|  11|0x0000000080b00000, 0x0000000080c00000, 0x0000000080c00000|100%| O|  |TAMS 0x0000000080c00000, 0x0000000080b00000| Untracked 
|  12|0x0000000080c00000, 0x0000000080d00000, 0x0000000080d00000|100%| O|  |TAMS 0x0000000080d00000, 0x0000000080c00000| Untracked 
|  13|0x0000000080d00000, 0x0000000080e00000, 0x0000000080e00000|100%| O|  |TAMS 0x0000000080e00000, 0x0000000080d00000| Untracked 
|  14|0x0000000080e00000, 0x0000000080f00000, 0x0000000080f00000|100%| O|  |TAMS 0x0000000080f00000, 0x0000000080e00000| Untracked 
|  15|0x0000000080f00000, 0x0000000081000000, 0x0000000081000000|100%| O|  |TAMS 0x0000000081000000, 0x0000000080f00000| Untracked 
|  16|0x0000000081000000, 0x0000000081100000, 0x0000000081100000|100%| O|  |TAMS 0x0000000081100000, 0x0000000081000000| Untracked 
|  17|0x0000000081100000, 0x0000000081100000, 0x0000000081200000|  0%| F|  |TAMS 0x0000000081100000, 0x0000000081100000| Untracked 
|  18|0x0000000081200000, 0x0000000081300000, 0x0000000081300000|100%| O|  |TAMS 0x0000000081300000, 0x0000000081200000| Untracked 
|  19|0x0000000081300000, 0x0000000081400000, 0x0000000081400000|100%| O|  |TAMS 0x0000000081400000, 0x0000000081300000| Untracked 
|  20|0x0000000081400000, 0x0000000081500000, 0x0000000081500000|100%| O|  |TAMS 0x0000000081500000, 0x0000000081400000| Untracked 
|  21|0x0000000081500000, 0x0000000081600000, 0x0000000081600000|100%| O|  |TAMS 0x0000000081600000, 0x0000000081500000| Untracked 
|  22|0x0000000081600000, 0x0000000081700000, 0x0000000081700000|100%| O|  |TAMS 0x0000000081700000, 0x0000000081600000| Untracked 
|  23|0x0000000081700000, 0x0000000081700000, 0x0000000081800000|  0%| F|  |TAMS 0x0000000081700000, 0x0000000081700000| Untracked 
|  24|0x0000000081800000, 0x0000000081800000, 0x0000000081900000|  0%| F|  |TAMS 0x0000000081800000, 0x0000000081800000| Untracked 
|  25|0x0000000081900000, 0x0000000081a00000, 0x0000000081a00000|100%| O|  |TAMS 0x0000000081a00000, 0x0000000081900000| Untracked 
|  26|0x0000000081a00000, 0x0000000081b00000, 0x0000000081b00000|100%| O|  |TAMS 0x0000000081b00000, 0x0000000081a00000| Untracked 
|  27|0x0000000081b00000, 0x0000000081b4c200, 0x0000000081c00000| 29%| O|  |TAMS 0x0000000081b4c200, 0x0000000081b00000| Untracked 
|  28|0x0000000081c00000, 0x0000000081c00000, 0x0000000081d00000|  0%| F|  |TAMS 0x0000000081c00000, 0x0000000081c00000| Untracked 
|  29|0x0000000081d00000, 0x0000000081d00000, 0x0000000081e00000|  0%| F|  |TAMS 0x0000000081d00000, 0x0000000081d00000| Untracked 
|  30|0x0000000081e00000, 0x0000000081e00000, 0x0000000081f00000|  0%| F|  |TAMS 0x0000000081e00000, 0x0000000081e00000| Untracked 
|  31|0x0000000081f00000, 0x0000000081f00000, 0x0000000082000000|  0%| F|  |TAMS 0x0000000081f00000, 0x0000000081f00000| Untracked 
|  32|0x0000000082000000, 0x0000000082000000, 0x0000000082100000|  0%| F|  |TAMS 0x0000000082000000, 0x0000000082000000| Untracked 
|  33|0x0000000082100000, 0x0000000082100000, 0x0000000082200000|  0%| F|  |TAMS 0x0000000082100000, 0x0000000082100000| Untracked 
|  34|0x0000000082200000, 0x0000000082200000, 0x0000000082300000|  0%| F|  |TAMS 0x0000000082200000, 0x0000000082200000| Untracked 
|  35|0x0000000082300000, 0x0000000082300000, 0x0000000082400000|  0%| F|  |TAMS 0x0000000082300000, 0x0000000082300000| Untracked 
|  36|0x0000000082400000, 0x0000000082400000, 0x0000000082500000|  0%| F|  |TAMS 0x0000000082400000, 0x0000000082400000| Untracked 
|  37|0x0000000082500000, 0x0000000082500000, 0x0000000082600000|  0%| F|  |TAMS 0x0000000082500000, 0x0000000082500000| Untracked 
|  38|0x0000000082600000, 0x0000000082600000, 0x0000000082700000|  0%| F|  |TAMS 0x0000000082600000, 0x0000000082600000| Untracked 
|  39|0x0000000082700000, 0x0000000082700000, 0x0000000082800000|  0%| F|  |TAMS 0x0000000082700000, 0x0000000082700000| Untracked 
|  40|0x0000000082800000, 0x0000000082800000, 0x0000000082900000|  0%| F|  |TAMS 0x0000000082800000, 0x0000000082800000| Untracked 
|  41|0x0000000082900000, 0x0000000082900000, 0x0000000082a00000|  0%| F|  |TAMS 0x0000000082900000, 0x0000000082900000| Untracked 
|  42|0x0000000082a00000, 0x0000000082a00000, 0x0000000082b00000|  0%| F|  |TAMS 0x0000000082a00000, 0x0000000082a00000| Untracked 
|  43|0x0000000082b00000, 0x0000000082b00000, 0x0000000082c00000|  0%| F|  |TAMS 0x0000000082b00000, 0x0000000082b00000| Untracked 
|  44|0x0000000082c00000, 0x0000000082c00000, 0x0000000082d00000|  0%| F|  |TAMS 0x0000000082c00000, 0x0000000082c00000| Untracked 
|  45|0x0000000082d00000, 0x0000000082d00000, 0x0000000082e00000|  0%| F|  |TAMS 0x0000000082d00000, 0x0000000082d00000| Untracked 
|  46|0x0000000082e00000, 0x0000000082e00000, 0x0000000082f00000|  0%| F|  |TAMS 0x0000000082e00000, 0x0000000082e00000| Untracked 
|  47|0x0000000082f00000, 0x0000000082f00000, 0x0000000083000000|  0%| F|  |TAMS 0x0000000082f00000, 0x0000000082f00000| Untracked 
|  48|0x0000000083000000, 0x0000000083000000, 0x0000000083100000|  0%| F|  |TAMS 0x0000000083000000, 0x0000000083000000| Untracked 
|  49|0x0000000083100000, 0x0000000083100000, 0x0000000083200000|  0%| F|  |TAMS 0x0000000083100000, 0x0000000083100000| Untracked 
|  50|0x0000000083200000, 0x0000000083200000, 0x0000000083300000|  0%| F|  |TAMS 0x0000000083200000, 0x0000000083200000| Untracked 
|  51|0x0000000083300000, 0x0000000083300000, 0x0000000083400000|  0%| F|  |TAMS 0x0000000083300000, 0x0000000083300000| Untracked 
|  52|0x0000000083400000, 0x0000000083400000, 0x0000000083500000|  0%| F|  |TAMS 0x0000000083400000, 0x0000000083400000| Untracked 
|  53|0x0000000083500000, 0x0000000083500000, 0x0000000083600000|  0%| F|  |TAMS 0x0000000083500000, 0x0000000083500000| Untracked 
|  54|0x0000000083600000, 0x0000000083600000, 0x0000000083700000|  0%| F|  |TAMS 0x0000000083600000, 0x0000000083600000| Untracked 
|  55|0x0000000083700000, 0x0000000083700000, 0x0000000083800000|  0%| F|  |TAMS 0x0000000083700000, 0x0000000083700000| Untracked 
|  56|0x0000000083800000, 0x0000000083800000, 0x0000000083900000|  0%| F|  |TAMS 0x0000000083800000, 0x0000000083800000| Untracked 
|  57|0x0000000083900000, 0x0000000083900000, 0x0000000083a00000|  0%| F|  |TAMS 0x0000000083900000, 0x0000000083900000| Untracked 
|  58|0x0000000083a00000, 0x0000000083a00000, 0x0000000083b00000|  0%| F|  |TAMS 0x0000000083a00000, 0x0000000083a00000| Untracked 
|  59|0x0000000083b00000, 0x0000000083b00000, 0x0000000083c00000|  0%| F|  |TAMS 0x0000000083b00000, 0x0000000083b00000| Untracked 
|  60|0x0000000083c00000, 0x0000000083c00000, 0x0000000083d00000|  0%| F|  |TAMS 0x0000000083c00000, 0x0000000083c00000| Untracked 
|  61|0x0000000083d00000, 0x0000000083d00000, 0x0000000083e00000|  0%| F|  |TAMS 0x0000000083d00000, 0x0000000083d00000| Untracked 
|  62|0x0000000083e00000, 0x0000000083e00000, 0x0000000083f00000|  0%| F|  |TAMS 0x0000000083e00000, 0x0000000083e00000| Untracked 
|  63|0x0000000083f00000, 0x0000000083f00000, 0x0000000084000000|  0%| F|  |TAMS 0x0000000083f00000, 0x0000000083f00000| Untracked 
|  64|0x0000000084000000, 0x0000000084000000, 0x0000000084100000|  0%| F|  |TAMS 0x0000000084000000, 0x0000000084000000| Untracked 
|  65|0x0000000084100000, 0x0000000084100000, 0x0000000084200000|  0%| F|  |TAMS 0x0000000084100000, 0x0000000084100000| Untracked 
|  66|0x0000000084200000, 0x0000000084200000, 0x0000000084300000|  0%| F|  |TAMS 0x0000000084200000, 0x0000000084200000| Untracked 
|  67|0x0000000084300000, 0x0000000084300000, 0x0000000084400000|  0%| F|  |TAMS 0x0000000084300000, 0x0000000084300000| Untracked 
|  68|0x0000000084400000, 0x0000000084400000, 0x0000000084500000|  0%| F|  |TAMS 0x0000000084400000, 0x0000000084400000| Untracked 
|  69|0x0000000084500000, 0x0000000084500000, 0x0000000084600000|  0%| F|  |TAMS 0x0000000084500000, 0x0000000084500000| Untracked 
|  70|0x0000000084600000, 0x0000000084600000, 0x0000000084700000|  0%| F|  |TAMS 0x0000000084600000, 0x0000000084600000| Untracked 
|  71|0x0000000084700000, 0x0000000084700000, 0x0000000084800000|  0%| F|  |TAMS 0x0000000084700000, 0x0000000084700000| Untracked 
|  72|0x0000000084800000, 0x0000000084800000, 0x0000000084900000|  0%| F|  |TAMS 0x0000000084800000, 0x0000000084800000| Untracked 
|  73|0x0000000084900000, 0x0000000084900000, 0x0000000084a00000|  0%| F|  |TAMS 0x0000000084900000, 0x0000000084900000| Untracked 
|  74|0x0000000084a00000, 0x0000000084a00000, 0x0000000084b00000|  0%| F|  |TAMS 0x0000000084a00000, 0x0000000084a00000| Untracked 
|  75|0x0000000084b00000, 0x0000000084b00000, 0x0000000084c00000|  0%| F|  |TAMS 0x0000000084b00000, 0x0000000084b00000| Untracked 
|  76|0x0000000084c00000, 0x0000000084c00000, 0x0000000084d00000|  0%| F|  |TAMS 0x0000000084c00000, 0x0000000084c00000| Untracked 
|  77|0x0000000084d00000, 0x0000000084d00000, 0x0000000084e00000|  0%| F|  |TAMS 0x0000000084d00000, 0x0000000084d00000| Untracked 
|  78|0x0000000084e00000, 0x0000000084e00000, 0x0000000084f00000|  0%| F|  |TAMS 0x0000000084e00000, 0x0000000084e00000| Untracked 
|  79|0x0000000084f00000, 0x0000000084f00000, 0x0000000085000000|  0%| F|  |TAMS 0x0000000084f00000, 0x0000000084f00000| Untracked 
|  80|0x0000000085000000, 0x0000000085000000, 0x0000000085100000|  0%| F|  |TAMS 0x0000000085000000, 0x0000000085000000| Untracked 
|  81|0x0000000085100000, 0x0000000085100000, 0x0000000085200000|  0%| F|  |TAMS 0x0000000085100000, 0x0000000085100000| Untracked 
|  82|0x0000000085200000, 0x0000000085200000, 0x0000000085300000|  0%| F|  |TAMS 0x0000000085200000, 0x0000000085200000| Untracked 
|  83|0x0000000085300000, 0x0000000085300000, 0x0000000085400000|  0%| F|  |TAMS 0x0000000085300000, 0x0000000085300000| Untracked 
|  84|0x0000000085400000, 0x0000000085400000, 0x0000000085500000|  0%| F|  |TAMS 0x0000000085400000, 0x0000000085400000| Untracked 
|  85|0x0000000085500000, 0x0000000085500000, 0x0000000085600000|  0%| F|  |TAMS 0x0000000085500000, 0x0000000085500000| Untracked 
|  86|0x0000000085600000, 0x0000000085600000, 0x0000000085700000|  0%| F|  |TAMS 0x0000000085600000, 0x0000000085600000| Untracked 
|  87|0x0000000085700000, 0x0000000085700000, 0x0000000085800000|  0%| F|  |TAMS 0x0000000085700000, 0x0000000085700000| Untracked 
|  88|0x0000000085800000, 0x0000000085800000, 0x0000000085900000|  0%| F|  |TAMS 0x0000000085800000, 0x0000000085800000| Untracked 
|  89|0x0000000085900000, 0x0000000085900000, 0x0000000085a00000|  0%| F|  |TAMS 0x0000000085900000, 0x0000000085900000| Untracked 
|  90|0x0000000085a00000, 0x0000000085a00000, 0x0000000085b00000|  0%| F|  |TAMS 0x0000000085a00000, 0x0000000085a00000| Untracked 
|  91|0x0000000085b00000, 0x0000000085b00000, 0x0000000085c00000|  0%| F|  |TAMS 0x0000000085b00000, 0x0000000085b00000| Untracked 
|  92|0x0000000085c00000, 0x0000000085c00000, 0x0000000085d00000|  0%| F|  |TAMS 0x0000000085c00000, 0x0000000085c00000| Untracked 
|  93|0x0000000085d00000, 0x0000000085d00000, 0x0000000085e00000|  0%| F|  |TAMS 0x0000000085d00000, 0x0000000085d00000| Untracked 
|  94|0x0000000085e00000, 0x0000000085e00000, 0x0000000085f00000|  0%| F|  |TAMS 0x0000000085e00000, 0x0000000085e00000| Untracked 
|  95|0x0000000085f00000, 0x0000000085f00000, 0x0000000086000000|  0%| F|  |TAMS 0x0000000085f00000, 0x0000000085f00000| Untracked 
|  96|0x0000000086000000, 0x0000000086000000, 0x0000000086100000|  0%| F|  |TAMS 0x0000000086000000, 0x0000000086000000| Untracked 
|  97|0x0000000086100000, 0x0000000086100000, 0x0000000086200000|  0%| F|  |TAMS 0x0000000086100000, 0x0000000086100000| Untracked 
|  98|0x0000000086200000, 0x0000000086200000, 0x0000000086300000|  0%| F|  |TAMS 0x0000000086200000, 0x0000000086200000| Untracked 
|  99|0x0000000086300000, 0x0000000086300000, 0x0000000086400000|  0%| F|  |TAMS 0x0000000086300000, 0x0000000086300000| Untracked 
| 100|0x0000000086400000, 0x0000000086400000, 0x0000000086500000|  0%| F|  |TAMS 0x0000000086400000, 0x0000000086400000| Untracked 
| 101|0x0000000086500000, 0x0000000086500000, 0x0000000086600000|  0%| F|  |TAMS 0x0000000086500000, 0x0000000086500000| Untracked 
| 102|0x0000000086600000, 0x0000000086600000, 0x0000000086700000|  0%| F|  |TAMS 0x0000000086600000, 0x0000000086600000| Untracked 
| 103|0x0000000086700000, 0x0000000086700000, 0x0000000086800000|  0%| F|  |TAMS 0x0000000086700000, 0x0000000086700000| Untracked 
| 104|0x0000000086800000, 0x0000000086800000, 0x0000000086900000|  0%| F|  |TAMS 0x0000000086800000, 0x0000000086800000| Untracked 
| 105|0x0000000086900000, 0x0000000086982670, 0x0000000086a00000| 50%| E|  |TAMS 0x0000000086900000, 0x0000000086900000| Complete 
| 106|0x0000000086a00000, 0x0000000086b00000, 0x0000000086b00000|100%| E|CS|TAMS 0x0000000086a00000, 0x0000000086a00000| Complete 
| 114|0x0000000087200000, 0x0000000087268dc0, 0x0000000087300000| 40%| S|CS|TAMS 0x0000000087200000, 0x0000000087200000| Complete 
| 115|0x0000000087300000, 0x0000000087400000, 0x0000000087400000|100%| S|CS|TAMS 0x0000000087300000, 0x0000000087300000| Complete 
| 116|0x0000000087400000, 0x0000000087500000, 0x0000000087500000|100%| S|CS|TAMS 0x0000000087400000, 0x0000000087400000| Complete 
| 117|0x0000000087500000, 0x0000000087600000, 0x0000000087600000|100%| S|CS|TAMS 0x0000000087500000, 0x0000000087500000| Complete 
| 118|0x0000000087600000, 0x0000000087700000, 0x0000000087700000|100%| S|CS|TAMS 0x0000000087600000, 0x0000000087600000| Complete 
| 119|0x0000000087700000, 0x0000000087800000, 0x0000000087800000|100%| S|CS|TAMS 0x0000000087700000, 0x0000000087700000| Complete 
| 120|0x0000000087800000, 0x0000000087900000, 0x0000000087900000|100%| S|CS|TAMS 0x0000000087800000, 0x0000000087800000| Complete 
| 121|0x0000000087900000, 0x0000000087a00000, 0x0000000087a00000|100%| S|CS|TAMS 0x0000000087900000, 0x0000000087900000| Complete 
| 222|0x000000008de00000, 0x000000008df00000, 0x000000008df00000|100%| E|CS|TAMS 0x000000008de00000, 0x000000008de00000| Complete 
| 223|0x000000008df00000, 0x000000008e000000, 0x000000008e000000|100%| E|CS|TAMS 0x000000008df00000, 0x000000008df00000| Complete 

Card table byte_map: [0x000001efdeee0000,0x000001efdf2e0000] _byte_map_base: 0x000001efdeae0000

Marking Bits (Prev, Next): (CMBitMap*) 0x000001efcc1be4f0, (CMBitMap*) 0x000001efcc1be530
 Prev Bits: [0x000001efdf6e0000, 0x000001efe16e0000)
 Next Bits: [0x000001efe16e0000, 0x000001efe36e0000)

Polling page: 0x000001efcb8c0000

Metaspace:

Usage:
  Non-class:     31.32 MB used.
      Class:      3.71 MB used.
       Both:     35.04 MB used.

Virtual space:
  Non-class space:       64.00 MB reserved,      31.56 MB ( 49%) committed,  1 nodes.
      Class space:        1.00 GB reserved,       3.94 MB ( <1%) committed,  1 nodes.
             Both:        1.06 GB reserved,      35.50 MB (  3%) committed. 

Chunk freelists:
   Non-Class:  15.89 MB
       Class:  12.08 MB
        Both:  27.97 MB

MaxMetaspaceSize: unlimited
CompressedClassSpaceSize: 1.00 GB
Initial GC threshold: 21.00 MB
Current GC threshold: 59.00 MB
CDS: off
MetaspaceReclaimPolicy: balanced
 - commit_granule_bytes: 65536.
 - commit_granule_words: 8192.
 - virtual_space_node_default_size: 8388608.
 - enlarge_chunks_in_place: 1.
 - new_chunks_are_fully_committed: 0.
 - uncommit_free_chunks: 1.
 - use_allocation_guard: 0.
 - handle_deallocations: 1.


Internal statistics:

num_allocs_failed_limit: 6.
num_arena_births: 556.
num_arena_deaths: 0.
num_vsnodes_births: 2.
num_vsnodes_deaths: 0.
num_space_committed: 568.
num_space_uncommitted: 0.
num_chunks_returned_to_freelist: 6.
num_chunks_taken_from_freelist: 1386.
num_chunk_merges: 6.
num_chunk_splits: 924.
num_chunks_enlarged: 614.
num_inconsistent_stats: 0.

CodeHeap 'non-profiled nmethods': size=120000Kb used=2425Kb max_used=2425Kb free=117574Kb
 bounds [0x000001efd7280000, 0x000001efd74f0000, 0x000001efde7b0000]
CodeHeap 'profiled nmethods': size=120000Kb used=8588Kb max_used=8588Kb free=111411Kb
 bounds [0x000001efcf7b0000, 0x000001efd0020000, 0x000001efd6ce0000]
CodeHeap 'non-nmethods': size=5760Kb used=2303Kb max_used=2343Kb free=3456Kb
 bounds [0x000001efd6ce0000, 0x000001efd6f50000, 0x000001efd7280000]
 total_blobs=5145 nmethods=4342 adapters=715
 compilation: enabled
              stopped_count=0, restarted_count=0
 full_count=0

Compilation events (20 events):
Event: 3.211 Thread 0x000001efe6262940 4109       3       org.codehaus.groovy.ast.MethodNode::isStatic (16 bytes)
Event: 3.211 Thread 0x000001efe6262940 nmethod 4109 0x000001efcff7a490 code [0x000001efcff7a620, 0x000001efcff7a798]
Event: 3.211 Thread 0x000001efe6262940 4110       2       org.codehaus.groovy.ast.AnnotatedNode::getAnnotations (73 bytes)
Event: 3.211 Thread 0x000001efe6262940 nmethod 4110 0x000001efcff7a810 code [0x000001efcff7aa20, 0x000001efcff7aec8]
Event: 3.211 Thread 0x000001efe6262940 4108       2       org.codehaus.groovy.ast.MethodNode::isPublic (15 bytes)
Event: 3.211 Thread 0x000001efe6262940 nmethod 4108 0x000001efcff7b210 code [0x000001efcff7b3a0, 0x000001efcff7b4b8]
Event: 3.211 Thread 0x000001efe6262940 4111       2       org.codehaus.groovy.macro.transform.MacroMethodsCache$$Lambda$185/0x0000000100262478::test (8 bytes)
Event: 3.212 Thread 0x000001efe6262940 nmethod 4111 0x000001efcff7b590 code [0x000001efcff7b740, 0x000001efcff7b8d8]
Event: 3.212 Thread 0x000001efe6262940 4112       2       org.codehaus.groovy.macro.transform.MacroMethodsCache::lambda$getMethodFilter$0 (13 bytes)
Event: 3.212 Thread 0x000001efe6262940 nmethod 4112 0x000001efcff7ba10 code [0x000001efcff7bbc0, 0x000001efcff7bcf8]
Event: 3.212 Thread 0x000001efe6262940 4106       2       jdk.internal.loader.URLClassPath$1::hasMoreElements (5 bytes)
Event: 3.212 Thread 0x000001efe6262940 nmethod 4106 0x000001efcff7be10 code [0x000001efcff7bfa0, 0x000001efcff7c0c8]
Event: 3.215 Thread 0x000001efe6262940 4113   !   2       java.lang.invoke.MethodHandles$Lookup::revealDirect (196 bytes)
Event: 3.215 Thread 0x000001efe6262940 nmethod 4113 0x000001efcff7c190 code [0x000001efcff7c420, 0x000001efcff7cc28]
Event: 3.215 Thread 0x000001efe6262940 4114       2       java.lang.Class::protectionDomain (48 bytes)
Event: 3.216 Thread 0x000001efe6262940 nmethod 4114 0x000001efcff7d110 code [0x000001efcff7d320, 0x000001efcff7d718]
Event: 3.216 Thread 0x000001efe6262940 4115       2       java.lang.invoke.MethodHandles$Lookup::getDirectConstructorCommon (69 bytes)
Event: 3.216 Thread 0x000001efe6262940 nmethod 4115 0x000001efcff7d890 code [0x000001efcff7da80, 0x000001efcff7ddd8]
Event: 3.216 Thread 0x000001efe6262940 4116       1       java.lang.invoke.DirectMethodHandle$Special::isInvokeSpecial (2 bytes)
Event: 3.216 Thread 0x000001efe6262940 nmethod 4116 0x000001efd74c8510 code [0x000001efd74c86a0, 0x000001efd74c8778]

GC Heap History (18 events):
Event: 0.513 GC heap before
{Heap before GC invocations=0 (full 0):
 garbage-first heap   total 126976K, used 26624K [0x0000000080000000, 0x0000000100000000)
  region size 1024K, 23 young (23552K), 0 survivors (0K)
 Metaspace       used 6786K, committed 6976K, reserved 1114112K
  class space    used 526K, committed 640K, reserved 1048576K
}
Event: 0.519 GC heap after
{Heap after GC invocations=1 (full 0):
 garbage-first heap   total 126976K, used 13948K [0x0000000080000000, 0x0000000100000000)
  region size 1024K, 3 young (3072K), 3 survivors (3072K)
 Metaspace       used 6786K, committed 6976K, reserved 1114112K
  class space    used 526K, committed 640K, reserved 1048576K
}
Event: 0.858 GC heap before
{Heap before GC invocations=1 (full 0):
 garbage-first heap   total 126976K, used 35452K [0x0000000080000000, 0x0000000100000000)
  region size 1024K, 25 young (25600K), 3 survivors (3072K)
 Metaspace       used 11419K, committed 11584K, reserved 1114112K
  class space    used 984K, committed 1024K, reserved 1048576K
}
Event: 0.864 GC heap after
{Heap after GC invocations=2 (full 0):
 garbage-first heap   total 126976K, used 16241K [0x0000000080000000, 0x0000000100000000)
  region size 1024K, 3 young (3072K), 3 survivors (3072K)
 Metaspace       used 11419K, committed 11584K, reserved 1114112K
  class space    used 984K, committed 1024K, reserved 1048576K
}
Event: 1.365 GC heap before
{Heap before GC invocations=2 (full 0):
 garbage-first heap   total 126976K, used 60273K [0x0000000080000000, 0x0000000100000000)
  region size 1024K, 45 young (46080K), 3 survivors (3072K)
 Metaspace       used 17656K, committed 17920K, reserved 1114112K
  class space    used 1663K, committed 1792K, reserved 1048576K
}
Event: 1.372 GC heap after
{Heap after GC invocations=3 (full 0):
 garbage-first heap   total 126976K, used 22020K [0x0000000080000000, 0x0000000100000000)
  region size 1024K, 6 young (6144K), 6 survivors (6144K)
 Metaspace       used 17656K, committed 17920K, reserved 1114112K
  class space    used 1663K, committed 1792K, reserved 1048576K
}
Event: 1.681 GC heap before
{Heap before GC invocations=3 (full 0):
 garbage-first heap   total 126976K, used 47620K [0x0000000080000000, 0x0000000100000000)
  region size 1024K, 32 young (32768K), 6 survivors (6144K)
 Metaspace       used 21372K, committed 21504K, reserved 1114112K
  class space    used 2244K, committed 2304K, reserved 1048576K
}
Event: 1.687 GC heap after
{Heap after GC invocations=4 (full 0):
 garbage-first heap   total 126976K, used 21192K [0x0000000080000000, 0x0000000100000000)
  region size 1024K, 5 young (5120K), 5 survivors (5120K)
 Metaspace       used 21372K, committed 21504K, reserved 1114112K
  class space    used 2244K, committed 2304K, reserved 1048576K
}
Event: 1.877 GC heap before
{Heap before GC invocations=5 (full 0):
 garbage-first heap   total 75776K, used 59080K [0x0000000080000000, 0x0000000100000000)
  region size 1024K, 43 young (44032K), 5 survivors (5120K)
 Metaspace       used 22268K, committed 22464K, reserved 1114112K
  class space    used 2340K, committed 2432K, reserved 1048576K
}
Event: 1.884 GC heap after
{Heap after GC invocations=6 (full 0):
 garbage-first heap   total 91136K, used 22263K [0x0000000080000000, 0x0000000100000000)
  region size 1024K, 3 young (3072K), 3 survivors (3072K)
 Metaspace       used 22268K, committed 22464K, reserved 1114112K
  class space    used 2340K, committed 2432K, reserved 1048576K
}
Event: 1.886 GC heap before
{Heap before GC invocations=6 (full 0):
 garbage-first heap   total 91136K, used 23287K [0x0000000080000000, 0x0000000100000000)
  region size 1024K, 4 young (4096K), 3 survivors (3072K)
 Metaspace       used 22268K, committed 22464K, reserved 1114112K
  class space    used 2340K, committed 2432K, reserved 1048576K
}
Event: 1.890 GC heap after
{Heap after GC invocations=7 (full 0):
 garbage-first heap   total 91136K, used 22929K [0x0000000080000000, 0x0000000100000000)
  region size 1024K, 1 young (1024K), 1 survivors (1024K)
 Metaspace       used 22268K, committed 22464K, reserved 1114112K
  class space    used 2340K, committed 2432K, reserved 1048576K
}
Event: 2.303 GC heap before
{Heap before GC invocations=7 (full 0):
 garbage-first heap   total 91136K, used 65937K [0x0000000080000000, 0x0000000100000000)
  region size 1024K, 43 young (44032K), 1 survivors (1024K)
 Metaspace       used 25612K, committed 25920K, reserved 1114112K
  class space    used 2682K, committed 2816K, reserved 1048576K
}
Event: 2.308 GC heap after
{Heap after GC invocations=8 (full 0):
 garbage-first heap   total 91136K, used 25191K [0x0000000080000000, 0x0000000100000000)
  region size 1024K, 3 young (3072K), 3 survivors (3072K)
 Metaspace       used 25612K, committed 25920K, reserved 1114112K
  class space    used 2682K, committed 2816K, reserved 1048576K
}
Event: 2.793 GC heap before
{Heap before GC invocations=8 (full 0):
 garbage-first heap   total 91136K, used 67175K [0x0000000080000000, 0x0000000100000000)
  region size 1024K, 44 young (45056K), 3 survivors (3072K)
 Metaspace       used 31704K, committed 32064K, reserved 1114112K
  class space    used 3399K, committed 3584K, reserved 1048576K
}
Event: 2.798 GC heap after
{Heap after GC invocations=9 (full 0):
 garbage-first heap   total 91136K, used 27924K [0x0000000080000000, 0x0000000100000000)
  region size 1024K, 6 young (6144K), 6 survivors (6144K)
 Metaspace       used 31704K, committed 32064K, reserved 1114112K
  class space    used 3399K, committed 3584K, reserved 1048576K
}
Event: 2.912 GC heap before
{Heap before GC invocations=9 (full 0):
 garbage-first heap   total 91136K, used 69908K [0x0000000080000000, 0x0000000100000000)
  region size 1024K, 45 young (46080K), 6 survivors (6144K)
 Metaspace       used 32875K, committed 33280K, reserved 1114112K
  class space    used 3479K, committed 3648K, reserved 1048576K
}
Event: 2.919 GC heap after
{Heap after GC invocations=10 (full 0):
 garbage-first heap   total 229376K, used 28390K [0x0000000080000000, 0x0000000100000000)
  region size 1024K, 4 young (4096K), 4 survivors (4096K)
 Metaspace       used 32875K, committed 33280K, reserved 1114112K
  class space    used 3479K, committed 3648K, reserved 1048576K
}

Dll operation events (6 events):
Event: 0.025 Loaded shared library C:\Users\ho.hendy\.katalon\packages\Katalon_Studio_Windows_64-9.3.1\Katalon_Studio_Windows_64-9.3.1\jre\bin\java.dll
Event: 0.212 Loaded shared library C:\Users\ho.hendy\.katalon\packages\Katalon_Studio_Windows_64-9.3.1\Katalon_Studio_Windows_64-9.3.1\jre\bin\net.dll
Event: 0.215 Loaded shared library C:\Users\ho.hendy\.katalon\packages\Katalon_Studio_Windows_64-9.3.1\Katalon_Studio_Windows_64-9.3.1\jre\bin\nio.dll
Event: 0.221 Loaded shared library C:\Users\ho.hendy\.katalon\packages\Katalon_Studio_Windows_64-9.3.1\Katalon_Studio_Windows_64-9.3.1\jre\bin\zip.dll
Event: 0.559 Loaded shared library C:\Users\ho.hendy\.katalon\packages\Katalon_Studio_Windows_64-9.3.1\Katalon_Studio_Windows_64-9.3.1\jre\bin\verify.dll
Event: 0.718 Loaded shared library C:\Users\ho.hendy\.katalon\packages\Katalon_Studio_Windows_64-9.3.1\Katalon_Studio_Windows_64-9.3.1\jre\bin\jimage.dll

Deoptimization events (20 events):
Event: 3.084 Thread 0x000001efcc186700 Uncommon trap: trap_request=0xffffff45 fr.pc=0x000001efd749a5b0 relative=0x0000000000000110
Event: 3.084 Thread 0x000001efcc186700 Uncommon trap: reason=unstable_if action=reinterpret pc=0x000001efd749a5b0 method=java.util.Arrays.hashCode([Ljava/lang/Object;)I @ 34 c2
Event: 3.084 Thread 0x000001efcc186700 DEOPT PACKING pc=0x000001efd749a5b0 sp=0x00000021948fc480
Event: 3.084 Thread 0x000001efcc186700 DEOPT UNPACKING pc=0x000001efd6d3a1a3 sp=0x00000021948fc400 mode 2
Event: 3.104 Thread 0x000001efcc186700 Uncommon trap: trap_request=0xffffffcc fr.pc=0x000001efd74b770c relative=0x00000000000013ec
Event: 3.104 Thread 0x000001efcc186700 Uncommon trap: reason=intrinsic_or_type_checked_inlining action=make_not_entrant pc=0x000001efd74b770c method=java.util.ArrayList.toArray([Ljava/lang/Object;)[Ljava/lang/Object; @ 36 c2
Event: 3.104 Thread 0x000001efcc186700 DEOPT PACKING pc=0x000001efd74b770c sp=0x00000021948fbf00
Event: 3.104 Thread 0x000001efcc186700 DEOPT UNPACKING pc=0x000001efd6d3a1a3 sp=0x00000021948fbe48 mode 2
Event: 3.111 Thread 0x000001efcc186700 DEOPT PACKING pc=0x000001efcfd5fe80 sp=0x00000021948f8ae0
Event: 3.111 Thread 0x000001efcc186700 DEOPT UNPACKING pc=0x000001efd6d3ace3 sp=0x00000021948f7f50 mode 0
Event: 3.111 Thread 0x000001efcc186700 DEOPT PACKING pc=0x000001efcfd5fe80 sp=0x00000021948f8ae0
Event: 3.111 Thread 0x000001efcc186700 DEOPT UNPACKING pc=0x000001efd6d3ace3 sp=0x00000021948f7f50 mode 0
Event: 3.123 Thread 0x000001efcc186700 DEOPT PACKING pc=0x000001efcff468cc sp=0x00000021948fc250
Event: 3.123 Thread 0x000001efcc186700 DEOPT UNPACKING pc=0x000001efd6d3ace3 sp=0x00000021948fb6c8 mode 0
Event: 3.126 Thread 0x000001efcc186700 DEOPT PACKING pc=0x000001efcff46969 sp=0x00000021948f8760
Event: 3.126 Thread 0x000001efcc186700 DEOPT UNPACKING pc=0x000001efd6d3ace3 sp=0x00000021948f7bd8 mode 0
Event: 3.130 Thread 0x000001efcc186700 DEOPT PACKING pc=0x000001efcff469db sp=0x00000021948fbd20
Event: 3.130 Thread 0x000001efcc186700 DEOPT UNPACKING pc=0x000001efd6d3ace3 sp=0x00000021948fb198 mode 0
Event: 3.206 Thread 0x000001efcc186700 DEOPT PACKING pc=0x000001efcf9223c3 sp=0x00000021948fc450
Event: 3.206 Thread 0x000001efcc186700 DEOPT UNPACKING pc=0x000001efd6d3ace3 sp=0x00000021948fb970 mode 0

Classes unloaded (0 events):
No events

Classes redefined (0 events):
No events

Internal exceptions (20 events):
Event: 2.904 Thread 0x000001efcc186700 Exception <a 'java/lang/ClassNotFoundException'{0x000000008375f558}: jdk/proxy2/$Proxy7BeanInfo> (0x000000008375f558) 
thrown [s\src\hotspot\share\classfile\systemDictionary.cpp, line 256]
Event: 2.906 Thread 0x000001efcc186700 Exception <a 'java/lang/ClassNotFoundException'{0x0000000083783260}: jdk/proxy2/$Proxy7Customizer> (0x0000000083783260) 
thrown [s\src\hotspot\share\classfile\systemDictionary.cpp, line 256]
Event: 2.912 Thread 0x000001efcc186700 Exception <a 'java/lang/ClassNotFoundException'{0x00000000833e9dd8}: org/codehaus/groovy/ast/ClassHelperBeanInfo> (0x00000000833e9dd8) 
thrown [s\src\hotspot\share\classfile\systemDictionary.cpp, line 256]
Event: 2.924 Thread 0x000001efcc186700 Exception <a 'java/lang/ClassNotFoundException'{0x000000008dc339b0}: org/codehaus/groovy/ast/ClassHelperCustomizer> (0x000000008dc339b0) 
thrown [s\src\hotspot\share\classfile\systemDictionary.cpp, line 256]
Event: 2.931 Thread 0x000001efcc186700 Exception <a 'java/lang/ClassNotFoundException'{0x000000008d8aac40}: org/codehaus/groovy/ast/AnnotationNodeBeanInfo> (0x000000008d8aac40) 
thrown [s\src\hotspot\share\classfile\systemDictionary.cpp, line 256]
Event: 2.935 Thread 0x000001efcc186700 Exception <a 'java/lang/ClassNotFoundException'{0x000000008d4f3d10}: org/codehaus/groovy/ast/ASTNodeBeanInfo> (0x000000008d4f3d10) 
thrown [s\src\hotspot\share\classfile\systemDictionary.cpp, line 256]
Event: 2.939 Thread 0x000001efcc186700 Exception <a 'java/lang/ClassNotFoundException'{0x000000008cf3d420}: org/codehaus/groovy/ast/ASTNodeCustomizer> (0x000000008cf3d420) 
thrown [s\src\hotspot\share\classfile\systemDictionary.cpp, line 256]
Event: 2.943 Thread 0x000001efcc186700 Exception <a 'java/lang/ClassNotFoundException'{0x000000008cb93930}: org/codehaus/groovy/ast/AnnotationNodeCustomizer> (0x000000008cb93930) 
thrown [s\src\hotspot\share\classfile\systemDictionary.cpp, line 256]
Event: 2.950 Thread 0x000001efcc186700 Exception <a 'java/lang/ClassNotFoundException'{0x000000008ca2c4c8}: java/io/FileBeanInfo> (0x000000008ca2c4c8) 
thrown [s\src\hotspot\share\classfile\systemDictionary.cpp, line 256]
Event: 2.951 Thread 0x000001efcc186700 Exception <a 'java/lang/ClassNotFoundException'{0x000000008ca3fbc0}: java/io/FileCustomizer> (0x000000008ca3fbc0) 
thrown [s\src\hotspot\share\classfile\systemDictionary.cpp, line 256]
Event: 2.985 Thread 0x000001efcc186700 Exception <a 'java/lang/NoSuchMethodError'{0x000000008c89ce78}: 'org.slf4j.impl.StaticMDCBinder org.slf4j.impl.StaticMDCBinder.getSingleton()'> (0x000000008c89ce78) 
thrown [s\src\hotspot\share\interpreter\linkResolver.cpp, line 759]
Event: 3.033 Thread 0x000001efcc186700 Exception <a 'java/lang/ClassNotFoundException'{0x000000008c500438}: KatalonReportListenerBeanInfo> (0x000000008c500438) 
thrown [s\src\hotspot\share\classfile\systemDictionary.cpp, line 256]
Event: 3.035 Thread 0x000001efcc186700 Exception <a 'java/lang/ClassNotFoundException'{0x000000008c51f050}: KatalonReportListenerCustomizer> (0x000000008c51f050) 
thrown [s\src\hotspot\share\classfile\systemDictionary.cpp, line 256]
Event: 3.045 Thread 0x000001efcc186700 Exception <a 'java/lang/ClassNotFoundException'{0x000000008c1c9f90}: org/codehaus/groovy/ast/builder/AstBuilderBeanInfo> (0x000000008c1c9f90) 
thrown [s\src\hotspot\share\classfile\systemDictionary.cpp, line 256]
Event: 3.050 Thread 0x000001efcc186700 Exception <a 'java/lang/ClassNotFoundException'{0x000000008bc26728}: org/codehaus/groovy/ast/builder/AstBuilderCustomizer> (0x000000008bc26728) 
thrown [s\src\hotspot\share\classfile\systemDictionary.cpp, line 256]
Event: 3.056 Thread 0x000001efcc186700 Exception <a 'java/lang/ClassNotFoundException'{0x000000008bb55da0}: java/lang/StringBeanInfo> (0x000000008bb55da0) 
thrown [s\src\hotspot\share\classfile\systemDictionary.cpp, line 256]
Event: 3.057 Thread 0x000001efcc186700 Exception <a 'java/lang/ClassNotFoundException'{0x000000008bb69b78}: java/lang/StringCustomizer> (0x000000008bb69b78) 
thrown [s\src\hotspot\share\classfile\systemDictionary.cpp, line 256]
Event: 3.084 Thread 0x000001efcc186700 Implicit null exception at 0x000001efd749a4ec to 0x000001efd749a594
Event: 3.087 Thread 0x000001efcc186700 Exception <a 'java/lang/NoSuchMethodError'{0x000000008b8e6fb8}: 'java.lang.Object java.lang.invoke.DirectMethodHandle$Holder.newInvokeSpecial(java.lang.Object, int, java.lang.Object)'> (0x000000008b8e6fb8) 
thrown [s\src\hotspot\share\interpreter\linkResolver.cpp, line 759]
Event: 3.150 Thread 0x000001efcc186700 Exception <a 'java/lang/ClassNotFoundException'{0x000000008b5baca0}: com/sun/org/apache/xerces/internal/impl/msg/spi/SAXMessagesProvider> (0x000000008b5baca0) 
thrown [s\src\hotspot\share\classfile\systemDictionary.cpp, line 256]

VM Operations (20 events):
Event: 2.443 Executing VM operation: HandshakeAllThreads
Event: 2.443 Executing VM operation: HandshakeAllThreads done
Event: 2.493 Executing VM operation: HandshakeAllThreads
Event: 2.493 Executing VM operation: HandshakeAllThreads done
Event: 2.663 Executing VM operation: HandshakeAllThreads
Event: 2.663 Executing VM operation: HandshakeAllThreads done
Event: 2.665 Executing VM operation: HandshakeAllThreads
Event: 2.665 Executing VM operation: HandshakeAllThreads done
Event: 2.694 Executing VM operation: ICBufferFull
Event: 2.694 Executing VM operation: ICBufferFull done
Event: 2.793 Executing VM operation: G1CollectForAllocation
Event: 2.798 Executing VM operation: G1CollectForAllocation done
Event: 2.912 Executing VM operation: G1CollectForAllocation
Event: 2.919 Executing VM operation: G1CollectForAllocation done
Event: 3.003 Executing VM operation: HandshakeAllThreads
Event: 3.003 Executing VM operation: HandshakeAllThreads done
Event: 3.174 Executing VM operation: HandshakeAllThreads
Event: 3.174 Executing VM operation: HandshakeAllThreads done
Event: 3.175 Executing VM operation: HandshakeAllThreads
Event: 3.175 Executing VM operation: HandshakeAllThreads done

Events (20 events):
Event: 3.151 loading class java/util/ResourceBundle$BundleReference
Event: 3.151 loading class java/util/ResourceBundle$BundleReference done
Event: 3.151 loading class com/sun/org/apache/xerces/internal/impl/msg/SAXMessages_en
Event: 3.151 loading class com/sun/org/apache/xerces/internal/impl/msg/SAXMessages_en done
Event: 3.151 loading class com/sun/org/apache/xerces/internal/impl/msg/SAXMessages_en
Event: 3.151 loading class com/sun/org/apache/xerces/internal/impl/msg/SAXMessages_en done
Event: 3.151 loading class com/sun/org/apache/xerces/internal/impl/msg/SAXMessages_en_ID
Event: 3.151 loading class com/sun/org/apache/xerces/internal/impl/msg/SAXMessages_en_ID done
Event: 3.151 loading class com/sun/org/apache/xerces/internal/impl/msg/SAXMessages_en_ID
Event: 3.151 loading class com/sun/org/apache/xerces/internal/impl/msg/SAXMessages_en_ID done
Event: 3.151 loading class java/text/MessageFormat
Event: 3.152 loading class java/text/MessageFormat done
Event: 3.152 loading class java/text/MessageFormat$Field
Event: 3.152 loading class java/text/MessageFormat$Field done
Event: 3.152 loading class com/sun/org/apache/xerces/internal/util/URI$MalformedURIException
Event: 3.152 loading class com/sun/org/apache/xerces/internal/util/URI$MalformedURIException done
Event: 3.203 loading class jdk/internal/math/FDBigInteger
Event: 3.203 loading class jdk/internal/math/FDBigInteger done
Event: 3.215 loading class java/util/HashMap$EntrySpliterator
Event: 3.215 loading class java/util/HashMap$EntrySpliterator done


Dynamic libraries:
0x00007ff6407c0000 - 0x00007ff6407ce000 	C:\Users\ho.hendy\.katalon\packages\Katalon_Studio_Windows_64-9.3.1\Katalon_Studio_Windows_64-9.3.1\jre\bin\javaw.exe
0x00007fff28510000 - 0x00007fff28708000 	C:\Windows\SYSTEM32\ntdll.dll
0x00007fff26640000 - 0x00007fff266fd000 	C:\Windows\System32\KERNEL32.DLL
0x00007fff25c40000 - 0x00007fff25f36000 	C:\Windows\System32\KERNELBASE.dll
0x00007fff26060000 - 0x00007fff26160000 	C:\Windows\System32\ucrtbase.dll
0x00007fff0ccd0000 - 0x00007fff0cce9000 	C:\Users\ho.hendy\.katalon\packages\Katalon_Studio_Windows_64-9.3.1\Katalon_Studio_Windows_64-9.3.1\jre\bin\VCRUNTIME140.dll
0x00007fff0cc20000 - 0x00007fff0cc37000 	C:\Users\ho.hendy\.katalon\packages\Katalon_Studio_Windows_64-9.3.1\Katalon_Studio_Windows_64-9.3.1\jre\bin\jli.dll
0x00007fff26700000 - 0x00007fff2689f000 	C:\Windows\System32\USER32.dll
0x00007fff25c10000 - 0x00007fff25c32000 	C:\Windows\System32\win32u.dll
0x00007fff26540000 - 0x00007fff2656b000 	C:\Windows\System32\GDI32.dll
0x00007fff25f40000 - 0x00007fff26057000 	C:\Windows\System32\gdi32full.dll
0x00007fff26160000 - 0x00007fff261fd000 	C:\Windows\System32\msvcp_win.dll
0x00007fff0bde0000 - 0x00007fff0c07a000 	C:\Windows\WinSxS\amd64_microsoft.windows.common-controls_6595b64144ccf1df_6.0.19041.4355_none_60b8b9eb71f62e16\COMCTL32.dll
0x00007fff26f20000 - 0x00007fff26fbe000 	C:\Windows\System32\msvcrt.dll
0x00007fff27de0000 - 0x00007fff27e12000 	C:\Windows\System32\IMM32.DLL
0x00007fff15eb0000 - 0x00007fff160b2000 	C:\Windows\system32\tmumh\20019\AddOn\8.55.0.1288\TmUmEvt64.dll
0x00007fff281e0000 - 0x00007fff281e8000 	C:\Windows\System32\PSAPI.DLL
0x00007fff26fc0000 - 0x00007fff27070000 	C:\Windows\System32\ADVAPI32.dll
0x00007fff27cb0000 - 0x00007fff27d50000 	C:\Windows\System32\sechost.dll
0x00007fff27200000 - 0x00007fff27323000 	C:\Windows\System32\RPCRT4.dll
0x00007fff263d0000 - 0x00007fff263f7000 	C:\Windows\System32\bcrypt.dll
0x000000005a5b0000 - 0x000000005a747000 	C:\Windows\system32\tmumh\20019\TmMon\2.9.0.1084\tmmon64.dll
0x00007ffef6720000 - 0x00007ffef6a5e000 	C:\Windows\System32\TmLWE\TmUmSnsr64\1.0.0.1132\TmUmSnsr64.dll
0x00007fff23fd0000 - 0x00007fff23fe2000 	C:\Windows\SYSTEM32\kernel.appcore.dll
0x00007fff0c990000 - 0x00007fff0c99c000 	C:\Users\ho.hendy\.katalon\packages\Katalon_Studio_Windows_64-9.3.1\Katalon_Studio_Windows_64-9.3.1\jre\bin\vcruntime140_1.dll
0x00007fff01820000 - 0x00007fff018b1000 	C:\Users\ho.hendy\.katalon\packages\Katalon_Studio_Windows_64-9.3.1\Katalon_Studio_Windows_64-9.3.1\jre\bin\msvcp140.dll
0x00007ffebe970000 - 0x00007ffebf5b8000 	C:\Users\ho.hendy\.katalon\packages\Katalon_Studio_Windows_64-9.3.1\Katalon_Studio_Windows_64-9.3.1\jre\bin\server\jvm.dll
0x00007ffefde90000 - 0x00007ffefde99000 	C:\Windows\SYSTEM32\WSOCK32.dll
0x00007fff27190000 - 0x00007fff271fb000 	C:\Windows\System32\WS2_32.dll
0x00007fff160f0000 - 0x00007fff16117000 	C:\Windows\SYSTEM32\WINMM.dll
0x00007fff234d0000 - 0x00007fff234da000 	C:\Windows\SYSTEM32\VERSION.dll
0x00007fff1c950000 - 0x00007fff1c95a000 	C:\Users\ho.hendy\.katalon\packages\Katalon_Studio_Windows_64-9.3.1\Katalon_Studio_Windows_64-9.3.1\jre\bin\jimage.dll
0x00007fff25540000 - 0x00007fff25724000 	C:\Windows\SYSTEM32\DBGHELP.DLL
0x00007fff0bda0000 - 0x00007fff0bdd4000 	C:\Windows\SYSTEM32\dbgcore.DLL
0x00007fff264b0000 - 0x00007fff26532000 	C:\Windows\System32\bcryptPrimitives.dll
0x00007fff032e0000 - 0x00007fff03305000 	C:\Users\ho.hendy\.katalon\packages\Katalon_Studio_Windows_64-9.3.1\Katalon_Studio_Windows_64-9.3.1\jre\bin\java.dll
0x00007fff1c930000 - 0x00007fff1c948000 	C:\Users\ho.hendy\.katalon\packages\Katalon_Studio_Windows_64-9.3.1\Katalon_Studio_Windows_64-9.3.1\jre\bin\zip.dll
0x00007fff27330000 - 0x00007fff27a9b000 	C:\Windows\System32\SHELL32.dll
0x00007fff22c40000 - 0x00007fff233dd000 	C:\Windows\SYSTEM32\windows.storage.dll
0x00007fff27e80000 - 0x00007fff281d3000 	C:\Windows\System32\combase.dll
0x00007fff24ee0000 - 0x00007fff24f0e000 	C:\Windows\SYSTEM32\Wldp.dll
0x00007fff26570000 - 0x00007fff2663d000 	C:\Windows\System32\OLEAUT32.dll
0x00007fff26e50000 - 0x00007fff26efd000 	C:\Windows\System32\SHCORE.dll
0x00007fff27130000 - 0x00007fff27185000 	C:\Windows\System32\shlwapi.dll
0x00007fff25af0000 - 0x00007fff25b14000 	C:\Windows\SYSTEM32\profapi.dll
0x00007fff1c4f0000 - 0x00007fff1c509000 	C:\Users\ho.hendy\.katalon\packages\Katalon_Studio_Windows_64-9.3.1\Katalon_Studio_Windows_64-9.3.1\jre\bin\net.dll
0x00007fff1ee50000 - 0x00007fff1ef5a000 	C:\Windows\SYSTEM32\WINHTTP.dll
0x00007fff24bf0000 - 0x00007fff24c5a000 	C:\Windows\system32\mswsock.dll
0x00007fff033a0000 - 0x00007fff033b5000 	C:\Users\ho.hendy\.katalon\packages\Katalon_Studio_Windows_64-9.3.1\Katalon_Studio_Windows_64-9.3.1\jre\bin\nio.dll
0x00007fff1b320000 - 0x00007fff1b330000 	C:\Users\ho.hendy\.katalon\packages\Katalon_Studio_Windows_64-9.3.1\Katalon_Studio_Windows_64-9.3.1\jre\bin\verify.dll

dbghelp: loaded successfully - version: 4.0.5 - missing functions: none
symbol engine: initialized successfully - sym options: 0x614 - pdb path: .;C:\Users\ho.hendy\.katalon\packages\Katalon_Studio_Windows_64-9.3.1\Katalon_Studio_Windows_64-9.3.1\jre\bin;C:\Windows\SYSTEM32;C:\Windows\WinSxS\amd64_microsoft.windows.common-controls_6595b64144ccf1df_6.0.19041.4355_none_60b8b9eb71f62e16;C:\Windows\system32\tmumh\20019\AddOn\8.55.0.1288;C:\Windows\system32\tmumh\20019\TmMon\2.9.0.1084;C:\Windows\System32\TmLWE\TmUmSnsr64\1.0.0.1132;C:\Users\ho.hendy\.katalon\packages\Katalon_Studio_Windows_64-9.3.1\Katalon_Studio_Windows_64-9.3.1\jre\bin\server

VM Arguments:
jvm_args: -Dgroovy.home=C:\Users\ho.hendy/.groovy -Djava.system.class.loader=groovy.lang.GroovyClassLoader -Xmx2048m -Dfile.encoding=UTF-8 -XX:+ShowCodeDetailsInExceptionMessages 
java_command: org.codehaus.groovy.tools.GroovyStarter --classpath C:\Users\ho.hendy\Katalon Studio\JM ORDER 3 (Marketing Officer)\bin\keyword;C:\Users\ho.hendy\Katalon Studio\JM ORDER 3 (Marketing Officer)\Keywords;C:\Users\ho.hendy\Katalon Studio\JM ORDER 3 (Marketing Officer)\bin\listener;C:\Users\ho.hendy\Katalon Studio\JM ORDER 3 (Marketing Officer)\Test Listeners;C:\Users\ho.hendy\Katalon Studio\JM ORDER 3 (Marketing Officer)\bin\lib;C:\Users\ho.hendy\Katalon Studio\JM ORDER 3 (Marketing Officer)\Libs;C:\Users\ho.hendy\Katalon Studio\JM ORDER 3 (Marketing Officer)\bin\groovy;C:\Users\ho.hendy\Katalon Studio\JM ORDER 3 (Marketing Officer)\Include\scripts\groovy;C:\Users\ho.hendy\.katalon\packages\Katalon_Studio_Windows_64-9.3.1\Katalon_Studio_Windows_64-9.3.1\plugins\com.kms.katalon.core_1.0.0.202402280646.jar;C:\Users\ho.hendy\.katalon\packages\Katalon_Studio_Windows_64-9.3.1\Katalon_Studio_Windows_64-9.3.1\configuration\resources\lib\aalto-xml-1.0.0.jar;C:\Users\ho.hendy\.katalon\packages\Katalon_Studio_Windows_64-9.3.1\Katalon_Studio_Windows_64-9.3.1\configuration\resources\lib\aspectjweaver-1.9.1.jar;C:\Users\ho.hendy\.katalon\packages\Katalon_Studio_Windows_64-9.3.1\Katalon_Studio_Windows_64-9.3.1\configuration\resources\lib\bcpkix-jdk15on-1.64.jar;C:\Users\ho.hendy\.katalon\packages\Katalon_Studio_Windows_64-9.3.1\Katalon_Studio_Windows_64-9.3.1\configuration\resources\lib\bcprov-jdk15on-1.64.jar;C:\Users\ho.hendy\.katalon\packages\Katalon_Studio_Windows_64-9.3.1\Katalon_Studio_Windows_64-9.3.1\configuration\resources\lib\browsermob-core-2.1.5.jar;C:\Users\ho.hendy\.katalon\packages\Katalon_Studio_Windows_64-9.3.1\Katalon_Studio_Windows_64-9.3.1\configuration\resources\lib\cglib-3.2.10.jar;C:\Users\ho.hendy\.katalon\packages\Katalon_Studio_Windows_64-9.3.1\Katalon_Studio_Windows_64-9.3.1\configuration\resources\lib\commons-codec-1.10.jar;C:\Users\ho.hendy\.katalon\packages\Katalon_Studio_Windows_64-9.3.1\Katalon_Studio_Windows_64-9.3.1\configuration\reso
java_class_path (initial): C:\Users\ho.hendy\Katalon Studio\JM ORDER 3 (Marketing Officer)\bin\keyword;C:\Users\ho.hendy\Katalon Studio\JM ORDER 3 (Marketing Officer)\bin\listener;C:\Users\ho.hendy\Katalon Studio\JM ORDER 3 (Marketing Officer)\bin\lib;C:\Users\ho.hendy\Katalon Studio\JM ORDER 3 (Marketing Officer)\bin\groovy;C:\Users\ho.hendy\Katalon Studio\JM ORDER 3 (Marketing Officer)\bin;C:\Users\ho.hendy\.katalon\packages\Katalon_Studio_Windows_64-9.3.1\Katalon_Studio_Windows_64-9.3.1\plugins\com.kms.katalon.core_1.0.0.202402280646.jar;C:\Users\ho.hendy\.katalon\packages\Katalon_Studio_Windows_64-9.3.1\Katalon_Studio_Windows_64-9.3.1\configuration\resources\lib\aalto-xml-1.0.0.jar;C:\Users\ho.hendy\.katalon\packages\Katalon_Studio_Windows_64-9.3.1\Katalon_Studio_Windows_64-9.3.1\configuration\resources\lib\aspectjweaver-1.9.1.jar;C:\Users\ho.hendy\.katalon\packages\Katalon_Studio_Windows_64-9.3.1\Katalon_Studio_Windows_64-9.3.1\configuration\resources\lib\bcpkix-jdk15on-1.64.jar;C:\Users\ho.hendy\.katalon\packages\Katalon_Studio_Windows_64-9.3.1\Katalon_Studio_Windows_64-9.3.1\configuration\resources\lib\bcprov-jdk15on-1.64.jar;C:\Users\ho.hendy\.katalon\packages\Katalon_Studio_Windows_64-9.3.1\Katalon_Studio_Windows_64-9.3.1\configuration\resources\lib\browsermob-core-2.1.5.jar;C:\Users\ho.hendy\.katalon\packages\Katalon_Studio_Windows_64-9.3.1\Katalon_Studio_Windows_64-9.3.1\configuration\resources\lib\cglib-3.2.10.jar;C:\Users\ho.hendy\.katalon\packages\Katalon_Studio_Windows_64-9.3.1\Katalon_Studio_Windows_64-9.3.1\configuration\resources\lib\commons-codec-1.10.jar;C:\Users\ho.hendy\.katalon\packages\Katalon_Studio_Windows_64-9.3.1\Katalon_Studio_Windows_64-9.3.1\configuration\resources\lib\commons-collections4-4.1.jar;C:\Users\ho.hendy\.katalon\packages\Katalon_Studio_Windows_64-9.3.1\Katalon_Studio_Windows_64-9.3.1\configuration\resources\lib\commons-validator-1.6.jar;C:\Users\ho.hendy\.katalon\packages\Katalon_Studio_Windows_64-9.3.1\Katalon_Studio_Win
Launcher Type: SUN_STANDARD

[Global flags]
     intx CICompilerCount                          = 4                                         {product} {ergonomic}
     uint ConcGCThreads                            = 2                                         {product} {ergonomic}
     uint G1ConcRefinementThreads                  = 8                                         {product} {ergonomic}
   size_t G1HeapRegionSize                         = 1048576                                   {product} {ergonomic}
    uintx GCDrainStackTargetSize                   = 64                                        {product} {ergonomic}
   size_t InitialHeapSize                          = 130023424                                 {product} {ergonomic}
   size_t MarkStackSize                            = 4194304                                   {product} {ergonomic}
   size_t MaxHeapSize                              = 2147483648                                {product} {command line}
   size_t MaxNewSize                               = 1287651328                                {product} {ergonomic}
   size_t MinHeapDeltaBytes                        = 1048576                                   {product} {ergonomic}
   size_t MinHeapSize                              = 8388608                                   {product} {ergonomic}
    uintx NonNMethodCodeHeapSize                   = 5839372                                {pd product} {ergonomic}
    uintx NonProfiledCodeHeapSize                  = 122909434                              {pd product} {ergonomic}
    uintx ProfiledCodeHeapSize                     = 122909434                              {pd product} {ergonomic}
    uintx ReservedCodeCacheSize                    = 251658240                              {pd product} {ergonomic}
     bool SegmentedCodeCache                       = true                                      {product} {ergonomic}
     bool ShowCodeDetailsInExceptionMessages       = true                                   {manageable} {command line}
   size_t SoftMaxHeapSize                          = 2147483648                             {manageable} {ergonomic}
     bool UseCompressedClassPointers               = true                           {product lp64_product} {ergonomic}
     bool UseCompressedOops                        = true                           {product lp64_product} {ergonomic}
     bool UseG1GC                                  = true                                      {product} {ergonomic}
     bool UseLargePagesIndividualAllocation        = false                                  {pd product} {ergonomic}

Logging:
Log output configuration:
 #0: stdout all=warning uptime,level,tags
 #1: stderr all=off uptime,level,tags

Environment Variables:
JAVA_HOME=C:\Users\ho.hendy\.katalon\packages\Katalon_Studio_Windows_64-9.3.1\Katalon_Studio_Windows_64-9.3.1\jre
PATH=C:/Users/ho.hendy/.katalon/packages/Katalon_Studio_Windows_64-9.3.1/Katalon_Studio_Windows_64-9.3.1/jre/bin/server;C:/Users/ho.hendy/.katalon/packages/Katalon_Studio_Windows_64-9.3.1/Katalon_Studio_Windows_64-9.3.1/jre/bin;C:\Program Files\Common Files\Oracle\Java\javapath;C:\Windows\system32;C:\Windows;C:\Windows\System32\Wbem;C:\Windows\System32\WindowsPowerShell\v1.0\;C:\Windows\System32\OpenSSH\;C:\Program Files\Microsoft SQL Server\Client SDK\ODBC\110\Tools\Binn\;C:\Program Files (x86)\Microsoft SQL Server\120\Tools\Binn\ManagementStudio\;C:\Program Files (x86)\Microsoft SQL Server\120\Tools\Binn\;C:\Program Files\Microsoft SQL Server\120\Tools\Binn\;C:\Program Files (x86)\Microsoft SQL Server\120\DTS\Binn\;C:\Program Files\Microsoft SQL Server\120\DTS\Binn\;C:\Program Files\Java\jdk-11\bin;C:\Program Files\nodejs\;C:\Program Files\Git\cmd;C:\Users\ho.hendy\AppData\Local\Microsoft\WindowsApps;C:\Users\ho.hendy\AppData\Roaming\npm;C:\Users\ho.hendy\.katalon\packages\Katalon_Studio_Windows_64-9.3.1\Katalon_Studio_Windows_64-9.3.1;:C:\Users\ho.hendy\.katalon\packages\Katalon_Studio_Windows_64-9.3.1\Katalon_Studio_Windows_64-9.3.1\jre\bin
USERNAME=Ho.Hendy
OS=Windows_NT
PROCESSOR_IDENTIFIER=Intel64 Family 6 Model 140 Stepping 1, GenuineIntel
TMP=C:\Users\HO6751~1.HEN\AppData\Local\Temp
TEMP=C:\Users\HO6751~1.HEN\AppData\Local\Temp



---------------  S Y S T E M  ---------------

OS:
 Windows 10 , 64 bit Build 19041 (10.0.19041.3636)
OS uptime: 29 days 6:30 hours

CPU: total 8 (initial active 8) (4 cores per cpu, 2 threads per core) family 6 model 140 stepping 1 microcode 0x86, cx8, cmov, fxsr, ht, mmx, 3dnowpref, sse, sse2, sse3, ssse3, sse4.1, sse4.2, popcnt, lzcnt, tsc, tscinvbit, avx, avx2, aes, erms, clmul, bmi1, bmi2, adx, avx512f, avx512dq, avx512cd, avx512bw, avx512vl, sha, fma, vzeroupper, avx512_vpopcntdq, avx512_vpclmulqdq, avx512_vaes, avx512_vnni, clflush, clflushopt, clwb, avx512_vbmi2, avx512_vbmi

Memory: 4k page, system-wide physical 7890M (437M free)
TotalPageFile size 32466M (AvailPageFile size 5M)
current process WorkingSet (physical memory assigned to process): 343M, peak: 343M
current process commit charge ("private bytes"): 410M, peak: 411M

vm_info: OpenJDK 64-Bit Server VM (17.0.7+7) for windows-amd64 JRE (17.0.7+7), built on Apr 18 2023 22:10:42 by "temurin" with MS VC++ 16.7 (VS2019)

END.
