#
# There is insufficient memory for the Java Runtime Environment to continue.
# Native memory allocation (malloc) failed to allocate 58272 bytes for Chunk::new
# Possible reasons:
#   The system is out of physical RAM or swap space
#   The process is running with CompressedOops enabled, and the Java Heap may be blocking the growth of the native heap
# Possible solutions:
#   Reduce memory load on the system
#   Increase physical memory or swap space
#   Check if swap backing store is full
#   Decrease Java heap size (-Xmx/-Xms)
#   Decrease number of Java threads
#   Decrease Java thread stack sizes (-Xss)
#   Set larger code cache with -XX:ReservedCodeCacheSize=
#   JVM is running with Unscaled Compressed Oops mode in which the Java heap is
#     placed in the first 4GB address space. The Java Heap base address is the
#     maximum limit for the native heap growth. Please use -XX:HeapBaseMinAddress
#     to set the Java Heap base and to place the Java Heap above 4GB virtual address.
# This output file may be truncated or incomplete.
#
#  Out of Memory Error (arena.cpp:189), pid=22328, tid=6664
#
# JRE version: OpenJDK Runtime Environment Temurin-17.0.7+7 (17.0.7+7) (build 17.0.7+7)
# Java VM: OpenJDK 64-Bit Server VM Temurin-17.0.7+7 (17.0.7+7, mixed mode, tiered, compressed oops, compressed class ptrs, g1 gc, windows-amd64)
# No core dump will be written. Minidumps are not enabled by default on client versions of Windows
#

---------------  S U M M A R Y ------------

Command Line: -Dgroovy.home=C:\Users\ho.hendy/.groovy -Djava.system.class.loader=groovy.lang.GroovyClassLoader -Xmx2048m -Dfile.encoding=UTF-8 -XX:+ShowCodeDetailsInExceptionMessages org.codehaus.groovy.tools.GroovyStarter --classpath C:\Users\ho.hendy\Katalon Studio\JM ORDER 3 (Marketing Officer)\bin\keyword;C:\Users\ho.hendy\Katalon Studio\JM ORDER 3 (Marketing Officer)\Keywords;C:\Users\ho.hendy\Katalon Studio\JM ORDER 3 (Marketing Officer)\bin\listener;C:\Users\ho.hendy\Katalon Studio\JM ORDER 3 (Marketing Officer)\Test Listeners;C:\Users\ho.hendy\Katalon Studio\JM ORDER 3 (Marketing Officer)\bin\lib;C:\Users\ho.hendy\Katalon Studio\JM ORDER 3 (Marketing Officer)\Libs;C:\Users\ho.hendy\Katalon Studio\JM ORDER 3 (Marketing Officer)\bin\groovy;C:\Users\ho.hendy\Katalon Studio\JM ORDER 3 (Marketing Officer)\Include\scripts\groovy;C:\Users\ho.hendy\.katalon\packages\Katalon_Studio_Windows_64-9.3.1\Katalon_Studio_Windows_64-9.3.1\plugins\com.kms.katalon.core_1.0.0.202402280646.jar;C:\Users\ho.hendy\.katalon\packages\Katalon_Studio_Windows_64-9.3.1\Katalon_Studio_Windows_64-9.3.1\configuration\resources\lib\aalto-xml-1.0.0.jar;C:\Users\ho.hendy\.katalon\packages\Katalon_Studio_Windows_64-9.3.1\Katalon_Studio_Windows_64-9.3.1\configuration\resources\lib\aspectjweaver-1.9.1.jar;C:\Users\ho.hendy\.katalon\packages\Katalon_Studio_Windows_64-9.3.1\Katalon_Studio_Windows_64-9.3.1\configuration\resources\lib\bcpkix-jdk15on-1.64.jar;C:\Users\ho.hendy\.katalon\packages\Katalon_Studio_Windows_64-9.3.1\Katalon_Studio_Windows_64-9.3.1\configuration\resources\lib\bcprov-jdk15on-1.64.jar;C:\Users\ho.hendy\.katalon\packages\Katalon_Studio_Windows_64-9.3.1\Katalon_Studio_Windows_64-9.3.1\configuration\resources\lib\browsermob-core-2.1.5.jar;C:\Users\ho.hendy\.katalon\packages\Katalon_Studio_Windows_64-9.3.1\Katalon_Studio_Windows_64-9.3.1\configuration\resources\lib\cglib-3.2.10.jar;C:\Users\ho.hendy\.katalon\packages\Katalon_Studio_Windows_64-9.3.1\Katalon_Studio_Windows_64-9.3.1\configuration\resources\lib\commons-codec-1.10.jar;C:\Users\ho.hendy\.katalon\packages\Katalon_Studio_Windows_64-9.3.1\Katalon_Studio_Windows_64-9.3.1\configuration\resources\lib\commons-collections4-4.1.jar;C:\Users\ho.hendy\.katalon\packages\Katalon_Studio_Windows_64-9.3.1\Katalon_Studio_Windows_64-9.3.1\configuration\resources\lib\commons-validator-1.6.jar;C:\Users\ho.hendy\.katalon\packages\Katalon_Studio_Windows_64-9.3.1\Katalon_Studio_Windows_64-9.3.1\configuration\resources\lib\curvesapi-1.04.jar;C:\Users\ho.hendy\.katalon\packages\Katalon_Studio_Windows_64-9.3.1\Katalon_Studio_Windows_64-9.3.1\configuration\resources\lib\dnsjava-2.1.8.jar;C:\Users\ho.hendy\.katalon\packages\Katalon_Studio_Windows_64-9.3.1\Katalon_Studio_Windows_64-9.3.1\configuration\resources\lib\groovy-ant-3.0.17.jar;C:\Users\ho.hendy\.katalon\packages\Katalon_Studio_Windows_64-9.3.1\Katalon_Studio_Windows_64-9.3.1\configuration\resources\lib\groovy-astbuilder-3.0.17.jar;C:\Users\ho.hendy\.katalon\packages\Katalon_Studio_Windows_64-9.3.1\Katalon_Studio_Windows_64-9.3.1\configuration\resources\lib\groovy-cli-picocli-3.0.17.jar;C:\Users\ho.hendy\.katalon\packages\Katalon_Studio_Windows_64-9.3.1\Katalon_Studio_Windows_64-9.3.1\configuration\resources\lib\groovy-console-3.0.17.jar;C:\Users\ho.hendy\.katalon\packages\Katalon_Studio_Windows_64-9.3.1\Katalon_Studio_Windows_64-9.3.1\configuration\resources\lib\groovy-datetime-3.0.17.jar;C:\Users\ho.hendy\.katalon\packages\Katalon_Studio_Windows_64-9.3.1\Katalon_Studio_Windows_64-9.3.1\configuration\resources\lib\groovy-dateutil-3.0.17.jar;C:\Users\ho.hendy\.katalon\packages\Katalon_Studio_Windows_64-9.3.1\Katalon_Studio_Windows_64-9.3.1\configuration\resources\lib\groovy-docgenerator-3.0.17.jar;C:\Users\ho.hendy\.katalon\packages\Katalon_Studio_Windows_64-9.3.1\Katalon_Studio_Windows_64-9.3.1\configuration\resources\lib\groovy-groovydoc-3.0.17.jar;C:\Users\ho.hendy\.katalon\packages\Katalon_Studio_Windows_64-9.3.1\Katalon_Studio_Windows_64-9.3.1\configuration\resources\lib\groovy-groovysh-3.0.17.jar;C:\Users\ho.hendy\.katalon\packages\Katalon_Studio_Windows_64-9.3.1\Katalon_Studio_Windows_64-9.3.1\configuration\resources\lib\groovy-jmx-3.0.17.jar;C:\Users\ho.hendy\.katalon\packages\Katalon_Studio_Windows_64-9.3.1\Katalon_Studio_Windows_64-9.3.1\configuration\resources\lib\groovy-json-3.0.17.jar;C:\Users\ho.hendy\.katalon\packages\Katalon_Studio_Windows_64-9.3.1\Katalon_Studio_Windows_64-9.3.1\configuration\resources\lib\groovy-jsr223-3.0.17.jar;C:\Users\ho.hendy\.katalon\packages\Katalon_Studio_Windows_64-9.3.1\Katalon_Studio_Windows_64-9.3.1\configuration\resources\lib\groovy-macro-3.0.17.jar;C:\Users\ho.hendy\.katalon\packages\Katalon_Studio_Windows_64-9.3.1\Katalon_Studio_Windows_64-9.3.1\configuration\resources\lib\groovy-nio-3.0.17.jar;C:\Users\ho.hendy\.katalon\packages\Katalon_Studio_Windows_64-9.3.1\Katalon_Studio_Windows_64-9.3.1\configuration\resources\lib\groovy-servlet-3.0.17.jar;C:\Users\ho.hendy\.katalon\packages\Katalon_Studio_Windows_64-9.3.1\Katalon_Studio_Windows_64-9.3.1\configuration\resources\lib\groovy-sql-3.0.17.jar;C:\Users\ho.hendy\.katalon\packages\Katalon_Studio_Windows_64-9.3.1\Katalon_Studio_Windows_64-9.3.1\configuration\resources\lib\groovy-swing-3.0.17.jar;C:\Users\ho.hendy\.katalon\packages\Katalon_Studio_Windows_64-9.3.1\Katalon_Studio_Windows_64-9.3.1\configuration\resources\lib\groovy-templates-3.0.17.jar;C:\Users\ho.hendy\.katalon\packages\Katalon_Studio_Windows_64-9.3.1\Katalon_Studio_Windows_64-9.3.1\configuration\resources\lib\groovy-test-3.0.17.jar;C:\Users\ho.hendy\.katalon\packages\Katalon_Studio_Windows_64-9.3.1\Katalon_Studio_Windows_64-9.3.1\configuration\resources\lib\groovy-test-junit5-3.0.17.jar;C:\Users\ho.hendy\.katalon\packages\Katalon_Studio_Windows_64-9.3.1\Katalon_Studio_Windows_64-9.3.1\configuration\resources\lib\groovy-testng-3.0.17.jar;C:\Users\ho.hendy\.katalon\packages\Katalon_Studio_Windows_64-9.3.1\Katalon_Studio_Windows_64-9.3.1\configuration\resources\lib\groovy-xml-3.0.17.jar;C:\Users\ho.hendy\.katalon\packages\Katalon_Studio_Windows_64-9.3.1\Katalon_Studio_Windows_64-9.3.1\configuration\resources\lib\java-client-7.0.0.jar;C:\Users\ho.hendy\.katalon\packages\Katalon_Studio_Windows_64-9.3.1\Katalon_Studio_Windows_64-9.3.1\configuration\resources\lib\javax.servlet-api_3.1.0.jar;C:\Users\ho.hendy\.katalon\packages\Katalon_Studio_Windows_64-9.3.1\Katalon_Studio_Windows_64-9.3.1\configuration\resources\lib\jna-5.12.1.jar;C:\Users\ho.hendy\.katalon\packages\Katalon_Studio_Windows_64-9.3.1\Katalon_Studio_Windows_64-9.3.1\configuration\resources\lib\jna-platform-5.12.1.jar;C:\Users\ho.hendy\.katalon\packages\Katalon_Studio_Windows_64-9.3.1\Katalon_Studio_Windows_64-9.3.1\configuration\resources\lib\jzlib-1.1.3.jar;C:\Users\ho.hendy\.katalon\packages\Katalon_Studio_Windows_64-9.3.1\Katalon_Studio_Windows_64-9.3.1\configuration\resources\lib\kat-server.jar;C:\Users\ho.hendy\.katalon\packages\Katalon_Studio_Windows_64-9.3.1\Katalon_Studio_Windows_64-9.3.1\configuration\resources\lib\littleproxy-1.1.0-beta-bmp-17.jar;C:\Users\ho.hendy\.katalon\packages\Katalon_Studio_Windows_64-9.3.1\Katalon_Studio_Windows_64-9.3.1\configuration\resources\lib\log4j-1.2-api-2.17.1.jar;C:\Users\ho.hendy\.katalon\packages\Katalon_Studio_Windows_64-9.3.1\Katalon_Studio_Windows_64-9.3.1\configuration\resources\lib\log4j-api-2.17.1.jar;C:\Users\ho.hendy\.katalon\packages\Katalon_Studio_Windows_64-9.3.1\Katalon_Studio_Windows_64-9.3.1\configuration\resources\lib\log4j-core-2.17.1.jar;C:\Users\ho.hendy\.katalon\packages\Katalon_Studio_Windows_64-9.3.1\Katalon_Studio_Windows_64-9.3.1\configuration\resources\lib\mitm-2.1.5.jar;C:\Users\ho.hendy\.katalon\packages\Katalon_Studio_Windows_64-9.3.1\Katalon_Studio_Windows_64-9.3.1\configuration\resources\lib\netty-all-4.1.70.Final.jar;C:\Users\ho.hendy\.katalon\packages\Katalon_Studio_Windows_64-9.3.1\Katalon_Studio_Windows_64-9.3.1\configuration\resources\lib\poi-3.17.jar;C:\Users\ho.hendy\.katalon\packages\Katalon_Studio_Windows_64-9.3.1\Katalon_Studio_Windows_64-9.3.1\configuration\resources\lib\poi-ooxml-3.17.jar;C:\Users\ho.hendy\.katalon\packages\Katalon_Studio_Windows_64-9.3.1\Katalon_Studio_Windows_64-9.3.1\configuration\resources\lib\poi-ooxml-schemas-3.17.jar;C:\Users\ho.hendy\.katalon\packages\Katalon_Studio_Windows_64-9.3.1\Katalon_Studio_Windows_64-9.3.1\configuration\resources\lib\proxy-vole-1.0.4-SNAPSHOT-jar-with-dependencies.jar;C:\Users\ho.hendy\.katalon\packages\Katalon_Studio_Windows_64-9.3.1\Katalon_Studio_Windows_64-9.3.1\configuration\resources\lib\repackaged-sikuli-api-1.0.2-standalone.jar;C:\Users\ho.hendy\.katalon\packages\Katalon_Studio_Windows_64-9.3.1\Katalon_Studio_Windows_64-9.3.1\configuration\resources\lib\selenium-leg-rc-3.141.59.jar;C:\Users\ho.hendy\.katalon\packages\Katalon_Studio_Windows_64-9.3.1\Katalon_Studio_Windows_64-9.3.1\configuration\resources\lib\selenium-server-standalone-3.141.59.jar;C:\Users\ho.hendy\.katalon\packages\Katalon_Studio_Windows_64-9.3.1\Katalon_Studio_Windows_64-9.3.1\configuration\resources\lib\selenium-shutterbug-1.1.jar;C:\Users\ho.hendy\.katalon\packages\Katalon_Studio_Windows_64-9.3.1\Katalon_Studio_Windows_64-9.3.1\configuration\resources\lib\slf4j-api-1.7.25.jar;C:\Users\ho.hendy\.katalon\packages\Katalon_Studio_Windows_64-9.3.1\Katalon_Studio_Windows_64-9.3.1\configuration\resources\lib\soap-builder-1.0.0.jar;C:\Users\ho.hendy\.katalon\packages\Katalon_Studio_Windows_64-9.3.1\Katalon_Studio_Windows_64-9.3.1\configuration\resources\lib\soap-common-1.0.0.jar;C:\Users\ho.hendy\.katalon\packages\Katalon_Studio_Windows_64-9.3.1\Katalon_Studio_Windows_64-9.3.1\configuration\resources\lib\soap-legacy-1.0.0.jar;C:\Users\ho.hendy\.katalon\packages\Katalon_Studio_Windows_64-9.3.1\Katalon_Studio_Windows_64-9.3.1\configuration\resources\lib\spring-context-5.3.19.jar;C:\Users\ho.hendy\.katalon\packages\Katalon_Studio_Windows_64-9.3.1\Katalon_Studio_Windows_64-9.3.1\configuration\resources\lib\stax2-api-4.0.0.jar;C:\Users\ho.hendy\.katalon\packages\Katalon_Studio_Windows_64-9.3.1\Katalon_Studio_Windows_64-9.3.1\configuration\resources\lib\su.jar;C:\Users\ho.hendy\.katalon\packages\Katalon_Studio_Windows_64-9.3.1\Katalon_Studio_Windows_64-9.3.1\configuration\resources\lib\testng-7.8.0.jar;C:\Users\ho.hendy\.katalon\packages\Katalon_Studio_Windows_64-9.3.1\Katalon_Studio_Windows_64-9.3.1\configuration\resources\lib\wadl.jar;C:\Users\ho.hendy\.katalon\packages\Katalon_Studio_Windows_64-9.3.1\Katalon_Studio_Windows_64-9.3.1\configuration\resources\lib\xmlbeans-3.1.0.jar;C:\Users\ho.hendy\.katalon\packages\Katalon_Studio_Windows_64-9.3.1\Katalon_Studio_Windows_64-9.3.1\plugins\net.sf.supercsv.super-csv_2.1.0.jar;C:\Users\ho.hendy\.katalon\packages\Katalon_Studio_Windows_64-9.3.1\Katalon_Studio_Windows_64-9.3.1\plugins\org.apache.commons.io_2.4.0.jar;C:\Users\ho.hendy\.katalon\packages\Katalon_Studio_Windows_64-9.3.1\Katalon_Studio_Windows_64-9.3.1\plugins\org.apache.commons.lang_2.6.0.jar;C:\Users\ho.hendy\.katalon\packages\Katalon_Studio_Windows_64-9.3.1\Katalon_Studio_Windows_64-9.3.1\plugins\com.google.gson_2.10.1.v20230109-0753.jar;C:\Users\ho.hendy\.katalon\packages\Katalon_Studio_Windows_64-9.3.1\Katalon_Studio_Windows_64-9.3.1\plugins\org.jsoup_1.14.3.jar;C:\Users\ho.hendy\.katalon\packages\Katalon_Studio_Windows_64-9.3.1\Katalon_Studio_Windows_64-9.3.1\plugins\org.apache.commons.dbutils_1.6.0.jar;C:\Users\ho.hendy\.katalon\packages\Katalon_Studio_Windows_64-9.3.1\Katalon_Studio_Windows_64-9.3.1\plugins\com.oracle.jdbc.ojdbc7_12.1.0.2.jar;C:\Users\ho.hendy\.katalon\packages\Katalon_Studio_Windows_64-9.3.1\Katalon_Studio_Windows_64-9.3.1\plugins\org.postgresql.jdbc_42.4.1.jar;c:\Users\ho.hendy\.katalon\packages\Katalon_Studio_Windows_64-9.3.1\Katalon_Studio_Windows_64-9.3.1\plugins\org.eclipse.osgi_3.18.300.v20230220-1352.jar;C:\Users\ho.hendy\.katalon\packages\Katalon_Studio_Windows_64-9.3.1\Katalon_Studio_Windows_64-9.3.1\plugins\com.kms.katalon.constant_1.0.0.202402280646.jar;C:\Users\ho.hendy\.katalon\packages\Katalon_Studio_Windows_64-9.3.1\Katalon_Studio_Windows_64-9.3.1\plugins\org.eclipse.persistence.eclipselink_2.7.11.jar;C:\Users\ho.hendy\.katalon\packages\Katalon_Studio_Windows_64-9.3.1\Katalon_Studio_Windows_64-9.3.1\plugins\com.kms.katalon.selenium-standalone_1.0.0.202402280646.jar;C:\Users\ho.hendy\.katalon\packages\Katalon_Studio_Windows_64-9.3.1\Katalon_Studio_Windows_64-9.3.1\plugins\atu.testrecorder.screen-recorder_2.1.0.jar;C:\Users\ho.hendy\.katalon\packages\Katalon_Studio_Windows_64-9.3.1\Katalon_Studio_Windows_64-9.3.1\plugins\com.google.guava_23.0.0.jar;C:\Users\ho.hendy\.katalon\packages\Katalon_Studio_Windows_64-9.3.1\Katalon_Studio_Windows_64-9.3.1\plugins\com.kms.katalon.util_1.0.0.202402280646.jar;C:\Users\ho.hendy\.katalon\packages\Katalon_Studio_Windows_64-9.3.1\Katalon_Studio_Windows_64-9.3.1\plugins\org.apache.httpcomponents.httpclient_4.5.14.v20221207-1049.jar;C:\Users\ho.hendy\.katalon\packages\Katalon_Studio_Windows_64-9.3.1\Katalon_Studio_Windows_64-9.3.1\plugins\org.apache.httpcomponents.httpcore_4.4.16.v20221207-1049.jar;C:\Users\ho.hendy\.katalon\packages\Katalon_Studio_Windows_64-9.3.1\Katalon_Studio_Windows_64-9.3.1\plugins\org.apache.httpcomponents.httpmime_4.5.1.jar;C:\Users\ho.hendy\.katalon\packages\Katalon_Studio_Windows_64-9.3.1\Katalon_Studio_Windows_64-9.3.1\plugins\org.apache.commons.lang3_3.7.0.jar;C:\Users\ho.hendy\.katalon\packages\Katalon_Studio_Windows_64-9.3.1\Katalon_Studio_Windows_64-9.3.1\plugins\org.greenrobot.eventbus_3.1.1.jar;C:\Users\ho.hendy\.katalon\packages\Katalon_Studio_Windows_64-9.3.1\Katalon_Studio_Windows_64-9.3.1\plugins\org.assertj.core_3.10.0.jar;C:\Users\ho.hendy\.katalon\packages\Katalon_Studio_Windows_64-9.3.1\Katalon_Studio_Windows_64-9.3.1\plugins\org.junit_4.13.2.v20211018-1956.jar;C:\Users\ho.hendy\.katalon\packages\Katalon_Studio_Windows_64-9.3.1\Katalon_Studio_Windows_64-9.3.1\plugins\com.fasterxml.jackson.core.jackson-databind_2.14.0.jar;C:\Users\ho.hendy\.katalon\packages\Katalon_Studio_Windows_64-9.3.1\Katalon_Studio_Windows_64-9.3.1\plugins\com.fasterxml.jackson.core.jackson-core_2.14.0.jar;C:\Users\ho.hendy\.katalon\packages\Katalon_Studio_Windows_64-9.3.1\Katalon_Studio_Windows_64-9.3.1\plugins\com.fasterxml.jackson.core.jackson-annotations_2.14.0.jar;C:\Users\ho.hendy\.katalon\packages\Katalon_Studio_Windows_64-9.3.1\Katalon_Studio_Windows_64-9.3.1\plugins\ch.qos.logback.classic_1.2.3.jar;C:\Users\ho.hendy\.katalon\packages\Katalon_Studio_Windows_64-9.3.1\Katalon_Studio_Windows_64-9.3.1\plugins\ch.qos.logback.core_1.2.3.jar;C:\Users\ho.hendy\.katalon\packages\Katalon_Studio_Windows_64-9.3.1\Katalon_Studio_Windows_64-9.3.1\plugins\slf4j.api_1.7.36.jar;C:\Users\ho.hendy\.katalon\packages\Katalon_Studio_Windows_64-9.3.1\Katalon_Studio_Windows_64-9.3.1\plugins\org.fusesource.jansi_1.17.1.jar;C:\Users\ho.hendy\.katalon\packages\Katalon_Studio_Windows_64-9.3.1\Katalon_Studio_Windows_64-9.3.1\plugins\com.kms.katalon.netlightbody_1.0.0.202402280646.jar;C:\Users\ho.hendy\.katalon\packages\Katalon_Studio_Windows_64-9.3.1\Katalon_Studio_Windows_64-9.3.1\plugins\com.kms.katalon.poi_1.0.0.202402280646.jar;C:\Users\ho.hendy\.katalon\packages\Katalon_Studio_Windows_64-9.3.1\Katalon_Studio_Windows_64-9.3.1\plugins\org.apache.commons.commons-text_1.10.0.jar;C:\Users\ho.hendy\.katalon\packages\Katalon_Studio_Windows_64-9.3.1\Katalon_Studio_Windows_64-9.3.1\plugins\com.kms.katalon.proxyvole_1.0.0.202402280646.jar;C:\Users\ho.hendy\.katalon\packages\Katalon_Studio_Windows_64-9.3.1\Katalon_Studio_Windows_64-9.3.1\plugins\com.microsoft.sqlserver.mssql-jdbc_6.2.2.jre8.jar;C:\Users\ho.hendy\.katalon\packages\Katalon_Studio_Windows_64-9.3.1\Katalon_Studio_Windows_64-9.3.1\plugins\com.github.kklisura.cdt.java-client_2.1.0.jar;C:\Users\ho.hendy\.katalon\packages\Katalon_Studio_Windows_64-9.3.1\Katalon_Studio_Windows_64-9.3.1\plugins\javax.websocket-api_1.1.0.jar;C:\Users\ho.hendy\.katalon\packages\Katalon_Studio_Windows_64-9.3.1\Katalon_Studio_Windows_64-9.3.1\plugins\org.glassfish.tyrus.container-grizzly-client_1.13.1.jar;C:\Users\ho.hendy\.katalon\packages\Katalon_Studio_Windows_64-9.3.1\Katalon_Studio_Windows_64-9.3.1\plugins\org.glassfish.grizzly.http-server_2.3.25.jar;C:\Users\ho.hendy\.katalon\packages\Katalon_Studio_Windows_64-9.3.1\Katalon_Studio_Windows_64-9.3.1\plugins\org.glassfish.grizzly.framework_2.3.25.jar;C:\Users\ho.hendy\.katalon\packages\Katalon_Studio_Windows_64-9.3.1\Katalon_Studio_Windows_64-9.3.1\plugins\org.glassfish.grizzly.http_2.3.25.jar;C:\Users\ho.hendy\.katalon\packages\Katalon_Studio_Windows_64-9.3.1\Katalon_Studio_Windows_64-9.3.1\plugins\org.glassfish.tyrus.client_1.13.1.jar;C:\Users\ho.hendy\.katalon\packages\Katalon_Studio_Windows_64-9.3.1\Katalon_Studio_Windows_64-9.3.1\plugins\org.glassfish.tyrus.core_1.13.1.jar;C:\Users\ho.hendy\.katalon\packages\Katalon_Studio_Windows_64-9.3.1\Katalon_Studio_Windows_64-9.3.1\plugins\org.glassfish.tyrus.spi_1.13.1.jar;C:\Users\ho.hendy\.katalon\packages\Katalon_Studio_Windows_64-9.3.1\Katalon_Studio_Windows_64-9.3.1\plugins\javassist_3.28.0.GA.jar;C:\Users\ho.hendy\.katalon\packages\Katalon_Studio_Windows_64-9.3.1\Katalon_Studio_Windows_64-9.3.1\plugins\com.graphql-java_16.2.0.jar;C:\Users\ho.hendy\.katalon\packages\Katalon_Studio_Windows_64-9.3.1\Katalon_Studio_Windows_64-9.3.1\plugins\org.glassfish.jaxb.runtime_2.3.6.jar;C:\Users\ho.hendy\.katalon\packages\Katalon_Studio_Windows_64-9.3.1\Katalon_Studio_Windows_64-9.3.1\plugins\org.glassfish.jaxb.txw2_2.3.6.jar;C:\Users\ho.hendy\.katalon\packages\Katalon_Studio_Windows_64-9.3.1\Katalon_Studio_Windows_64-9.3.1\plugins\org.dom4j_1.6.1.v201312101416.jar;C:\Users\ho.hendy\.katalon\packages\Katalon_Studio_Windows_64-9.3.1\Katalon_Studio_Windows_64-9.3.1\plugins\com.kms.katalon.groovy-extended_1.0.0.202402280646.jar;C:\Users\ho.hendy\.katalon\packages\Katalon_Studio_Windows_64-9.3.1\Katalon_Studio_Windows_64-9.3.1\plugins\com.sun.activation.javax.activation_1.2.0.jar;C:\Users\ho.hendy\.katalon\packages\Katalon_Studio_Windows_64-9.3.1\Katalon_Studio_Windows_64-9.3.1\plugins\jakarta.xml.bind-api_2.3.3.jar;C:\Users\ho.hendy\.katalon\packages\Katalon_Studio_Windows_64-9.3.1\Katalon_Studio_Windows_64-9.3.1\plugins\com.sun.xml.bind.jaxb-impl_2.3.6.jar;C:\Users\ho.hendy\.katalon\packages\Katalon_Studio_Windows_64-9.3.1\Katalon_Studio_Windows_64-9.3.1\plugins\org.apache.commons.logging_1.2.0.v20180409-1502.jar;C:\Users\ho.hendy\.katalon\packages\Katalon_Studio_Windows_64-9.3.1\Katalon_Studio_Windows_64-9.3.1\plugins\org.hamcrest.core_1.3.0.v20180420-1519.jar;C:\Users\ho.hendy\.katalon\packages\Katalon_Studio_Windows_64-9.3.1\Katalon_Studio_Windows_64-9.3.1\plugins\org.beanshell.bsh_2.0.0.0b4.jar;C:\Users\ho.hendy\.katalon\packages\Katalon_Studio_Windows_64-9.3.1\Katalon_Studio_Windows_64-9.3.1\plugins\org.apache.ant.launcher_1.9.6.jar;C:\Users\ho.hendy\.katalon\packages\Katalon_Studio_Windows_64-9.3.1\Katalon_Studio_Windows_64-9.3.1\plugins\com.kms.katalon.core.appium_1.0.0.202402280646.jar;C:\Users\ho.hendy\.katalon\packages\Katalon_Studio_Windows_64-9.3.1\Katalon_Studio_Windows_64-9.3.1\plugins\com.kms.katalon.logging_1.0.0.202402280646.jar;C:\Users\ho.hendy\.katalon\packages\Katalon_Studio_Windows_64-9.3.1\Katalon_Studio_Windows_64-9.3.1\plugins\org.eclipse.equinox.common_3.17.100.v20230202-1341.jar;C:\Users\ho.hendy\.katalon\packages\Katalon_Studio_Windows_64-9.3.1\Katalon_Studio_Windows_64-9.3.1\plugins\com.kms.katalon.core.webui_1.0.0.202402280646.jar;C:\Users\ho.hendy\.katalon\packages\Katalon_Studio_Windows_64-9.3.1\Katalon_Studio_Windows_64-9.3.1\plugins\org.json_20140107.0.0.jar;C:\Users\ho.hendy\.katalon\packages\Katalon_Studio_Windows_64-9.3.1\Katalon_Studio_Windows_64-9.3.1\plugins\org.eclipse.e4.core.contexts_1.11.0.v20220716-0839.jar;C:\Users\ho.hendy\.katalon\packages\Katalon_Studio_Windows_64-9.3.1\Katalon_Studio_Windows_64-9.3.1\plugins\org.eclipse.e4.core.services_2.3.400.v20220915-1347.jar;C:\Users\ho.hendy\.katalon\packages\Katalon_Studio_Windows_64-9.3.1\Katalon_Studio_Windows_64-9.3.1\plugins\com.kms.katalon.core.mobile_1.0.0.202402280646.jar;C:\Users\ho.hendy\.katalon\packages\Katalon_Studio_Windows_64-9.3.1\Katalon_Studio_Windows_64-9.3.1\plugins\org.apache.commons.commons-validator_1.7.0.jar;C:\Users\ho.hendy\.katalon\packages\Katalon_Studio_Windows_64-9.3.1\Katalon_Studio_Windows_64-9.3.1\plugins\com.kms.katalon.core.cucumber_1.0.0.202402280646.jar;C:\Users\ho.hendy\.katalon\packages\Katalon_Studio_Windows_64-9.3.1\Katalon_Studio_Windows_64-9.3.1\plugins\io.cucumber.core_3.0.2.jar;C:\Users\ho.hendy\.katalon\packages\Katalon_Studio_Windows_64-9.3.1\Katalon_Studio_Windows_64-9.3.1\plugins\io.cucumber.datatable_1.0.3.jar;C:\Users\ho.hendy\.katalon\packages\Katalon_Studio_Windows_64-9.3.1\Katalon_Studio_Windows_64-9.3.1\plugins\io.cucumber.datatable-dependencies_1.0.3.jar;C:\Users\ho.hendy\.katalon\packages\Katalon_Studio_Windows_64-9.3.1\Katalon_Studio_Windows_64-9.3.1\plugins\io.cucumber.expressions_5.0.19.jar;C:\Users\ho.hendy\.katalon\packages\Katalon_Studio_Windows_64-9.3.1\Katalon_Studio_Windows_64-9.3.1\plugins\io.cucumber.gherkin_5.0.0.jar;C:\Users\ho.hendy\.katalon\packages\Katalon_Studio_Windows_64-9.3.1\Katalon_Studio_Windows_64-9.3.1\plugins\io.cucumber.html_0.2.7.jar;C:\Users\ho.hendy\.katalon\packages\Katalon_Studio_Windows_64-9.3.1\Katalon_Studio_Windows_64-9.3.1\plugins\io.cucumber.java_3.0.2.jar;C:\Users\ho.hendy\.katalon\packages\Katalon_Studio_Windows_64-9.3.1\Katalon_Studio_Windows_64-9.3.1\plugins\io.cucumber.tag-expressions_1.1.1.jar;C:\Users\ho.hendy\.katalon\packages\Katalon_Studio_Windows_64-9.3.1\Katalon_Studio_Windows_64-9.3.1\plugins\io.cucumber.junit_3.0.2.jar;C:\Users\ho.hendy\.katalon\packages\Katalon_Studio_Windows_64-9.3.1\Katalon_Studio_Windows_64-9.3.1\plugins\com.kms.katalon.core.webservice_1.0.0.202402280646.jar;C:\Users\ho.hendy\.katalon\packages\Katalon_Studio_Windows_64-9.3.1\Katalon_Studio_Windows_64-9.3.1\plugins\wsdl4j_1.6.2.jar;C:\Users\ho.hendy\.katalon\packages\Katalon_Studio_Windows_64-9.3.1\Katalon_Studio_Windows_64-9.3.1\plugins\com.google.oauth-client.google-oauth-client_1.22.0.jar;C:\Users\ho.hendy\.katalon\packages\Katalon_Studio_Windows_64-9.3.1\Katalon_Studio_Windows_64-9.3.1\plugins\com.google.http-client.google-http-client_1.22.0.jar;C:\Users\ho.hendy\.katalon\packages\Katalon_Studio_Windows_64-9.3.1\Katalon_Studio_Windows_64-9.3.1\plugins\ca.juliusdavies.not-yet-commons-ssl_0.3.11.jar;C:\Users\ho.hendy\.katalon\packages\Katalon_Studio_Windows_64-9.3.1\Katalon_Studio_Windows_64-9.3.1\plugins\com.kms.katalon.preferences_1.0.0.202402280646.jar;C:\Users\ho.hendy\.katalon\packages\Katalon_Studio_Windows_64-9.3.1\Katalon_Studio_Windows_64-9.3.1\plugins\org.apache.xmlbeans_3.1.0.jar;C:\Users\ho.hendy\.katalon\packages\Katalon_Studio_Windows_64-9.3.1\Katalon_Studio_Windows_64-9.3.1\plugins\com.kms.katalon.entity_1.0.0.202402280646.jar;C:\Users\ho.hendy\.katalon\packages\Katalon_Studio_Windows_64-9.3.1\Katalon_Studio_Windows_64-9.3.1\plugins\org.antlr.antlr4-runtime_4.8.0.jar;C:\Users\ho.hendy\.katalon\packages\Katalon_Studio_Windows_64-9.3.1\Katalon_Studio_Windows_64-9.3.1\plugins\com.networknt.json-schema-validator_1.0.66.jar;C:\Users\ho.hendy\.katalon\packages\Katalon_Studio_Windows_64-9.3.1\Katalon_Studio_Windows_64-9.3.1\plugins\jakarta.xml.ws-api_2.3.3.jar;C:\Users\ho.hendy\.katalon\packages\Katalon_Studio_Windows_64-9.3.1\Katalon_Studio_Windows_64-9.3.1\plugins\javax.xml.soap-api_1.4.0.jar;C:\Users\ho.hendy\.katalon\packages\Katalon_Studio_Windows_64-9.3.1\Katalon_Studio_Windows_64-9.3.1\plugins\com.kms.katalon.core.windows_1.0.0.202402280646.jar;C:\Users\ho.hendy\.katalon\packages\Katalon_Studio_Windows_64-9.3.1\Katalon_Studio_Windows_64-9.3.1\plugins\com.kms.katalon.core.testng_1.0.0.202402280646.jar;C:\Users\ho.hendy\Katalon Studio\JM ORDER 3 (Marketing Officer)\Drivers\mssql-jdbc-12.6.1.jre11.jar;C:\Users\ho.hendy\Katalon Studio\JM ORDER 3 (Marketing Officer)\Drivers\postgresql-42.7.3.jar;C:\Users\ho.hendy\.katalon\packages\Katalon_Studio_Windows_64-9.3.1\Katalon_Studio_Windows_64-9.3.1\configuration\org.eclipse.osgi\27\0\.cp\resources\basic-report\katalon-studio-report-plugin.jar;C:\Users\ho.hendy\.katalon\packages\Katalon_Studio_Windows_64-9.3.1\Katalon_Studio_Windows_64-9.3.1\plugins\org.codehaus.groovy_3.0.17.v202303311542-e2303\lib\groovy-3.0.17-indy.jar;C:\Users\ho.hendy\.katalon\packages\Katalon_Studio_Windows_64-9.3.1\Katalon_Studio_Windows_64-9.3.1\plugins\org.codehaus.groovy_3.0.17.v202303311542-e2303\lib\ivy-2.5.1.jar --main groovy.ui.GroovyMain --encoding UTF-8 --indy C:\Users\ho.hendy\Katalon Studio\JM ORDER 3 (Marketing Officer)\Libs\TempTestSuite1718866764052.groovy

Host: 11th Gen Intel(R) Core(TM) i5-1135G7 @ 2.40GHz, 8 cores, 7G,  Windows 10 , 64 bit Build 19041 (10.0.19041.3636)
Time: Thu Jun 20 13:59:28 2024 SE Asia Standard Time elapsed time: 0.276911 seconds (0d 0h 0m 0s)

---------------  T H R E A D  ---------------

Current thread (0x000001a75a6010d0):  JavaThread "C2 CompilerThread0" daemon [_thread_in_native, id=6664, stack(0x0000000ef0600000,0x0000000ef0700000)]


Current CompileTask:
C2:    276  124       4       java.util.zip.ZipCoder$UTF8ZipCoder::checkedHash (91 bytes)

Stack: [0x0000000ef0600000,0x0000000ef0700000]
Native frames: (J=compiled Java code, j=interpreted, Vv=VM code, C=native code)
V  [jvm.dll+0x67754a]
V  [jvm.dll+0x834304]
V  [jvm.dll+0x835aae]
V  [jvm.dll+0x836113]
V  [jvm.dll+0x24696f]
V  [jvm.dll+0xac0ac]
V  [jvm.dll+0xac67c]
V  [jvm.dll+0x364e37]
V  [jvm.dll+0x32f6b1]
V  [jvm.dll+0x32eb5a]
V  [jvm.dll+0x219641]
V  [jvm.dll+0x218a61]
V  [jvm.dll+0x1a4d8d]
V  [jvm.dll+0x2284da]
V  [jvm.dll+0x226615]
V  [jvm.dll+0x7ea90b]
V  [jvm.dll+0x7e4e7a]
V  [jvm.dll+0x676395]
C  [ucrtbase.dll+0x21bb2]
C  [KERNEL32.DLL+0x17344]
C  [ntdll.dll+0x526b1]


---------------  P R O C E S S  ---------------

Threads class SMR info:
_java_thread_list=0x000001a75a8a16a0, length=11, elements={
0x000001a740527e00, 0x000001a75a5a7040, 0x000001a75a5a8910, 0x000001a75a5ec290,
0x000001a75a5ecc40, 0x000001a75a5ef600, 0x000001a75a5f34b0, 0x000001a75a6010d0,
0x000001a75a6019d0, 0x000001a75a6062e0, 0x000001a75a680880
}

Java Threads: ( => current thread )
  0x000001a740527e00 JavaThread "main" [_thread_in_vm, id=22208, stack(0x0000000eef900000,0x0000000eefa00000)]
  0x000001a75a5a7040 JavaThread "Reference Handler" daemon [_thread_blocked, id=15688, stack(0x0000000ef0000000,0x0000000ef0100000)]
  0x000001a75a5a8910 JavaThread "Finalizer" daemon [_thread_blocked, id=29240, stack(0x0000000ef0100000,0x0000000ef0200000)]
  0x000001a75a5ec290 JavaThread "Signal Dispatcher" daemon [_thread_blocked, id=33172, stack(0x0000000ef0200000,0x0000000ef0300000)]
  0x000001a75a5ecc40 JavaThread "Attach Listener" daemon [_thread_blocked, id=29608, stack(0x0000000ef0300000,0x0000000ef0400000)]
  0x000001a75a5ef600 JavaThread "Service Thread" daemon [_thread_blocked, id=32320, stack(0x0000000ef0400000,0x0000000ef0500000)]
  0x000001a75a5f34b0 JavaThread "Monitor Deflation Thread" daemon [_thread_blocked, id=26180, stack(0x0000000ef0500000,0x0000000ef0600000)]
=>0x000001a75a6010d0 JavaThread "C2 CompilerThread0" daemon [_thread_in_native, id=6664, stack(0x0000000ef0600000,0x0000000ef0700000)]
  0x000001a75a6019d0 JavaThread "C1 CompilerThread0" daemon [_thread_blocked, id=38028, stack(0x0000000ef0700000,0x0000000ef0800000)]
  0x000001a75a6062e0 JavaThread "Sweeper thread" daemon [_thread_blocked, id=19628, stack(0x0000000ef0800000,0x0000000ef0900000)]
  0x000001a75a680880 JavaThread "Common-Cleaner" daemon [_thread_blocked, id=13600, stack(0x0000000ef0900000,0x0000000ef0a00000)]

Other Threads:
  0x000001a757c471f0 VMThread "VM Thread" [stack: 0x0000000eeff00000,0x0000000ef0000000] [id=17420]
  0x000001a757aa60b0 GCTaskThread "GC Thread#0" [stack: 0x0000000eefa00000,0x0000000eefb00000] [id=11268]
  0x000001a757ab7690 ConcurrentGCThread "G1 Main Marker" [stack: 0x0000000eefb00000,0x0000000eefc00000] [id=2036]
  0x000001a757ab8420 ConcurrentGCThread "G1 Conc#0" [stack: 0x0000000eefc00000,0x0000000eefd00000] [id=21524]
  0x000001a757b705e0 ConcurrentGCThread "G1 Refine#0" [stack: 0x0000000eefd00000,0x0000000eefe00000] [id=10488]
  0x000001a757b71f10 ConcurrentGCThread "G1 Service" [stack: 0x0000000eefe00000,0x0000000eeff00000] [id=7736]

Threads with active compile tasks:
C2 CompilerThread0      465  124       4       java.util.zip.ZipCoder$UTF8ZipCoder::checkedHash (91 bytes)

VM state: not at safepoint (normal execution)

VM Mutex/Monitor currently owned by a thread: None

Heap address: 0x0000000080000000, size: 2048 MB, Compressed Oops mode: 32-bit

CDS archive(s) not mapped
Compressed class space mapped at: 0x0000000100000000-0x0000000140000000, reserved size: 1073741824
Narrow klass base: 0x0000000000000000, Narrow klass shift: 3, Narrow klass range: 0x140000000

GC Precious Log:
 CPUs: 8 total, 8 available
 Memory: 7890M
 Large Page Support: Disabled
 NUMA Support: Disabled
 Compressed Oops: Enabled (32-bit)
 Heap Region Size: 1M
 Heap Min Capacity: 8M
 Heap Initial Capacity: 124M
 Heap Max Capacity: 2G
 Pre-touch: Disabled
 Parallel Workers: 8
 Concurrent Workers: 2
 Concurrent Refinement Workers: 8
 Periodic GC: Disabled

Heap:
 garbage-first heap   total 126976K, used 2048K [0x0000000080000000, 0x0000000100000000)
  region size 1024K, 3 young (3072K), 0 survivors (0K)
 Metaspace       used 4497K, committed 4544K, reserved 1114112K
  class space    used 371K, committed 384K, reserved 1048576K

Heap Regions: E=young(eden), S=young(survivor), O=old, HS=humongous(starts), HC=humongous(continues), CS=collection set, F=free, OA=open archive, CA=closed archive, TAMS=top-at-mark-start (previous, next)
|   0|0x0000000080000000, 0x0000000080000000, 0x0000000080100000|  0%| F|  |TAMS 0x0000000080000000, 0x0000000080000000| Untracked 
|   1|0x0000000080100000, 0x0000000080100000, 0x0000000080200000|  0%| F|  |TAMS 0x0000000080100000, 0x0000000080100000| Untracked 
|   2|0x0000000080200000, 0x0000000080200000, 0x0000000080300000|  0%| F|  |TAMS 0x0000000080200000, 0x0000000080200000| Untracked 
|   3|0x0000000080300000, 0x0000000080300000, 0x0000000080400000|  0%| F|  |TAMS 0x0000000080300000, 0x0000000080300000| Untracked 
|   4|0x0000000080400000, 0x0000000080400000, 0x0000000080500000|  0%| F|  |TAMS 0x0000000080400000, 0x0000000080400000| Untracked 
|   5|0x0000000080500000, 0x0000000080500000, 0x0000000080600000|  0%| F|  |TAMS 0x0000000080500000, 0x0000000080500000| Untracked 
|   6|0x0000000080600000, 0x0000000080600000, 0x0000000080700000|  0%| F|  |TAMS 0x0000000080600000, 0x0000000080600000| Untracked 
|   7|0x0000000080700000, 0x0000000080700000, 0x0000000080800000|  0%| F|  |TAMS 0x0000000080700000, 0x0000000080700000| Untracked 
|   8|0x0000000080800000, 0x0000000080800000, 0x0000000080900000|  0%| F|  |TAMS 0x0000000080800000, 0x0000000080800000| Untracked 
|   9|0x0000000080900000, 0x0000000080900000, 0x0000000080a00000|  0%| F|  |TAMS 0x0000000080900000, 0x0000000080900000| Untracked 
|  10|0x0000000080a00000, 0x0000000080a00000, 0x0000000080b00000|  0%| F|  |TAMS 0x0000000080a00000, 0x0000000080a00000| Untracked 
|  11|0x0000000080b00000, 0x0000000080b00000, 0x0000000080c00000|  0%| F|  |TAMS 0x0000000080b00000, 0x0000000080b00000| Untracked 
|  12|0x0000000080c00000, 0x0000000080c00000, 0x0000000080d00000|  0%| F|  |TAMS 0x0000000080c00000, 0x0000000080c00000| Untracked 
|  13|0x0000000080d00000, 0x0000000080d00000, 0x0000000080e00000|  0%| F|  |TAMS 0x0000000080d00000, 0x0000000080d00000| Untracked 
|  14|0x0000000080e00000, 0x0000000080e00000, 0x0000000080f00000|  0%| F|  |TAMS 0x0000000080e00000, 0x0000000080e00000| Untracked 
|  15|0x0000000080f00000, 0x0000000080f00000, 0x0000000081000000|  0%| F|  |TAMS 0x0000000080f00000, 0x0000000080f00000| Untracked 
|  16|0x0000000081000000, 0x0000000081000000, 0x0000000081100000|  0%| F|  |TAMS 0x0000000081000000, 0x0000000081000000| Untracked 
|  17|0x0000000081100000, 0x0000000081100000, 0x0000000081200000|  0%| F|  |TAMS 0x0000000081100000, 0x0000000081100000| Untracked 
|  18|0x0000000081200000, 0x0000000081200000, 0x0000000081300000|  0%| F|  |TAMS 0x0000000081200000, 0x0000000081200000| Untracked 
|  19|0x0000000081300000, 0x0000000081300000, 0x0000000081400000|  0%| F|  |TAMS 0x0000000081300000, 0x0000000081300000| Untracked 
|  20|0x0000000081400000, 0x0000000081400000, 0x0000000081500000|  0%| F|  |TAMS 0x0000000081400000, 0x0000000081400000| Untracked 
|  21|0x0000000081500000, 0x0000000081500000, 0x0000000081600000|  0%| F|  |TAMS 0x0000000081500000, 0x0000000081500000| Untracked 
|  22|0x0000000081600000, 0x0000000081600000, 0x0000000081700000|  0%| F|  |TAMS 0x0000000081600000, 0x0000000081600000| Untracked 
|  23|0x0000000081700000, 0x0000000081700000, 0x0000000081800000|  0%| F|  |TAMS 0x0000000081700000, 0x0000000081700000| Untracked 
|  24|0x0000000081800000, 0x0000000081800000, 0x0000000081900000|  0%| F|  |TAMS 0x0000000081800000, 0x0000000081800000| Untracked 
|  25|0x0000000081900000, 0x0000000081900000, 0x0000000081a00000|  0%| F|  |TAMS 0x0000000081900000, 0x0000000081900000| Untracked 
|  26|0x0000000081a00000, 0x0000000081a00000, 0x0000000081b00000|  0%| F|  |TAMS 0x0000000081a00000, 0x0000000081a00000| Untracked 
|  27|0x0000000081b00000, 0x0000000081b00000, 0x0000000081c00000|  0%| F|  |TAMS 0x0000000081b00000, 0x0000000081b00000| Untracked 
|  28|0x0000000081c00000, 0x0000000081c00000, 0x0000000081d00000|  0%| F|  |TAMS 0x0000000081c00000, 0x0000000081c00000| Untracked 
|  29|0x0000000081d00000, 0x0000000081d00000, 0x0000000081e00000|  0%| F|  |TAMS 0x0000000081d00000, 0x0000000081d00000| Untracked 
|  30|0x0000000081e00000, 0x0000000081e00000, 0x0000000081f00000|  0%| F|  |TAMS 0x0000000081e00000, 0x0000000081e00000| Untracked 
|  31|0x0000000081f00000, 0x0000000081f00000, 0x0000000082000000|  0%| F|  |TAMS 0x0000000081f00000, 0x0000000081f00000| Untracked 
|  32|0x0000000082000000, 0x0000000082000000, 0x0000000082100000|  0%| F|  |TAMS 0x0000000082000000, 0x0000000082000000| Untracked 
|  33|0x0000000082100000, 0x0000000082100000, 0x0000000082200000|  0%| F|  |TAMS 0x0000000082100000, 0x0000000082100000| Untracked 
|  34|0x0000000082200000, 0x0000000082200000, 0x0000000082300000|  0%| F|  |TAMS 0x0000000082200000, 0x0000000082200000| Untracked 
|  35|0x0000000082300000, 0x0000000082300000, 0x0000000082400000|  0%| F|  |TAMS 0x0000000082300000, 0x0000000082300000| Untracked 
|  36|0x0000000082400000, 0x0000000082400000, 0x0000000082500000|  0%| F|  |TAMS 0x0000000082400000, 0x0000000082400000| Untracked 
|  37|0x0000000082500000, 0x0000000082500000, 0x0000000082600000|  0%| F|  |TAMS 0x0000000082500000, 0x0000000082500000| Untracked 
|  38|0x0000000082600000, 0x0000000082600000, 0x0000000082700000|  0%| F|  |TAMS 0x0000000082600000, 0x0000000082600000| Untracked 
|  39|0x0000000082700000, 0x0000000082700000, 0x0000000082800000|  0%| F|  |TAMS 0x0000000082700000, 0x0000000082700000| Untracked 
|  40|0x0000000082800000, 0x0000000082800000, 0x0000000082900000|  0%| F|  |TAMS 0x0000000082800000, 0x0000000082800000| Untracked 
|  41|0x0000000082900000, 0x0000000082900000, 0x0000000082a00000|  0%| F|  |TAMS 0x0000000082900000, 0x0000000082900000| Untracked 
|  42|0x0000000082a00000, 0x0000000082a00000, 0x0000000082b00000|  0%| F|  |TAMS 0x0000000082a00000, 0x0000000082a00000| Untracked 
|  43|0x0000000082b00000, 0x0000000082b00000, 0x0000000082c00000|  0%| F|  |TAMS 0x0000000082b00000, 0x0000000082b00000| Untracked 
|  44|0x0000000082c00000, 0x0000000082c00000, 0x0000000082d00000|  0%| F|  |TAMS 0x0000000082c00000, 0x0000000082c00000| Untracked 
|  45|0x0000000082d00000, 0x0000000082d00000, 0x0000000082e00000|  0%| F|  |TAMS 0x0000000082d00000, 0x0000000082d00000| Untracked 
|  46|0x0000000082e00000, 0x0000000082e00000, 0x0000000082f00000|  0%| F|  |TAMS 0x0000000082e00000, 0x0000000082e00000| Untracked 
|  47|0x0000000082f00000, 0x0000000082f00000, 0x0000000083000000|  0%| F|  |TAMS 0x0000000082f00000, 0x0000000082f00000| Untracked 
|  48|0x0000000083000000, 0x0000000083000000, 0x0000000083100000|  0%| F|  |TAMS 0x0000000083000000, 0x0000000083000000| Untracked 
|  49|0x0000000083100000, 0x0000000083100000, 0x0000000083200000|  0%| F|  |TAMS 0x0000000083100000, 0x0000000083100000| Untracked 
|  50|0x0000000083200000, 0x0000000083200000, 0x0000000083300000|  0%| F|  |TAMS 0x0000000083200000, 0x0000000083200000| Untracked 
|  51|0x0000000083300000, 0x0000000083300000, 0x0000000083400000|  0%| F|  |TAMS 0x0000000083300000, 0x0000000083300000| Untracked 
|  52|0x0000000083400000, 0x0000000083400000, 0x0000000083500000|  0%| F|  |TAMS 0x0000000083400000, 0x0000000083400000| Untracked 
|  53|0x0000000083500000, 0x0000000083500000, 0x0000000083600000|  0%| F|  |TAMS 0x0000000083500000, 0x0000000083500000| Untracked 
|  54|0x0000000083600000, 0x0000000083600000, 0x0000000083700000|  0%| F|  |TAMS 0x0000000083600000, 0x0000000083600000| Untracked 
|  55|0x0000000083700000, 0x0000000083700000, 0x0000000083800000|  0%| F|  |TAMS 0x0000000083700000, 0x0000000083700000| Untracked 
|  56|0x0000000083800000, 0x0000000083800000, 0x0000000083900000|  0%| F|  |TAMS 0x0000000083800000, 0x0000000083800000| Untracked 
|  57|0x0000000083900000, 0x0000000083900000, 0x0000000083a00000|  0%| F|  |TAMS 0x0000000083900000, 0x0000000083900000| Untracked 
|  58|0x0000000083a00000, 0x0000000083a00000, 0x0000000083b00000|  0%| F|  |TAMS 0x0000000083a00000, 0x0000000083a00000| Untracked 
|  59|0x0000000083b00000, 0x0000000083b00000, 0x0000000083c00000|  0%| F|  |TAMS 0x0000000083b00000, 0x0000000083b00000| Untracked 
|  60|0x0000000083c00000, 0x0000000083c00000, 0x0000000083d00000|  0%| F|  |TAMS 0x0000000083c00000, 0x0000000083c00000| Untracked 
|  61|0x0000000083d00000, 0x0000000083d00000, 0x0000000083e00000|  0%| F|  |TAMS 0x0000000083d00000, 0x0000000083d00000| Untracked 
|  62|0x0000000083e00000, 0x0000000083e00000, 0x0000000083f00000|  0%| F|  |TAMS 0x0000000083e00000, 0x0000000083e00000| Untracked 
|  63|0x0000000083f00000, 0x0000000083f00000, 0x0000000084000000|  0%| F|  |TAMS 0x0000000083f00000, 0x0000000083f00000| Untracked 
|  64|0x0000000084000000, 0x0000000084000000, 0x0000000084100000|  0%| F|  |TAMS 0x0000000084000000, 0x0000000084000000| Untracked 
|  65|0x0000000084100000, 0x0000000084100000, 0x0000000084200000|  0%| F|  |TAMS 0x0000000084100000, 0x0000000084100000| Untracked 
|  66|0x0000000084200000, 0x0000000084200000, 0x0000000084300000|  0%| F|  |TAMS 0x0000000084200000, 0x0000000084200000| Untracked 
|  67|0x0000000084300000, 0x0000000084300000, 0x0000000084400000|  0%| F|  |TAMS 0x0000000084300000, 0x0000000084300000| Untracked 
|  68|0x0000000084400000, 0x0000000084400000, 0x0000000084500000|  0%| F|  |TAMS 0x0000000084400000, 0x0000000084400000| Untracked 
|  69|0x0000000084500000, 0x0000000084500000, 0x0000000084600000|  0%| F|  |TAMS 0x0000000084500000, 0x0000000084500000| Untracked 
|  70|0x0000000084600000, 0x0000000084600000, 0x0000000084700000|  0%| F|  |TAMS 0x0000000084600000, 0x0000000084600000| Untracked 
|  71|0x0000000084700000, 0x0000000084700000, 0x0000000084800000|  0%| F|  |TAMS 0x0000000084700000, 0x0000000084700000| Untracked 
|  72|0x0000000084800000, 0x0000000084800000, 0x0000000084900000|  0%| F|  |TAMS 0x0000000084800000, 0x0000000084800000| Untracked 
|  73|0x0000000084900000, 0x0000000084900000, 0x0000000084a00000|  0%| F|  |TAMS 0x0000000084900000, 0x0000000084900000| Untracked 
|  74|0x0000000084a00000, 0x0000000084a00000, 0x0000000084b00000|  0%| F|  |TAMS 0x0000000084a00000, 0x0000000084a00000| Untracked 
|  75|0x0000000084b00000, 0x0000000084b00000, 0x0000000084c00000|  0%| F|  |TAMS 0x0000000084b00000, 0x0000000084b00000| Untracked 
|  76|0x0000000084c00000, 0x0000000084c00000, 0x0000000084d00000|  0%| F|  |TAMS 0x0000000084c00000, 0x0000000084c00000| Untracked 
|  77|0x0000000084d00000, 0x0000000084d00000, 0x0000000084e00000|  0%| F|  |TAMS 0x0000000084d00000, 0x0000000084d00000| Untracked 
|  78|0x0000000084e00000, 0x0000000084e00000, 0x0000000084f00000|  0%| F|  |TAMS 0x0000000084e00000, 0x0000000084e00000| Untracked 
|  79|0x0000000084f00000, 0x0000000084f00000, 0x0000000085000000|  0%| F|  |TAMS 0x0000000084f00000, 0x0000000084f00000| Untracked 
|  80|0x0000000085000000, 0x0000000085000000, 0x0000000085100000|  0%| F|  |TAMS 0x0000000085000000, 0x0000000085000000| Untracked 
|  81|0x0000000085100000, 0x0000000085100000, 0x0000000085200000|  0%| F|  |TAMS 0x0000000085100000, 0x0000000085100000| Untracked 
|  82|0x0000000085200000, 0x0000000085200000, 0x0000000085300000|  0%| F|  |TAMS 0x0000000085200000, 0x0000000085200000| Untracked 
|  83|0x0000000085300000, 0x0000000085300000, 0x0000000085400000|  0%| F|  |TAMS 0x0000000085300000, 0x0000000085300000| Untracked 
|  84|0x0000000085400000, 0x0000000085400000, 0x0000000085500000|  0%| F|  |TAMS 0x0000000085400000, 0x0000000085400000| Untracked 
|  85|0x0000000085500000, 0x0000000085500000, 0x0000000085600000|  0%| F|  |TAMS 0x0000000085500000, 0x0000000085500000| Untracked 
|  86|0x0000000085600000, 0x0000000085600000, 0x0000000085700000|  0%| F|  |TAMS 0x0000000085600000, 0x0000000085600000| Untracked 
|  87|0x0000000085700000, 0x0000000085700000, 0x0000000085800000|  0%| F|  |TAMS 0x0000000085700000, 0x0000000085700000| Untracked 
|  88|0x0000000085800000, 0x0000000085800000, 0x0000000085900000|  0%| F|  |TAMS 0x0000000085800000, 0x0000000085800000| Untracked 
|  89|0x0000000085900000, 0x0000000085900000, 0x0000000085a00000|  0%| F|  |TAMS 0x0000000085900000, 0x0000000085900000| Untracked 
|  90|0x0000000085a00000, 0x0000000085a00000, 0x0000000085b00000|  0%| F|  |TAMS 0x0000000085a00000, 0x0000000085a00000| Untracked 
|  91|0x0000000085b00000, 0x0000000085b00000, 0x0000000085c00000|  0%| F|  |TAMS 0x0000000085b00000, 0x0000000085b00000| Untracked 
|  92|0x0000000085c00000, 0x0000000085c00000, 0x0000000085d00000|  0%| F|  |TAMS 0x0000000085c00000, 0x0000000085c00000| Untracked 
|  93|0x0000000085d00000, 0x0000000085d00000, 0x0000000085e00000|  0%| F|  |TAMS 0x0000000085d00000, 0x0000000085d00000| Untracked 
|  94|0x0000000085e00000, 0x0000000085e00000, 0x0000000085f00000|  0%| F|  |TAMS 0x0000000085e00000, 0x0000000085e00000| Untracked 
|  95|0x0000000085f00000, 0x0000000085f00000, 0x0000000086000000|  0%| F|  |TAMS 0x0000000085f00000, 0x0000000085f00000| Untracked 
|  96|0x0000000086000000, 0x0000000086000000, 0x0000000086100000|  0%| F|  |TAMS 0x0000000086000000, 0x0000000086000000| Untracked 
|  97|0x0000000086100000, 0x0000000086100000, 0x0000000086200000|  0%| F|  |TAMS 0x0000000086100000, 0x0000000086100000| Untracked 
|  98|0x0000000086200000, 0x0000000086200000, 0x0000000086300000|  0%| F|  |TAMS 0x0000000086200000, 0x0000000086200000| Untracked 
|  99|0x0000000086300000, 0x0000000086300000, 0x0000000086400000|  0%| F|  |TAMS 0x0000000086300000, 0x0000000086300000| Untracked 
| 100|0x0000000086400000, 0x0000000086400000, 0x0000000086500000|  0%| F|  |TAMS 0x0000000086400000, 0x0000000086400000| Untracked 
| 101|0x0000000086500000, 0x0000000086500000, 0x0000000086600000|  0%| F|  |TAMS 0x0000000086500000, 0x0000000086500000| Untracked 
| 102|0x0000000086600000, 0x0000000086600000, 0x0000000086700000|  0%| F|  |TAMS 0x0000000086600000, 0x0000000086600000| Untracked 
| 103|0x0000000086700000, 0x0000000086700000, 0x0000000086800000|  0%| F|  |TAMS 0x0000000086700000, 0x0000000086700000| Untracked 
| 104|0x0000000086800000, 0x0000000086800000, 0x0000000086900000|  0%| F|  |TAMS 0x0000000086800000, 0x0000000086800000| Untracked 
| 105|0x0000000086900000, 0x0000000086900000, 0x0000000086a00000|  0%| F|  |TAMS 0x0000000086900000, 0x0000000086900000| Untracked 
| 106|0x0000000086a00000, 0x0000000086a00000, 0x0000000086b00000|  0%| F|  |TAMS 0x0000000086a00000, 0x0000000086a00000| Untracked 
| 107|0x0000000086b00000, 0x0000000086b00000, 0x0000000086c00000|  0%| F|  |TAMS 0x0000000086b00000, 0x0000000086b00000| Untracked 
| 108|0x0000000086c00000, 0x0000000086c00000, 0x0000000086d00000|  0%| F|  |TAMS 0x0000000086c00000, 0x0000000086c00000| Untracked 
| 109|0x0000000086d00000, 0x0000000086d00000, 0x0000000086e00000|  0%| F|  |TAMS 0x0000000086d00000, 0x0000000086d00000| Untracked 
| 110|0x0000000086e00000, 0x0000000086e00000, 0x0000000086f00000|  0%| F|  |TAMS 0x0000000086e00000, 0x0000000086e00000| Untracked 
| 111|0x0000000086f00000, 0x0000000086f00000, 0x0000000087000000|  0%| F|  |TAMS 0x0000000086f00000, 0x0000000086f00000| Untracked 
| 112|0x0000000087000000, 0x0000000087000000, 0x0000000087100000|  0%| F|  |TAMS 0x0000000087000000, 0x0000000087000000| Untracked 
| 113|0x0000000087100000, 0x0000000087100000, 0x0000000087200000|  0%| F|  |TAMS 0x0000000087100000, 0x0000000087100000| Untracked 
| 114|0x0000000087200000, 0x0000000087200000, 0x0000000087300000|  0%| F|  |TAMS 0x0000000087200000, 0x0000000087200000| Untracked 
| 115|0x0000000087300000, 0x0000000087300000, 0x0000000087400000|  0%| F|  |TAMS 0x0000000087300000, 0x0000000087300000| Untracked 
| 116|0x0000000087400000, 0x0000000087400000, 0x0000000087500000|  0%| F|  |TAMS 0x0000000087400000, 0x0000000087400000| Untracked 
| 117|0x0000000087500000, 0x0000000087500000, 0x0000000087600000|  0%| F|  |TAMS 0x0000000087500000, 0x0000000087500000| Untracked 
| 118|0x0000000087600000, 0x0000000087600000, 0x0000000087700000|  0%| F|  |TAMS 0x0000000087600000, 0x0000000087600000| Untracked 
| 119|0x0000000087700000, 0x0000000087700000, 0x0000000087800000|  0%| F|  |TAMS 0x0000000087700000, 0x0000000087700000| Untracked 
| 120|0x0000000087800000, 0x0000000087800000, 0x0000000087900000|  0%| F|  |TAMS 0x0000000087800000, 0x0000000087800000| Untracked 
| 121|0x0000000087900000, 0x000000008799b998, 0x0000000087a00000| 60%| E|  |TAMS 0x0000000087900000, 0x0000000087900000| Complete 
| 122|0x0000000087a00000, 0x0000000087b00000, 0x0000000087b00000|100%| E|CS|TAMS 0x0000000087a00000, 0x0000000087a00000| Complete 
| 123|0x0000000087b00000, 0x0000000087c00000, 0x0000000087c00000|100%| E|CS|TAMS 0x0000000087b00000, 0x0000000087b00000| Complete 

Card table byte_map: [0x000001a753280000,0x000001a753680000] _byte_map_base: 0x000001a752e80000

Marking Bits (Prev, Next): (CMBitMap*) 0x000001a757aa65c0, (CMBitMap*) 0x000001a757aa6600
 Prev Bits: [0x000001a753a80000, 0x000001a755a80000)
 Next Bits: [0x000001a755a80000, 0x000001a757a80000)

Polling page: 0x000001a73fc60000

Metaspace:

Usage:
  Non-class:      4.03 MB used.
      Class:    371.53 KB used.
       Both:      4.39 MB used.

Virtual space:
  Non-class space:       64.00 MB reserved,       4.06 MB (  6%) committed,  1 nodes.
      Class space:        1.00 GB reserved,     384.00 KB ( <1%) committed,  1 nodes.
             Both:        1.06 GB reserved,       4.44 MB ( <1%) committed. 

Chunk freelists:
   Non-Class:  11.00 MB
       Class:  15.62 MB
        Both:  26.62 MB

MaxMetaspaceSize: unlimited
CompressedClassSpaceSize: 1.00 GB
Initial GC threshold: 21.00 MB
Current GC threshold: 21.00 MB
CDS: off
MetaspaceReclaimPolicy: balanced
 - commit_granule_bytes: 65536.
 - commit_granule_words: 8192.
 - virtual_space_node_default_size: 8388608.
 - enlarge_chunks_in_place: 1.
 - new_chunks_are_fully_committed: 0.
 - uncommit_free_chunks: 1.
 - use_allocation_guard: 0.
 - handle_deallocations: 1.


Internal statistics:

num_allocs_failed_limit: 0.
num_arena_births: 2.
num_arena_deaths: 0.
num_vsnodes_births: 2.
num_vsnodes_deaths: 0.
num_space_committed: 71.
num_space_uncommitted: 0.
num_chunks_returned_to_freelist: 0.
num_chunks_taken_from_freelist: 5.
num_chunk_merges: 0.
num_chunk_splits: 3.
num_chunks_enlarged: 0.
num_inconsistent_stats: 0.

CodeHeap 'non-profiled nmethods': size=120000Kb used=23Kb max_used=23Kb free=119976Kb
 bounds [0x000001a74b620000, 0x000001a74b890000, 0x000001a752b50000]
CodeHeap 'profiled nmethods': size=120000Kb used=196Kb max_used=196Kb free=119803Kb
 bounds [0x000001a743b50000, 0x000001a743dc0000, 0x000001a74b080000]
CodeHeap 'non-nmethods': size=5760Kb used=1065Kb max_used=1071Kb free=4694Kb
 bounds [0x000001a74b080000, 0x000001a74b2f0000, 0x000001a74b620000]
 total_blobs=438 nmethods=123 adapters=228
 compilation: enabled
              stopped_count=0, restarted_count=0
 full_count=0

Compilation events (20 events):
Event: 0.267 Thread 0x000001a75a6019d0 nmethod 114 0x000001a743b7dd10 code [0x000001a743b7dea0, 0x000001a743b7e058]
Event: 0.267 Thread 0x000001a75a6019d0  115       3       java.util.zip.ZipFile$Source::zipCoderForPos (39 bytes)
Event: 0.267 Thread 0x000001a75a6019d0 nmethod 115 0x000001a743b7e190 code [0x000001a743b7e360, 0x000001a743b7e748]
Event: 0.270 Thread 0x000001a75a6019d0  116       3       sun.nio.fs.WindowsPathParser::isSlash (18 bytes)
Event: 0.271 Thread 0x000001a75a6019d0 nmethod 116 0x000001a743b7e910 code [0x000001a743b7eaa0, 0x000001a743b7ec18]
Event: 0.271 Thread 0x000001a75a6019d0  118       3       java.lang.CharacterDataLatin1::getProperties (11 bytes)
Event: 0.271 Thread 0x000001a75a6019d0 nmethod 118 0x000001a743b7ec90 code [0x000001a743b7ee20, 0x000001a743b7ef58]
Event: 0.271 Thread 0x000001a75a6019d0  117       3       sun.nio.fs.WindowsPathParser::isInvalidPathChar (22 bytes)
Event: 0.271 Thread 0x000001a75a6019d0 nmethod 117 0x000001a743b7f010 code [0x000001a743b7f1e0, 0x000001a743b7f528]
Event: 0.271 Thread 0x000001a75a6019d0  119       3       java.util.zip.ZipUtils::CENCOM (9 bytes)
Event: 0.271 Thread 0x000001a75a6019d0 nmethod 119 0x000001a743b7f690 code [0x000001a743b7f820, 0x000001a743b7f9d8]
Event: 0.271 Thread 0x000001a75a6019d0  120       3       java.util.zip.ZipUtils::CENEXT (9 bytes)
Event: 0.272 Thread 0x000001a75a6019d0 nmethod 120 0x000001a743b7fb10 code [0x000001a743b7fca0, 0x000001a743b7fe58]
Event: 0.272 Thread 0x000001a75a6019d0  121       3       java.util.zip.ZipFile$Source::isMetaName (141 bytes)
Event: 0.272 Thread 0x000001a75a6019d0 nmethod 121 0x000001a743b7ff90 code [0x000001a743b80140, 0x000001a743b80658]
Event: 0.272 Thread 0x000001a75a6019d0  122       3       java.util.zip.ZipFile$Source::nextEntryPos (22 bytes)
Event: 0.272 Thread 0x000001a75a6019d0 nmethod 122 0x000001a743b80810 code [0x000001a743b809c0, 0x000001a743b80cf8]
Event: 0.272 Thread 0x000001a75a6019d0  123       3       java.lang.CharacterDataLatin1::toLowerCase (39 bytes)
Event: 0.272 Thread 0x000001a75a6019d0 nmethod 123 0x000001a743b80e90 code [0x000001a743b81040, 0x000001a743b81278]
Event: 0.273 Thread 0x000001a75a6010d0  124       4       java.util.zip.ZipCoder$UTF8ZipCoder::checkedHash (91 bytes)

GC Heap History (0 events):
No events

Dll operation events (4 events):
Event: 0.028 Loaded shared library C:\Users\ho.hendy\.katalon\packages\Katalon_Studio_Windows_64-9.3.1\Katalon_Studio_Windows_64-9.3.1\jre\bin\java.dll
Event: 0.259 Loaded shared library C:\Users\ho.hendy\.katalon\packages\Katalon_Studio_Windows_64-9.3.1\Katalon_Studio_Windows_64-9.3.1\jre\bin\net.dll
Event: 0.262 Loaded shared library C:\Users\ho.hendy\.katalon\packages\Katalon_Studio_Windows_64-9.3.1\Katalon_Studio_Windows_64-9.3.1\jre\bin\nio.dll
Event: 0.270 Loaded shared library C:\Users\ho.hendy\.katalon\packages\Katalon_Studio_Windows_64-9.3.1\Katalon_Studio_Windows_64-9.3.1\jre\bin\zip.dll

Deoptimization events (10 events):
Event: 0.202 Thread 0x000001a740527e00 DEOPT PACKING pc=0x000001a743b59767 sp=0x0000000eef9fe020
Event: 0.202 Thread 0x000001a740527e00 DEOPT UNPACKING pc=0x000001a74b0dace3 sp=0x0000000eef9fd440 mode 0
Event: 0.213 Thread 0x000001a740527e00 DEOPT PACKING pc=0x000001a743b574d1 sp=0x0000000eef9fdfe0
Event: 0.213 Thread 0x000001a740527e00 DEOPT UNPACKING pc=0x000001a74b0dace3 sp=0x0000000eef9fd458 mode 0
Event: 0.240 Thread 0x000001a740527e00 Uncommon trap: trap_request=0xffffff45 fr.pc=0x000001a74b622984 relative=0x0000000000000184
Event: 0.240 Thread 0x000001a740527e00 Uncommon trap: reason=unstable_if action=reinterpret pc=0x000001a74b622984 method=java.lang.StringLatin1.indexOfChar([BIII)I @ 19 c2
Event: 0.240 Thread 0x000001a740527e00 DEOPT PACKING pc=0x000001a74b622984 sp=0x0000000eef9fdd80
Event: 0.240 Thread 0x000001a740527e00 DEOPT UNPACKING pc=0x000001a74b0da1a3 sp=0x0000000eef9fdcf8 mode 2
Event: 0.254 Thread 0x000001a740527e00 DEOPT PACKING pc=0x000001a743b76bd1 sp=0x0000000eef9fbcc0
Event: 0.254 Thread 0x000001a740527e00 DEOPT UNPACKING pc=0x000001a74b0dace3 sp=0x0000000eef9fb138 mode 0

Classes unloaded (0 events):
No events

Classes redefined (0 events):
No events

Internal exceptions (0 events):
No events

VM Operations (0 events):
No events

Events (20 events):
Event: 0.268 loading class java/util/jar/JarFile$JarFileEntry
Event: 0.268 loading class java/util/jar/JarEntry
Event: 0.268 loading class java/util/zip/ZipEntry
Event: 0.268 loading class java/util/zip/ZipEntry done
Event: 0.268 loading class java/util/jar/JarEntry done
Event: 0.268 loading class java/util/jar/JarFile$JarFileEntry done
Event: 0.268 loading class java/util/zip/ZipFile$ZipFileInputStream
Event: 0.268 loading class java/util/zip/ZipFile$ZipFileInputStream done
Event: 0.268 loading class java/util/zip/ZipFile$ZipFileInflaterInputStream
Event: 0.268 loading class java/util/zip/InflaterInputStream
Event: 0.268 loading class java/util/zip/InflaterInputStream done
Event: 0.268 loading class java/util/zip/ZipFile$ZipFileInflaterInputStream done
Event: 0.268 loading class java/util/zip/Inflater
Event: 0.269 loading class java/util/zip/Inflater done
Event: 0.270 loading class java/util/zip/Inflater$InflaterZStreamRef
Event: 0.270 loading class java/util/zip/Inflater$InflaterZStreamRef done
Event: 0.270 loading class java/util/zip/ZipFile$InflaterCleanupAction
Event: 0.270 loading class java/util/zip/ZipFile$InflaterCleanupAction done
Event: 0.274 loading class java/util/TreeSet
Event: 0.274 loading class java/util/NavigableSet


Dynamic libraries:
0x00007ff6407c0000 - 0x00007ff6407ce000 	C:\Users\ho.hendy\.katalon\packages\Katalon_Studio_Windows_64-9.3.1\Katalon_Studio_Windows_64-9.3.1\jre\bin\javaw.exe
0x00007fff28510000 - 0x00007fff28708000 	C:\Windows\SYSTEM32\ntdll.dll
0x00007fff26640000 - 0x00007fff266fd000 	C:\Windows\System32\KERNEL32.DLL
0x00007fff25c40000 - 0x00007fff25f36000 	C:\Windows\System32\KERNELBASE.dll
0x00007fff26060000 - 0x00007fff26160000 	C:\Windows\System32\ucrtbase.dll
0x00007fff0ccd0000 - 0x00007fff0cce9000 	C:\Users\ho.hendy\.katalon\packages\Katalon_Studio_Windows_64-9.3.1\Katalon_Studio_Windows_64-9.3.1\jre\bin\VCRUNTIME140.dll
0x00007fff0cc20000 - 0x00007fff0cc37000 	C:\Users\ho.hendy\.katalon\packages\Katalon_Studio_Windows_64-9.3.1\Katalon_Studio_Windows_64-9.3.1\jre\bin\jli.dll
0x00007fff26700000 - 0x00007fff2689f000 	C:\Windows\System32\USER32.dll
0x00007fff25c10000 - 0x00007fff25c32000 	C:\Windows\System32\win32u.dll
0x00007fff26540000 - 0x00007fff2656b000 	C:\Windows\System32\GDI32.dll
0x00007fff25f40000 - 0x00007fff26057000 	C:\Windows\System32\gdi32full.dll
0x00007fff26160000 - 0x00007fff261fd000 	C:\Windows\System32\msvcp_win.dll
0x00007fff0bde0000 - 0x00007fff0c07a000 	C:\Windows\WinSxS\amd64_microsoft.windows.common-controls_6595b64144ccf1df_6.0.19041.4355_none_60b8b9eb71f62e16\COMCTL32.dll
0x00007fff26f20000 - 0x00007fff26fbe000 	C:\Windows\System32\msvcrt.dll
0x00007fff27de0000 - 0x00007fff27e12000 	C:\Windows\System32\IMM32.DLL
0x00007fff15eb0000 - 0x00007fff160b2000 	C:\Windows\system32\tmumh\20019\AddOn\8.55.0.1288\TmUmEvt64.dll
0x00007fff281e0000 - 0x00007fff281e8000 	C:\Windows\System32\PSAPI.DLL
0x00007fff26fc0000 - 0x00007fff27070000 	C:\Windows\System32\ADVAPI32.dll
0x00007fff27cb0000 - 0x00007fff27d50000 	C:\Windows\System32\sechost.dll
0x00007fff27200000 - 0x00007fff27323000 	C:\Windows\System32\RPCRT4.dll
0x00007fff263d0000 - 0x00007fff263f7000 	C:\Windows\System32\bcrypt.dll
0x000000005a5b0000 - 0x000000005a747000 	C:\Windows\system32\tmumh\20019\TmMon\2.9.0.1084\tmmon64.dll
0x00007ffef6720000 - 0x00007ffef6a5e000 	C:\Windows\System32\TmLWE\TmUmSnsr64\1.0.0.1132\TmUmSnsr64.dll
0x00007fff23fd0000 - 0x00007fff23fe2000 	C:\Windows\SYSTEM32\kernel.appcore.dll
0x00007fff0c990000 - 0x00007fff0c99c000 	C:\Users\ho.hendy\.katalon\packages\Katalon_Studio_Windows_64-9.3.1\Katalon_Studio_Windows_64-9.3.1\jre\bin\vcruntime140_1.dll
0x00007fff01820000 - 0x00007fff018b1000 	C:\Users\ho.hendy\.katalon\packages\Katalon_Studio_Windows_64-9.3.1\Katalon_Studio_Windows_64-9.3.1\jre\bin\msvcp140.dll
0x00007ffebe970000 - 0x00007ffebf5b8000 	C:\Users\ho.hendy\.katalon\packages\Katalon_Studio_Windows_64-9.3.1\Katalon_Studio_Windows_64-9.3.1\jre\bin\server\jvm.dll
0x00007ffefde90000 - 0x00007ffefde99000 	C:\Windows\SYSTEM32\WSOCK32.dll
0x00007fff27190000 - 0x00007fff271fb000 	C:\Windows\System32\WS2_32.dll
0x00007fff160f0000 - 0x00007fff16117000 	C:\Windows\SYSTEM32\WINMM.dll
0x00007fff234d0000 - 0x00007fff234da000 	C:\Windows\SYSTEM32\VERSION.dll
0x00007fff1c950000 - 0x00007fff1c95a000 	C:\Users\ho.hendy\.katalon\packages\Katalon_Studio_Windows_64-9.3.1\Katalon_Studio_Windows_64-9.3.1\jre\bin\jimage.dll
0x00007fff25540000 - 0x00007fff25724000 	C:\Windows\SYSTEM32\DBGHELP.DLL
0x00007fff0bda0000 - 0x00007fff0bdd4000 	C:\Windows\SYSTEM32\dbgcore.DLL
0x00007fff264b0000 - 0x00007fff26532000 	C:\Windows\System32\bcryptPrimitives.dll
0x00007fff032e0000 - 0x00007fff03305000 	C:\Users\ho.hendy\.katalon\packages\Katalon_Studio_Windows_64-9.3.1\Katalon_Studio_Windows_64-9.3.1\jre\bin\java.dll
0x00007fff1c930000 - 0x00007fff1c948000 	C:\Users\ho.hendy\.katalon\packages\Katalon_Studio_Windows_64-9.3.1\Katalon_Studio_Windows_64-9.3.1\jre\bin\zip.dll
0x00007fff27330000 - 0x00007fff27a9b000 	C:\Windows\System32\SHELL32.dll
0x00007fff22c40000 - 0x00007fff233dd000 	C:\Windows\SYSTEM32\windows.storage.dll
0x00007fff27e80000 - 0x00007fff281d3000 	C:\Windows\System32\combase.dll
0x00007fff24ee0000 - 0x00007fff24f0e000 	C:\Windows\SYSTEM32\Wldp.dll
0x00007fff26570000 - 0x00007fff2663d000 	C:\Windows\System32\OLEAUT32.dll
0x00007fff26e50000 - 0x00007fff26efd000 	C:\Windows\System32\SHCORE.dll
0x00007fff27130000 - 0x00007fff27185000 	C:\Windows\System32\shlwapi.dll
0x00007fff25af0000 - 0x00007fff25b14000 	C:\Windows\SYSTEM32\profapi.dll
0x00007fff1c4f0000 - 0x00007fff1c509000 	C:\Users\ho.hendy\.katalon\packages\Katalon_Studio_Windows_64-9.3.1\Katalon_Studio_Windows_64-9.3.1\jre\bin\net.dll
0x00007fff1ee50000 - 0x00007fff1ef5a000 	C:\Windows\SYSTEM32\WINHTTP.dll
0x00007fff24bf0000 - 0x00007fff24c5a000 	C:\Windows\system32\mswsock.dll
0x00007fff033a0000 - 0x00007fff033b5000 	C:\Users\ho.hendy\.katalon\packages\Katalon_Studio_Windows_64-9.3.1\Katalon_Studio_Windows_64-9.3.1\jre\bin\nio.dll

dbghelp: loaded successfully - version: 4.0.5 - missing functions: none
symbol engine: initialized successfully - sym options: 0x614 - pdb path: .;C:\Users\ho.hendy\.katalon\packages\Katalon_Studio_Windows_64-9.3.1\Katalon_Studio_Windows_64-9.3.1\jre\bin;C:\Windows\SYSTEM32;C:\Windows\WinSxS\amd64_microsoft.windows.common-controls_6595b64144ccf1df_6.0.19041.4355_none_60b8b9eb71f62e16;C:\Windows\system32\tmumh\20019\AddOn\8.55.0.1288;C:\Windows\system32\tmumh\20019\TmMon\2.9.0.1084;C:\Windows\System32\TmLWE\TmUmSnsr64\1.0.0.1132;C:\Users\ho.hendy\.katalon\packages\Katalon_Studio_Windows_64-9.3.1\Katalon_Studio_Windows_64-9.3.1\jre\bin\server

VM Arguments:
jvm_args: -Dgroovy.home=C:\Users\ho.hendy/.groovy -Djava.system.class.loader=groovy.lang.GroovyClassLoader -Xmx2048m -Dfile.encoding=UTF-8 -XX:+ShowCodeDetailsInExceptionMessages 
java_command: org.codehaus.groovy.tools.GroovyStarter --classpath C:\Users\ho.hendy\Katalon Studio\JM ORDER 3 (Marketing Officer)\bin\keyword;C:\Users\ho.hendy\Katalon Studio\JM ORDER 3 (Marketing Officer)\Keywords;C:\Users\ho.hendy\Katalon Studio\JM ORDER 3 (Marketing Officer)\bin\listener;C:\Users\ho.hendy\Katalon Studio\JM ORDER 3 (Marketing Officer)\Test Listeners;C:\Users\ho.hendy\Katalon Studio\JM ORDER 3 (Marketing Officer)\bin\lib;C:\Users\ho.hendy\Katalon Studio\JM ORDER 3 (Marketing Officer)\Libs;C:\Users\ho.hendy\Katalon Studio\JM ORDER 3 (Marketing Officer)\bin\groovy;C:\Users\ho.hendy\Katalon Studio\JM ORDER 3 (Marketing Officer)\Include\scripts\groovy;C:\Users\ho.hendy\.katalon\packages\Katalon_Studio_Windows_64-9.3.1\Katalon_Studio_Windows_64-9.3.1\plugins\com.kms.katalon.core_1.0.0.202402280646.jar;C:\Users\ho.hendy\.katalon\packages\Katalon_Studio_Windows_64-9.3.1\Katalon_Studio_Windows_64-9.3.1\configuration\resources\lib\aalto-xml-1.0.0.jar;C:\Users\ho.hendy\.katalon\packages\Katalon_Studio_Windows_64-9.3.1\Katalon_Studio_Windows_64-9.3.1\configuration\resources\lib\aspectjweaver-1.9.1.jar;C:\Users\ho.hendy\.katalon\packages\Katalon_Studio_Windows_64-9.3.1\Katalon_Studio_Windows_64-9.3.1\configuration\resources\lib\bcpkix-jdk15on-1.64.jar;C:\Users\ho.hendy\.katalon\packages\Katalon_Studio_Windows_64-9.3.1\Katalon_Studio_Windows_64-9.3.1\configuration\resources\lib\bcprov-jdk15on-1.64.jar;C:\Users\ho.hendy\.katalon\packages\Katalon_Studio_Windows_64-9.3.1\Katalon_Studio_Windows_64-9.3.1\configuration\resources\lib\browsermob-core-2.1.5.jar;C:\Users\ho.hendy\.katalon\packages\Katalon_Studio_Windows_64-9.3.1\Katalon_Studio_Windows_64-9.3.1\configuration\resources\lib\cglib-3.2.10.jar;C:\Users\ho.hendy\.katalon\packages\Katalon_Studio_Windows_64-9.3.1\Katalon_Studio_Windows_64-9.3.1\configuration\resources\lib\commons-codec-1.10.jar;C:\Users\ho.hendy\.katalon\packages\Katalon_Studio_Windows_64-9.3.1\Katalon_Studio_Windows_64-9.3.1\configuration\reso
java_class_path (initial): C:\Users\ho.hendy\Katalon Studio\JM ORDER 3 (Marketing Officer)\bin\keyword;C:\Users\ho.hendy\Katalon Studio\JM ORDER 3 (Marketing Officer)\bin\listener;C:\Users\ho.hendy\Katalon Studio\JM ORDER 3 (Marketing Officer)\bin\lib;C:\Users\ho.hendy\Katalon Studio\JM ORDER 3 (Marketing Officer)\bin\groovy;C:\Users\ho.hendy\Katalon Studio\JM ORDER 3 (Marketing Officer)\bin;C:\Users\ho.hendy\.katalon\packages\Katalon_Studio_Windows_64-9.3.1\Katalon_Studio_Windows_64-9.3.1\plugins\com.kms.katalon.core_1.0.0.202402280646.jar;C:\Users\ho.hendy\.katalon\packages\Katalon_Studio_Windows_64-9.3.1\Katalon_Studio_Windows_64-9.3.1\configuration\resources\lib\aalto-xml-1.0.0.jar;C:\Users\ho.hendy\.katalon\packages\Katalon_Studio_Windows_64-9.3.1\Katalon_Studio_Windows_64-9.3.1\configuration\resources\lib\aspectjweaver-1.9.1.jar;C:\Users\ho.hendy\.katalon\packages\Katalon_Studio_Windows_64-9.3.1\Katalon_Studio_Windows_64-9.3.1\configuration\resources\lib\bcpkix-jdk15on-1.64.jar;C:\Users\ho.hendy\.katalon\packages\Katalon_Studio_Windows_64-9.3.1\Katalon_Studio_Windows_64-9.3.1\configuration\resources\lib\bcprov-jdk15on-1.64.jar;C:\Users\ho.hendy\.katalon\packages\Katalon_Studio_Windows_64-9.3.1\Katalon_Studio_Windows_64-9.3.1\configuration\resources\lib\browsermob-core-2.1.5.jar;C:\Users\ho.hendy\.katalon\packages\Katalon_Studio_Windows_64-9.3.1\Katalon_Studio_Windows_64-9.3.1\configuration\resources\lib\cglib-3.2.10.jar;C:\Users\ho.hendy\.katalon\packages\Katalon_Studio_Windows_64-9.3.1\Katalon_Studio_Windows_64-9.3.1\configuration\resources\lib\commons-codec-1.10.jar;C:\Users\ho.hendy\.katalon\packages\Katalon_Studio_Windows_64-9.3.1\Katalon_Studio_Windows_64-9.3.1\configuration\resources\lib\commons-collections4-4.1.jar;C:\Users\ho.hendy\.katalon\packages\Katalon_Studio_Windows_64-9.3.1\Katalon_Studio_Windows_64-9.3.1\configuration\resources\lib\commons-validator-1.6.jar;C:\Users\ho.hendy\.katalon\packages\Katalon_Studio_Windows_64-9.3.1\Katalon_Studio_Win
Launcher Type: SUN_STANDARD

[Global flags]
     intx CICompilerCount                          = 4                                         {product} {ergonomic}
     uint ConcGCThreads                            = 2                                         {product} {ergonomic}
     uint G1ConcRefinementThreads                  = 8                                         {product} {ergonomic}
   size_t G1HeapRegionSize                         = 1048576                                   {product} {ergonomic}
    uintx GCDrainStackTargetSize                   = 64                                        {product} {ergonomic}
   size_t InitialHeapSize                          = 130023424                                 {product} {ergonomic}
   size_t MarkStackSize                            = 4194304                                   {product} {ergonomic}
   size_t MaxHeapSize                              = 2147483648                                {product} {command line}
   size_t MaxNewSize                               = 1287651328                                {product} {ergonomic}
   size_t MinHeapDeltaBytes                        = 1048576                                   {product} {ergonomic}
   size_t MinHeapSize                              = 8388608                                   {product} {ergonomic}
    uintx NonNMethodCodeHeapSize                   = 5839372                                {pd product} {ergonomic}
    uintx NonProfiledCodeHeapSize                  = 122909434                              {pd product} {ergonomic}
    uintx ProfiledCodeHeapSize                     = 122909434                              {pd product} {ergonomic}
    uintx ReservedCodeCacheSize                    = 251658240                              {pd product} {ergonomic}
     bool SegmentedCodeCache                       = true                                      {product} {ergonomic}
     bool ShowCodeDetailsInExceptionMessages       = true                                   {manageable} {command line}
   size_t SoftMaxHeapSize                          = 2147483648                             {manageable} {ergonomic}
     bool UseCompressedClassPointers               = true                           {product lp64_product} {ergonomic}
     bool UseCompressedOops                        = true                           {product lp64_product} {ergonomic}
     bool UseG1GC                                  = true                                      {product} {ergonomic}
     bool UseLargePagesIndividualAllocation        = false                                  {pd product} {ergonomic}

Logging:
Log output configuration:
 #0: stdout all=warning uptime,level,tags
 #1: stderr all=off uptime,level,tags

Environment Variables:
JAVA_HOME=C:\Users\ho.hendy\.katalon\packages\Katalon_Studio_Windows_64-9.3.1\Katalon_Studio_Windows_64-9.3.1\jre
PATH=C:/Users/ho.hendy/.katalon/packages/Katalon_Studio_Windows_64-9.3.1/Katalon_Studio_Windows_64-9.3.1/jre/bin/server;C:/Users/ho.hendy/.katalon/packages/Katalon_Studio_Windows_64-9.3.1/Katalon_Studio_Windows_64-9.3.1/jre/bin;C:\Program Files\Common Files\Oracle\Java\javapath;C:\Windows\system32;C:\Windows;C:\Windows\System32\Wbem;C:\Windows\System32\WindowsPowerShell\v1.0\;C:\Windows\System32\OpenSSH\;C:\Program Files\Microsoft SQL Server\Client SDK\ODBC\110\Tools\Binn\;C:\Program Files (x86)\Microsoft SQL Server\120\Tools\Binn\ManagementStudio\;C:\Program Files (x86)\Microsoft SQL Server\120\Tools\Binn\;C:\Program Files\Microsoft SQL Server\120\Tools\Binn\;C:\Program Files (x86)\Microsoft SQL Server\120\DTS\Binn\;C:\Program Files\Microsoft SQL Server\120\DTS\Binn\;C:\Program Files\Java\jdk-11\bin;C:\Program Files\nodejs\;C:\Program Files\Git\cmd;C:\Users\ho.hendy\AppData\Local\Microsoft\WindowsApps;C:\Users\ho.hendy\AppData\Roaming\npm;C:\Users\ho.hendy\.katalon\packages\Katalon_Studio_Windows_64-9.3.1\Katalon_Studio_Windows_64-9.3.1;:C:\Users\ho.hendy\.katalon\packages\Katalon_Studio_Windows_64-9.3.1\Katalon_Studio_Windows_64-9.3.1\jre\bin
USERNAME=Ho.Hendy
OS=Windows_NT
PROCESSOR_IDENTIFIER=Intel64 Family 6 Model 140 Stepping 1, GenuineIntel
TMP=C:\Users\HO6751~1.HEN\AppData\Local\Temp
TEMP=C:\Users\HO6751~1.HEN\AppData\Local\Temp



---------------  S Y S T E M  ---------------

OS:
 Windows 10 , 64 bit Build 19041 (10.0.19041.3636)
OS uptime: 29 days 6:25 hours

CPU: total 8 (initial active 8) (4 cores per cpu, 2 threads per core) family 6 model 140 stepping 1 microcode 0x86, cx8, cmov, fxsr, ht, mmx, 3dnowpref, sse, sse2, sse3, ssse3, sse4.1, sse4.2, popcnt, lzcnt, tsc, tscinvbit, avx, avx2, aes, erms, clmul, bmi1, bmi2, adx, avx512f, avx512dq, avx512cd, avx512bw, avx512vl, sha, fma, vzeroupper, avx512_vpopcntdq, avx512_vpclmulqdq, avx512_vaes, avx512_vnni, clflush, clflushopt, clwb, avx512_vbmi2, avx512_vbmi

Memory: 4k page, system-wide physical 7890M (402M free)
TotalPageFile size 32466M (AvailPageFile size 0M)
current process WorkingSet (physical memory assigned to process): 37M, peak: 37M
current process commit charge ("private bytes"): 205M, peak: 205M

vm_info: OpenJDK 64-Bit Server VM (17.0.7+7) for windows-amd64 JRE (17.0.7+7), built on Apr 18 2023 22:10:42 by "temurin" with MS VC++ 16.7 (VS2019)

END.
