#
# There is insufficient memory for the Java Runtime Environment to continue.
# Native memory allocation (malloc) failed to allocate 1567856 bytes for Chunk::new
# Possible reasons:
#   The system is out of physical RAM or swap space
#   The process is running with CompressedOops enabled, and the Java Heap may be blocking the growth of the native heap
# Possible solutions:
#   Reduce memory load on the system
#   Increase physical memory or swap space
#   Check if swap backing store is full
#   Decrease Java heap size (-Xmx/-Xms)
#   Decrease number of Java threads
#   Decrease Java thread stack sizes (-Xss)
#   Set larger code cache with -XX:ReservedCodeCacheSize=
#   JVM is running with Unscaled Compressed Oops mode in which the Java heap is
#     placed in the first 4GB address space. The Java Heap base address is the
#     maximum limit for the native heap growth. Please use -XX:HeapBaseMinAddress
#     to set the Java Heap base and to place the Java Heap above 4GB virtual address.
# This output file may be truncated or incomplete.
#
#  Out of Memory Error (arena.cpp:189), pid=20380, tid=33016
#
# JRE version: OpenJDK Runtime Environment Temurin-17.0.7+7 (17.0.7+7) (build 17.0.7+7)
# Java VM: OpenJDK 64-Bit Server VM Temurin-17.0.7+7 (17.0.7+7, mixed mode, tiered, compressed oops, compressed class ptrs, g1 gc, windows-amd64)
# No core dump will be written. Minidumps are not enabled by default on client versions of Windows
#

---------------  S U M M A R Y ------------

Command Line: -Dgroovy.home=C:\Users\ho.hendy/.groovy -Djava.system.class.loader=groovy.lang.GroovyClassLoader -Xmx2048m -Dfile.encoding=UTF-8 -XX:+ShowCodeDetailsInExceptionMessages org.codehaus.groovy.tools.GroovyStarter --classpath C:\Users\ho.hendy\Katalon Studio\JM ORDER 3 (Marketing Officer)\bin\keyword;C:\Users\ho.hendy\Katalon Studio\JM ORDER 3 (Marketing Officer)\Keywords;C:\Users\ho.hendy\Katalon Studio\JM ORDER 3 (Marketing Officer)\bin\listener;C:\Users\ho.hendy\Katalon Studio\JM ORDER 3 (Marketing Officer)\Test Listeners;C:\Users\ho.hendy\Katalon Studio\JM ORDER 3 (Marketing Officer)\bin\lib;C:\Users\ho.hendy\Katalon Studio\JM ORDER 3 (Marketing Officer)\Libs;C:\Users\ho.hendy\Katalon Studio\JM ORDER 3 (Marketing Officer)\bin\groovy;C:\Users\ho.hendy\Katalon Studio\JM ORDER 3 (Marketing Officer)\Include\scripts\groovy;C:\Users\ho.hendy\.katalon\packages\Katalon_Studio_Windows_64-9.3.1\Katalon_Studio_Windows_64-9.3.1\plugins\com.kms.katalon.core_1.0.0.202402280646.jar;C:\Users\ho.hendy\.katalon\packages\Katalon_Studio_Windows_64-9.3.1\Katalon_Studio_Windows_64-9.3.1\configuration\resources\lib\aalto-xml-1.0.0.jar;C:\Users\ho.hendy\.katalon\packages\Katalon_Studio_Windows_64-9.3.1\Katalon_Studio_Windows_64-9.3.1\configuration\resources\lib\aspectjweaver-1.9.1.jar;C:\Users\ho.hendy\.katalon\packages\Katalon_Studio_Windows_64-9.3.1\Katalon_Studio_Windows_64-9.3.1\configuration\resources\lib\bcpkix-jdk15on-1.64.jar;C:\Users\ho.hendy\.katalon\packages\Katalon_Studio_Windows_64-9.3.1\Katalon_Studio_Windows_64-9.3.1\configuration\resources\lib\bcprov-jdk15on-1.64.jar;C:\Users\ho.hendy\.katalon\packages\Katalon_Studio_Windows_64-9.3.1\Katalon_Studio_Windows_64-9.3.1\configuration\resources\lib\browsermob-core-2.1.5.jar;C:\Users\ho.hendy\.katalon\packages\Katalon_Studio_Windows_64-9.3.1\Katalon_Studio_Windows_64-9.3.1\configuration\resources\lib\cglib-3.2.10.jar;C:\Users\ho.hendy\.katalon\packages\Katalon_Studio_Windows_64-9.3.1\Katalon_Studio_Windows_64-9.3.1\configuration\resources\lib\commons-codec-1.10.jar;C:\Users\ho.hendy\.katalon\packages\Katalon_Studio_Windows_64-9.3.1\Katalon_Studio_Windows_64-9.3.1\configuration\resources\lib\commons-collections4-4.1.jar;C:\Users\ho.hendy\.katalon\packages\Katalon_Studio_Windows_64-9.3.1\Katalon_Studio_Windows_64-9.3.1\configuration\resources\lib\commons-validator-1.6.jar;C:\Users\ho.hendy\.katalon\packages\Katalon_Studio_Windows_64-9.3.1\Katalon_Studio_Windows_64-9.3.1\configuration\resources\lib\curvesapi-1.04.jar;C:\Users\ho.hendy\.katalon\packages\Katalon_Studio_Windows_64-9.3.1\Katalon_Studio_Windows_64-9.3.1\configuration\resources\lib\dnsjava-2.1.8.jar;C:\Users\ho.hendy\.katalon\packages\Katalon_Studio_Windows_64-9.3.1\Katalon_Studio_Windows_64-9.3.1\configuration\resources\lib\groovy-ant-3.0.17.jar;C:\Users\ho.hendy\.katalon\packages\Katalon_Studio_Windows_64-9.3.1\Katalon_Studio_Windows_64-9.3.1\configuration\resources\lib\groovy-astbuilder-3.0.17.jar;C:\Users\ho.hendy\.katalon\packages\Katalon_Studio_Windows_64-9.3.1\Katalon_Studio_Windows_64-9.3.1\configuration\resources\lib\groovy-cli-picocli-3.0.17.jar;C:\Users\ho.hendy\.katalon\packages\Katalon_Studio_Windows_64-9.3.1\Katalon_Studio_Windows_64-9.3.1\configuration\resources\lib\groovy-console-3.0.17.jar;C:\Users\ho.hendy\.katalon\packages\Katalon_Studio_Windows_64-9.3.1\Katalon_Studio_Windows_64-9.3.1\configuration\resources\lib\groovy-datetime-3.0.17.jar;C:\Users\ho.hendy\.katalon\packages\Katalon_Studio_Windows_64-9.3.1\Katalon_Studio_Windows_64-9.3.1\configuration\resources\lib\groovy-dateutil-3.0.17.jar;C:\Users\ho.hendy\.katalon\packages\Katalon_Studio_Windows_64-9.3.1\Katalon_Studio_Windows_64-9.3.1\configuration\resources\lib\groovy-docgenerator-3.0.17.jar;C:\Users\ho.hendy\.katalon\packages\Katalon_Studio_Windows_64-9.3.1\Katalon_Studio_Windows_64-9.3.1\configuration\resources\lib\groovy-groovydoc-3.0.17.jar;C:\Users\ho.hendy\.katalon\packages\Katalon_Studio_Windows_64-9.3.1\Katalon_Studio_Windows_64-9.3.1\configuration\resources\lib\groovy-groovysh-3.0.17.jar;C:\Users\ho.hendy\.katalon\packages\Katalon_Studio_Windows_64-9.3.1\Katalon_Studio_Windows_64-9.3.1\configuration\resources\lib\groovy-jmx-3.0.17.jar;C:\Users\ho.hendy\.katalon\packages\Katalon_Studio_Windows_64-9.3.1\Katalon_Studio_Windows_64-9.3.1\configuration\resources\lib\groovy-json-3.0.17.jar;C:\Users\ho.hendy\.katalon\packages\Katalon_Studio_Windows_64-9.3.1\Katalon_Studio_Windows_64-9.3.1\configuration\resources\lib\groovy-jsr223-3.0.17.jar;C:\Users\ho.hendy\.katalon\packages\Katalon_Studio_Windows_64-9.3.1\Katalon_Studio_Windows_64-9.3.1\configuration\resources\lib\groovy-macro-3.0.17.jar;C:\Users\ho.hendy\.katalon\packages\Katalon_Studio_Windows_64-9.3.1\Katalon_Studio_Windows_64-9.3.1\configuration\resources\lib\groovy-nio-3.0.17.jar;C:\Users\ho.hendy\.katalon\packages\Katalon_Studio_Windows_64-9.3.1\Katalon_Studio_Windows_64-9.3.1\configuration\resources\lib\groovy-servlet-3.0.17.jar;C:\Users\ho.hendy\.katalon\packages\Katalon_Studio_Windows_64-9.3.1\Katalon_Studio_Windows_64-9.3.1\configuration\resources\lib\groovy-sql-3.0.17.jar;C:\Users\ho.hendy\.katalon\packages\Katalon_Studio_Windows_64-9.3.1\Katalon_Studio_Windows_64-9.3.1\configuration\resources\lib\groovy-swing-3.0.17.jar;C:\Users\ho.hendy\.katalon\packages\Katalon_Studio_Windows_64-9.3.1\Katalon_Studio_Windows_64-9.3.1\configuration\resources\lib\groovy-templates-3.0.17.jar;C:\Users\ho.hendy\.katalon\packages\Katalon_Studio_Windows_64-9.3.1\Katalon_Studio_Windows_64-9.3.1\configuration\resources\lib\groovy-test-3.0.17.jar;C:\Users\ho.hendy\.katalon\packages\Katalon_Studio_Windows_64-9.3.1\Katalon_Studio_Windows_64-9.3.1\configuration\resources\lib\groovy-test-junit5-3.0.17.jar;C:\Users\ho.hendy\.katalon\packages\Katalon_Studio_Windows_64-9.3.1\Katalon_Studio_Windows_64-9.3.1\configuration\resources\lib\groovy-testng-3.0.17.jar;C:\Users\ho.hendy\.katalon\packages\Katalon_Studio_Windows_64-9.3.1\Katalon_Studio_Windows_64-9.3.1\configuration\resources\lib\groovy-xml-3.0.17.jar;C:\Users\ho.hendy\.katalon\packages\Katalon_Studio_Windows_64-9.3.1\Katalon_Studio_Windows_64-9.3.1\configuration\resources\lib\java-client-7.0.0.jar;C:\Users\ho.hendy\.katalon\packages\Katalon_Studio_Windows_64-9.3.1\Katalon_Studio_Windows_64-9.3.1\configuration\resources\lib\javax.servlet-api_3.1.0.jar;C:\Users\ho.hendy\.katalon\packages\Katalon_Studio_Windows_64-9.3.1\Katalon_Studio_Windows_64-9.3.1\configuration\resources\lib\jna-5.12.1.jar;C:\Users\ho.hendy\.katalon\packages\Katalon_Studio_Windows_64-9.3.1\Katalon_Studio_Windows_64-9.3.1\configuration\resources\lib\jna-platform-5.12.1.jar;C:\Users\ho.hendy\.katalon\packages\Katalon_Studio_Windows_64-9.3.1\Katalon_Studio_Windows_64-9.3.1\configuration\resources\lib\jzlib-1.1.3.jar;C:\Users\ho.hendy\.katalon\packages\Katalon_Studio_Windows_64-9.3.1\Katalon_Studio_Windows_64-9.3.1\configuration\resources\lib\kat-server.jar;C:\Users\ho.hendy\.katalon\packages\Katalon_Studio_Windows_64-9.3.1\Katalon_Studio_Windows_64-9.3.1\configuration\resources\lib\littleproxy-1.1.0-beta-bmp-17.jar;C:\Users\ho.hendy\.katalon\packages\Katalon_Studio_Windows_64-9.3.1\Katalon_Studio_Windows_64-9.3.1\configuration\resources\lib\log4j-1.2-api-2.17.1.jar;C:\Users\ho.hendy\.katalon\packages\Katalon_Studio_Windows_64-9.3.1\Katalon_Studio_Windows_64-9.3.1\configuration\resources\lib\log4j-api-2.17.1.jar;C:\Users\ho.hendy\.katalon\packages\Katalon_Studio_Windows_64-9.3.1\Katalon_Studio_Windows_64-9.3.1\configuration\resources\lib\log4j-core-2.17.1.jar;C:\Users\ho.hendy\.katalon\packages\Katalon_Studio_Windows_64-9.3.1\Katalon_Studio_Windows_64-9.3.1\configuration\resources\lib\mitm-2.1.5.jar;C:\Users\ho.hendy\.katalon\packages\Katalon_Studio_Windows_64-9.3.1\Katalon_Studio_Windows_64-9.3.1\configuration\resources\lib\netty-all-4.1.70.Final.jar;C:\Users\ho.hendy\.katalon\packages\Katalon_Studio_Windows_64-9.3.1\Katalon_Studio_Windows_64-9.3.1\configuration\resources\lib\poi-3.17.jar;C:\Users\ho.hendy\.katalon\packages\Katalon_Studio_Windows_64-9.3.1\Katalon_Studio_Windows_64-9.3.1\configuration\resources\lib\poi-ooxml-3.17.jar;C:\Users\ho.hendy\.katalon\packages\Katalon_Studio_Windows_64-9.3.1\Katalon_Studio_Windows_64-9.3.1\configuration\resources\lib\poi-ooxml-schemas-3.17.jar;C:\Users\ho.hendy\.katalon\packages\Katalon_Studio_Windows_64-9.3.1\Katalon_Studio_Windows_64-9.3.1\configuration\resources\lib\proxy-vole-1.0.4-SNAPSHOT-jar-with-dependencies.jar;C:\Users\ho.hendy\.katalon\packages\Katalon_Studio_Windows_64-9.3.1\Katalon_Studio_Windows_64-9.3.1\configuration\resources\lib\repackaged-sikuli-api-1.0.2-standalone.jar;C:\Users\ho.hendy\.katalon\packages\Katalon_Studio_Windows_64-9.3.1\Katalon_Studio_Windows_64-9.3.1\configuration\resources\lib\selenium-leg-rc-3.141.59.jar;C:\Users\ho.hendy\.katalon\packages\Katalon_Studio_Windows_64-9.3.1\Katalon_Studio_Windows_64-9.3.1\configuration\resources\lib\selenium-server-standalone-3.141.59.jar;C:\Users\ho.hendy\.katalon\packages\Katalon_Studio_Windows_64-9.3.1\Katalon_Studio_Windows_64-9.3.1\configuration\resources\lib\selenium-shutterbug-1.1.jar;C:\Users\ho.hendy\.katalon\packages\Katalon_Studio_Windows_64-9.3.1\Katalon_Studio_Windows_64-9.3.1\configuration\resources\lib\slf4j-api-1.7.25.jar;C:\Users\ho.hendy\.katalon\packages\Katalon_Studio_Windows_64-9.3.1\Katalon_Studio_Windows_64-9.3.1\configuration\resources\lib\soap-builder-1.0.0.jar;C:\Users\ho.hendy\.katalon\packages\Katalon_Studio_Windows_64-9.3.1\Katalon_Studio_Windows_64-9.3.1\configuration\resources\lib\soap-common-1.0.0.jar;C:\Users\ho.hendy\.katalon\packages\Katalon_Studio_Windows_64-9.3.1\Katalon_Studio_Windows_64-9.3.1\configuration\resources\lib\soap-legacy-1.0.0.jar;C:\Users\ho.hendy\.katalon\packages\Katalon_Studio_Windows_64-9.3.1\Katalon_Studio_Windows_64-9.3.1\configuration\resources\lib\spring-context-5.3.19.jar;C:\Users\ho.hendy\.katalon\packages\Katalon_Studio_Windows_64-9.3.1\Katalon_Studio_Windows_64-9.3.1\configuration\resources\lib\stax2-api-4.0.0.jar;C:\Users\ho.hendy\.katalon\packages\Katalon_Studio_Windows_64-9.3.1\Katalon_Studio_Windows_64-9.3.1\configuration\resources\lib\su.jar;C:\Users\ho.hendy\.katalon\packages\Katalon_Studio_Windows_64-9.3.1\Katalon_Studio_Windows_64-9.3.1\configuration\resources\lib\testng-7.8.0.jar;C:\Users\ho.hendy\.katalon\packages\Katalon_Studio_Windows_64-9.3.1\Katalon_Studio_Windows_64-9.3.1\configuration\resources\lib\wadl.jar;C:\Users\ho.hendy\.katalon\packages\Katalon_Studio_Windows_64-9.3.1\Katalon_Studio_Windows_64-9.3.1\configuration\resources\lib\xmlbeans-3.1.0.jar;C:\Users\ho.hendy\.katalon\packages\Katalon_Studio_Windows_64-9.3.1\Katalon_Studio_Windows_64-9.3.1\plugins\net.sf.supercsv.super-csv_2.1.0.jar;C:\Users\ho.hendy\.katalon\packages\Katalon_Studio_Windows_64-9.3.1\Katalon_Studio_Windows_64-9.3.1\plugins\org.apache.commons.io_2.4.0.jar;C:\Users\ho.hendy\.katalon\packages\Katalon_Studio_Windows_64-9.3.1\Katalon_Studio_Windows_64-9.3.1\plugins\org.apache.commons.lang_2.6.0.jar;C:\Users\ho.hendy\.katalon\packages\Katalon_Studio_Windows_64-9.3.1\Katalon_Studio_Windows_64-9.3.1\plugins\com.google.gson_2.10.1.v20230109-0753.jar;C:\Users\ho.hendy\.katalon\packages\Katalon_Studio_Windows_64-9.3.1\Katalon_Studio_Windows_64-9.3.1\plugins\org.jsoup_1.14.3.jar;C:\Users\ho.hendy\.katalon\packages\Katalon_Studio_Windows_64-9.3.1\Katalon_Studio_Windows_64-9.3.1\plugins\org.apache.commons.dbutils_1.6.0.jar;C:\Users\ho.hendy\.katalon\packages\Katalon_Studio_Windows_64-9.3.1\Katalon_Studio_Windows_64-9.3.1\plugins\com.oracle.jdbc.ojdbc7_12.1.0.2.jar;C:\Users\ho.hendy\.katalon\packages\Katalon_Studio_Windows_64-9.3.1\Katalon_Studio_Windows_64-9.3.1\plugins\org.postgresql.jdbc_42.4.1.jar;c:\Users\ho.hendy\.katalon\packages\Katalon_Studio_Windows_64-9.3.1\Katalon_Studio_Windows_64-9.3.1\plugins\org.eclipse.osgi_3.18.300.v20230220-1352.jar;C:\Users\ho.hendy\.katalon\packages\Katalon_Studio_Windows_64-9.3.1\Katalon_Studio_Windows_64-9.3.1\plugins\com.kms.katalon.constant_1.0.0.202402280646.jar;C:\Users\ho.hendy\.katalon\packages\Katalon_Studio_Windows_64-9.3.1\Katalon_Studio_Windows_64-9.3.1\plugins\org.eclipse.persistence.eclipselink_2.7.11.jar;C:\Users\ho.hendy\.katalon\packages\Katalon_Studio_Windows_64-9.3.1\Katalon_Studio_Windows_64-9.3.1\plugins\com.kms.katalon.selenium-standalone_1.0.0.202402280646.jar;C:\Users\ho.hendy\.katalon\packages\Katalon_Studio_Windows_64-9.3.1\Katalon_Studio_Windows_64-9.3.1\plugins\atu.testrecorder.screen-recorder_2.1.0.jar;C:\Users\ho.hendy\.katalon\packages\Katalon_Studio_Windows_64-9.3.1\Katalon_Studio_Windows_64-9.3.1\plugins\com.google.guava_23.0.0.jar;C:\Users\ho.hendy\.katalon\packages\Katalon_Studio_Windows_64-9.3.1\Katalon_Studio_Windows_64-9.3.1\plugins\com.kms.katalon.util_1.0.0.202402280646.jar;C:\Users\ho.hendy\.katalon\packages\Katalon_Studio_Windows_64-9.3.1\Katalon_Studio_Windows_64-9.3.1\plugins\org.apache.httpcomponents.httpclient_4.5.14.v20221207-1049.jar;C:\Users\ho.hendy\.katalon\packages\Katalon_Studio_Windows_64-9.3.1\Katalon_Studio_Windows_64-9.3.1\plugins\org.apache.httpcomponents.httpcore_4.4.16.v20221207-1049.jar;C:\Users\ho.hendy\.katalon\packages\Katalon_Studio_Windows_64-9.3.1\Katalon_Studio_Windows_64-9.3.1\plugins\org.apache.httpcomponents.httpmime_4.5.1.jar;C:\Users\ho.hendy\.katalon\packages\Katalon_Studio_Windows_64-9.3.1\Katalon_Studio_Windows_64-9.3.1\plugins\org.apache.commons.lang3_3.7.0.jar;C:\Users\ho.hendy\.katalon\packages\Katalon_Studio_Windows_64-9.3.1\Katalon_Studio_Windows_64-9.3.1\plugins\org.greenrobot.eventbus_3.1.1.jar;C:\Users\ho.hendy\.katalon\packages\Katalon_Studio_Windows_64-9.3.1\Katalon_Studio_Windows_64-9.3.1\plugins\org.assertj.core_3.10.0.jar;C:\Users\ho.hendy\.katalon\packages\Katalon_Studio_Windows_64-9.3.1\Katalon_Studio_Windows_64-9.3.1\plugins\org.junit_4.13.2.v20211018-1956.jar;C:\Users\ho.hendy\.katalon\packages\Katalon_Studio_Windows_64-9.3.1\Katalon_Studio_Windows_64-9.3.1\plugins\com.fasterxml.jackson.core.jackson-databind_2.14.0.jar;C:\Users\ho.hendy\.katalon\packages\Katalon_Studio_Windows_64-9.3.1\Katalon_Studio_Windows_64-9.3.1\plugins\com.fasterxml.jackson.core.jackson-core_2.14.0.jar;C:\Users\ho.hendy\.katalon\packages\Katalon_Studio_Windows_64-9.3.1\Katalon_Studio_Windows_64-9.3.1\plugins\com.fasterxml.jackson.core.jackson-annotations_2.14.0.jar;C:\Users\ho.hendy\.katalon\packages\Katalon_Studio_Windows_64-9.3.1\Katalon_Studio_Windows_64-9.3.1\plugins\ch.qos.logback.classic_1.2.3.jar;C:\Users\ho.hendy\.katalon\packages\Katalon_Studio_Windows_64-9.3.1\Katalon_Studio_Windows_64-9.3.1\plugins\ch.qos.logback.core_1.2.3.jar;C:\Users\ho.hendy\.katalon\packages\Katalon_Studio_Windows_64-9.3.1\Katalon_Studio_Windows_64-9.3.1\plugins\slf4j.api_1.7.36.jar;C:\Users\ho.hendy\.katalon\packages\Katalon_Studio_Windows_64-9.3.1\Katalon_Studio_Windows_64-9.3.1\plugins\org.fusesource.jansi_1.17.1.jar;C:\Users\ho.hendy\.katalon\packages\Katalon_Studio_Windows_64-9.3.1\Katalon_Studio_Windows_64-9.3.1\plugins\com.kms.katalon.netlightbody_1.0.0.202402280646.jar;C:\Users\ho.hendy\.katalon\packages\Katalon_Studio_Windows_64-9.3.1\Katalon_Studio_Windows_64-9.3.1\plugins\com.kms.katalon.poi_1.0.0.202402280646.jar;C:\Users\ho.hendy\.katalon\packages\Katalon_Studio_Windows_64-9.3.1\Katalon_Studio_Windows_64-9.3.1\plugins\org.apache.commons.commons-text_1.10.0.jar;C:\Users\ho.hendy\.katalon\packages\Katalon_Studio_Windows_64-9.3.1\Katalon_Studio_Windows_64-9.3.1\plugins\com.kms.katalon.proxyvole_1.0.0.202402280646.jar;C:\Users\ho.hendy\.katalon\packages\Katalon_Studio_Windows_64-9.3.1\Katalon_Studio_Windows_64-9.3.1\plugins\com.microsoft.sqlserver.mssql-jdbc_6.2.2.jre8.jar;C:\Users\ho.hendy\.katalon\packages\Katalon_Studio_Windows_64-9.3.1\Katalon_Studio_Windows_64-9.3.1\plugins\com.github.kklisura.cdt.java-client_2.1.0.jar;C:\Users\ho.hendy\.katalon\packages\Katalon_Studio_Windows_64-9.3.1\Katalon_Studio_Windows_64-9.3.1\plugins\javax.websocket-api_1.1.0.jar;C:\Users\ho.hendy\.katalon\packages\Katalon_Studio_Windows_64-9.3.1\Katalon_Studio_Windows_64-9.3.1\plugins\org.glassfish.tyrus.container-grizzly-client_1.13.1.jar;C:\Users\ho.hendy\.katalon\packages\Katalon_Studio_Windows_64-9.3.1\Katalon_Studio_Windows_64-9.3.1\plugins\org.glassfish.grizzly.http-server_2.3.25.jar;C:\Users\ho.hendy\.katalon\packages\Katalon_Studio_Windows_64-9.3.1\Katalon_Studio_Windows_64-9.3.1\plugins\org.glassfish.grizzly.framework_2.3.25.jar;C:\Users\ho.hendy\.katalon\packages\Katalon_Studio_Windows_64-9.3.1\Katalon_Studio_Windows_64-9.3.1\plugins\org.glassfish.grizzly.http_2.3.25.jar;C:\Users\ho.hendy\.katalon\packages\Katalon_Studio_Windows_64-9.3.1\Katalon_Studio_Windows_64-9.3.1\plugins\org.glassfish.tyrus.client_1.13.1.jar;C:\Users\ho.hendy\.katalon\packages\Katalon_Studio_Windows_64-9.3.1\Katalon_Studio_Windows_64-9.3.1\plugins\org.glassfish.tyrus.core_1.13.1.jar;C:\Users\ho.hendy\.katalon\packages\Katalon_Studio_Windows_64-9.3.1\Katalon_Studio_Windows_64-9.3.1\plugins\org.glassfish.tyrus.spi_1.13.1.jar;C:\Users\ho.hendy\.katalon\packages\Katalon_Studio_Windows_64-9.3.1\Katalon_Studio_Windows_64-9.3.1\plugins\javassist_3.28.0.GA.jar;C:\Users\ho.hendy\.katalon\packages\Katalon_Studio_Windows_64-9.3.1\Katalon_Studio_Windows_64-9.3.1\plugins\com.graphql-java_16.2.0.jar;C:\Users\ho.hendy\.katalon\packages\Katalon_Studio_Windows_64-9.3.1\Katalon_Studio_Windows_64-9.3.1\plugins\org.glassfish.jaxb.runtime_2.3.6.jar;C:\Users\ho.hendy\.katalon\packages\Katalon_Studio_Windows_64-9.3.1\Katalon_Studio_Windows_64-9.3.1\plugins\org.glassfish.jaxb.txw2_2.3.6.jar;C:\Users\ho.hendy\.katalon\packages\Katalon_Studio_Windows_64-9.3.1\Katalon_Studio_Windows_64-9.3.1\plugins\org.dom4j_1.6.1.v201312101416.jar;C:\Users\ho.hendy\.katalon\packages\Katalon_Studio_Windows_64-9.3.1\Katalon_Studio_Windows_64-9.3.1\plugins\com.kms.katalon.groovy-extended_1.0.0.202402280646.jar;C:\Users\ho.hendy\.katalon\packages\Katalon_Studio_Windows_64-9.3.1\Katalon_Studio_Windows_64-9.3.1\plugins\com.sun.activation.javax.activation_1.2.0.jar;C:\Users\ho.hendy\.katalon\packages\Katalon_Studio_Windows_64-9.3.1\Katalon_Studio_Windows_64-9.3.1\plugins\jakarta.xml.bind-api_2.3.3.jar;C:\Users\ho.hendy\.katalon\packages\Katalon_Studio_Windows_64-9.3.1\Katalon_Studio_Windows_64-9.3.1\plugins\com.sun.xml.bind.jaxb-impl_2.3.6.jar;C:\Users\ho.hendy\.katalon\packages\Katalon_Studio_Windows_64-9.3.1\Katalon_Studio_Windows_64-9.3.1\plugins\org.apache.commons.logging_1.2.0.v20180409-1502.jar;C:\Users\ho.hendy\.katalon\packages\Katalon_Studio_Windows_64-9.3.1\Katalon_Studio_Windows_64-9.3.1\plugins\org.hamcrest.core_1.3.0.v20180420-1519.jar;C:\Users\ho.hendy\.katalon\packages\Katalon_Studio_Windows_64-9.3.1\Katalon_Studio_Windows_64-9.3.1\plugins\org.beanshell.bsh_2.0.0.0b4.jar;C:\Users\ho.hendy\.katalon\packages\Katalon_Studio_Windows_64-9.3.1\Katalon_Studio_Windows_64-9.3.1\plugins\org.apache.ant.launcher_1.9.6.jar;C:\Users\ho.hendy\.katalon\packages\Katalon_Studio_Windows_64-9.3.1\Katalon_Studio_Windows_64-9.3.1\plugins\com.kms.katalon.core.appium_1.0.0.202402280646.jar;C:\Users\ho.hendy\.katalon\packages\Katalon_Studio_Windows_64-9.3.1\Katalon_Studio_Windows_64-9.3.1\plugins\com.kms.katalon.logging_1.0.0.202402280646.jar;C:\Users\ho.hendy\.katalon\packages\Katalon_Studio_Windows_64-9.3.1\Katalon_Studio_Windows_64-9.3.1\plugins\org.eclipse.equinox.common_3.17.100.v20230202-1341.jar;C:\Users\ho.hendy\.katalon\packages\Katalon_Studio_Windows_64-9.3.1\Katalon_Studio_Windows_64-9.3.1\plugins\com.kms.katalon.core.webui_1.0.0.202402280646.jar;C:\Users\ho.hendy\.katalon\packages\Katalon_Studio_Windows_64-9.3.1\Katalon_Studio_Windows_64-9.3.1\plugins\org.json_20140107.0.0.jar;C:\Users\ho.hendy\.katalon\packages\Katalon_Studio_Windows_64-9.3.1\Katalon_Studio_Windows_64-9.3.1\plugins\org.eclipse.e4.core.contexts_1.11.0.v20220716-0839.jar;C:\Users\ho.hendy\.katalon\packages\Katalon_Studio_Windows_64-9.3.1\Katalon_Studio_Windows_64-9.3.1\plugins\org.eclipse.e4.core.services_2.3.400.v20220915-1347.jar;C:\Users\ho.hendy\.katalon\packages\Katalon_Studio_Windows_64-9.3.1\Katalon_Studio_Windows_64-9.3.1\plugins\com.kms.katalon.core.mobile_1.0.0.202402280646.jar;C:\Users\ho.hendy\.katalon\packages\Katalon_Studio_Windows_64-9.3.1\Katalon_Studio_Windows_64-9.3.1\plugins\org.apache.commons.commons-validator_1.7.0.jar;C:\Users\ho.hendy\.katalon\packages\Katalon_Studio_Windows_64-9.3.1\Katalon_Studio_Windows_64-9.3.1\plugins\com.kms.katalon.core.cucumber_1.0.0.202402280646.jar;C:\Users\ho.hendy\.katalon\packages\Katalon_Studio_Windows_64-9.3.1\Katalon_Studio_Windows_64-9.3.1\plugins\io.cucumber.core_3.0.2.jar;C:\Users\ho.hendy\.katalon\packages\Katalon_Studio_Windows_64-9.3.1\Katalon_Studio_Windows_64-9.3.1\plugins\io.cucumber.datatable_1.0.3.jar;C:\Users\ho.hendy\.katalon\packages\Katalon_Studio_Windows_64-9.3.1\Katalon_Studio_Windows_64-9.3.1\plugins\io.cucumber.datatable-dependencies_1.0.3.jar;C:\Users\ho.hendy\.katalon\packages\Katalon_Studio_Windows_64-9.3.1\Katalon_Studio_Windows_64-9.3.1\plugins\io.cucumber.expressions_5.0.19.jar;C:\Users\ho.hendy\.katalon\packages\Katalon_Studio_Windows_64-9.3.1\Katalon_Studio_Windows_64-9.3.1\plugins\io.cucumber.gherkin_5.0.0.jar;C:\Users\ho.hendy\.katalon\packages\Katalon_Studio_Windows_64-9.3.1\Katalon_Studio_Windows_64-9.3.1\plugins\io.cucumber.html_0.2.7.jar;C:\Users\ho.hendy\.katalon\packages\Katalon_Studio_Windows_64-9.3.1\Katalon_Studio_Windows_64-9.3.1\plugins\io.cucumber.java_3.0.2.jar;C:\Users\ho.hendy\.katalon\packages\Katalon_Studio_Windows_64-9.3.1\Katalon_Studio_Windows_64-9.3.1\plugins\io.cucumber.tag-expressions_1.1.1.jar;C:\Users\ho.hendy\.katalon\packages\Katalon_Studio_Windows_64-9.3.1\Katalon_Studio_Windows_64-9.3.1\plugins\io.cucumber.junit_3.0.2.jar;C:\Users\ho.hendy\.katalon\packages\Katalon_Studio_Windows_64-9.3.1\Katalon_Studio_Windows_64-9.3.1\plugins\com.kms.katalon.core.webservice_1.0.0.202402280646.jar;C:\Users\ho.hendy\.katalon\packages\Katalon_Studio_Windows_64-9.3.1\Katalon_Studio_Windows_64-9.3.1\plugins\wsdl4j_1.6.2.jar;C:\Users\ho.hendy\.katalon\packages\Katalon_Studio_Windows_64-9.3.1\Katalon_Studio_Windows_64-9.3.1\plugins\com.google.oauth-client.google-oauth-client_1.22.0.jar;C:\Users\ho.hendy\.katalon\packages\Katalon_Studio_Windows_64-9.3.1\Katalon_Studio_Windows_64-9.3.1\plugins\com.google.http-client.google-http-client_1.22.0.jar;C:\Users\ho.hendy\.katalon\packages\Katalon_Studio_Windows_64-9.3.1\Katalon_Studio_Windows_64-9.3.1\plugins\ca.juliusdavies.not-yet-commons-ssl_0.3.11.jar;C:\Users\ho.hendy\.katalon\packages\Katalon_Studio_Windows_64-9.3.1\Katalon_Studio_Windows_64-9.3.1\plugins\com.kms.katalon.preferences_1.0.0.202402280646.jar;C:\Users\ho.hendy\.katalon\packages\Katalon_Studio_Windows_64-9.3.1\Katalon_Studio_Windows_64-9.3.1\plugins\org.apache.xmlbeans_3.1.0.jar;C:\Users\ho.hendy\.katalon\packages\Katalon_Studio_Windows_64-9.3.1\Katalon_Studio_Windows_64-9.3.1\plugins\com.kms.katalon.entity_1.0.0.202402280646.jar;C:\Users\ho.hendy\.katalon\packages\Katalon_Studio_Windows_64-9.3.1\Katalon_Studio_Windows_64-9.3.1\plugins\org.antlr.antlr4-runtime_4.8.0.jar;C:\Users\ho.hendy\.katalon\packages\Katalon_Studio_Windows_64-9.3.1\Katalon_Studio_Windows_64-9.3.1\plugins\com.networknt.json-schema-validator_1.0.66.jar;C:\Users\ho.hendy\.katalon\packages\Katalon_Studio_Windows_64-9.3.1\Katalon_Studio_Windows_64-9.3.1\plugins\jakarta.xml.ws-api_2.3.3.jar;C:\Users\ho.hendy\.katalon\packages\Katalon_Studio_Windows_64-9.3.1\Katalon_Studio_Windows_64-9.3.1\plugins\javax.xml.soap-api_1.4.0.jar;C:\Users\ho.hendy\.katalon\packages\Katalon_Studio_Windows_64-9.3.1\Katalon_Studio_Windows_64-9.3.1\plugins\com.kms.katalon.core.windows_1.0.0.202402280646.jar;C:\Users\ho.hendy\.katalon\packages\Katalon_Studio_Windows_64-9.3.1\Katalon_Studio_Windows_64-9.3.1\plugins\com.kms.katalon.core.testng_1.0.0.202402280646.jar;C:\Users\ho.hendy\Katalon Studio\JM ORDER 3 (Marketing Officer)\Drivers\mssql-jdbc-12.6.1.jre11.jar;C:\Users\ho.hendy\Katalon Studio\JM ORDER 3 (Marketing Officer)\Drivers\postgresql-42.7.3.jar;C:\Users\ho.hendy\.katalon\packages\Katalon_Studio_Windows_64-9.3.1\Katalon_Studio_Windows_64-9.3.1\configuration\org.eclipse.osgi\27\0\.cp\resources\basic-report\katalon-studio-report-plugin.jar;C:\Users\ho.hendy\.katalon\packages\Katalon_Studio_Windows_64-9.3.1\Katalon_Studio_Windows_64-9.3.1\plugins\org.codehaus.groovy_3.0.17.v202303311542-e2303\lib\groovy-3.0.17-indy.jar;C:\Users\ho.hendy\.katalon\packages\Katalon_Studio_Windows_64-9.3.1\Katalon_Studio_Windows_64-9.3.1\plugins\org.codehaus.groovy_3.0.17.v202303311542-e2303\lib\ivy-2.5.1.jar --main groovy.ui.GroovyMain --encoding UTF-8 --indy C:\Users\ho.hendy\Katalon Studio\JM ORDER 3 (Marketing Officer)\Libs\TempTestSuite1718866961549.groovy

Host: 11th Gen Intel(R) Core(TM) i5-1135G7 @ 2.40GHz, 8 cores, 7G,  Windows 10 , 64 bit Build 19041 (10.0.19041.3636)
Time: Thu Jun 20 14:03:18 2024 SE Asia Standard Time elapsed time: 33.769890 seconds (0d 0h 0m 33s)

---------------  T H R E A D  ---------------

Current thread (0x000001e533a1d5a0):  JavaThread "C2 CompilerThread0" daemon [_thread_in_native, id=33016, stack(0x0000009d85700000,0x0000009d85800000)]


Current CompileTask:
C2:  33769 8950       4       org.apache.xmlbeans.impl.store.Saver::createSaveCur (548 bytes)

Stack: [0x0000009d85700000,0x0000009d85800000]
Native frames: (J=compiled Java code, j=interpreted, Vv=VM code, C=native code)
V  [jvm.dll+0x67754a]
V  [jvm.dll+0x834304]
V  [jvm.dll+0x835aae]
V  [jvm.dll+0x836113]
V  [jvm.dll+0x24696f]
V  [jvm.dll+0xac0ac]
V  [jvm.dll+0xac67c]
V  [jvm.dll+0x364de2]
V  [jvm.dll+0x32f6b1]
V  [jvm.dll+0x32eb5a]
V  [jvm.dll+0x219641]
V  [jvm.dll+0x218a61]
V  [jvm.dll+0x1a4d8d]
V  [jvm.dll+0x2284da]
V  [jvm.dll+0x226615]
V  [jvm.dll+0x7ea90b]
V  [jvm.dll+0x7e4e7a]
V  [jvm.dll+0x676395]
C  [ucrtbase.dll+0x21bb2]
C  [KERNEL32.DLL+0x17344]
C  [ntdll.dll+0x526b1]


---------------  P R O C E S S  ---------------

Threads class SMR info:
_java_thread_list=0x000001e5388dc920, length=27, elements={
0x000001e519976fa0, 0x000001e5339ed610, 0x000001e5339ef9f0, 0x000001e533a113b0,
0x000001e533a12500, 0x000001e533a15e00, 0x000001e533a1a450, 0x000001e533a1d5a0,
0x000001e533a1e640, 0x000001e533a23320, 0x000001e533adff90, 0x000001e538556990,
0x000001e53b7fa060, 0x000001e53b623430, 0x000001e53abf8360, 0x000001e53b8264f0,
0x000001e538b93bd0, 0x000001e538b92d60, 0x000001e538b91080, 0x000001e538b93230,
0x000001e538b91550, 0x000001e538b923c0, 0x000001e538b91a20, 0x000001e538b91ef0,
0x000001e538b90bb0, 0x000001e538b93700, 0x000001e53ad0f090
}

Java Threads: ( => current thread )
  0x000001e519976fa0 JavaThread "main" [_thread_in_native, id=12212, stack(0x0000009d84a00000,0x0000009d84b00000)]
  0x000001e5339ed610 JavaThread "Reference Handler" daemon [_thread_blocked, id=26040, stack(0x0000009d85100000,0x0000009d85200000)]
  0x000001e5339ef9f0 JavaThread "Finalizer" daemon [_thread_blocked, id=36584, stack(0x0000009d85200000,0x0000009d85300000)]
  0x000001e533a113b0 JavaThread "Signal Dispatcher" daemon [_thread_blocked, id=2704, stack(0x0000009d85300000,0x0000009d85400000)]
  0x000001e533a12500 JavaThread "Attach Listener" daemon [_thread_blocked, id=26392, stack(0x0000009d85400000,0x0000009d85500000)]
  0x000001e533a15e00 JavaThread "Service Thread" daemon [_thread_blocked, id=9748, stack(0x0000009d85500000,0x0000009d85600000)]
  0x000001e533a1a450 JavaThread "Monitor Deflation Thread" daemon [_thread_blocked, id=36944, stack(0x0000009d85600000,0x0000009d85700000)]
=>0x000001e533a1d5a0 JavaThread "C2 CompilerThread0" daemon [_thread_in_native, id=33016, stack(0x0000009d85700000,0x0000009d85800000)]
  0x000001e533a1e640 JavaThread "C1 CompilerThread0" daemon [_thread_blocked, id=14860, stack(0x0000009d85800000,0x0000009d85900000)]
  0x000001e533a23320 JavaThread "Sweeper thread" daemon [_thread_blocked, id=14440, stack(0x0000009d85900000,0x0000009d85a00000)]
  0x000001e533adff90 JavaThread "Common-Cleaner" daemon [_thread_blocked, id=4872, stack(0x0000009d85a00000,0x0000009d85b00000)]
  0x000001e538556990 JavaThread "Notification Thread" daemon [_thread_blocked, id=34756, stack(0x0000009d85c00000,0x0000009d85d00000)]
  0x000001e53b7fa060 JavaThread "Thread-0" [_thread_blocked, id=36472, stack(0x0000009d85b00000,0x0000009d85c00000)]
  0x000001e53b623430 JavaThread "UrlChecker-2" daemon [_thread_blocked, id=33996, stack(0x0000009d86000000,0x0000009d86100000)]
  0x000001e53abf8360 JavaThread "ForkJoinPool.commonPool-worker-1" daemon [_thread_blocked, id=14704, stack(0x0000009d86b00000,0x0000009d86c00000)]
  0x000001e53b8264f0 JavaThread "ForkJoinPool.commonPool-worker-2" daemon [_thread_blocked, id=19372, stack(0x0000009d86c00000,0x0000009d86d00000)]
  0x000001e538b93bd0 JavaThread "ForkJoinPool.commonPool-worker-3" daemon [_thread_blocked, id=25800, stack(0x0000009d86d00000,0x0000009d86e00000)]
  0x000001e538b92d60 JavaThread "ForkJoinPool.commonPool-worker-4" daemon [_thread_blocked, id=9856, stack(0x0000009d86e00000,0x0000009d86f00000)]
  0x000001e538b91080 JavaThread "ForkJoinPool.commonPool-worker-5" daemon [_thread_blocked, id=19816, stack(0x0000009d86f00000,0x0000009d87000000)]
  0x000001e538b93230 JavaThread "ForkJoinPool.commonPool-worker-6" daemon [_thread_blocked, id=26116, stack(0x0000009d87000000,0x0000009d87100000)]
  0x000001e538b91550 JavaThread "OkHttp ConnectionPool" daemon [_thread_blocked, id=1820, stack(0x0000009d87100000,0x0000009d87200000)]
  0x000001e538b923c0 JavaThread "Okio Watchdog" daemon [_thread_blocked, id=17920, stack(0x0000009d87200000,0x0000009d87300000)]
  0x000001e538b91a20 JavaThread "ForkJoinPool.commonPool-worker-7" daemon [_thread_blocked, id=19948, stack(0x0000009d87300000,0x0000009d87400000)]
  0x000001e538b91ef0 JavaThread "OkHttp ConnectionPool" daemon [_thread_blocked, id=31532, stack(0x0000009d87400000,0x0000009d87500000)]
  0x000001e538b90bb0 JavaThread "OkHttp ConnectionPool" daemon [_thread_blocked, id=38032, stack(0x0000009d87500000,0x0000009d87600000)]
  0x000001e538b93700 JavaThread "OkHttp ConnectionPool" daemon [_thread_blocked, id=13480, stack(0x0000009d87600000,0x0000009d87700000)]
  0x000001e53ad0f090 JavaThread "C2 CompilerThread1" daemon [_thread_in_native, id=10736, stack(0x0000009d84600000,0x0000009d84700000)]

Other Threads:
  0x000001e533971280 VMThread "VM Thread" [stack: 0x0000009d85000000,0x0000009d85100000] [id=31764]
  0x000001e519977d50 WatcherThread [stack: 0x0000009d85d00000,0x0000009d85e00000] [id=26352]
  0x000001e530ef5130 GCTaskThread "GC Thread#0" [stack: 0x0000009d84b00000,0x0000009d84c00000] [id=38612]
  0x000001e53901b840 GCTaskThread "GC Thread#1" [stack: 0x0000009d85e00000,0x0000009d85f00000] [id=27532]
  0x000001e538670700 GCTaskThread "GC Thread#2" [stack: 0x0000009d85f00000,0x0000009d86000000] [id=3468]
  0x000001e53ac2dc50 GCTaskThread "GC Thread#3" [stack: 0x0000009d86100000,0x0000009d86200000] [id=32084]
  0x000001e53af112f0 GCTaskThread "GC Thread#4" [stack: 0x0000009d86200000,0x0000009d86300000] [id=35612]
  0x000001e53abf8940 GCTaskThread "GC Thread#5" [stack: 0x0000009d86300000,0x0000009d86400000] [id=40612]
  0x000001e53b770890 GCTaskThread "GC Thread#6" [stack: 0x0000009d86400000,0x0000009d86500000] [id=7532]
  0x000001e5399aaa60 GCTaskThread "GC Thread#7" [stack: 0x0000009d86500000,0x0000009d86600000] [id=8028]
  0x000001e530f05e80 ConcurrentGCThread "G1 Main Marker" [stack: 0x0000009d84c00000,0x0000009d84d00000] [id=25084]
  0x000001e530f06f30 ConcurrentGCThread "G1 Conc#0" [stack: 0x0000009d84d00000,0x0000009d84e00000] [id=12284]
  0x000001e53a4d89d0 ConcurrentGCThread "G1 Conc#1" [stack: 0x0000009d86600000,0x0000009d86700000] [id=25464]
  0x000001e530f8dc00 ConcurrentGCThread "G1 Refine#0" [stack: 0x0000009d84e00000,0x0000009d84f00000] [id=6544]
  0x000001e530f8f530 ConcurrentGCThread "G1 Service" [stack: 0x0000009d84f00000,0x0000009d85000000] [id=22784]

Threads with active compile tasks:
C2 CompilerThread0    33997 8950       4       org.apache.xmlbeans.impl.store.Saver::createSaveCur (548 bytes)
C2 CompilerThread1    33997 8946       4       org.apache.xmlbeans.impl.store.Saver::processElement (389 bytes)

VM state: not at safepoint (normal execution)

VM Mutex/Monitor currently owned by a thread: None

Heap address: 0x0000000080000000, size: 2048 MB, Compressed Oops mode: 32-bit

CDS archive(s) not mapped
Compressed class space mapped at: 0x0000000100000000-0x0000000140000000, reserved size: 1073741824
Narrow klass base: 0x0000000000000000, Narrow klass shift: 3, Narrow klass range: 0x140000000

GC Precious Log:
 CPUs: 8 total, 8 available
 Memory: 7890M
 Large Page Support: Disabled
 NUMA Support: Disabled
 Compressed Oops: Enabled (32-bit)
 Heap Region Size: 1M
 Heap Min Capacity: 8M
 Heap Initial Capacity: 124M
 Heap Max Capacity: 2G
 Pre-touch: Disabled
 Parallel Workers: 8
 Concurrent Workers: 2
 Concurrent Refinement Workers: 8
 Periodic GC: Disabled

Heap:
 garbage-first heap   total 114688K, used 44590K [0x0000000080000000, 0x0000000100000000)
  region size 1024K, 4 young (4096K), 3 survivors (3072K)
 Metaspace       used 56319K, committed 56960K, reserved 1114112K
  class space    used 6030K, committed 6336K, reserved 1048576K

Heap Regions: E=young(eden), S=young(survivor), O=old, HS=humongous(starts), HC=humongous(continues), CS=collection set, F=free, OA=open archive, CA=closed archive, TAMS=top-at-mark-start (previous, next)
|   0|0x0000000080000000, 0x0000000080100000, 0x0000000080100000|100%|HS|  |TAMS 0x0000000080100000, 0x0000000080000000| Complete 
|   1|0x0000000080100000, 0x0000000080200000, 0x0000000080200000|100%|HS|  |TAMS 0x0000000080200000, 0x0000000080100000| Complete 
|   2|0x0000000080200000, 0x0000000080300000, 0x0000000080300000|100%|HS|  |TAMS 0x0000000080300000, 0x0000000080200000| Complete 
|   3|0x0000000080300000, 0x0000000080400000, 0x0000000080400000|100%|HC|  |TAMS 0x0000000080400000, 0x0000000080300000| Complete 
|   4|0x0000000080400000, 0x0000000080500000, 0x0000000080500000|100%| O|  |TAMS 0x0000000080500000, 0x0000000080400000| Untracked 
|   5|0x0000000080500000, 0x0000000080600000, 0x0000000080600000|100%| O|  |TAMS 0x0000000080600000, 0x0000000080500000| Untracked 
|   6|0x0000000080600000, 0x0000000080700000, 0x0000000080700000|100%| O|  |TAMS 0x0000000080700000, 0x0000000080600000| Untracked 
|   7|0x0000000080700000, 0x0000000080800000, 0x0000000080800000|100%| O|  |TAMS 0x0000000080800000, 0x0000000080700000| Untracked 
|   8|0x0000000080800000, 0x0000000080900000, 0x0000000080900000|100%| O|  |TAMS 0x0000000080900000, 0x0000000080800000| Untracked 
|   9|0x0000000080900000, 0x0000000080a00000, 0x0000000080a00000|100%| O|  |TAMS 0x0000000080a00000, 0x0000000080900000| Untracked 
|  10|0x0000000080a00000, 0x0000000080b00000, 0x0000000080b00000|100%| O|  |TAMS 0x0000000080b00000, 0x0000000080a00000| Untracked 
|  11|0x0000000080b00000, 0x0000000080c00000, 0x0000000080c00000|100%| O|  |TAMS 0x0000000080c00000, 0x0000000080b00000| Untracked 
|  12|0x0000000080c00000, 0x0000000080d00000, 0x0000000080d00000|100%| O|  |TAMS 0x0000000080d00000, 0x0000000080c00000| Untracked 
|  13|0x0000000080d00000, 0x0000000080e00000, 0x0000000080e00000|100%| O|  |TAMS 0x0000000080e00000, 0x0000000080d00000| Untracked 
|  14|0x0000000080e00000, 0x0000000080f00000, 0x0000000080f00000|100%| O|  |TAMS 0x0000000080f00000, 0x0000000080e00000| Untracked 
|  15|0x0000000080f00000, 0x0000000081000000, 0x0000000081000000|100%| O|  |TAMS 0x0000000081000000, 0x0000000080f00000| Untracked 
|  16|0x0000000081000000, 0x0000000081100000, 0x0000000081100000|100%| O|  |TAMS 0x0000000081100000, 0x0000000081000000| Untracked 
|  17|0x0000000081100000, 0x0000000081200000, 0x0000000081200000|100%| O|  |TAMS 0x0000000081200000, 0x0000000081100000| Untracked 
|  18|0x0000000081200000, 0x000000008123e600, 0x0000000081300000| 24%| O|  |TAMS 0x000000008123e600, 0x0000000081200000| Untracked 
|  19|0x0000000081300000, 0x0000000081400000, 0x0000000081400000|100%| O|  |TAMS 0x0000000081400000, 0x0000000081300000| Untracked 
|  20|0x0000000081400000, 0x0000000081500000, 0x0000000081500000|100%| O|  |TAMS 0x0000000081500000, 0x0000000081400000| Untracked 
|  21|0x0000000081500000, 0x0000000081600000, 0x0000000081600000|100%| O|  |TAMS 0x0000000081600000, 0x0000000081500000| Untracked 
|  22|0x0000000081600000, 0x0000000081700000, 0x0000000081700000|100%| O|  |TAMS 0x0000000081600000, 0x0000000081600000| Untracked 
|  23|0x0000000081700000, 0x0000000081800000, 0x0000000081800000|100%| O|  |TAMS 0x0000000081700000, 0x0000000081700000| Untracked 
|  24|0x0000000081800000, 0x0000000081900000, 0x0000000081900000|100%| O|  |TAMS 0x0000000081800000, 0x0000000081800000| Untracked 
|  25|0x0000000081900000, 0x0000000081a00000, 0x0000000081a00000|100%| O|  |TAMS 0x0000000081a00000, 0x0000000081900000| Untracked 
|  26|0x0000000081a00000, 0x0000000081b00000, 0x0000000081b00000|100%| O|  |TAMS 0x0000000081b00000, 0x0000000081a00000| Untracked 
|  27|0x0000000081b00000, 0x0000000081c00000, 0x0000000081c00000|100%| O|  |TAMS 0x0000000081c00000, 0x0000000081b00000| Untracked 
|  28|0x0000000081c00000, 0x0000000081d00000, 0x0000000081d00000|100%| O|  |TAMS 0x0000000081d00000, 0x0000000081c00000| Untracked 
|  29|0x0000000081d00000, 0x0000000081e00000, 0x0000000081e00000|100%| O|  |TAMS 0x0000000081e00000, 0x0000000081d00000| Untracked 
|  30|0x0000000081e00000, 0x0000000081f00000, 0x0000000081f00000|100%| O|  |TAMS 0x0000000081e96c00, 0x0000000081e00000| Untracked 
|  31|0x0000000081f00000, 0x0000000082000000, 0x0000000082000000|100%| O|  |TAMS 0x0000000081f00000, 0x0000000081f00000| Untracked 
|  32|0x0000000082000000, 0x0000000082100000, 0x0000000082100000|100%| O|  |TAMS 0x0000000082000000, 0x0000000082000000| Untracked 
|  33|0x0000000082100000, 0x0000000082200000, 0x0000000082200000|100%| O|  |TAMS 0x0000000082100000, 0x0000000082100000| Untracked 
|  34|0x0000000082200000, 0x0000000082300000, 0x0000000082300000|100%| O|  |TAMS 0x0000000082200000, 0x0000000082200000| Untracked 
|  35|0x0000000082300000, 0x0000000082400000, 0x0000000082400000|100%| O|  |TAMS 0x0000000082300000, 0x0000000082300000| Untracked 
|  36|0x0000000082400000, 0x0000000082500000, 0x0000000082500000|100%| O|  |TAMS 0x0000000082400000, 0x0000000082400000| Untracked 
|  37|0x0000000082500000, 0x0000000082600000, 0x0000000082600000|100%| O|  |TAMS 0x0000000082500000, 0x0000000082500000| Untracked 
|  38|0x0000000082600000, 0x0000000082700000, 0x0000000082700000|100%| O|  |TAMS 0x0000000082600000, 0x0000000082600000| Untracked 
|  39|0x0000000082700000, 0x0000000082800000, 0x0000000082800000|100%| O|  |TAMS 0x0000000082700000, 0x0000000082700000| Untracked 
|  40|0x0000000082800000, 0x0000000082900000, 0x0000000082900000|100%| O|  |TAMS 0x0000000082800000, 0x0000000082800000| Untracked 
|  41|0x0000000082900000, 0x0000000082a00000, 0x0000000082a00000|100%| O|  |TAMS 0x0000000082900000, 0x0000000082900000| Untracked 
|  42|0x0000000082a00000, 0x0000000082a2fc00, 0x0000000082b00000| 18%| O|  |TAMS 0x0000000082a00000, 0x0000000082a00000| Untracked 
|  43|0x0000000082b00000, 0x0000000082b00000, 0x0000000082c00000|  0%| F|  |TAMS 0x0000000082b00000, 0x0000000082b00000| Untracked 
|  44|0x0000000082c00000, 0x0000000082c00000, 0x0000000082d00000|  0%| F|  |TAMS 0x0000000082c00000, 0x0000000082c00000| Untracked 
|  45|0x0000000082d00000, 0x0000000082d00000, 0x0000000082e00000|  0%| F|  |TAMS 0x0000000082d00000, 0x0000000082d00000| Untracked 
|  46|0x0000000082e00000, 0x0000000082e00000, 0x0000000082f00000|  0%| F|  |TAMS 0x0000000082e00000, 0x0000000082e00000| Untracked 
|  47|0x0000000082f00000, 0x0000000082f00000, 0x0000000083000000|  0%| F|  |TAMS 0x0000000082f00000, 0x0000000082f00000| Untracked 
|  48|0x0000000083000000, 0x0000000083000000, 0x0000000083100000|  0%| F|  |TAMS 0x0000000083000000, 0x0000000083000000| Untracked 
|  49|0x0000000083100000, 0x0000000083100000, 0x0000000083200000|  0%| F|  |TAMS 0x0000000083100000, 0x0000000083100000| Untracked 
|  50|0x0000000083200000, 0x0000000083200000, 0x0000000083300000|  0%| F|  |TAMS 0x0000000083200000, 0x0000000083200000| Untracked 
|  51|0x0000000083300000, 0x0000000083300000, 0x0000000083400000|  0%| F|  |TAMS 0x0000000083300000, 0x0000000083300000| Untracked 
|  52|0x0000000083400000, 0x0000000083400000, 0x0000000083500000|  0%| F|  |TAMS 0x0000000083400000, 0x0000000083400000| Untracked 
|  53|0x0000000083500000, 0x0000000083500000, 0x0000000083600000|  0%| F|  |TAMS 0x0000000083500000, 0x0000000083500000| Untracked 
|  54|0x0000000083600000, 0x0000000083600000, 0x0000000083700000|  0%| F|  |TAMS 0x0000000083600000, 0x0000000083600000| Untracked 
|  55|0x0000000083700000, 0x0000000083700000, 0x0000000083800000|  0%| F|  |TAMS 0x0000000083700000, 0x0000000083700000| Untracked 
|  56|0x0000000083800000, 0x0000000083800000, 0x0000000083900000|  0%| F|  |TAMS 0x0000000083800000, 0x0000000083800000| Untracked 
|  57|0x0000000083900000, 0x0000000083900000, 0x0000000083a00000|  0%| F|  |TAMS 0x0000000083900000, 0x0000000083900000| Untracked 
|  58|0x0000000083a00000, 0x0000000083a00000, 0x0000000083b00000|  0%| F|  |TAMS 0x0000000083a00000, 0x0000000083a00000| Untracked 
|  59|0x0000000083b00000, 0x0000000083b1d6d8, 0x0000000083c00000| 11%| S|CS|TAMS 0x0000000083b00000, 0x0000000083b00000| Complete 
|  60|0x0000000083c00000, 0x0000000083d00000, 0x0000000083d00000|100%| S|CS|TAMS 0x0000000083c00000, 0x0000000083c00000| Complete 
|  61|0x0000000083d00000, 0x0000000083d00000, 0x0000000083e00000|  0%| F|  |TAMS 0x0000000083d00000, 0x0000000083d00000| Untracked 
|  62|0x0000000083e00000, 0x0000000083e00000, 0x0000000083f00000|  0%| F|  |TAMS 0x0000000083e00000, 0x0000000083e00000| Untracked 
|  63|0x0000000083f00000, 0x0000000084000000, 0x0000000084000000|100%| S|CS|TAMS 0x0000000083f00000, 0x0000000083f00000| Complete 
|  64|0x0000000084000000, 0x0000000084000000, 0x0000000084100000|  0%| F|  |TAMS 0x0000000084000000, 0x0000000084000000| Untracked 
|  65|0x0000000084100000, 0x0000000084100000, 0x0000000084200000|  0%| F|  |TAMS 0x0000000084100000, 0x0000000084100000| Untracked 
|  66|0x0000000084200000, 0x0000000084200000, 0x0000000084300000|  0%| F|  |TAMS 0x0000000084200000, 0x0000000084200000| Untracked 
|  67|0x0000000084300000, 0x0000000084300000, 0x0000000084400000|  0%| F|  |TAMS 0x0000000084300000, 0x0000000084300000| Untracked 
|  68|0x0000000084400000, 0x0000000084400000, 0x0000000084500000|  0%| F|  |TAMS 0x0000000084400000, 0x0000000084400000| Untracked 
|  69|0x0000000084500000, 0x0000000084500000, 0x0000000084600000|  0%| F|  |TAMS 0x0000000084500000, 0x0000000084500000| Untracked 
|  70|0x0000000084600000, 0x0000000084600000, 0x0000000084700000|  0%| F|  |TAMS 0x0000000084600000, 0x0000000084600000| Untracked 
|  71|0x0000000084700000, 0x0000000084700000, 0x0000000084800000|  0%| F|  |TAMS 0x0000000084700000, 0x0000000084700000| Untracked 
|  72|0x0000000084800000, 0x0000000084800000, 0x0000000084900000|  0%| F|  |TAMS 0x0000000084800000, 0x0000000084800000| Untracked 
|  73|0x0000000084900000, 0x0000000084900000, 0x0000000084a00000|  0%| F|  |TAMS 0x0000000084900000, 0x0000000084900000| Untracked 
|  74|0x0000000084a00000, 0x0000000084a00000, 0x0000000084b00000|  0%| F|  |TAMS 0x0000000084a00000, 0x0000000084a00000| Untracked 
|  75|0x0000000084b00000, 0x0000000084b00000, 0x0000000084c00000|  0%| F|  |TAMS 0x0000000084b00000, 0x0000000084b00000| Untracked 
|  76|0x0000000084c00000, 0x0000000084c00000, 0x0000000084d00000|  0%| F|  |TAMS 0x0000000084c00000, 0x0000000084c00000| Untracked 
|  77|0x0000000084d00000, 0x0000000084d00000, 0x0000000084e00000|  0%| F|  |TAMS 0x0000000084d00000, 0x0000000084d00000| Untracked 
|  78|0x0000000084e00000, 0x0000000084e00000, 0x0000000084f00000|  0%| F|  |TAMS 0x0000000084e00000, 0x0000000084e00000| Untracked 
|  79|0x0000000084f00000, 0x0000000084f00000, 0x0000000085000000|  0%| F|  |TAMS 0x0000000084f00000, 0x0000000084f00000| Untracked 
|  80|0x0000000085000000, 0x0000000085000000, 0x0000000085100000|  0%| F|  |TAMS 0x0000000085000000, 0x0000000085000000| Untracked 
|  81|0x0000000085100000, 0x0000000085100000, 0x0000000085200000|  0%| F|  |TAMS 0x0000000085100000, 0x0000000085100000| Untracked 
|  82|0x0000000085200000, 0x0000000085200000, 0x0000000085300000|  0%| F|  |TAMS 0x0000000085200000, 0x0000000085200000| Untracked 
|  83|0x0000000085300000, 0x0000000085300000, 0x0000000085400000|  0%| F|  |TAMS 0x0000000085300000, 0x0000000085300000| Untracked 
|  84|0x0000000085400000, 0x0000000085400000, 0x0000000085500000|  0%| F|  |TAMS 0x0000000085400000, 0x0000000085400000| Untracked 
|  85|0x0000000085500000, 0x0000000085500000, 0x0000000085600000|  0%| F|  |TAMS 0x0000000085500000, 0x0000000085500000| Untracked 
|  86|0x0000000085600000, 0x0000000085600000, 0x0000000085700000|  0%| F|  |TAMS 0x0000000085600000, 0x0000000085600000| Untracked 
|  87|0x0000000085700000, 0x0000000085700000, 0x0000000085800000|  0%| F|  |TAMS 0x0000000085700000, 0x0000000085700000| Untracked 
|  88|0x0000000085800000, 0x0000000085800000, 0x0000000085900000|  0%| F|  |TAMS 0x0000000085800000, 0x0000000085800000| Untracked 
|  89|0x0000000085900000, 0x0000000085900000, 0x0000000085a00000|  0%| F|  |TAMS 0x0000000085900000, 0x0000000085900000| Untracked 
|  90|0x0000000085a00000, 0x0000000085a00000, 0x0000000085b00000|  0%| F|  |TAMS 0x0000000085a00000, 0x0000000085a00000| Untracked 
|  91|0x0000000085b00000, 0x0000000085b00000, 0x0000000085c00000|  0%| F|  |TAMS 0x0000000085b00000, 0x0000000085b00000| Untracked 
|  92|0x0000000085c00000, 0x0000000085c00000, 0x0000000085d00000|  0%| F|  |TAMS 0x0000000085c00000, 0x0000000085c00000| Untracked 
|  93|0x0000000085d00000, 0x0000000085d00000, 0x0000000085e00000|  0%| F|  |TAMS 0x0000000085d00000, 0x0000000085d00000| Untracked 
|  94|0x0000000085e00000, 0x0000000085e00000, 0x0000000085f00000|  0%| F|  |TAMS 0x0000000085e00000, 0x0000000085e00000| Untracked 
|  95|0x0000000085f00000, 0x0000000085f00000, 0x0000000086000000|  0%| F|  |TAMS 0x0000000085f00000, 0x0000000085f00000| Untracked 
|  96|0x0000000086000000, 0x0000000086000000, 0x0000000086100000|  0%| F|  |TAMS 0x0000000086000000, 0x0000000086000000| Untracked 
|  97|0x0000000086100000, 0x0000000086100000, 0x0000000086200000|  0%| F|  |TAMS 0x0000000086100000, 0x0000000086100000| Untracked 
|  98|0x0000000086200000, 0x0000000086200000, 0x0000000086300000|  0%| F|  |TAMS 0x0000000086200000, 0x0000000086200000| Untracked 
|  99|0x0000000086300000, 0x0000000086300000, 0x0000000086400000|  0%| F|  |TAMS 0x0000000086300000, 0x0000000086300000| Untracked 
| 100|0x0000000086400000, 0x0000000086400000, 0x0000000086500000|  0%| F|  |TAMS 0x0000000086400000, 0x0000000086400000| Untracked 
| 101|0x0000000086500000, 0x0000000086500000, 0x0000000086600000|  0%| F|  |TAMS 0x0000000086500000, 0x0000000086500000| Untracked 
| 102|0x0000000086600000, 0x0000000086600000, 0x0000000086700000|  0%| F|  |TAMS 0x0000000086600000, 0x0000000086600000| Untracked 
| 103|0x0000000086700000, 0x0000000086700000, 0x0000000086800000|  0%| F|  |TAMS 0x0000000086700000, 0x0000000086700000| Untracked 
| 104|0x0000000086800000, 0x0000000086800000, 0x0000000086900000|  0%| F|  |TAMS 0x0000000086800000, 0x0000000086800000| Untracked 
| 105|0x0000000086900000, 0x0000000086900000, 0x0000000086a00000|  0%| F|  |TAMS 0x0000000086900000, 0x0000000086900000| Untracked 
| 106|0x0000000086a00000, 0x0000000086a00000, 0x0000000086b00000|  0%| F|  |TAMS 0x0000000086a00000, 0x0000000086a00000| Untracked 
| 107|0x0000000086b00000, 0x0000000086b00000, 0x0000000086c00000|  0%| F|  |TAMS 0x0000000086b00000, 0x0000000086b00000| Untracked 
| 108|0x0000000086c00000, 0x0000000086c00000, 0x0000000086d00000|  0%| F|  |TAMS 0x0000000086c00000, 0x0000000086c00000| Untracked 
| 109|0x0000000086d00000, 0x0000000086d00000, 0x0000000086e00000|  0%| F|  |TAMS 0x0000000086d00000, 0x0000000086d00000| Untracked 
| 110|0x0000000086e00000, 0x0000000086e00000, 0x0000000086f00000|  0%| F|  |TAMS 0x0000000086e00000, 0x0000000086e00000| Untracked 
| 123|0x0000000087b00000, 0x0000000087b80800, 0x0000000087c00000| 50%| E|  |TAMS 0x0000000087b00000, 0x0000000087b00000| Complete 

Card table byte_map: [0x000001e52c6d0000,0x000001e52cad0000] _byte_map_base: 0x000001e52c2d0000

Marking Bits (Prev, Next): (CMBitMap*) 0x000001e530ef5550, (CMBitMap*) 0x000001e530ef5590
 Prev Bits: [0x000001e52ced0000, 0x000001e52eed0000)
 Next Bits: [0x000001e52eed0000, 0x000001e530ed0000)

Polling page: 0x000001e5190b0000

Metaspace:

Usage:
  Non-class:     49.11 MB used.
      Class:      5.89 MB used.
       Both:     55.00 MB used.

Virtual space:
  Non-class space:       64.00 MB reserved,      49.44 MB ( 77%) committed,  1 nodes.
      Class space:        1.00 GB reserved,       6.19 MB ( <1%) committed,  1 nodes.
             Both:        1.06 GB reserved,      55.62 MB (  5%) committed. 

Chunk freelists:
   Non-Class:  14.20 MB
       Class:  9.84 MB
        Both:  24.04 MB

MaxMetaspaceSize: unlimited
CompressedClassSpaceSize: 1.00 GB
Initial GC threshold: 21.00 MB
Current GC threshold: 59.00 MB
CDS: off
MetaspaceReclaimPolicy: balanced
 - commit_granule_bytes: 65536.
 - commit_granule_words: 8192.
 - virtual_space_node_default_size: 8388608.
 - enlarge_chunks_in_place: 1.
 - new_chunks_are_fully_committed: 0.
 - uncommit_free_chunks: 1.
 - use_allocation_guard: 0.
 - handle_deallocations: 1.


Internal statistics:

num_allocs_failed_limit: 6.
num_arena_births: 782.
num_arena_deaths: 0.
num_vsnodes_births: 2.
num_vsnodes_deaths: 0.
num_space_committed: 890.
num_space_uncommitted: 0.
num_chunks_returned_to_freelist: 6.
num_chunks_taken_from_freelist: 2257.
num_chunk_merges: 6.
num_chunk_splits: 1517.
num_chunks_enlarged: 1018.
num_inconsistent_stats: 0.

CodeHeap 'non-profiled nmethods': size=120000Kb used=4804Kb max_used=4804Kb free=115196Kb
 bounds [0x000001e524a70000, 0x000001e524f30000, 0x000001e52bfa0000]
CodeHeap 'profiled nmethods': size=120000Kb used=13902Kb max_used=14773Kb free=106097Kb
 bounds [0x000001e51cfa0000, 0x000001e51de10000, 0x000001e5244d0000]
CodeHeap 'non-nmethods': size=5760Kb used=2380Kb max_used=2430Kb free=3379Kb
 bounds [0x000001e5244d0000, 0x000001e524740000, 0x000001e524a70000]
 total_blobs=8234 nmethods=7343 adapters=803
 compilation: enabled
              stopped_count=0, restarted_count=0
 full_count=0

Compilation events (20 events):
Event: 33.594 Thread 0x000001e533a1e640 9014       3       jdk.xml.internal.JdkProperty$ImplPropMap::is (60 bytes)
Event: 33.595 Thread 0x000001e533a1e640 nmethod 9014 0x000001e51d5d3f10 code [0x000001e51d5d40e0, 0x000001e51d5d4448]
Event: 33.595 Thread 0x000001e53ad0f090 nmethod 8993 0x000001e524f11690 code [0x000001e524f11820, 0x000001e524f11a58]
Event: 33.595 Thread 0x000001e53ad0f090 8960       4       org.apache.xmlbeans.impl.store.Cur::tempCur (77 bytes)
Event: 33.603 Thread 0x000001e53ad0f090 nmethod 8960 0x000001e524f11b10 code [0x000001e524f11cc0, 0x000001e524f12338]
Event: 33.603 Thread 0x000001e53ad0f090 9015 %     4       java.util.Properties$LineReader::readLine @ 293 (584 bytes)
Event: 33.620 Thread 0x000001e53ad0f090 nmethod 9015% 0x000001e524f12590 code [0x000001e524f127c0, 0x000001e524f137e8]
Event: 33.621 Thread 0x000001e53ad0f090 8996       4       java.lang.CharacterDataLatin1::isUpperCase (16 bytes)
Event: 33.621 Thread 0x000001e53ad0f090 nmethod 8996 0x000001e524f14490 code [0x000001e524f14600, 0x000001e524f146b8]
Event: 33.621 Thread 0x000001e53ad0f090 9003       4       java.util.stream.ReferencePipeline::map (26 bytes)
Event: 33.624 Thread 0x000001e53ad0f090 nmethod 9003 0x000001e524f14790 code [0x000001e524f14920, 0x000001e524f14cf8]
Event: 33.624 Thread 0x000001e53ad0f090 8954   !   4       org.apache.xmlbeans.impl.store.Xobj::add_attribute_user (53 bytes)
Event: 33.661 Thread 0x000001e533a1d5a0 nmethod 8938 0x000001e524f14e90 code [0x000001e524f152a0, 0x000001e524f1a6a0]
Event: 33.661 Thread 0x000001e533a1d5a0 8995       4       groovyjarjarantlr4.v4.runtime.Parser::match (90 bytes)
Event: 33.665 Thread 0x000001e53ad0f090 nmethod 8954 0x000001e524f1cb90 code [0x000001e524f1ce20, 0x000001e524f1f348]
Event: 33.665 Thread 0x000001e53ad0f090 8946       4       org.apache.xmlbeans.impl.store.Saver::processElement (389 bytes)
Event: 33.666 Thread 0x000001e533a1d5a0 nmethod 8995 0x000001e524f20410 code [0x000001e524f205e0, 0x000001e524f208d8]
Event: 33.666 Thread 0x000001e533a1d5a0 8948       4       org.apache.xmlbeans.impl.store.Cur::isAttr (45 bytes)
Event: 33.666 Thread 0x000001e533a1d5a0 nmethod 8948 0x000001e524f20d10 code [0x000001e524f20e80, 0x000001e524f20f58]
Event: 33.666 Thread 0x000001e533a1d5a0 8950       4       org.apache.xmlbeans.impl.store.Saver::createSaveCur (548 bytes)

GC Heap History (20 events):
Event: 17.696 GC heap before
{Heap before GC invocations=13 (full 0):
 garbage-first heap   total 114688K, used 90435K [0x0000000080000000, 0x0000000100000000)
  region size 1024K, 62 young (63488K), 5 survivors (5120K)
 Metaspace       used 43504K, committed 43968K, reserved 1114112K
  class space    used 4841K, committed 5056K, reserved 1048576K
}
Event: 17.703 GC heap after
{Heap after GC invocations=14 (full 0):
 garbage-first heap   total 114688K, used 35769K [0x0000000080000000, 0x0000000100000000)
  region size 1024K, 8 young (8192K), 8 survivors (8192K)
 Metaspace       used 43504K, committed 43968K, reserved 1114112K
  class space    used 4841K, committed 5056K, reserved 1048576K
}
Event: 29.004 GC heap before
{Heap before GC invocations=14 (full 0):
 garbage-first heap   total 114688K, used 90041K [0x0000000080000000, 0x0000000100000000)
  region size 1024K, 61 young (62464K), 8 survivors (8192K)
 Metaspace       used 43806K, committed 44352K, reserved 1114112K
  class space    used 4843K, committed 5120K, reserved 1048576K
}
Event: 29.012 GC heap after
{Heap after GC invocations=15 (full 0):
 garbage-first heap   total 114688K, used 38001K [0x0000000080000000, 0x0000000100000000)
  region size 1024K, 6 young (6144K), 6 survivors (6144K)
 Metaspace       used 43806K, committed 44352K, reserved 1114112K
  class space    used 4843K, committed 5120K, reserved 1048576K
}
Event: 29.621 GC heap before
{Heap before GC invocations=15 (full 0):
 garbage-first heap   total 114688K, used 92273K [0x0000000080000000, 0x0000000100000000)
  region size 1024K, 59 young (60416K), 6 survivors (6144K)
 Metaspace       used 48648K, committed 49152K, reserved 1114112K
  class space    used 5316K, committed 5568K, reserved 1048576K
}
Event: 29.627 GC heap after
{Heap after GC invocations=16 (full 0):
 garbage-first heap   total 114688K, used 39891K [0x0000000080000000, 0x0000000100000000)
  region size 1024K, 5 young (5120K), 5 survivors (5120K)
 Metaspace       used 48648K, committed 49152K, reserved 1114112K
  class space    used 5316K, committed 5568K, reserved 1048576K
}
Event: 30.465 GC heap before
{Heap before GC invocations=16 (full 0):
 garbage-first heap   total 114688K, used 91091K [0x0000000080000000, 0x0000000100000000)
  region size 1024K, 55 young (56320K), 5 survivors (5120K)
 Metaspace       used 54775K, committed 55360K, reserved 1114112K
  class space    used 5991K, committed 6272K, reserved 1048576K
}
Event: 30.471 GC heap after
{Heap after GC invocations=17 (full 0):
 garbage-first heap   total 114688K, used 43063K [0x0000000080000000, 0x0000000100000000)
  region size 1024K, 6 young (6144K), 6 survivors (6144K)
 Metaspace       used 54775K, committed 55360K, reserved 1114112K
  class space    used 5991K, committed 6272K, reserved 1048576K
}
Event: 31.154 GC heap before
{Heap before GC invocations=17 (full 0):
 garbage-first heap   total 114688K, used 91191K [0x0000000080000000, 0x0000000100000000)
  region size 1024K, 53 young (54272K), 6 survivors (6144K)
 Metaspace       used 55194K, committed 55744K, reserved 1114112K
  class space    used 5998K, committed 6272K, reserved 1048576K
}
Event: 31.159 GC heap after
{Heap after GC invocations=18 (full 0):
 garbage-first heap   total 114688K, used 43943K [0x0000000080000000, 0x0000000100000000)
  region size 1024K, 4 young (4096K), 4 survivors (4096K)
 Metaspace       used 55194K, committed 55744K, reserved 1114112K
  class space    used 5998K, committed 6272K, reserved 1048576K
}
Event: 31.778 GC heap before
{Heap before GC invocations=18 (full 0):
 garbage-first heap   total 114688K, used 93095K [0x0000000080000000, 0x0000000100000000)
  region size 1024K, 52 young (53248K), 4 survivors (4096K)
 Metaspace       used 55522K, committed 56064K, reserved 1114112K
  class space    used 6006K, committed 6272K, reserved 1048576K
}
Event: 31.781 GC heap after
{Heap after GC invocations=19 (full 0):
 garbage-first heap   total 114688K, used 43925K [0x0000000080000000, 0x0000000100000000)
  region size 1024K, 4 young (4096K), 4 survivors (4096K)
 Metaspace       used 55522K, committed 56064K, reserved 1114112K
  class space    used 6006K, committed 6272K, reserved 1048576K
}
Event: 32.297 GC heap before
{Heap before GC invocations=19 (full 0):
 garbage-first heap   total 114688K, used 94101K [0x0000000080000000, 0x0000000100000000)
  region size 1024K, 53 young (54272K), 4 survivors (4096K)
 Metaspace       used 55730K, committed 56384K, reserved 1114112K
  class space    used 6020K, committed 6336K, reserved 1048576K
}
Event: 32.301 GC heap after
{Heap after GC invocations=20 (full 0):
 garbage-first heap   total 114688K, used 45407K [0x0000000080000000, 0x0000000100000000)
  region size 1024K, 6 young (6144K), 6 survivors (6144K)
 Metaspace       used 55730K, committed 56384K, reserved 1114112K
  class space    used 6020K, committed 6336K, reserved 1048576K
}
Event: 32.696 GC heap before
{Heap before GC invocations=20 (full 0):
 garbage-first heap   total 114688K, used 93535K [0x0000000080000000, 0x0000000100000000)
  region size 1024K, 53 young (54272K), 6 survivors (6144K)
 Metaspace       used 55928K, committed 56576K, reserved 1114112K
  class space    used 6021K, committed 6336K, reserved 1048576K
}
Event: 32.701 GC heap after
{Heap after GC invocations=21 (full 0):
 garbage-first heap   total 114688K, used 45970K [0x0000000080000000, 0x0000000100000000)
  region size 1024K, 4 young (4096K), 4 survivors (4096K)
 Metaspace       used 55928K, committed 56576K, reserved 1114112K
  class space    used 6021K, committed 6336K, reserved 1048576K
}
Event: 33.107 GC heap before
{Heap before GC invocations=21 (full 0):
 garbage-first heap   total 114688K, used 93074K [0x0000000080000000, 0x0000000100000000)
  region size 1024K, 50 young (51200K), 4 survivors (4096K)
 Metaspace       used 56141K, committed 56768K, reserved 1114112K
  class space    used 6027K, committed 6336K, reserved 1048576K
}
Event: 33.109 GC heap after
{Heap after GC invocations=22 (full 0):
 garbage-first heap   total 114688K, used 44646K [0x0000000080000000, 0x0000000100000000)
  region size 1024K, 3 young (3072K), 3 survivors (3072K)
 Metaspace       used 56141K, committed 56768K, reserved 1114112K
  class space    used 6027K, committed 6336K, reserved 1048576K
}
Event: 33.586 GC heap before
{Heap before GC invocations=22 (full 0):
 garbage-first heap   total 114688K, used 92774K [0x0000000080000000, 0x0000000100000000)
  region size 1024K, 50 young (51200K), 3 survivors (3072K)
 Metaspace       used 56308K, committed 56960K, reserved 1114112K
  class space    used 6030K, committed 6336K, reserved 1048576K
}
Event: 33.588 GC heap after
{Heap after GC invocations=23 (full 0):
 garbage-first heap   total 114688K, used 44590K [0x0000000080000000, 0x0000000100000000)
  region size 1024K, 3 young (3072K), 3 survivors (3072K)
 Metaspace       used 56308K, committed 56960K, reserved 1114112K
  class space    used 6030K, committed 6336K, reserved 1048576K
}

Dll operation events (10 events):
Event: 0.034 Loaded shared library C:\Users\ho.hendy\.katalon\packages\Katalon_Studio_Windows_64-9.3.1\Katalon_Studio_Windows_64-9.3.1\jre\bin\java.dll
Event: 0.314 Loaded shared library C:\Users\ho.hendy\.katalon\packages\Katalon_Studio_Windows_64-9.3.1\Katalon_Studio_Windows_64-9.3.1\jre\bin\net.dll
Event: 0.319 Loaded shared library C:\Users\ho.hendy\.katalon\packages\Katalon_Studio_Windows_64-9.3.1\Katalon_Studio_Windows_64-9.3.1\jre\bin\nio.dll
Event: 0.327 Loaded shared library C:\Users\ho.hendy\.katalon\packages\Katalon_Studio_Windows_64-9.3.1\Katalon_Studio_Windows_64-9.3.1\jre\bin\zip.dll
Event: 0.647 Loaded shared library C:\Users\ho.hendy\.katalon\packages\Katalon_Studio_Windows_64-9.3.1\Katalon_Studio_Windows_64-9.3.1\jre\bin\verify.dll
Event: 0.793 Loaded shared library C:\Users\ho.hendy\.katalon\packages\Katalon_Studio_Windows_64-9.3.1\Katalon_Studio_Windows_64-9.3.1\jre\bin\jimage.dll
Event: 8.505 Loaded shared library C:\Users\ho.hendy\.katalon\packages\Katalon_Studio_Windows_64-9.3.1\Katalon_Studio_Windows_64-9.3.1\jre\bin\management.dll
Event: 8.510 Loaded shared library C:\Users\ho.hendy\.katalon\packages\Katalon_Studio_Windows_64-9.3.1\Katalon_Studio_Windows_64-9.3.1\jre\bin\management_ext.dll
Event: 10.994 Loaded shared library C:\Users\ho.hendy\.katalon\packages\Katalon_Studio_Windows_64-9.3.1\Katalon_Studio_Windows_64-9.3.1\jre\bin\sunmscapi.dll
Event: 17.671 Loaded shared library C:\Users\ho.hendy\.katalon\packages\Katalon_Studio_Windows_64-9.3.1\Katalon_Studio_Windows_64-9.3.1\jre\bin\awt.dll

Deoptimization events (20 events):
Event: 33.226 Thread 0x000001e519976fa0 DEOPT PACKING pc=0x000001e524ab50d0 sp=0x0000009d84afc720
Event: 33.226 Thread 0x000001e519976fa0 DEOPT UNPACKING pc=0x000001e52452a1a3 sp=0x0000009d84afc680 mode 2
Event: 33.247 Thread 0x000001e519976fa0 DEOPT PACKING pc=0x000001e51d8f3bd0 sp=0x0000009d84afb680
Event: 33.247 Thread 0x000001e519976fa0 DEOPT UNPACKING pc=0x000001e52452ace3 sp=0x0000009d84afab20 mode 0
Event: 33.322 Thread 0x000001e519976fa0 Uncommon trap: trap_request=0xffffffde fr.pc=0x000001e524e3933c relative=0x0000000000007cbc
Event: 33.322 Thread 0x000001e519976fa0 Uncommon trap: reason=class_check action=maybe_recompile pc=0x000001e524e3933c method=org.apache.xmlbeans.impl.store.CharUtil.getString(Ljava/lang/Object;II)Ljava/lang/String; @ 55 c2
Event: 33.322 Thread 0x000001e519976fa0 DEOPT PACKING pc=0x000001e524e3933c sp=0x0000009d84afc0f0
Event: 33.322 Thread 0x000001e519976fa0 DEOPT UNPACKING pc=0x000001e52452a1a3 sp=0x0000009d84afbf38 mode 2
Event: 33.399 Thread 0x000001e519976fa0 Uncommon trap: trap_request=0xffffffbe fr.pc=0x000001e524ab50d0 relative=0x0000000000000cb0
Event: 33.399 Thread 0x000001e519976fa0 Uncommon trap: reason=profile_predicate action=maybe_recompile pc=0x000001e524ab50d0 method=java.util.Properties$LineReader.readLine()I @ 209 c2
Event: 33.399 Thread 0x000001e519976fa0 DEOPT PACKING pc=0x000001e524ab50d0 sp=0x0000009d84afc680
Event: 33.399 Thread 0x000001e519976fa0 DEOPT UNPACKING pc=0x000001e52452a1a3 sp=0x0000009d84afc5e0 mode 2
Event: 33.506 Thread 0x000001e519976fa0 DEOPT PACKING pc=0x000001e51dbab637 sp=0x0000009d84afc040
Event: 33.506 Thread 0x000001e519976fa0 DEOPT UNPACKING pc=0x000001e52452ace3 sp=0x0000009d84afb520 mode 0
Event: 33.577 Thread 0x000001e519976fa0 DEOPT PACKING pc=0x000001e51d891fa5 sp=0x0000009d84afa930
Event: 33.577 Thread 0x000001e519976fa0 DEOPT UNPACKING pc=0x000001e52452ace3 sp=0x0000009d84af9da8 mode 0
Event: 33.596 Thread 0x000001e519976fa0 Uncommon trap: trap_request=0xffffffbe fr.pc=0x000001e524ab50d0 relative=0x0000000000000cb0
Event: 33.596 Thread 0x000001e519976fa0 Uncommon trap: reason=profile_predicate action=maybe_recompile pc=0x000001e524ab50d0 method=java.util.Properties$LineReader.readLine()I @ 209 c2
Event: 33.596 Thread 0x000001e519976fa0 DEOPT PACKING pc=0x000001e524ab50d0 sp=0x0000009d84afc5e0
Event: 33.596 Thread 0x000001e519976fa0 DEOPT UNPACKING pc=0x000001e52452a1a3 sp=0x0000009d84afc540 mode 2

Classes unloaded (0 events):
No events

Classes redefined (0 events):
No events

Internal exceptions (20 events):
Event: 32.910 Thread 0x000001e519976fa0 Exception <a 'java/lang/reflect/InvocationTargetException'{0x0000000085a54630}> (0x0000000085a54630) 
thrown [s\src\hotspot\share\runtime\reflection.cpp, line 1121]
Event: 32.913 Thread 0x000001e519976fa0 Exception <a 'java/lang/NullPointerException'{0x0000000085ac9d00}> (0x0000000085ac9d00) 
thrown [s\src\hotspot\share\interpreter\linkResolver.cpp, line 1350]
Event: 32.946 Thread 0x000001e519976fa0 Implicit null exception at 0x000001e524ab484a to 0x000001e524ab50b0
Event: 33.062 Thread 0x000001e519976fa0 Exception <a 'java/lang/ClassNotFoundException'{0x00000000849f6958}: Script1BeanInfo> (0x00000000849f6958) 
thrown [s\src\hotspot\share\classfile\systemDictionary.cpp, line 256]
Event: 33.065 Thread 0x000001e519976fa0 Exception <a 'java/lang/ClassNotFoundException'{0x000000008482e7e8}: Script1Customizer> (0x000000008482e7e8) 
thrown [s\src\hotspot\share\classfile\systemDictionary.cpp, line 256]
Event: 33.069 Thread 0x000001e519976fa0 Exception <a 'java/lang/reflect/InvocationTargetException'{0x000000008489c7a0}> (0x000000008489c7a0) 
thrown [s\src\hotspot\share\runtime\reflection.cpp, line 1121]
Event: 33.072 Thread 0x000001e519976fa0 Exception <a 'java/lang/NullPointerException'{0x0000000084715df0}> (0x0000000084715df0) 
thrown [s\src\hotspot\share\interpreter\linkResolver.cpp, line 1350]
Event: 33.214 Thread 0x000001e519976fa0 Exception <a 'java/lang/ClassNotFoundException'{0x00000000866d6188}: Script1716887207302BeanInfo> (0x00000000866d6188) 
thrown [s\src\hotspot\share\classfile\systemDictionary.cpp, line 256]
Event: 33.218 Thread 0x000001e519976fa0 Exception <a 'java/lang/ClassNotFoundException'{0x000000008651b8c8}: Script1716887207302Customizer> (0x000000008651b8c8) 
thrown [s\src\hotspot\share\classfile\systemDictionary.cpp, line 256]
Event: 33.226 Thread 0x000001e519976fa0 Implicit null exception at 0x000001e524ab484a to 0x000001e524ab50b0
Event: 33.361 Thread 0x000001e519976fa0 Exception <a 'java/lang/ClassNotFoundException'{0x000000008570f090}: Script1BeanInfo> (0x000000008570f090) 
thrown [s\src\hotspot\share\classfile\systemDictionary.cpp, line 256]
Event: 33.364 Thread 0x000001e519976fa0 Exception <a 'java/lang/ClassNotFoundException'{0x0000000085746970}: Script1Customizer> (0x0000000085746970) 
thrown [s\src\hotspot\share\classfile\systemDictionary.cpp, line 256]
Event: 33.367 Thread 0x000001e519976fa0 Exception <a 'java/lang/reflect/InvocationTargetException'{0x00000000857b77a8}> (0x00000000857b77a8) 
thrown [s\src\hotspot\share\runtime\reflection.cpp, line 1121]
Event: 33.370 Thread 0x000001e519976fa0 Exception <a 'java/lang/NullPointerException'{0x0000000085626e00}> (0x0000000085626e00) 
thrown [s\src\hotspot\share\interpreter\linkResolver.cpp, line 1350]
Event: 33.399 Thread 0x000001e519976fa0 Implicit null exception at 0x000001e524ab484a to 0x000001e524ab50b0
Event: 33.552 Thread 0x000001e519976fa0 Exception <a 'java/lang/ClassNotFoundException'{0x0000000084572090}: Script1BeanInfo> (0x0000000084572090) 
thrown [s\src\hotspot\share\classfile\systemDictionary.cpp, line 256]
Event: 33.556 Thread 0x000001e519976fa0 Exception <a 'java/lang/ClassNotFoundException'{0x00000000845a9bc0}: Script1Customizer> (0x00000000845a9bc0) 
thrown [s\src\hotspot\share\classfile\systemDictionary.cpp, line 256]
Event: 33.560 Thread 0x000001e519976fa0 Exception <a 'java/lang/reflect/InvocationTargetException'{0x0000000084417dc0}> (0x0000000084417dc0) 
thrown [s\src\hotspot\share\runtime\reflection.cpp, line 1121]
Event: 33.563 Thread 0x000001e519976fa0 Exception <a 'java/lang/NullPointerException'{0x0000000084489ec8}> (0x0000000084489ec8) 
thrown [s\src\hotspot\share\interpreter\linkResolver.cpp, line 1350]
Event: 33.596 Thread 0x000001e519976fa0 Implicit null exception at 0x000001e524ab484a to 0x000001e524ab50b0

VM Operations (20 events):
Event: 31.154 Executing VM operation: G1CollectForAllocation
Event: 31.159 Executing VM operation: G1CollectForAllocation done
Event: 31.778 Executing VM operation: G1CollectForAllocation
Event: 31.781 Executing VM operation: G1CollectForAllocation done
Event: 32.297 Executing VM operation: G1CollectForAllocation
Event: 32.301 Executing VM operation: G1CollectForAllocation done
Event: 32.480 Executing VM operation: HandshakeAllThreads
Event: 32.480 Executing VM operation: HandshakeAllThreads done
Event: 32.538 Executing VM operation: HandshakeAllThreads
Event: 32.538 Executing VM operation: HandshakeAllThreads done
Event: 32.656 Executing VM operation: HandshakeAllThreads
Event: 32.656 Executing VM operation: HandshakeAllThreads done
Event: 32.657 Executing VM operation: ICBufferFull
Event: 32.657 Executing VM operation: ICBufferFull done
Event: 32.696 Executing VM operation: G1CollectForAllocation
Event: 32.701 Executing VM operation: G1CollectForAllocation done
Event: 33.107 Executing VM operation: G1CollectForAllocation
Event: 33.109 Executing VM operation: G1CollectForAllocation done
Event: 33.586 Executing VM operation: G1CollectForAllocation
Event: 33.588 Executing VM operation: G1CollectForAllocation done

Events (20 events):
Event: 32.663 Thread 0x000001e533a23320 flushing nmethod 0x000001e51dba7610
Event: 32.663 Thread 0x000001e533a23320 flushing nmethod 0x000001e51dba7e90
Event: 32.663 Thread 0x000001e533a23320 flushing nmethod 0x000001e51dba8190
Event: 32.663 Thread 0x000001e533a23320 flushing nmethod 0x000001e51dba8d10
Event: 32.663 Thread 0x000001e533a23320 flushing nmethod 0x000001e51dba9290
Event: 32.663 Thread 0x000001e533a23320 flushing nmethod 0x000001e51dba9890
Event: 32.663 Thread 0x000001e533a23320 flushing nmethod 0x000001e51dba9d90
Event: 32.663 Thread 0x000001e533a23320 flushing nmethod 0x000001e51dbaa210
Event: 32.663 Thread 0x000001e533a23320 flushing nmethod 0x000001e51dbaaa10
Event: 32.663 Thread 0x000001e533a23320 flushing nmethod 0x000001e51dbaae90
Event: 32.663 Thread 0x000001e533a23320 flushing nmethod 0x000001e51dbe7310
Event: 32.663 Thread 0x000001e533a23320 flushing nmethod 0x000001e51dbe7810
Event: 32.664 Thread 0x000001e533a23320 flushing nmethod 0x000001e51dc2bc10
Event: 32.664 Thread 0x000001e533a23320 flushing nmethod 0x000001e51dcc7210
Event: 32.664 Thread 0x000001e533a23320 flushing nmethod 0x000001e51dcc7710
Event: 32.664 Thread 0x000001e533a23320 flushing nmethod 0x000001e51dccf210
Event: 33.180 loading class java/lang/Enum$OPTIONAL
Event: 33.180 loading class java/lang/Enum$OPTIONAL done
Event: 33.185 loading class java/lang/Object$OPTIONAL
Event: 33.185 loading class java/lang/Object$OPTIONAL done


Dynamic libraries:
0x00007ff6407c0000 - 0x00007ff6407ce000 	C:\Users\ho.hendy\.katalon\packages\Katalon_Studio_Windows_64-9.3.1\Katalon_Studio_Windows_64-9.3.1\jre\bin\javaw.exe
0x00007fff28510000 - 0x00007fff28708000 	C:\Windows\SYSTEM32\ntdll.dll
0x00007fff26640000 - 0x00007fff266fd000 	C:\Windows\System32\KERNEL32.DLL
0x00007fff25c40000 - 0x00007fff25f36000 	C:\Windows\System32\KERNELBASE.dll
0x00007fff26060000 - 0x00007fff26160000 	C:\Windows\System32\ucrtbase.dll
0x00007fff0ccd0000 - 0x00007fff0cce9000 	C:\Users\ho.hendy\.katalon\packages\Katalon_Studio_Windows_64-9.3.1\Katalon_Studio_Windows_64-9.3.1\jre\bin\VCRUNTIME140.dll
0x00007fff0cc20000 - 0x00007fff0cc37000 	C:\Users\ho.hendy\.katalon\packages\Katalon_Studio_Windows_64-9.3.1\Katalon_Studio_Windows_64-9.3.1\jre\bin\jli.dll
0x00007fff26700000 - 0x00007fff2689f000 	C:\Windows\System32\USER32.dll
0x00007fff25c10000 - 0x00007fff25c32000 	C:\Windows\System32\win32u.dll
0x00007fff26540000 - 0x00007fff2656b000 	C:\Windows\System32\GDI32.dll
0x00007fff25f40000 - 0x00007fff26057000 	C:\Windows\System32\gdi32full.dll
0x00007fff0bde0000 - 0x00007fff0c07a000 	C:\Windows\WinSxS\amd64_microsoft.windows.common-controls_6595b64144ccf1df_6.0.19041.4355_none_60b8b9eb71f62e16\COMCTL32.dll
0x00007fff26160000 - 0x00007fff261fd000 	C:\Windows\System32\msvcp_win.dll
0x00007fff26f20000 - 0x00007fff26fbe000 	C:\Windows\System32\msvcrt.dll
0x00007fff27de0000 - 0x00007fff27e12000 	C:\Windows\System32\IMM32.DLL
0x00007fff15eb0000 - 0x00007fff160b2000 	C:\Windows\system32\tmumh\20019\AddOn\8.55.0.1288\TmUmEvt64.dll
0x00007fff281e0000 - 0x00007fff281e8000 	C:\Windows\System32\PSAPI.DLL
0x00007fff26fc0000 - 0x00007fff27070000 	C:\Windows\System32\ADVAPI32.dll
0x00007fff27cb0000 - 0x00007fff27d50000 	C:\Windows\System32\sechost.dll
0x00007fff27200000 - 0x00007fff27323000 	C:\Windows\System32\RPCRT4.dll
0x00007fff263d0000 - 0x00007fff263f7000 	C:\Windows\System32\bcrypt.dll
0x000000005a5b0000 - 0x000000005a747000 	C:\Windows\system32\tmumh\20019\TmMon\2.9.0.1084\tmmon64.dll
0x00007ffef6720000 - 0x00007ffef6a5e000 	C:\Windows\System32\TmLWE\TmUmSnsr64\1.0.0.1132\TmUmSnsr64.dll
0x00007fff23fd0000 - 0x00007fff23fe2000 	C:\Windows\SYSTEM32\kernel.appcore.dll
0x00007fff0c990000 - 0x00007fff0c99c000 	C:\Users\ho.hendy\.katalon\packages\Katalon_Studio_Windows_64-9.3.1\Katalon_Studio_Windows_64-9.3.1\jre\bin\vcruntime140_1.dll
0x00007fff01820000 - 0x00007fff018b1000 	C:\Users\ho.hendy\.katalon\packages\Katalon_Studio_Windows_64-9.3.1\Katalon_Studio_Windows_64-9.3.1\jre\bin\msvcp140.dll
0x00007ffebe970000 - 0x00007ffebf5b8000 	C:\Users\ho.hendy\.katalon\packages\Katalon_Studio_Windows_64-9.3.1\Katalon_Studio_Windows_64-9.3.1\jre\bin\server\jvm.dll
0x00007ffefde90000 - 0x00007ffefde99000 	C:\Windows\SYSTEM32\WSOCK32.dll
0x00007fff27190000 - 0x00007fff271fb000 	C:\Windows\System32\WS2_32.dll
0x00007fff160f0000 - 0x00007fff16117000 	C:\Windows\SYSTEM32\WINMM.dll
0x00007fff234d0000 - 0x00007fff234da000 	C:\Windows\SYSTEM32\VERSION.dll
0x00007fff1c950000 - 0x00007fff1c95a000 	C:\Users\ho.hendy\.katalon\packages\Katalon_Studio_Windows_64-9.3.1\Katalon_Studio_Windows_64-9.3.1\jre\bin\jimage.dll
0x00007fff25540000 - 0x00007fff25724000 	C:\Windows\SYSTEM32\DBGHELP.DLL
0x00007fff0bda0000 - 0x00007fff0bdd4000 	C:\Windows\SYSTEM32\dbgcore.DLL
0x00007fff264b0000 - 0x00007fff26532000 	C:\Windows\System32\bcryptPrimitives.dll
0x00007fff032e0000 - 0x00007fff03305000 	C:\Users\ho.hendy\.katalon\packages\Katalon_Studio_Windows_64-9.3.1\Katalon_Studio_Windows_64-9.3.1\jre\bin\java.dll
0x00007fff1c930000 - 0x00007fff1c948000 	C:\Users\ho.hendy\.katalon\packages\Katalon_Studio_Windows_64-9.3.1\Katalon_Studio_Windows_64-9.3.1\jre\bin\zip.dll
0x00007fff27330000 - 0x00007fff27a9b000 	C:\Windows\System32\SHELL32.dll
0x00007fff22c40000 - 0x00007fff233dd000 	C:\Windows\SYSTEM32\windows.storage.dll
0x00007fff27e80000 - 0x00007fff281d3000 	C:\Windows\System32\combase.dll
0x00007fff24ee0000 - 0x00007fff24f0e000 	C:\Windows\SYSTEM32\Wldp.dll
0x00007fff26570000 - 0x00007fff2663d000 	C:\Windows\System32\OLEAUT32.dll
0x00007fff26e50000 - 0x00007fff26efd000 	C:\Windows\System32\SHCORE.dll
0x00007fff27130000 - 0x00007fff27185000 	C:\Windows\System32\shlwapi.dll
0x00007fff25af0000 - 0x00007fff25b14000 	C:\Windows\SYSTEM32\profapi.dll
0x00007fff1c4f0000 - 0x00007fff1c509000 	C:\Users\ho.hendy\.katalon\packages\Katalon_Studio_Windows_64-9.3.1\Katalon_Studio_Windows_64-9.3.1\jre\bin\net.dll
0x00007fff1ee50000 - 0x00007fff1ef5a000 	C:\Windows\SYSTEM32\WINHTTP.dll
0x00007fff24bf0000 - 0x00007fff24c5a000 	C:\Windows\system32\mswsock.dll
0x00007fff033a0000 - 0x00007fff033b5000 	C:\Users\ho.hendy\.katalon\packages\Katalon_Studio_Windows_64-9.3.1\Katalon_Studio_Windows_64-9.3.1\jre\bin\nio.dll
0x00007fff1b320000 - 0x00007fff1b330000 	C:\Users\ho.hendy\.katalon\packages\Katalon_Studio_Windows_64-9.3.1\Katalon_Studio_Windows_64-9.3.1\jre\bin\verify.dll
0x00007fff13580000 - 0x00007fff13589000 	C:\Users\ho.hendy\.katalon\packages\Katalon_Studio_Windows_64-9.3.1\Katalon_Studio_Windows_64-9.3.1\jre\bin\management.dll
0x00007fff0cd20000 - 0x00007fff0cd2b000 	C:\Users\ho.hendy\.katalon\packages\Katalon_Studio_Windows_64-9.3.1\Katalon_Studio_Windows_64-9.3.1\jre\bin\management_ext.dll
0x00007fff24910000 - 0x00007fff2494b000 	C:\Windows\SYSTEM32\IPHLPAPI.DLL
0x00007fff27ca0000 - 0x00007fff27ca8000 	C:\Windows\System32\NSI.dll
0x00007fff1e9e0000 - 0x00007fff1e9f7000 	C:\Windows\SYSTEM32\dhcpcsvc6.DLL
0x00007fff1e9b0000 - 0x00007fff1e9cd000 	C:\Windows\SYSTEM32\dhcpcsvc.DLL
0x00007fff24950000 - 0x00007fff24a1b000 	C:\Windows\SYSTEM32\DNSAPI.dll
0x00007fff1a5d0000 - 0x00007fff1a5de000 	C:\Users\ho.hendy\.katalon\packages\Katalon_Studio_Windows_64-9.3.1\Katalon_Studio_Windows_64-9.3.1\jre\bin\sunmscapi.dll
0x00007fff26200000 - 0x00007fff2635e000 	C:\Windows\System32\CRYPT32.dll
0x00007fff24f50000 - 0x00007fff24f79000 	C:\Windows\SYSTEM32\ncrypt.dll
0x00007fff24f10000 - 0x00007fff24f4b000 	C:\Windows\SYSTEM32\NTASN1.dll
0x00007fff25920000 - 0x00007fff25938000 	C:\Windows\SYSTEM32\CRYPTSP.dll
0x00007fff245b0000 - 0x00007fff245e4000 	C:\Windows\system32\rsaenh.dll
0x00007fff25aa0000 - 0x00007fff25ace000 	C:\Windows\SYSTEM32\USERENV.dll
0x00007fff24dc0000 - 0x00007fff24dcc000 	C:\Windows\SYSTEM32\CRYPTBASE.dll
0x00007fff00870000 - 0x00007fff00887000 	C:\Windows\system32\napinsp.dll
0x00007fff00850000 - 0x00007fff0086b000 	C:\Windows\system32\pnrpnsp.dll
0x00007fff1f5e0000 - 0x00007fff1f5f5000 	C:\Windows\system32\wshbth.dll
0x00007fff1f0d0000 - 0x00007fff1f0ed000 	C:\Windows\system32\NLAapi.dll
0x00007fff00830000 - 0x00007fff00842000 	C:\Windows\System32\winrnr.dll
0x00007fff1c260000 - 0x00007fff1c26a000 	C:\Windows\System32\rasadhlp.dll
0x00007fff1edc0000 - 0x00007fff1ee40000 	C:\Windows\System32\fwpuclnt.dll
0x00007ffee4880000 - 0x00007ffee4a0e000 	C:\Users\ho.hendy\.katalon\packages\Katalon_Studio_Windows_64-9.3.1\Katalon_Studio_Windows_64-9.3.1\jre\bin\awt.dll
0x00007fff1e8c0000 - 0x00007fff1e950000 	C:\Windows\SYSTEM32\apphelp.dll

dbghelp: loaded successfully - version: 4.0.5 - missing functions: none
symbol engine: initialized successfully - sym options: 0x614 - pdb path: .;C:\Users\ho.hendy\.katalon\packages\Katalon_Studio_Windows_64-9.3.1\Katalon_Studio_Windows_64-9.3.1\jre\bin;C:\Windows\SYSTEM32;C:\Windows\WinSxS\amd64_microsoft.windows.common-controls_6595b64144ccf1df_6.0.19041.4355_none_60b8b9eb71f62e16;C:\Windows\system32\tmumh\20019\AddOn\8.55.0.1288;C:\Windows\system32\tmumh\20019\TmMon\2.9.0.1084;C:\Windows\System32\TmLWE\TmUmSnsr64\1.0.0.1132;C:\Users\ho.hendy\.katalon\packages\Katalon_Studio_Windows_64-9.3.1\Katalon_Studio_Windows_64-9.3.1\jre\bin\server

VM Arguments:
jvm_args: -Dgroovy.home=C:\Users\ho.hendy/.groovy -Djava.system.class.loader=groovy.lang.GroovyClassLoader -Xmx2048m -Dfile.encoding=UTF-8 -XX:+ShowCodeDetailsInExceptionMessages 
java_command: org.codehaus.groovy.tools.GroovyStarter --classpath C:\Users\ho.hendy\Katalon Studio\JM ORDER 3 (Marketing Officer)\bin\keyword;C:\Users\ho.hendy\Katalon Studio\JM ORDER 3 (Marketing Officer)\Keywords;C:\Users\ho.hendy\Katalon Studio\JM ORDER 3 (Marketing Officer)\bin\listener;C:\Users\ho.hendy\Katalon Studio\JM ORDER 3 (Marketing Officer)\Test Listeners;C:\Users\ho.hendy\Katalon Studio\JM ORDER 3 (Marketing Officer)\bin\lib;C:\Users\ho.hendy\Katalon Studio\JM ORDER 3 (Marketing Officer)\Libs;C:\Users\ho.hendy\Katalon Studio\JM ORDER 3 (Marketing Officer)\bin\groovy;C:\Users\ho.hendy\Katalon Studio\JM ORDER 3 (Marketing Officer)\Include\scripts\groovy;C:\Users\ho.hendy\.katalon\packages\Katalon_Studio_Windows_64-9.3.1\Katalon_Studio_Windows_64-9.3.1\plugins\com.kms.katalon.core_1.0.0.202402280646.jar;C:\Users\ho.hendy\.katalon\packages\Katalon_Studio_Windows_64-9.3.1\Katalon_Studio_Windows_64-9.3.1\configuration\resources\lib\aalto-xml-1.0.0.jar;C:\Users\ho.hendy\.katalon\packages\Katalon_Studio_Windows_64-9.3.1\Katalon_Studio_Windows_64-9.3.1\configuration\resources\lib\aspectjweaver-1.9.1.jar;C:\Users\ho.hendy\.katalon\packages\Katalon_Studio_Windows_64-9.3.1\Katalon_Studio_Windows_64-9.3.1\configuration\resources\lib\bcpkix-jdk15on-1.64.jar;C:\Users\ho.hendy\.katalon\packages\Katalon_Studio_Windows_64-9.3.1\Katalon_Studio_Windows_64-9.3.1\configuration\resources\lib\bcprov-jdk15on-1.64.jar;C:\Users\ho.hendy\.katalon\packages\Katalon_Studio_Windows_64-9.3.1\Katalon_Studio_Windows_64-9.3.1\configuration\resources\lib\browsermob-core-2.1.5.jar;C:\Users\ho.hendy\.katalon\packages\Katalon_Studio_Windows_64-9.3.1\Katalon_Studio_Windows_64-9.3.1\configuration\resources\lib\cglib-3.2.10.jar;C:\Users\ho.hendy\.katalon\packages\Katalon_Studio_Windows_64-9.3.1\Katalon_Studio_Windows_64-9.3.1\configuration\resources\lib\commons-codec-1.10.jar;C:\Users\ho.hendy\.katalon\packages\Katalon_Studio_Windows_64-9.3.1\Katalon_Studio_Windows_64-9.3.1\configuration\reso
java_class_path (initial): C:\Users\ho.hendy\Katalon Studio\JM ORDER 3 (Marketing Officer)\bin\keyword;C:\Users\ho.hendy\Katalon Studio\JM ORDER 3 (Marketing Officer)\bin\listener;C:\Users\ho.hendy\Katalon Studio\JM ORDER 3 (Marketing Officer)\bin\lib;C:\Users\ho.hendy\Katalon Studio\JM ORDER 3 (Marketing Officer)\bin\groovy;C:\Users\ho.hendy\Katalon Studio\JM ORDER 3 (Marketing Officer)\bin;C:\Users\ho.hendy\.katalon\packages\Katalon_Studio_Windows_64-9.3.1\Katalon_Studio_Windows_64-9.3.1\plugins\com.kms.katalon.core_1.0.0.202402280646.jar;C:\Users\ho.hendy\.katalon\packages\Katalon_Studio_Windows_64-9.3.1\Katalon_Studio_Windows_64-9.3.1\configuration\resources\lib\aalto-xml-1.0.0.jar;C:\Users\ho.hendy\.katalon\packages\Katalon_Studio_Windows_64-9.3.1\Katalon_Studio_Windows_64-9.3.1\configuration\resources\lib\aspectjweaver-1.9.1.jar;C:\Users\ho.hendy\.katalon\packages\Katalon_Studio_Windows_64-9.3.1\Katalon_Studio_Windows_64-9.3.1\configuration\resources\lib\bcpkix-jdk15on-1.64.jar;C:\Users\ho.hendy\.katalon\packages\Katalon_Studio_Windows_64-9.3.1\Katalon_Studio_Windows_64-9.3.1\configuration\resources\lib\bcprov-jdk15on-1.64.jar;C:\Users\ho.hendy\.katalon\packages\Katalon_Studio_Windows_64-9.3.1\Katalon_Studio_Windows_64-9.3.1\configuration\resources\lib\browsermob-core-2.1.5.jar;C:\Users\ho.hendy\.katalon\packages\Katalon_Studio_Windows_64-9.3.1\Katalon_Studio_Windows_64-9.3.1\configuration\resources\lib\cglib-3.2.10.jar;C:\Users\ho.hendy\.katalon\packages\Katalon_Studio_Windows_64-9.3.1\Katalon_Studio_Windows_64-9.3.1\configuration\resources\lib\commons-codec-1.10.jar;C:\Users\ho.hendy\.katalon\packages\Katalon_Studio_Windows_64-9.3.1\Katalon_Studio_Windows_64-9.3.1\configuration\resources\lib\commons-collections4-4.1.jar;C:\Users\ho.hendy\.katalon\packages\Katalon_Studio_Windows_64-9.3.1\Katalon_Studio_Windows_64-9.3.1\configuration\resources\lib\commons-validator-1.6.jar;C:\Users\ho.hendy\.katalon\packages\Katalon_Studio_Windows_64-9.3.1\Katalon_Studio_Win
Launcher Type: SUN_STANDARD

[Global flags]
     intx CICompilerCount                          = 4                                         {product} {ergonomic}
     uint ConcGCThreads                            = 2                                         {product} {ergonomic}
     uint G1ConcRefinementThreads                  = 8                                         {product} {ergonomic}
   size_t G1HeapRegionSize                         = 1048576                                   {product} {ergonomic}
    uintx GCDrainStackTargetSize                   = 64                                        {product} {ergonomic}
   size_t InitialHeapSize                          = 130023424                                 {product} {ergonomic}
   size_t MarkStackSize                            = 4194304                                   {product} {ergonomic}
   size_t MaxHeapSize                              = 2147483648                                {product} {command line}
   size_t MaxNewSize                               = 1287651328                                {product} {ergonomic}
   size_t MinHeapDeltaBytes                        = 1048576                                   {product} {ergonomic}
   size_t MinHeapSize                              = 8388608                                   {product} {ergonomic}
    uintx NonNMethodCodeHeapSize                   = 5839372                                {pd product} {ergonomic}
    uintx NonProfiledCodeHeapSize                  = 122909434                              {pd product} {ergonomic}
    uintx ProfiledCodeHeapSize                     = 122909434                              {pd product} {ergonomic}
    uintx ReservedCodeCacheSize                    = 251658240                              {pd product} {ergonomic}
     bool SegmentedCodeCache                       = true                                      {product} {ergonomic}
     bool ShowCodeDetailsInExceptionMessages       = true                                   {manageable} {command line}
   size_t SoftMaxHeapSize                          = 2147483648                             {manageable} {ergonomic}
     bool UseCompressedClassPointers               = true                           {product lp64_product} {ergonomic}
     bool UseCompressedOops                        = true                           {product lp64_product} {ergonomic}
     bool UseG1GC                                  = true                                      {product} {ergonomic}
     bool UseLargePagesIndividualAllocation        = false                                  {pd product} {ergonomic}

Logging:
Log output configuration:
 #0: stdout all=warning uptime,level,tags
 #1: stderr all=off uptime,level,tags

Environment Variables:
JAVA_HOME=C:\Users\ho.hendy\.katalon\packages\Katalon_Studio_Windows_64-9.3.1\Katalon_Studio_Windows_64-9.3.1\jre
PATH=C:/Users/ho.hendy/.katalon/packages/Katalon_Studio_Windows_64-9.3.1/Katalon_Studio_Windows_64-9.3.1/jre/bin/server;C:/Users/ho.hendy/.katalon/packages/Katalon_Studio_Windows_64-9.3.1/Katalon_Studio_Windows_64-9.3.1/jre/bin;C:\Program Files\Common Files\Oracle\Java\javapath;C:\Windows\system32;C:\Windows;C:\Windows\System32\Wbem;C:\Windows\System32\WindowsPowerShell\v1.0\;C:\Windows\System32\OpenSSH\;C:\Program Files\Microsoft SQL Server\Client SDK\ODBC\110\Tools\Binn\;C:\Program Files (x86)\Microsoft SQL Server\120\Tools\Binn\ManagementStudio\;C:\Program Files (x86)\Microsoft SQL Server\120\Tools\Binn\;C:\Program Files\Microsoft SQL Server\120\Tools\Binn\;C:\Program Files (x86)\Microsoft SQL Server\120\DTS\Binn\;C:\Program Files\Microsoft SQL Server\120\DTS\Binn\;C:\Program Files\Java\jdk-11\bin;C:\Program Files\nodejs\;C:\Program Files\Git\cmd;C:\Users\ho.hendy\AppData\Local\Microsoft\WindowsApps;C:\Users\ho.hendy\AppData\Roaming\npm;C:\Users\ho.hendy\.katalon\packages\Katalon_Studio_Windows_64-9.3.1\Katalon_Studio_Windows_64-9.3.1;:C:\Users\ho.hendy\.katalon\packages\Katalon_Studio_Windows_64-9.3.1\Katalon_Studio_Windows_64-9.3.1\jre\bin
USERNAME=Ho.Hendy
OS=Windows_NT
PROCESSOR_IDENTIFIER=Intel64 Family 6 Model 140 Stepping 1, GenuineIntel
TMP=C:\Users\HO6751~1.HEN\AppData\Local\Temp
TEMP=C:\Users\HO6751~1.HEN\AppData\Local\Temp



---------------  S Y S T E M  ---------------

OS:
 Windows 10 , 64 bit Build 19041 (10.0.19041.3636)
OS uptime: 29 days 6:29 hours

CPU: total 8 (initial active 8) (4 cores per cpu, 2 threads per core) family 6 model 140 stepping 1 microcode 0x86, cx8, cmov, fxsr, ht, mmx, 3dnowpref, sse, sse2, sse3, ssse3, sse4.1, sse4.2, popcnt, lzcnt, tsc, tscinvbit, avx, avx2, aes, erms, clmul, bmi1, bmi2, adx, avx512f, avx512dq, avx512cd, avx512bw, avx512vl, sha, fma, vzeroupper, avx512_vpopcntdq, avx512_vpclmulqdq, avx512_vaes, avx512_vnni, clflush, clflushopt, clwb, avx512_vbmi2, avx512_vbmi

Memory: 4k page, system-wide physical 7890M (409M free)
TotalPageFile size 32466M (AvailPageFile size 0M)
current process WorkingSet (physical memory assigned to process): 285M, peak: 289M
current process commit charge ("private bytes"): 336M, peak: 340M

vm_info: OpenJDK 64-Bit Server VM (17.0.7+7) for windows-amd64 JRE (17.0.7+7), built on Apr 18 2023 22:10:42 by "temurin" with MS VC++ 16.7 (VS2019)

END.
